#
# A fatal error has been detected by the Java Runtime Environment:
#
#  SIGSEGV (0xb) at pc=0x00007f7e1164e056, pid=16574, tid=0x00007f7df2407700
#
# JRE version: Java(TM) SE Runtime Environment (8.0_141-b15) (build 1.8.0_141-b15)
# Java VM: Java HotSpot(TM) 64-Bit Server VM (25.141-b15 mixed mode linux-amd64 compressed oops)
# Problematic frame:
# V  [libjvm.so+0x63a056]  PhaseChaitin::build_ifg_physical(ResourceArea*)+0x596
#
# Failed to write core dump. Core dumps have been disabled. To enable core dumping, try "ulimit -c unlimited" before starting Java again
#
# If you would like to submit a bug report, please visit:
#   http://bugreport.java.com/bugreport/crash.jsp
#

---------------  T H R E A D  ---------------

Current thread (0x00007f7e0c0c5000):  JavaThread "C2 CompilerThread2" daemon [_thread_in_native, id=16593, stack(0x00007f7df2307000,0x00007f7df2408000)]

siginfo: si_signo: 11 (SIGSEGV), si_code: 1 (SEGV_MAPERR), si_addr: 0x00007f7d8c4f3720

Registers:
RAX=0x00007f7db85b2da0, RBX=0x0000000000000000, RCX=0x0000000000000053, RDX=0x000000000000003c
RSP=0x00007f7df2403530, RBP=0x00007f7df24037c0, RSI=0x0000000000000001, RDI=0x00007f7d8c4f36f8
R8 =0x0000000000000000, R9 =0x0000000000000000, R10=0x00007f7df2405070, R11=0x00000000ffffffff
R12=0x00007f7db88a7290, R13=0x0000000000000002, R14=0x000000000000003c, R15=0x00007f7db80addd8
RIP=0x00007f7e1164e056, EFLAGS=0x0000000000010283, CSGSFS=0x0000000000000033, ERR=0x0000000000000004
  TRAPNO=0x000000000000000e

Top of Stack: (sp=0x00007f7df2403530)
0x00007f7df2403530:   00007f7df2403590 000000000000000a
0x00007f7df2403540:   00007f7df2403700 00007f7df2403760
0x00007f7df2403550:   00007f7df2403680 000000000000000c
0x00007f7df2403560:   00007f7df24036c0 00007f7df24035e0
0x00007f7df2403570:   00007f7df2405070 3de7396e80000000
0x00007f7df2403580:   0000000000000000 00000533000000d0
0x00007f7df2403590:   00007f7db417f520 ffffffff00000008
0x00007f7df24035a0:   0000000000000000 0000000000000007
0x00007f7df24035b0:   000f423f0000009d 00007f7db417f530
0x00007f7df24035c0:   fffffffe00000001 0000000000000001
0x00007f7df24035d0:   0000000100000009 ffffffffffffffff
0x00007f7df24035e0:   00007f7d00000006 00007f7df24035f0
0x00007f7df24035f0:   00007f7db42ce140 00007f7e11fd0400
0x00007f7df2403600:   00007f7e11fd0400 00007f7e11fd0400
0x00007f7df2403610:   00007f7e11fd0400 00007f7e11fd0400
0x00007f7df2403620:   00007f7e11fd0400 00007f7e11fd0400
0x00007f7df2403630:   00007f7db42ce0e0 00007f7e11fd0400
0x00007f7df2403640:   00007f7e11fd0400 00007f7e11fd0400
0x00007f7df2403650:   00007f7db8343160 00007f7e1208e98c
0x00007f7df2403660:   00007f7df24038d0 00007f7db861f970
0x00007f7df2403670:   000000000000000c 00007f7dc00bdde0
0x00007f7df2403680:   0000000500000000 0303030300000008
0x00007f7df2403690:   00007f7db42ce140 000000000000000c
0x00007f7df24036a0:   00007f7df24035f0 00007f7e0000000c
0x00007f7df24036b0:   00007f7df24035e0 00007f7db863e910
0x00007f7df24036c0:   0000090300000000 0000000000000008
0x00007f7df24036d0:   00007f7db42cd7e0 00007f7e00000001
0x00007f7df24036e0:   00007f7df24035f0 0000000000000001
0x00007f7df24036f0:   00007f7df24035e0 00007f7e118156ff
0x00007f7df2403700:   ffffffff3f3fffff ffffffffffffffff
0x00007f7df2403710:   00000003ffffffff 0000000000000000
0x00007f7df2403720:   0000000000000000 0000000000000b4c 

Instructions: (pc=0x00007f7e1164e056)
0x00007f7e1164e036:   ce 0f 83 33 01 00 00 49 8b 47 08 44 89 f2 4c 8b
0x00007f7e1164e046:   95 b0 fd ff ff 48 8b 3c d0 49 8b 82 28 01 00 00
0x00007f7e1164e056:   48 63 57 28 8b 1c 90 85 db 74 cf 41 89 dc 49 8b
0x00007f7e1164e066:   52 70 4b 8d 04 64 49 8d 04 84 4c 8d 2c c5 00 00 

Register to memory mapping:

RAX=0x00007f7db85b2da0 is an unknown value
RBX=0x0000000000000000 is an unknown value
RCX=0x0000000000000053 is an unknown value
RDX=0x000000000000003c is an unknown value
RSP=0x00007f7df2403530 is pointing into the stack for thread: 0x00007f7e0c0c5000
RBP=0x00007f7df24037c0 is pointing into the stack for thread: 0x00007f7e0c0c5000
RSI=0x0000000000000001 is an unknown value
RDI=0x00007f7d8c4f36f8 is an unknown value
R8 =0x0000000000000000 is an unknown value
R9 =0x0000000000000000 is an unknown value
R10=0x00007f7df2405070 is pointing into the stack for thread: 0x00007f7e0c0c5000
R11=0x00000000ffffffff is an unallocated location in the heap
R12=0x00007f7db88a7290 is an unknown value
R13=0x0000000000000002 is an unknown value
R14=0x000000000000003c is an unknown value
R15=0x00007f7db80addd8 is an unknown value


Stack: [0x00007f7df2307000,0x00007f7df2408000],  sp=0x00007f7df2403530,  free space=1009k
Native frames: (J=compiled Java code, j=interpreted, Vv=VM code, C=native code)
V  [libjvm.so+0x63a056]  PhaseChaitin::build_ifg_physical(ResourceArea*)+0x596
V  [libjvm.so+0x411336]  PhaseChaitin::Register_Allocate()+0x746
V  [libjvm.so+0x4a5d20]  Compile::Code_Gen()+0x260
V  [libjvm.so+0x4a85a1]  Compile::Compile(ciEnv*, C2Compiler*, ciMethod*, int, bool, bool, bool)+0x14b1
V  [libjvm.so+0x3f4e45]  C2Compiler::compile_method(ciEnv*, ciMethod*, int)+0x1f5
V  [libjvm.so+0x4b2afa]  CompileBroker::invoke_compiler_on_method(CompileTask*)+0xc9a
V  [libjvm.so+0x4b3aa6]  CompileBroker::compiler_thread_loop()+0x5d6
V  [libjvm.so+0xa79753]  JavaThread::thread_main_inner()+0x103
V  [libjvm.so+0xa7989c]  JavaThread::run()+0x11c
V  [libjvm.so+0x92a338]  java_start(Thread*)+0x108
C  [libpthread.so.0+0x76ba]  start_thread+0xca


Current CompileTask:
C2:   3210 2724       4       org.apache.xmlbeans.impl.store.Locale::loadNode (289 bytes)


---------------  P R O C E S S  ---------------

Java Threads: ( => current thread )
  0x00007f7e0c00a000 JavaThread "DestroyJavaVM" [_thread_blocked, id=16578, stack(0x00007f7e12b05000,0x00007f7e12c06000)]
  0x00007f7e0c43d800 JavaThread "AWT-EventQueue-0" [_thread_in_Java, id=16601, stack(0x00007f7de2d89000,0x00007f7de2e8a000)]
  0x00007f7e0c43c000 JavaThread "AWT-Shutdown" [_thread_blocked, id=16600, stack(0x00007f7de2e8a000,0x00007f7de2f8b000)]
  0x00007f7e0c437000 JavaThread "Image Fetcher 0" daemon [_thread_blocked, id=16599, stack(0x00007f7de31c6000,0x00007f7de32c7000)]
  0x00007f7e0c3a4000 JavaThread "AWT-XAWT" daemon [_thread_in_native, id=16598, stack(0x00007f7df0044000,0x00007f7df0145000)]
  0x00007f7e0c381000 JavaThread "Java2D Disposer" daemon [_thread_blocked, id=16597, stack(0x00007f7df0145000,0x00007f7df0246000)]
  0x00007f7e0c0e4800 JavaThread "Service Thread" daemon [_thread_blocked, id=16595, stack(0x00007f7df2105000,0x00007f7df2206000)]
  0x00007f7e0c0c7800 JavaThread "C1 CompilerThread3" daemon [_thread_blocked, id=16594, stack(0x00007f7df2206000,0x00007f7df2307000)]
=>0x00007f7e0c0c5000 JavaThread "C2 CompilerThread2" daemon [_thread_in_native, id=16593, stack(0x00007f7df2307000,0x00007f7df2408000)]
  0x00007f7e0c0c3800 JavaThread "C2 CompilerThread1" daemon [_thread_in_native, id=16592, stack(0x00007f7df2408000,0x00007f7df2509000)]
  0x00007f7e0c0c0800 JavaThread "C2 CompilerThread0" daemon [_thread_in_native, id=16591, stack(0x00007f7df2509000,0x00007f7df260a000)]
  0x00007f7e0c0bf000 JavaThread "Signal Dispatcher" daemon [_thread_blocked, id=16590, stack(0x00007f7df260a000,0x00007f7df270b000)]
  0x00007f7e0c08c000 JavaThread "Finalizer" daemon [_thread_blocked, id=16589, stack(0x00007f7df29e3000,0x00007f7df2ae4000)]
  0x00007f7e0c087800 JavaThread "Reference Handler" daemon [_thread_blocked, id=16588, stack(0x00007f7df2ae4000,0x00007f7df2be5000)]

Other Threads:
  0x00007f7e0c080000 VMThread [stack: 0x00007f7df2be5000,0x00007f7df2ce6000] [id=16587]
  0x00007f7e0c0ef800 WatcherThread [stack: 0x00007f7df2004000,0x00007f7df2105000] [id=16596]

VM state:not at safepoint (normal execution)

VM Mutex/Monitor currently owned by a thread: None

Heap:
 PSYoungGen      total 138240K, used 60220K [0x00000000e6380000, 0x00000000f1500000, 0x0000000100000000)
  eden space 114688K, 37% used [0x00000000e6380000,0x00000000e8d0a570,0x00000000ed380000)
  from space 23552K, 75% used [0x00000000eec80000,0x00000000efdc4ad0,0x00000000f0380000)
  to   space 25600K, 0% used [0x00000000ed380000,0x00000000ed380000,0x00000000eec80000)
 ParOldGen       total 85504K, used 30107K [0x00000000b2a00000, 0x00000000b7d80000, 0x00000000e6380000)
  object space 85504K, 35% used [0x00000000b2a00000,0x00000000b4766d68,0x00000000b7d80000)
 Metaspace       used 33934K, capacity 34220K, committed 34560K, reserved 1079296K
  class space    used 4146K, capacity 4258K, committed 4352K, reserved 1048576K

Card table byte_map: [0x00007f7dfc5a7000,0x00007f7dfc813000] byte_map_base: 0x00007f7dfc012000

Marking Bits: (ParMarkBitMap*) 0x00007f7e11fdddc0
 Begin Bits: [0x00007f7df9552000, 0x00007f7dfa8aa000)
 End Bits:   [0x00007f7dfa8aa000, 0x00007f7dfbc02000)

Polling page: 0x00007f7e12c2d000

CodeCache: size=245760Kb used=9047Kb max_used=9051Kb free=236712Kb
 bounds [0x00007f7dfcbd3000, 0x00007f7dfd4c3000, 0x00007f7e0bbd3000]
 total_blobs=3463 nmethods=2814 adapters=562
 compilation: enabled

Compilation events (10 events):
Event: 3.187 Thread 0x00007f7e0c0c7800 2872       2       org.apache.xmlbeans.impl.values.JavaLongHolder::set_long (6 bytes)
Event: 3.187 Thread 0x00007f7e0c0c7800 nmethod 2872 0x00007f7dfd49ec50 code [0x00007f7dfd49eda0, 0x00007f7dfd49eef0]
Event: 3.190 Thread 0x00007f7e0c0c0800 nmethod 2661 0x00007f7dfd4b0b50 code [0x00007f7dfd4b1000, 0x00007f7dfd4b27c8]
Event: 3.190 Thread 0x00007f7e0c0c0800 2877       4       java.lang.ThreadLocal::get (38 bytes)
Event: 3.192 Thread 0x00007f7e0c0c0800 nmethod 2877 0x00007f7dfd4ad910 code [0x00007f7dfd4ada80, 0x00007f7dfd4adbd8]
Event: 3.192 Thread 0x00007f7e0c0c0800 2860       4       java.util.TreeMap::put (247 bytes)
Event: 3.198 Thread 0x00007f7e0c0c7800 2881 %     3       org.apache.poi.ss.util.CellReference::convertColStringToIndex @ 15 (92 bytes)
Event: 3.199 Thread 0x00007f7e0c0c7800 nmethod 2881% 0x00007f7dfd4ac810 code [0x00007f7dfd4aca20, 0x00007f7dfd4ad478]
Event: 3.200 Thread 0x00007f7e0c0c7800 2882 %     3       org.apache.poi.xssf.usermodel.XSSFRow::<init> @ 39 (141 bytes)
Event: 3.202 Thread 0x00007f7e0c0c7800 nmethod 2882% 0x00007f7dfd4aed10 code [0x00007f7dfd4aefa0, 0x00007f7dfd4b0168]

GC Heap History (10 events):
Event: 1.115 GC heap before
{Heap before GC invocations=4 (full 1):
 PSYoungGen      total 44032K, used 2992K [0x00000000e6380000, 0x00000000eb980000, 0x0000000100000000)
  eden space 40960K, 0% used [0x00000000e6380000,0x00000000e6380000,0x00000000e8b80000)
  from space 3072K, 97% used [0x00000000e8b80000,0x00000000e8e6c210,0x00000000e8e80000)
  to   space 3072K, 0% used [0x00000000eb680000,0x00000000eb680000,0x00000000eb980000)
 ParOldGen       total 53248K, used 11590K [0x00000000b2a00000, 0x00000000b5e00000, 0x00000000e6380000)
  object space 53248K, 21% used [0x00000000b2a00000,0x00000000b3551880,0x00000000b5e00000)
 Metaspace       used 20935K, capacity 21126K, committed 21248K, reserved 1069056K
  class space    used 2454K, capacity 2533K, committed 2560K, reserved 1048576K
Event: 1.139 GC heap after
Heap after GC invocations=4 (full 1):
 PSYoungGen      total 44032K, used 0K [0x00000000e6380000, 0x00000000eb980000, 0x0000000100000000)
  eden space 40960K, 0% used [0x00000000e6380000,0x00000000e6380000,0x00000000e8b80000)
  from space 3072K, 0% used [0x00000000e8b80000,0x00000000e8b80000,0x00000000e8e80000)
  to   space 3072K, 0% used [0x00000000eb680000,0x00000000eb680000,0x00000000eb980000)
 ParOldGen       total 42496K, used 10485K [0x00000000b2a00000, 0x00000000b5380000, 0x00000000e6380000)
  object space 42496K, 24% used [0x00000000b2a00000,0x00000000b343d718,0x00000000b5380000)
 Metaspace       used 20935K, capacity 21126K, committed 21248K, reserved 1069056K
  class space    used 2454K, capacity 2533K, committed 2560K, reserved 1048576K
}
Event: 1.590 GC heap before
{Heap before GC invocations=5 (full 1):
 PSYoungGen      total 44032K, used 40960K [0x00000000e6380000, 0x00000000eb980000, 0x0000000100000000)
  eden space 40960K, 100% used [0x00000000e6380000,0x00000000e8b80000,0x00000000e8b80000)
  from space 3072K, 0% used [0x00000000e8b80000,0x00000000e8b80000,0x00000000e8e80000)
  to   space 3072K, 0% used [0x00000000eb680000,0x00000000eb680000,0x00000000eb980000)
 ParOldGen       total 42496K, used 10485K [0x00000000b2a00000, 0x00000000b5380000, 0x00000000e6380000)
  object space 42496K, 24% used [0x00000000b2a00000,0x00000000b343d718,0x00000000b5380000)
 Metaspace       used 24723K, capacity 25066K, committed 25216K, reserved 1071104K
  class space    used 3025K, capacity 3157K, committed 3200K, reserved 1048576K
Event: 1.599 GC heap after
Heap after GC invocations=5 (full 1):
 PSYoungGen      total 72704K, used 3068K [0x00000000e6380000, 0x00000000eb980000, 0x0000000100000000)
  eden space 69632K, 0% used [0x00000000e6380000,0x00000000e6380000,0x00000000ea780000)
  from space 3072K, 99% used [0x00000000eb680000,0x00000000eb97f3c8,0x00000000eb980000)
  to   space 3072K, 0% used [0x00000000eb380000,0x00000000eb380000,0x00000000eb680000)
 ParOldGen       total 42496K, used 17728K [0x00000000b2a00000, 0x00000000b5380000, 0x00000000e6380000)
  object space 42496K, 41% used [0x00000000b2a00000,0x00000000b3b500b0,0x00000000b5380000)
 Metaspace       used 24723K, capacity 25066K, committed 25216K, reserved 1071104K
  class space    used 3025K, capacity 3157K, committed 3200K, reserved 1048576K
}
Event: 2.190 GC heap before
{Heap before GC invocations=6 (full 1):
 PSYoungGen      total 72704K, used 72388K [0x00000000e6380000, 0x00000000eb980000, 0x0000000100000000)
  eden space 69632K, 99% used [0x00000000e6380000,0x00000000ea731ea8,0x00000000ea780000)
  from space 3072K, 99% used [0x00000000eb680000,0x00000000eb97f3c8,0x00000000eb980000)
  to   space 3072K, 0% used [0x00000000eb380000,0x00000000eb380000,0x00000000eb680000)
 ParOldGen       total 42496K, used 17728K [0x00000000b2a00000, 0x00000000b5380000, 0x00000000e6380000)
  object space 42496K, 41% used [0x00000000b2a00000,0x00000000b3b500b0,0x00000000b5380000)
 Metaspace       used 29502K, capacity 29814K, committed 30208K, reserved 1075200K
  class space    used 3640K, capacity 3737K, committed 3840K, reserved 1048576K
Event: 2.211 GC heap after
Heap after GC invocations=6 (full 1):
 PSYoungGen      total 84992K, used 3048K [0x00000000e6380000, 0x00000000f0380000, 0x0000000100000000)
  eden space 81920K, 0% used [0x00000000e6380000,0x00000000e6380000,0x00000000eb380000)
  from space 3072K, 99% used [0x00000000eb380000,0x00000000eb67a040,0x00000000eb680000)
  to   space 23552K, 0% used [0x00000000eec80000,0x00000000eec80000,0x00000000f0380000)
 ParOldGen       total 42496K, used 39329K [0x00000000b2a00000, 0x00000000b5380000, 0x00000000e6380000)
  object space 42496K, 92% used [0x00000000b2a00000,0x00000000b5068700,0x00000000b5380000)
 Metaspace       used 29502K, capacity 29814K, committed 30208K, reserved 1075200K
  class space    used 3640K, capacity 3737K, committed 3840K, reserved 1048576K
}
Event: 2.211 GC heap before
{Heap before GC invocations=7 (full 2):
 PSYoungGen      total 84992K, used 3048K [0x00000000e6380000, 0x00000000f0380000, 0x0000000100000000)
  eden space 81920K, 0% used [0x00000000e6380000,0x00000000e6380000,0x00000000eb380000)
  from space 3072K, 99% used [0x00000000eb380000,0x00000000eb67a040,0x00000000eb680000)
  to   space 23552K, 0% used [0x00000000eec80000,0x00000000eec80000,0x00000000f0380000)
 ParOldGen       total 42496K, used 39329K [0x00000000b2a00000, 0x00000000b5380000, 0x00000000e6380000)
  object space 42496K, 92% used [0x00000000b2a00000,0x00000000b5068700,0x00000000b5380000)
 Metaspace       used 29502K, capacity 29814K, committed 30208K, reserved 1075200K
  class space    used 3640K, capacity 3737K, committed 3840K, reserved 1048576K
Event: 2.248 GC heap after
Heap after GC invocations=7 (full 2):
 PSYoungGen      total 84992K, used 0K [0x00000000e6380000, 0x00000000f0380000, 0x0000000100000000)
  eden space 81920K, 0% used [0x00000000e6380000,0x00000000e6380000,0x00000000eb380000)
  from space 3072K, 0% used [0x00000000eb380000,0x00000000eb380000,0x00000000eb680000)
  to   space 23552K, 0% used [0x00000000eec80000,0x00000000eec80000,0x00000000f0380000)
 ParOldGen       total 85504K, used 30099K [0x00000000b2a00000, 0x00000000b7d80000, 0x00000000e6380000)
  object space 85504K, 35% used [0x00000000b2a00000,0x00000000b4764d68,0x00000000b7d80000)
 Metaspace       used 29502K, capacity 29814K, committed 30208K, reserved 1075200K
  class space    used 3640K, capacity 3737K, committed 3840K, reserved 1048576K
}
Event: 2.757 GC heap before
{Heap before GC invocations=8 (full 2):
 PSYoungGen      total 84992K, used 81920K [0x00000000e6380000, 0x00000000f0380000, 0x0000000100000000)
  eden space 81920K, 100% used [0x00000000e6380000,0x00000000eb380000,0x00000000eb380000)
  from space 3072K, 0% used [0x00000000eb380000,0x00000000eb380000,0x00000000eb680000)
  to   space 23552K, 0% used [0x00000000eec80000,0x00000000eec80000,0x00000000f0380000)
 ParOldGen       total 85504K, used 30099K [0x00000000b2a00000, 0x00000000b7d80000, 0x00000000e6380000)
  object space 85504K, 35% used [0x00000000b2a00000,0x00000000b4764d68,0x00000000b7d80000)
 Metaspace       used 33181K, capacity 33436K, committed 33664K, reserved 1079296K
  class space    used 4059K, capacity 4154K, committed 4224K, reserved 1048576K
Event: 2.772 GC heap after
Heap after GC invocations=8 (full 2):
 PSYoungGen      total 138240K, used 17682K [0x00000000e6380000, 0x00000000f1500000, 0x0000000100000000)
  eden space 114688K, 0% used [0x00000000e6380000,0x00000000e6380000,0x00000000ed380000)
  from space 23552K, 75% used [0x00000000eec80000,0x00000000efdc4ad0,0x00000000f0380000)
  to   space 25600K, 0% used [0x00000000ed380000,0x00000000ed380000,0x00000000eec80000)
 ParOldGen       total 85504K, used 30107K [0x00000000b2a00000, 0x00000000b7d80000, 0x00000000e6380000)
  object space 85504K, 35% used [0x00000000b2a00000,0x00000000b4766d68,0x00000000b7d80000)
 Metaspace       used 33181K, capacity 33436K, committed 33664K, reserved 1079296K
  class space    used 4059K, capacity 4154K, committed 4224K, reserved 1048576K
}

Deoptimization events (10 events):
Event: 3.071 Thread 0x00007f7e0c43d800 Uncommon trap: reason=bimorphic action=maybe_recompile pc=0x00007f7dfd20ee0c method=java.util.regex.Pattern$CharProperty.match(Ljava/util/regex/Matcher;ILjava/lang/CharSequence;)Z @ 18
Event: 3.071 Thread 0x00007f7e0c43d800 Uncommon trap: reason=class_check action=maybe_recompile pc=0x00007f7dfd2433b0 method=java.util.regex.Pattern$Curly.match0(Ljava/util/regex/Matcher;IILjava/lang/CharSequence;)Z @ 170
Event: 3.071 Thread 0x00007f7e0c43d800 Uncommon trap: reason=bimorphic action=maybe_recompile pc=0x00007f7dfd202dbc method=java.util.regex.Pattern$Curly.match(Ljava/util/regex/Matcher;ILjava/lang/CharSequence;)Z @ 19
Event: 3.071 Thread 0x00007f7e0c43d800 Uncommon trap: reason=bimorphic action=maybe_recompile pc=0x00007f7dfd20ee0c method=java.util.regex.Pattern$CharProperty.match(Ljava/util/regex/Matcher;ILjava/lang/CharSequence;)Z @ 18
Event: 3.071 Thread 0x00007f7e0c43d800 Uncommon trap: reason=class_check action=maybe_recompile pc=0x00007f7dfd2433b0 method=java.util.regex.Pattern$Curly.match0(Ljava/util/regex/Matcher;IILjava/lang/CharSequence;)Z @ 170
Event: 3.071 Thread 0x00007f7e0c43d800 Uncommon trap: reason=bimorphic action=maybe_recompile pc=0x00007f7dfd202dbc method=java.util.regex.Pattern$Curly.match(Ljava/util/regex/Matcher;ILjava/lang/CharSequence;)Z @ 19
Event: 3.071 Thread 0x00007f7e0c43d800 Uncommon trap: reason=bimorphic action=maybe_recompile pc=0x00007f7dfd20ee0c method=java.util.regex.Pattern$CharProperty.match(Ljava/util/regex/Matcher;ILjava/lang/CharSequence;)Z @ 18
Event: 3.071 Thread 0x00007f7e0c43d800 Uncommon trap: reason=class_check action=maybe_recompile pc=0x00007f7dfd2433b0 method=java.util.regex.Pattern$Curly.match0(Ljava/util/regex/Matcher;IILjava/lang/CharSequence;)Z @ 170
Event: 3.071 Thread 0x00007f7e0c43d800 Uncommon trap: reason=bimorphic action=maybe_recompile pc=0x00007f7dfd202dbc method=java.util.regex.Pattern$Curly.match(Ljava/util/regex/Matcher;ILjava/lang/CharSequence;)Z @ 19
Event: 3.071 Thread 0x00007f7e0c43d800 Uncommon trap: reason=class_check action=maybe_recompile pc=0x00007f7dfd2433b0 method=java.util.regex.Pattern$Curly.match0(Ljava/util/regex/Matcher;IILjava/lang/CharSequence;)Z @ 170

Internal exceptions (10 events):
Event: 2.486 Thread 0x00007f7e0c43d800 Exception <a 'java/security/PrivilegedActionException'> (0x00000000ea082ec8) thrown at [/HUDSON3/workspace/8-2-build-linux-amd64/jdk8u141/9370/hotspot/src/share/vm/prims/jvm.cpp, line 1390]
Event: 2.486 Thread 0x00007f7e0c43d800 Exception <a 'java/security/PrivilegedActionException'> (0x00000000ea0834a8) thrown at [/HUDSON3/workspace/8-2-build-linux-amd64/jdk8u141/9370/hotspot/src/share/vm/prims/jvm.cpp, line 1390]
Event: 2.486 Thread 0x00007f7e0c43d800 Exception <a 'java/security/PrivilegedActionException'> (0x00000000ea0886e8) thrown at [/HUDSON3/workspace/8-2-build-linux-amd64/jdk8u141/9370/hotspot/src/share/vm/prims/jvm.cpp, line 1390]
Event: 2.486 Thread 0x00007f7e0c43d800 Exception <a 'java/security/PrivilegedActionException'> (0x00000000ea088cc8) thrown at [/HUDSON3/workspace/8-2-build-linux-amd64/jdk8u141/9370/hotspot/src/share/vm/prims/jvm.cpp, line 1390]
Event: 2.486 Thread 0x00007f7e0c43d800 Exception <a 'java/security/PrivilegedActionException'> (0x00000000ea08e160) thrown at [/HUDSON3/workspace/8-2-build-linux-amd64/jdk8u141/9370/hotspot/src/share/vm/prims/jvm.cpp, line 1390]
Event: 2.486 Thread 0x00007f7e0c43d800 Exception <a 'java/security/PrivilegedActionException'> (0x00000000ea08e740) thrown at [/HUDSON3/workspace/8-2-build-linux-amd64/jdk8u141/9370/hotspot/src/share/vm/prims/jvm.cpp, line 1390]
Event: 2.486 Thread 0x00007f7e0c43d800 Exception <a 'java/security/PrivilegedActionException'> (0x00000000ea093ba0) thrown at [/HUDSON3/workspace/8-2-build-linux-amd64/jdk8u141/9370/hotspot/src/share/vm/prims/jvm.cpp, line 1390]
Event: 2.486 Thread 0x00007f7e0c43d800 Exception <a 'java/security/PrivilegedActionException'> (0x00000000ea094180) thrown at [/HUDSON3/workspace/8-2-build-linux-amd64/jdk8u141/9370/hotspot/src/share/vm/prims/jvm.cpp, line 1390]
Event: 2.806 Thread 0x00007f7e0c43d800 Implicit null exception at 0x00007f7dfd3c3ad0 to 0x00007f7dfd3c3c6d
Event: 2.806 Thread 0x00007f7e0c43d800 Implicit null exception at 0x00007f7dfd3ad090 to 0x00007f7dfd3ad181

Events (10 events):
Event: 3.071 Thread 0x00007f7e0c43d800 DEOPT UNPACKING pc=0x00007f7dfcbd8229 sp=0x00007f7de2e86f48 mode 2
Event: 3.071 Thread 0x00007f7e0c43d800 Uncommon trap: trap_request=0xffffffde fr.pc=0x00007f7dfd2433b0
Event: 3.071 Thread 0x00007f7e0c43d800 DEOPT PACKING pc=0x00007f7dfd2433b0 sp=0x00007f7de2e86f60
Event: 3.071 Thread 0x00007f7e0c43d800 DEOPT UNPACKING pc=0x00007f7dfcbd8229 sp=0x00007f7de2e86f20 mode 2
Event: 3.071 Thread 0x00007f7e0c43d800 Uncommon trap: trap_request=0xffffffc6 fr.pc=0x00007f7dfd202dbc
Event: 3.071 Thread 0x00007f7e0c43d800 DEOPT PACKING pc=0x00007f7dfd202dbc sp=0x00007f7de2e86c30
Event: 3.071 Thread 0x00007f7e0c43d800 DEOPT UNPACKING pc=0x00007f7dfcbd8229 sp=0x00007f7de2e86c28 mode 2
Event: 3.071 Thread 0x00007f7e0c43d800 Uncommon trap: trap_request=0xffffffde fr.pc=0x00007f7dfd2433b0
Event: 3.071 Thread 0x00007f7e0c43d800 DEOPT PACKING pc=0x00007f7dfd2433b0 sp=0x00007f7de2e86bd0
Event: 3.071 Thread 0x00007f7e0c43d800 DEOPT UNPACKING pc=0x00007f7dfcbd8229 sp=0x00007f7de2e86b90 mode 2


Dynamic libraries:
00400000-00401000 r-xp 00000000 08:01 27923979                           /home/ojt/jdk1.8.0_141/jre/bin/java
00600000-00601000 rw-p 00000000 08:01 27923979                           /home/ojt/jdk1.8.0_141/jre/bin/java
00630000-00651000 rw-p 00000000 00:00 0                                  [heap]
b2a00000-b7d80000 rw-p 00000000 00:00 0 
b7d80000-e6380000 ---p 00000000 00:00 0 
e6380000-f1500000 rw-p 00000000 00:00 0 
f1500000-100000000 ---p 00000000 00:00 0 
100000000-100440000 rw-p 00000000 00:00 0 
100440000-140000000 ---p 00000000 00:00 0 
7f7d94000000-7f7d94021000 rw-p 00000000 00:00 0 
7f7d94021000-7f7d98000000 ---p 00000000 00:00 0 
7f7d98000000-7f7d9885b000 rw-p 00000000 00:00 0 
7f7d9885b000-7f7d9c000000 ---p 00000000 00:00 0 
7f7d9c000000-7f7d9c021000 rw-p 00000000 00:00 0 
7f7d9c021000-7f7da0000000 ---p 00000000 00:00 0 
7f7da0000000-7f7da003b000 rw-p 00000000 00:00 0 
7f7da003b000-7f7da4000000 ---p 00000000 00:00 0 
7f7da4000000-7f7da4021000 rw-p 00000000 00:00 0 
7f7da4021000-7f7da8000000 ---p 00000000 00:00 0 
7f7da8000000-7f7da8021000 rw-p 00000000 00:00 0 
7f7da8021000-7f7dac000000 ---p 00000000 00:00 0 
7f7dac000000-7f7dac78b000 rw-p 00000000 00:00 0 
7f7dac78b000-7f7db0000000 ---p 00000000 00:00 0 
7f7db0000000-7f7db0021000 rw-p 00000000 00:00 0 
7f7db0021000-7f7db4000000 ---p 00000000 00:00 0 
7f7db4000000-7f7db47bf000 rw-p 00000000 00:00 0 
7f7db47bf000-7f7db8000000 ---p 00000000 00:00 0 
7f7db8000000-7f7db8b32000 rw-p 00000000 00:00 0 
7f7db8b32000-7f7dbc000000 ---p 00000000 00:00 0 
7f7dbc000000-7f7dbc021000 rw-p 00000000 00:00 0 
7f7dbc021000-7f7dc0000000 ---p 00000000 00:00 0 
7f7dc0000000-7f7dc0939000 rw-p 00000000 00:00 0 
7f7dc0939000-7f7dc4000000 ---p 00000000 00:00 0 
7f7dc4000000-7f7dc4021000 rw-p 00000000 00:00 0 
7f7dc4021000-7f7dc8000000 ---p 00000000 00:00 0 
7f7dc8000000-7f7dc8021000 rw-p 00000000 00:00 0 
7f7dc8021000-7f7dcc000000 ---p 00000000 00:00 0 
7f7dcc000000-7f7dcc021000 rw-p 00000000 00:00 0 
7f7dcc021000-7f7dd0000000 ---p 00000000 00:00 0 
7f7dd0000000-7f7dd0021000 rw-p 00000000 00:00 0 
7f7dd0021000-7f7dd4000000 ---p 00000000 00:00 0 
7f7dd4000000-7f7dd4021000 rw-p 00000000 00:00 0 
7f7dd4021000-7f7dd8000000 ---p 00000000 00:00 0 
7f7dd8000000-7f7dd8021000 rw-p 00000000 00:00 0 
7f7dd8021000-7f7ddc000000 ---p 00000000 00:00 0 
7f7ddc000000-7f7ddc021000 rw-p 00000000 00:00 0 
7f7ddc021000-7f7de0000000 ---p 00000000 00:00 0 
7f7de1061000-7f7de11e1000 rw-p 00000000 00:00 0 
7f7de11e1000-7f7de1261000 ---p 00000000 00:00 0 
7f7de1261000-7f7de1461000 rw-p 00000000 00:00 0 
7f7de1461000-7f7de1661000 rw-p 00000000 00:00 0 
7f7de1661000-7f7de1861000 rw-p 00000000 00:00 0 
7f7de1861000-7f7de1893000 r-xp 00000000 08:01 27660397                   /home/ojt/jdk1.8.0_141/jre/lib/amd64/libsunec.so
7f7de1893000-7f7de1a92000 ---p 00032000 08:01 27660397                   /home/ojt/jdk1.8.0_141/jre/lib/amd64/libsunec.so
7f7de1a92000-7f7de1a98000 rw-p 00031000 08:01 27660397                   /home/ojt/jdk1.8.0_141/jre/lib/amd64/libsunec.so
7f7de1a98000-7f7de1ca8000 rw-p 00000000 00:00 0 
7f7de1ca8000-7f7de1ea8000 rw-p 00000000 00:00 0 
7f7de1ea8000-7f7de1eb3000 r--s 00000000 08:01 42729579                   /var/cache/fontconfig/945677eb7aeaf62f1d50efc3fb3ec7d8-le64.cache-6
7f7de1eb3000-7f7de1eb5000 r--s 00000000 08:01 42729581                   /var/cache/fontconfig/99e8ed0e538f840c565b6ed5dad60d56-le64.cache-6
7f7de1eb5000-7f7de1ebb000 r--s 00000000 08:01 42729550                   /var/cache/fontconfig/2cd17615ca594fa2959ae173292e504c-le64.cache-6
7f7de1ebb000-7f7de1ebc000 r--s 00000000 08:01 42729543                   /var/cache/fontconfig/0d8c3b2ac0904cb8a57a757ad11a4a08-le64.cache-6
7f7de1ebc000-7f7de1ed1000 r--s 00000000 08:01 42729540                   /var/cache/fontconfig/04aabc0a78ac019cf9454389977116d2-le64.cache-6
7f7de1ed1000-7f7de1ed2000 r--s 00000000 08:01 42729547                   /var/cache/fontconfig/1ac9eb803944fde146138c791f5cc56a-le64.cache-6
7f7de1ed2000-7f7de1ed6000 r--s 00000000 08:01 42729555                   /var/cache/fontconfig/385c0604a188198f04d133e54aba7fe7-le64.cache-6
7f7de1ed6000-7f7de1ed7000 r--s 00000000 08:01 42729600                   /var/cache/fontconfig/dc05db6664285cc2f12bf69c139ae4c3-le64.cache-6
7f7de1ed7000-7f7de1ed9000 r--s 00000000 08:01 42729544                   /var/cache/fontconfig/14a5e22175779b556eaa434240950366-le64.cache-6
7f7de1ed9000-7f7de1eda000 r--s 00000000 08:01 42729571                   /var/cache/fontconfig/660208299946a285a940457d1287da33-le64.cache-6
7f7de1eda000-7f7de1edc000 r--s 00000000 08:01 42729562                   /var/cache/fontconfig/4f3e3037c9980c83b53a9351efadef62-le64.cache-6
7f7de1edc000-7f7de1edf000 r--s 00000000 08:01 42729575                   /var/cache/fontconfig/767a8244fc0220cfb567a839d0392e0b-le64.cache-6
7f7de1edf000-7f7de1ee0000 r--s 00000000 08:01 42734349                   /var/cache/fontconfig/4794a0821666d79190d59a36cb4f44b5-le64.cache-6
7f7de1ee0000-7f7de1f20000 r--s 00000000 08:01 42729541                   /var/cache/fontconfig/0bd3dc0958fa2205aaaa8ebb13e2872b-le64.cache-6
7f7de1f20000-7f7de1f25000 r--s 00000000 08:01 42729578                   /var/cache/fontconfig/8801497958630a81b71ace7c5f9b32a8-le64.cache-6
7f7de1f25000-7f7de1f28000 r--s 00000000 08:01 42729584                   /var/cache/fontconfig/a015930274ffcd967d2ca1b57da47cc7-le64.cache-6
7f7de1f28000-7f7de1f29000 r--s 00000000 08:01 42729588                   /var/cache/fontconfig/b872e6e592da6075ffa4ab0a1fcc0c75-le64.cache-6
7f7de1f29000-7f7de1f2a000 r--s 00000000 08:01 42729605                   /var/cache/fontconfig/f6d4eedfaab2589bde49f7a3ff831d22-le64.cache-6
7f7de1f2a000-7f7de1f2b000 r--s 00000000 08:01 42729569                   /var/cache/fontconfig/589f83ef4c36d296ce6e1c846f468f08-le64.cache-6
7f7de1f2b000-7f7de1f2c000 r--s 00000000 08:01 42729590                   /var/cache/fontconfig/bab58bb527bb656aaa9f116d68a48d89-le64.cache-6
7f7de1f2c000-7f7de1f2d000 r--s 00000000 08:01 42729548                   /var/cache/fontconfig/2171a34dccabdb6bcbbc728186263178-le64.cache-6
7f7de1f2d000-7f7de1f2e000 r--s 00000000 08:01 42729591                   /var/cache/fontconfig/c5c45a61289222e0d30b1a26ef4effbe-le64.cache-6
7f7de1f2e000-7f7de1f2f000 r--s 00000000 08:01 42729586                   /var/cache/fontconfig/aec30016f93e1b46d1a973dce0d74068-le64.cache-6
7f7de1f2f000-7f7de1f30000 r--s 00000000 08:01 42729556                   /var/cache/fontconfig/3f589640d34b7dc9042c8d453f7c8b9c-le64.cache-6
7f7de1f30000-7f7de1f31000 r--s 00000000 08:01 42729545                   /var/cache/fontconfig/16c2fda60d1b4b719f4b3d06fd951d25-le64.cache-6
7f7de1f31000-7f7de1f32000 r--s 00000000 08:01 42729585                   /var/cache/fontconfig/a48eab177a16e4f3713381162db2f3e9-le64.cache-6
7f7de1f32000-7f7de1f33000 r--s 00000000 08:01 42729565                   /var/cache/fontconfig/564b2e68ac9bc4e36a6f7f6d6125ec1c-le64.cache-6
7f7de1f33000-7f7de1f3a000 r--s 00000000 08:01 42729551                   /var/cache/fontconfig/3047814df9a2f067bd2d96a2b9c36e5a-le64.cache-6
7f7de1f3a000-7f7de1f3b000 r--s 00000000 08:01 42729566                   /var/cache/fontconfig/56cf4f4769d0f4abc89a4895d7bd3ae1-le64.cache-6
7f7de1f3b000-7f7de1f3c000 r--s 00000000 08:01 42729589                   /var/cache/fontconfig/b9d506c9ac06c20b433354fa67a72993-le64.cache-6
7f7de1f3c000-7f7de1f42000 r--s 00000000 08:01 42729587                   /var/cache/fontconfig/b47c4e1ecd0709278f4910c18777a504-le64.cache-6
7f7de1f42000-7f7de1f55000 r--s 00000000 08:01 42729597                   /var/cache/fontconfig/d52a8644073d54c13679302ca1180695-le64.cache-6
7f7de1f55000-7f7de1f56000 r--s 00000000 08:01 42729553                   /var/cache/fontconfig/370e5b74bf5dafc30834de68e24a87a4-le64.cache-6
7f7de1f56000-7f7de1f57000 r--s 00000000 08:01 42729573                   /var/cache/fontconfig/6b2c5944714ca7831b25bed9e85cb5c8-le64.cache-6
7f7de1f57000-7f7de1f58000 r--s 00000000 08:01 42729596                   /var/cache/fontconfig/d5178ab6d91b49bf20a416737dcea9e8-le64.cache-6
7f7de1f58000-7f7de1f59000 r--s 00000000 08:01 42729564                   /var/cache/fontconfig/551ecf3b0e8b0bca0f25c0944f561853-le64.cache-6
7f7de1f59000-7f7de1f5c000 r--s 00000000 08:01 42729604                   /var/cache/fontconfig/f259c2cffa685e28062317905db73c4a-le64.cache-6
7f7de1f5c000-7f7de1f5e000 r--s 00000000 08:01 42729563                   /var/cache/fontconfig/550f3886151c940c12a5ed35f6a00586-le64.cache-6
7f7de1f5e000-7f7de1f61000 r--s 00000000 08:01 42729572                   /var/cache/fontconfig/674d1711f2d1d2a09646eb0bdcadee49-le64.cache-6
7f7de1f61000-7f7de1f6c000 r--s 00000000 08:01 42729598                   /var/cache/fontconfig/d589a48862398ed80a3d6066f4f56f4c-le64.cache-6
7f7de211c000-7f7de212f000 r--s 00345000 08:01 25568126                   /home/ojt/jdk1.8.0_141/jre/lib/resources.jar
7f7de212f000-7f7de232f000 rw-p 00000000 00:00 0 
7f7de232f000-7f7de252f000 rw-p 00000000 00:00 0 
7f7de252f000-7f7de2598000 r-xp 00000000 08:01 27660752                   /home/ojt/jdk1.8.0_141/jre/lib/amd64/libt2k.so
7f7de2598000-7f7de2798000 ---p 00069000 08:01 27660752                   /home/ojt/jdk1.8.0_141/jre/lib/amd64/libt2k.so
7f7de2798000-7f7de279f000 rw-p 00069000 08:01 27660752                   /home/ojt/jdk1.8.0_141/jre/lib/amd64/libt2k.so
7f7de279f000-7f7de27af000 rw-p 00000000 00:00 0 
7f7de28c1000-7f7de2ac1000 rw-p 00000000 00:00 0 
7f7de2ac1000-7f7de2ac2000 r--s 00000000 08:01 42729552                   /var/cache/fontconfig/30829fa25452a46451e813d634d7f916-le64.cache-6
7f7de2ac2000-7f7de2ac3000 r--s 00000000 08:01 42729542                   /var/cache/fontconfig/0c9eb80ebd1c36541ebe2852d3bb0c49-le64.cache-6
7f7de2ac3000-7f7de2ac4000 r--s 00000000 08:01 42729549                   /var/cache/fontconfig/22368d551a680bfe5a62c02760edf4ea-le64.cache-6
7f7de2ac4000-7f7de2ac5000 r--s 00000000 08:01 42729561                   /var/cache/fontconfig/4d9c95eba1cb85bbcf2878543262124a-le64.cache-6
7f7de2ac5000-7f7de2ac6000 r--s 00000000 08:01 42729577                   /var/cache/fontconfig/85e0a52ce643a7ba2ae53e5d6949cead-le64.cache-6
7f7de2ac6000-7f7de2ac7000 r--s 00000000 08:01 42729558                   /var/cache/fontconfig/49f0de54bdd920fe4f0dfd4cbac43e6b-le64.cache-6
7f7de2ac7000-7f7de2ad9000 r--s 00000000 08:01 42729582                   /var/cache/fontconfig/9b89f8e3dae116d678bbf48e5f21f69b-le64.cache-6
7f7de2ad9000-7f7de2ae2000 r--s 00000000 08:01 42729594                   /var/cache/fontconfig/d0972c3d32f097851eb916381fc38920-le64.cache-6
7f7de2ae2000-7f7de2ae5000 r--s 00000000 08:01 42729642                   /var/cache/fontconfig/e13b20fdb08344e0e664864cc2ede53d-le64.cache-6
7f7de2aee000-7f7de2af4000 r--s 0003f000 08:01 27798781                   /home/ojt/jdk1.8.0_141/jre/lib/ext/sunjce_provider.jar
7f7de2af4000-7f7de2af6000 r--s 00009000 08:01 27798853                   /home/ojt/jdk1.8.0_141/jre/lib/ext/sunec.jar
7f7de2af6000-7f7de2afa000 r--s 0009a000 08:01 25568140                   /home/ojt/jdk1.8.0_141/jre/lib/jsse.jar
7f7de2afa000-7f7de2afd000 r--s 0001a000 08:01 25568148                   /home/ojt/jdk1.8.0_141/jre/lib/jce.jar
7f7de2afd000-7f7de2b08000 r--s 00000000 08:01 42729579                   /var/cache/fontconfig/945677eb7aeaf62f1d50efc3fb3ec7d8-le64.cache-6
7f7de2b08000-7f7de2b0a000 r--s 00000000 08:01 42729581                   /var/cache/fontconfig/99e8ed0e538f840c565b6ed5dad60d56-le64.cache-6
7f7de2b0a000-7f7de2b10000 r--s 00000000 08:01 42729550                   /var/cache/fontconfig/2cd17615ca594fa2959ae173292e504c-le64.cache-6
7f7de2b10000-7f7de2b11000 r--s 00000000 08:01 42729543                   /var/cache/fontconfig/0d8c3b2ac0904cb8a57a757ad11a4a08-le64.cache-6
7f7de2b11000-7f7de2b26000 r--s 00000000 08:01 42729540                   /var/cache/fontconfig/04aabc0a78ac019cf9454389977116d2-le64.cache-6
7f7de2b26000-7f7de2b27000 r--s 00000000 08:01 42729547                   /var/cache/fontconfig/1ac9eb803944fde146138c791f5cc56a-le64.cache-6
7f7de2b27000-7f7de2b2b000 r--s 00000000 08:01 42729555                   /var/cache/fontconfig/385c0604a188198f04d133e54aba7fe7-le64.cache-6
7f7de2b2b000-7f7de2b2c000 r--s 00000000 08:01 42729600                   /var/cache/fontconfig/dc05db6664285cc2f12bf69c139ae4c3-le64.cache-6
7f7de2b2c000-7f7de2b2e000 r--s 00000000 08:01 42729544                   /var/cache/fontconfig/14a5e22175779b556eaa434240950366-le64.cache-6
7f7de2b2e000-7f7de2b2f000 r--s 00000000 08:01 42729571                   /var/cache/fontconfig/660208299946a285a940457d1287da33-le64.cache-6
7f7de2b2f000-7f7de2b31000 r--s 00000000 08:01 42729562                   /var/cache/fontconfig/4f3e3037c9980c83b53a9351efadef62-le64.cache-6
7f7de2b31000-7f7de2b34000 r--s 00000000 08:01 42729575                   /var/cache/fontconfig/767a8244fc0220cfb567a839d0392e0b-le64.cache-6
7f7de2b34000-7f7de2b35000 r--s 00000000 08:01 42734349                   /var/cache/fontconfig/4794a0821666d79190d59a36cb4f44b5-le64.cache-6
7f7de2b35000-7f7de2b75000 r--s 00000000 08:01 42729541                   /var/cache/fontconfig/0bd3dc0958fa2205aaaa8ebb13e2872b-le64.cache-6
7f7de2b75000-7f7de2b7a000 r--s 00000000 08:01 42729578                   /var/cache/fontconfig/8801497958630a81b71ace7c5f9b32a8-le64.cache-6
7f7de2b7a000-7f7de2b7d000 r--s 00000000 08:01 42729584                   /var/cache/fontconfig/a015930274ffcd967d2ca1b57da47cc7-le64.cache-6
7f7de2b7d000-7f7de2b7e000 r--s 00000000 08:01 42729588                   /var/cache/fontconfig/b872e6e592da6075ffa4ab0a1fcc0c75-le64.cache-6
7f7de2b7e000-7f7de2b7f000 r--s 00000000 08:01 42729605                   /var/cache/fontconfig/f6d4eedfaab2589bde49f7a3ff831d22-le64.cache-6
7f7de2b7f000-7f7de2b80000 r--s 00000000 08:01 42729569                   /var/cache/fontconfig/589f83ef4c36d296ce6e1c846f468f08-le64.cache-6
7f7de2b80000-7f7de2b81000 r--s 00000000 08:01 42729590                   /var/cache/fontconfig/bab58bb527bb656aaa9f116d68a48d89-le64.cache-6
7f7de2b81000-7f7de2b82000 r--s 00000000 08:01 42729548                   /var/cache/fontconfig/2171a34dccabdb6bcbbc728186263178-le64.cache-6
7f7de2b82000-7f7de2b83000 r--s 00000000 08:01 42729591                   /var/cache/fontconfig/c5c45a61289222e0d30b1a26ef4effbe-le64.cache-6
7f7de2b83000-7f7de2b84000 r--s 00000000 08:01 42729606                   /var/cache/fontconfig/f6e6e0a5c3d2f6ae0c0c2e0ecd42a997-le64.cache-6
7f7de2b84000-7f7de2b85000 r--s 00000000 08:01 42729559                   /var/cache/fontconfig/4b2eda6bb976bda485cb2176619421d5-le64.cache-6
7f7de2b85000-7f7de2b89000 r--s 00000000 08:01 42729567                   /var/cache/fontconfig/7ef2298fde41cc6eeb7af42e48b7d293-le64.cache-6
7f7de2b89000-7f7de2d89000 rw-p 00000000 00:00 0 
7f7de2d89000-7f7de2d8c000 ---p 00000000 00:00 0 
7f7de2d8c000-7f7de2e8a000 rw-p 00000000 00:00 0 
7f7de2e8a000-7f7de2e8d000 ---p 00000000 00:00 0 
7f7de2e8d000-7f7de2f8b000 rw-p 00000000 00:00 0 
7f7de2f8b000-7f7de2fc6000 r-xp 00000000 08:01 27660401                   /home/ojt/jdk1.8.0_141/jre/lib/amd64/libjpeg.so
7f7de2fc6000-7f7de31c5000 ---p 0003b000 08:01 27660401                   /home/ojt/jdk1.8.0_141/jre/lib/amd64/libjpeg.so
7f7de31c5000-7f7de31c6000 rw-p 0003a000 08:01 27660401                   /home/ojt/jdk1.8.0_141/jre/lib/amd64/libjpeg.so
7f7de31c6000-7f7de31c9000 ---p 00000000 00:00 0 
7f7de31c9000-7f7de34c7000 rw-p 00000000 00:00 0 
7f7de34c7000-7f7de34d8000 r-xp 00000000 08:01 27660750                   /home/ojt/jdk1.8.0_141/jre/lib/amd64/libnio.so
7f7de34d8000-7f7de36d7000 ---p 00011000 08:01 27660750                   /home/ojt/jdk1.8.0_141/jre/lib/amd64/libnio.so
7f7de36d7000-7f7de36d8000 rw-p 00010000 08:01 27660750                   /home/ojt/jdk1.8.0_141/jre/lib/amd64/libnio.so
7f7de36d8000-7f7de39d9000 rw-p 00000000 00:00 0 
7f7de39d9000-7f7de39ef000 r-xp 00000000 08:01 27660751                   /home/ojt/jdk1.8.0_141/jre/lib/amd64/libnet.so
7f7de39ef000-7f7de3bef000 ---p 00016000 08:01 27660751                   /home/ojt/jdk1.8.0_141/jre/lib/amd64/libnet.so
7f7de3bef000-7f7de3bf0000 rw-p 00016000 08:01 27660751                   /home/ojt/jdk1.8.0_141/jre/lib/amd64/libnet.so
7f7de3bf0000-7f7de3bf5000 r-xp 00000000 08:01 27010428                   /usr/lib/x86_64-linux-gnu/libXfixes.so.3.1.0
7f7de3bf5000-7f7de3df4000 ---p 00005000 08:01 27010428                   /usr/lib/x86_64-linux-gnu/libXfixes.so.3.1.0
7f7de3df4000-7f7de3df5000 r--p 00004000 08:01 27010428                   /usr/lib/x86_64-linux-gnu/libXfixes.so.3.1.0
7f7de3df5000-7f7de3df6000 rw-p 00005000 08:01 27010428                   /usr/lib/x86_64-linux-gnu/libXfixes.so.3.1.0
7f7de3df6000-7f7de3dff000 r-xp 00000000 08:01 27010418                   /usr/lib/x86_64-linux-gnu/libXcursor.so.1.0.2
7f7de3dff000-7f7de3ffe000 ---p 00009000 08:01 27010418                   /usr/lib/x86_64-linux-gnu/libXcursor.so.1.0.2
7f7de3ffe000-7f7de3fff000 r--p 00008000 08:01 27010418                   /usr/lib/x86_64-linux-gnu/libXcursor.so.1.0.2
7f7de3fff000-7f7de4000000 rw-p 00009000 08:01 27010418                   /usr/lib/x86_64-linux-gnu/libXcursor.so.1.0.2
7f7de4000000-7f7de4021000 rw-p 00000000 00:00 0 
7f7de4021000-7f7de8000000 ---p 00000000 00:00 0 
7f7de8000000-7f7de8021000 rw-p 00000000 00:00 0 
7f7de8021000-7f7dec000000 ---p 00000000 00:00 0 
7f7dec000000-7f7dec021000 rw-p 00000000 00:00 0 
7f7dec021000-7f7df0000000 ---p 00000000 00:00 0 
7f7df0000000-7f7df0001000 r--s 00000000 08:01 42729586                   /var/cache/fontconfig/aec30016f93e1b46d1a973dce0d74068-le64.cache-6
7f7df0001000-7f7df0002000 r--s 00000000 08:01 42729556                   /var/cache/fontconfig/3f589640d34b7dc9042c8d453f7c8b9c-le64.cache-6
7f7df0002000-7f7df0003000 r--s 00000000 08:01 42729545                   /var/cache/fontconfig/16c2fda60d1b4b719f4b3d06fd951d25-le64.cache-6
7f7df0003000-7f7df0004000 r--s 00000000 08:01 42729585                   /var/cache/fontconfig/a48eab177a16e4f3713381162db2f3e9-le64.cache-6
7f7df0004000-7f7df0005000 r--s 00000000 08:01 42729565                   /var/cache/fontconfig/564b2e68ac9bc4e36a6f7f6d6125ec1c-le64.cache-6
7f7df0005000-7f7df000c000 r--s 00000000 08:01 42729551                   /var/cache/fontconfig/3047814df9a2f067bd2d96a2b9c36e5a-le64.cache-6
7f7df000c000-7f7df000d000 r--s 00000000 08:01 42729566                   /var/cache/fontconfig/56cf4f4769d0f4abc89a4895d7bd3ae1-le64.cache-6
7f7df000d000-7f7df000e000 r--s 00000000 08:01 42729589                   /var/cache/fontconfig/b9d506c9ac06c20b433354fa67a72993-le64.cache-6
7f7df000e000-7f7df0014000 r--s 00000000 08:01 42729587                   /var/cache/fontconfig/b47c4e1ecd0709278f4910c18777a504-le64.cache-6
7f7df0014000-7f7df0027000 r--s 00000000 08:01 42729597                   /var/cache/fontconfig/d52a8644073d54c13679302ca1180695-le64.cache-6
7f7df0027000-7f7df0028000 r--s 00000000 08:01 42729553                   /var/cache/fontconfig/370e5b74bf5dafc30834de68e24a87a4-le64.cache-6
7f7df0028000-7f7df0029000 r--s 00000000 08:01 42729573                   /var/cache/fontconfig/6b2c5944714ca7831b25bed9e85cb5c8-le64.cache-6
7f7df0029000-7f7df002a000 r--s 00000000 08:01 42729596                   /var/cache/fontconfig/d5178ab6d91b49bf20a416737dcea9e8-le64.cache-6
7f7df002a000-7f7df002b000 r--s 00000000 08:01 42729564                   /var/cache/fontconfig/551ecf3b0e8b0bca0f25c0944f561853-le64.cache-6
7f7df002b000-7f7df002e000 r--s 00000000 08:01 42729604                   /var/cache/fontconfig/f259c2cffa685e28062317905db73c4a-le64.cache-6
7f7df002e000-7f7df0030000 r--s 00000000 08:01 42729563                   /var/cache/fontconfig/550f3886151c940c12a5ed35f6a00586-le64.cache-6
7f7df0030000-7f7df0033000 r--s 00000000 08:01 42729572                   /var/cache/fontconfig/674d1711f2d1d2a09646eb0bdcadee49-le64.cache-6
7f7df0033000-7f7df003e000 r--s 00000000 08:01 42729598                   /var/cache/fontconfig/d589a48862398ed80a3d6066f4f56f4c-le64.cache-6
7f7df003e000-7f7df003f000 r--s 00000000 08:01 42729552                   /var/cache/fontconfig/30829fa25452a46451e813d634d7f916-le64.cache-6
7f7df003f000-7f7df0040000 r--s 00000000 08:01 42729542                   /var/cache/fontconfig/0c9eb80ebd1c36541ebe2852d3bb0c49-le64.cache-6
7f7df0040000-7f7df0041000 r--s 00000000 08:01 42729549                   /var/cache/fontconfig/22368d551a680bfe5a62c02760edf4ea-le64.cache-6
7f7df0041000-7f7df0042000 r--s 00000000 08:01 42729561                   /var/cache/fontconfig/4d9c95eba1cb85bbcf2878543262124a-le64.cache-6
7f7df0042000-7f7df0043000 r--s 00000000 08:01 42729577                   /var/cache/fontconfig/85e0a52ce643a7ba2ae53e5d6949cead-le64.cache-6
7f7df0043000-7f7df0044000 r--s 00000000 08:01 42729558                   /var/cache/fontconfig/49f0de54bdd920fe4f0dfd4cbac43e6b-le64.cache-6
7f7df0044000-7f7df0047000 ---p 00000000 00:00 0 
7f7df0047000-7f7df0145000 rw-p 00000000 00:00 0 
7f7df0145000-7f7df0148000 ---p 00000000 00:00 0 
7f7df0148000-7f7df0246000 rw-p 00000000 00:00 0 
7f7df0246000-7f7df025c000 r-xp 00000000 08:01 33559007                   /lib/x86_64-linux-gnu/libgcc_s.so.1
7f7df025c000-7f7df045b000 ---p 00016000 08:01 33559007                   /lib/x86_64-linux-gnu/libgcc_s.so.1
7f7df045b000-7f7df045c000 rw-p 00015000 08:01 33559007                   /lib/x86_64-linux-gnu/libgcc_s.so.1
7f7df045c000-7f7df04c1000 r-xp 00000000 08:01 27659653                   /home/ojt/jdk1.8.0_141/jre/lib/amd64/libfontmanager.so
7f7df04c1000-7f7df06c0000 ---p 00065000 08:01 27659653                   /home/ojt/jdk1.8.0_141/jre/lib/amd64/libfontmanager.so
7f7df06c0000-7f7df06c5000 rw-p 00064000 08:01 27659653                   /home/ojt/jdk1.8.0_141/jre/lib/amd64/libfontmanager.so
7f7df06c5000-7f7df06d5000 rw-p 00000000 00:00 0 
7f7df06d5000-7f7df06da000 r-xp 00000000 08:01 27010424                   /usr/lib/x86_64-linux-gnu/libXdmcp.so.6.0.0
7f7df06da000-7f7df08d9000 ---p 00005000 08:01 27010424                   /usr/lib/x86_64-linux-gnu/libXdmcp.so.6.0.0
7f7df08d9000-7f7df08da000 r--p 00004000 08:01 27010424                   /usr/lib/x86_64-linux-gnu/libXdmcp.so.6.0.0
7f7df08da000-7f7df08db000 rw-p 00005000 08:01 27010424                   /usr/lib/x86_64-linux-gnu/libXdmcp.so.6.0.0
7f7df08db000-7f7df08dd000 r-xp 00000000 08:01 27010411                   /usr/lib/x86_64-linux-gnu/libXau.so.6.0.0
7f7df08dd000-7f7df0add000 ---p 00002000 08:01 27010411                   /usr/lib/x86_64-linux-gnu/libXau.so.6.0.0
7f7df0add000-7f7df0ade000 r--p 00002000 08:01 27010411                   /usr/lib/x86_64-linux-gnu/libXau.so.6.0.0
7f7df0ade000-7f7df0adf000 rw-p 00003000 08:01 27010411                   /usr/lib/x86_64-linux-gnu/libXau.so.6.0.0
7f7df0adf000-7f7df0b00000 r-xp 00000000 08:01 27011897                   /usr/lib/x86_64-linux-gnu/libxcb.so.1.1.0
7f7df0b00000-7f7df0cff000 ---p 00021000 08:01 27011897                   /usr/lib/x86_64-linux-gnu/libxcb.so.1.1.0
7f7df0cff000-7f7df0d00000 r--p 00020000 08:01 27011897                   /usr/lib/x86_64-linux-gnu/libxcb.so.1.1.0
7f7df0d00000-7f7df0d01000 rw-p 00021000 08:01 27011897                   /usr/lib/x86_64-linux-gnu/libxcb.so.1.1.0
7f7df0d01000-7f7df0d10000 r-xp 00000000 08:01 27010434                   /usr/lib/x86_64-linux-gnu/libXi.so.6.1.0
7f7df0d10000-7f7df0f0f000 ---p 0000f000 08:01 27010434                   /usr/lib/x86_64-linux-gnu/libXi.so.6.1.0
7f7df0f0f000-7f7df0f10000 r--p 0000e000 08:01 27010434                   /usr/lib/x86_64-linux-gnu/libXi.so.6.1.0
7f7df0f10000-7f7df0f11000 rw-p 0000f000 08:01 27010434                   /usr/lib/x86_64-linux-gnu/libXi.so.6.1.0
7f7df0f11000-7f7df0f16000 r-xp 00000000 08:01 27010452                   /usr/lib/x86_64-linux-gnu/libXtst.so.6.1.0
7f7df0f16000-7f7df1115000 ---p 00005000 08:01 27010452                   /usr/lib/x86_64-linux-gnu/libXtst.so.6.1.0
7f7df1115000-7f7df1116000 r--p 00004000 08:01 27010452                   /usr/lib/x86_64-linux-gnu/libXtst.so.6.1.0
7f7df1116000-7f7df1117000 rw-p 00005000 08:01 27010452                   /usr/lib/x86_64-linux-gnu/libXtst.so.6.1.0
7f7df1117000-7f7df1120000 r-xp 00000000 08:01 27010446                   /usr/lib/x86_64-linux-gnu/libXrender.so.1.3.0
7f7df1120000-7f7df131f000 ---p 00009000 08:01 27010446                   /usr/lib/x86_64-linux-gnu/libXrender.so.1.3.0
7f7df131f000-7f7df1320000 r--p 00008000 08:01 27010446                   /usr/lib/x86_64-linux-gnu/libXrender.so.1.3.0
7f7df1320000-7f7df1321000 rw-p 00009000 08:01 27010446                   /usr/lib/x86_64-linux-gnu/libXrender.so.1.3.0
7f7df1321000-7f7df1456000 r-xp 00000000 08:01 27010405                   /usr/lib/x86_64-linux-gnu/libX11.so.6.3.0
7f7df1456000-7f7df1656000 ---p 00135000 08:01 27010405                   /usr/lib/x86_64-linux-gnu/libX11.so.6.3.0
7f7df1656000-7f7df1657000 r--p 00135000 08:01 27010405                   /usr/lib/x86_64-linux-gnu/libX11.so.6.3.0
7f7df1657000-7f7df165b000 rw-p 00136000 08:01 27010405                   /usr/lib/x86_64-linux-gnu/libX11.so.6.3.0
7f7df165b000-7f7df166c000 r-xp 00000000 08:01 27010426                   /usr/lib/x86_64-linux-gnu/libXext.so.6.4.0
7f7df166c000-7f7df186b000 ---p 00011000 08:01 27010426                   /usr/lib/x86_64-linux-gnu/libXext.so.6.4.0
7f7df186b000-7f7df186c000 r--p 00010000 08:01 27010426                   /usr/lib/x86_64-linux-gnu/libXext.so.6.4.0
7f7df186c000-7f7df186d000 rw-p 00011000 08:01 27010426                   /usr/lib/x86_64-linux-gnu/libXext.so.6.4.0
7f7df186d000-7f7df186e000 r--s 00000000 08:01 42729606                   /var/cache/fontconfig/f6e6e0a5c3d2f6ae0c0c2e0ecd42a997-le64.cache-6
7f7df186e000-7f7df186f000 r--s 00000000 08:01 42729559                   /var/cache/fontconfig/4b2eda6bb976bda485cb2176619421d5-le64.cache-6
7f7df186f000-7f7df1881000 r--s 00000000 08:01 42729582                   /var/cache/fontconfig/9b89f8e3dae116d678bbf48e5f21f69b-le64.cache-6
7f7df1881000-7f7df188a000 r--s 00000000 08:01 42729594                   /var/cache/fontconfig/d0972c3d32f097851eb916381fc38920-le64.cache-6
7f7df188a000-7f7df188d000 r--s 00000000 08:01 42729642                   /var/cache/fontconfig/e13b20fdb08344e0e664864cc2ede53d-le64.cache-6
7f7df188d000-7f7df1891000 r--s 00000000 08:01 42729567                   /var/cache/fontconfig/7ef2298fde41cc6eeb7af42e48b7d293-le64.cache-6
7f7df1891000-7f7df18e5000 r-xp 00000000 08:01 27659865                   /home/ojt/jdk1.8.0_141/jre/lib/amd64/libawt_xawt.so
7f7df18e5000-7f7df1ae5000 ---p 00054000 08:01 27659865                   /home/ojt/jdk1.8.0_141/jre/lib/amd64/libawt_xawt.so
7f7df1ae5000-7f7df1ae9000 rw-p 00054000 08:01 27659865                   /home/ojt/jdk1.8.0_141/jre/lib/amd64/libawt_xawt.so
7f7df1ae9000-7f7df1aea000 rw-p 00000000 00:00 0 
7f7df1aea000-7f7df1b8c000 r-xp 00000000 08:01 27660753                   /home/ojt/jdk1.8.0_141/jre/lib/amd64/libawt.so
7f7df1b8c000-7f7df1d8c000 ---p 000a2000 08:01 27660753                   /home/ojt/jdk1.8.0_141/jre/lib/amd64/libawt.so
7f7df1d8c000-7f7df1d98000 rw-p 000a2000 08:01 27660753                   /home/ojt/jdk1.8.0_141/jre/lib/amd64/libawt.so
7f7df1d98000-7f7df1dbc000 rw-p 00000000 00:00 0 
7f7df1dbc000-7f7df1dc1000 r--s 002f8000 08:01 25568131                   /home/ojt/jdk1.8.0_141/jre/lib/charsets.jar
7f7df1dc1000-7f7df1dff000 r--s 0025d000 08:01 34605036                   /home/ojt/png_temp/develop/JavaDB/lib/xmlbeans-2.6.0.jar
7f7df1dff000-7f7df1eb9000 r--s 004e0000 08:01 34605035                   /home/ojt/png_temp/develop/JavaDB/lib/poi-ooxml-schemas-3.16.jar
7f7df1eb9000-7f7df1ecc000 r--s 0014c000 08:01 34605034                   /home/ojt/png_temp/develop/JavaDB/lib/poi-ooxml-3.16.jar
7f7df1ecc000-7f7df1ef8000 r--s 00263000 08:01 34605033                   /home/ojt/png_temp/develop/JavaDB/lib/poi-3.16.jar
7f7df1ef8000-7f7df1efc000 r--s 0003f000 08:01 34604982                   /home/ojt/png_temp/develop/JavaDB/lib/derbynet.jar
7f7df1efc000-7f7df1f02000 r--s 0008a000 08:01 34604981                   /home/ojt/png_temp/develop/JavaDB/lib/derbyclient.jar
7f7df1f02000-7f7df1f05000 r--s 00019000 08:01 34604980                   /home/ojt/png_temp/develop/JavaDB/lib/derbyLocale_zh_TW.jar
7f7df1f05000-7f7df1f07000 r--s 00019000 08:01 34604979                   /home/ojt/png_temp/develop/JavaDB/lib/derbyLocale_zh_CN.jar
7f7df1f07000-7f7df1f09000 r--s 0001c000 08:01 34604978                   /home/ojt/png_temp/develop/JavaDB/lib/derbyLocale_ru.jar
7f7df1f09000-7f7df1f0c000 r--s 00014000 08:01 34604977                   /home/ojt/png_temp/develop/JavaDB/lib/derbyLocale_pt_BR.jar
7f7df1f0c000-7f7df1f0e000 r--s 00015000 08:01 34604976                   /home/ojt/png_temp/develop/JavaDB/lib/derbyLocale_pl.jar
7f7df1f0e000-7f7df1f10000 r--s 0001b000 08:01 34604975                   /home/ojt/png_temp/develop/JavaDB/lib/derbyLocale_ko_KR.jar
7f7df1f10000-7f7df1f13000 r--s 0001c000 08:01 34604974                   /home/ojt/png_temp/develop/JavaDB/lib/derbyLocale_ja_JP.jar
7f7df1f13000-7f7df1f15000 r--s 00018000 08:01 34604973                   /home/ojt/png_temp/develop/JavaDB/lib/derbyLocale_it.jar
7f7df1f15000-7f7df1f17000 r--s 00016000 08:01 34604972                   /home/ojt/png_temp/develop/JavaDB/lib/derbyLocale_hu.jar
7f7df1f17000-7f7df1f19000 r--s 0001a000 08:01 34604971                   /home/ojt/png_temp/develop/JavaDB/lib/derbyLocale_fr.jar
7f7df1f19000-7f7df1f47000 r--s 002e7000 08:01 34604966                   /home/ojt/png_temp/develop/JavaDB/lib/derby.jar
7f7df1f47000-7f7df1f57000 r--s 000a8000 08:01 34605031                   /home/ojt/png_temp/develop/JavaDB/lib/commons-collections4-4.1.jar
7f7df1f57000-7f7df1f5e000 r--s 0003f000 08:01 34605030                   /home/ojt/png_temp/develop/JavaDB/lib/commons-codec-1.10.jar
7f7df1f5e000-7f7df1f65000 r--s 00094000 08:01 35396765                   /home/ojt/png_temp/develop/JavaDB/lib/beans-binding/beansbinding-1.2.1.jar
7f7df1f65000-7f7df1f82000 r--s 00131000 08:01 35396762                   /home/ojt/png_temp/develop/JavaDB/lib/eclipselink/org.eclipse.persistence.jpa.jpql_2.5.2.v20140319-9ad6abd.jar
7f7df1f82000-7f7df1f88000 r--s 00023000 08:01 35396761                   /home/ojt/png_temp/develop/JavaDB/lib/eclipselink/javax.persistence_2.1.0.v201304241213.jar
7f7df1f88000-7f7df2004000 r--s 0079b000 08:01 35396760                   /home/ojt/png_temp/develop/JavaDB/lib/eclipselink/eclipselink.jar
7f7df2004000-7f7df2005000 ---p 00000000 00:00 0 
7f7df2005000-7f7df2105000 rw-p 00000000 00:00 0 
7f7df2105000-7f7df2108000 ---p 00000000 00:00 0 
7f7df2108000-7f7df2206000 rw-p 00000000 00:00 0 
7f7df2206000-7f7df2209000 ---p 00000000 00:00 0 
7f7df2209000-7f7df2307000 rw-p 00000000 00:00 0 
7f7df2307000-7f7df230a000 ---p 00000000 00:00 0 
7f7df230a000-7f7df2408000 rw-p 00000000 00:00 0 
7f7df2408000-7f7df240b000 ---p 00000000 00:00 0 
7f7df240b000-7f7df2509000 rw-p 00000000 00:00 0 
7f7df2509000-7f7df250c000 ---p 00000000 00:00 0 
7f7df250c000-7f7df260a000 rw-p 00000000 00:00 0 
7f7df260a000-7f7df260d000 ---p 00000000 00:00 0 
7f7df260d000-7f7df270b000 rw-p 00000000 00:00 0 
7f7df270b000-7f7df29e3000 r--p 00000000 08:01 27004540                   /usr/lib/locale/locale-archive
7f7df29e3000-7f7df29e6000 ---p 00000000 00:00 0 
7f7df29e6000-7f7df2ae4000 rw-p 00000000 00:00 0 
7f7df2ae4000-7f7df2ae7000 ---p 00000000 00:00 0 
7f7df2ae7000-7f7df2be5000 rw-p 00000000 00:00 0 
7f7df2be5000-7f7df2be6000 ---p 00000000 00:00 0 
7f7df2be6000-7f7df4000000 rw-p 00000000 00:00 0 
7f7df4000000-7f7df4021000 rw-p 00000000 00:00 0 
7f7df4021000-7f7df8000000 ---p 00000000 00:00 0 
7f7df8000000-7f7df8002000 r--s 00018000 08:01 34604970                   /home/ojt/png_temp/develop/JavaDB/lib/derbyLocale_es.jar
7f7df8002000-7f7df8004000 r--s 0001a000 08:01 34604969                   /home/ojt/png_temp/develop/JavaDB/lib/derbyLocale_de_DE.jar
7f7df8004000-7f7df890d000 rw-p 00000000 00:00 0 
7f7df890d000-7f7df8ae7000 r--s 03d4d000 08:01 25568149                   /home/ojt/jdk1.8.0_141/jre/lib/rt.jar
7f7df8ae7000-7f7dfbc02000 rw-p 00000000 00:00 0 
7f7dfbc02000-7f7dfbc03000 ---p 00000000 00:00 0 
7f7dfbc03000-7f7dfbd03000 rw-p 00000000 00:00 0 
7f7dfbd03000-7f7dfbd04000 ---p 00000000 00:00 0 
7f7dfbd04000-7f7dfbe04000 rw-p 00000000 00:00 0 
7f7dfbe04000-7f7dfbe05000 ---p 00000000 00:00 0 
7f7dfbe05000-7f7dfbf05000 rw-p 00000000 00:00 0 
7f7dfbf05000-7f7dfbf06000 ---p 00000000 00:00 0 
7f7dfbf06000-7f7dfc006000 rw-p 00000000 00:00 0 
7f7dfc006000-7f7dfc007000 ---p 00000000 00:00 0 
7f7dfc007000-7f7dfc107000 rw-p 00000000 00:00 0 
7f7dfc107000-7f7dfc108000 ---p 00000000 00:00 0 
7f7dfc108000-7f7dfc208000 rw-p 00000000 00:00 0 
7f7dfc208000-7f7dfc209000 ---p 00000000 00:00 0 
7f7dfc209000-7f7dfc309000 rw-p 00000000 00:00 0 
7f7dfc309000-7f7dfc30a000 ---p 00000000 00:00 0 
7f7dfc30a000-7f7dfc434000 rw-p 00000000 00:00 0 
7f7dfc434000-7f7dfc5a7000 ---p 00000000 00:00 0 
7f7dfc5a7000-7f7dfc5d1000 rw-p 00000000 00:00 0 
7f7dfc5d1000-7f7dfc743000 ---p 00000000 00:00 0 
7f7dfc743000-7f7dfc79d000 rw-p 00000000 00:00 0 
7f7dfc79d000-7f7dfc812000 ---p 00000000 00:00 0 
7f7dfc812000-7f7dfc837000 rw-p 00000000 00:00 0 
7f7dfc837000-7f7dfcbd3000 ---p 00000000 00:00 0 
7f7dfcbd3000-7f7dfd4c3000 rwxp 00000000 00:00 0 
7f7dfd4c3000-7f7e0bbd3000 ---p 00000000 00:00 0 
7f7e0bbd3000-7f7e0bbed000 r-xp 00000000 08:01 27660749                   /home/ojt/jdk1.8.0_141/jre/lib/amd64/libzip.so
7f7e0bbed000-7f7e0bded000 ---p 0001a000 08:01 27660749                   /home/ojt/jdk1.8.0_141/jre/lib/amd64/libzip.so
7f7e0bded000-7f7e0bdee000 rw-p 0001a000 08:01 27660749                   /home/ojt/jdk1.8.0_141/jre/lib/amd64/libzip.so
7f7e0bdee000-7f7e0bdf9000 r-xp 00000000 08:01 33559323                   /lib/x86_64-linux-gnu/libnss_files-2.23.so
7f7e0bdf9000-7f7e0bff8000 ---p 0000b000 08:01 33559323                   /lib/x86_64-linux-gnu/libnss_files-2.23.so
7f7e0bff8000-7f7e0bff9000 r--p 0000a000 08:01 33559323                   /lib/x86_64-linux-gnu/libnss_files-2.23.so
7f7e0bff9000-7f7e0bffa000 rw-p 0000b000 08:01 33559323                   /lib/x86_64-linux-gnu/libnss_files-2.23.so
7f7e0bffa000-7f7e0c000000 rw-p 00000000 00:00 0 
7f7e0c000000-7f7e0c553000 rw-p 00000000 00:00 0 
7f7e0c553000-7f7e10000000 ---p 00000000 00:00 0 
7f7e10000000-7f7e10003000 r--s 00015000 08:01 34604968                   /home/ojt/png_temp/develop/JavaDB/lib/derbyLocale_cs.jar
7f7e10003000-7f7e1009a000 rw-p 00000000 00:00 0 
7f7e1009a000-7f7e100a5000 r-xp 00000000 08:01 33559316                   /lib/x86_64-linux-gnu/libnss_nis-2.23.so
7f7e100a5000-7f7e102a4000 ---p 0000b000 08:01 33559316                   /lib/x86_64-linux-gnu/libnss_nis-2.23.so
7f7e102a4000-7f7e102a5000 r--p 0000a000 08:01 33559316                   /lib/x86_64-linux-gnu/libnss_nis-2.23.so
7f7e102a5000-7f7e102a6000 rw-p 0000b000 08:01 33559316                   /lib/x86_64-linux-gnu/libnss_nis-2.23.so
7f7e102a6000-7f7e102bc000 r-xp 00000000 08:01 33559318                   /lib/x86_64-linux-gnu/libnsl-2.23.so
7f7e102bc000-7f7e104bb000 ---p 00016000 08:01 33559318                   /lib/x86_64-linux-gnu/libnsl-2.23.so
7f7e104bb000-7f7e104bc000 r--p 00015000 08:01 33559318                   /lib/x86_64-linux-gnu/libnsl-2.23.so
7f7e104bc000-7f7e104bd000 rw-p 00016000 08:01 33559318                   /lib/x86_64-linux-gnu/libnsl-2.23.so
7f7e104bd000-7f7e104bf000 rw-p 00000000 00:00 0 
7f7e104bf000-7f7e104c7000 r-xp 00000000 08:01 33559325                   /lib/x86_64-linux-gnu/libnss_compat-2.23.so
7f7e104c7000-7f7e106c6000 ---p 00008000 08:01 33559325                   /lib/x86_64-linux-gnu/libnss_compat-2.23.so
7f7e106c6000-7f7e106c7000 r--p 00007000 08:01 33559325                   /lib/x86_64-linux-gnu/libnss_compat-2.23.so
7f7e106c7000-7f7e106c8000 rw-p 00008000 08:01 33559325                   /lib/x86_64-linux-gnu/libnss_compat-2.23.so
7f7e106c8000-7f7e106f3000 r-xp 00000000 08:01 27660742                   /home/ojt/jdk1.8.0_141/jre/lib/amd64/libjava.so
7f7e106f3000-7f7e108f2000 ---p 0002b000 08:01 27660742                   /home/ojt/jdk1.8.0_141/jre/lib/amd64/libjava.so
7f7e108f2000-7f7e108f4000 rw-p 0002a000 08:01 27660742                   /home/ojt/jdk1.8.0_141/jre/lib/amd64/libjava.so
7f7e108f4000-7f7e10901000 r-xp 00000000 08:01 27660270                   /home/ojt/jdk1.8.0_141/jre/lib/amd64/libverify.so
7f7e10901000-7f7e10b01000 ---p 0000d000 08:01 27660270                   /home/ojt/jdk1.8.0_141/jre/lib/amd64/libverify.so
7f7e10b01000-7f7e10b03000 rw-p 0000d000 08:01 27660270                   /home/ojt/jdk1.8.0_141/jre/lib/amd64/libverify.so
7f7e10b03000-7f7e10b0a000 r-xp 00000000 08:01 33559326                   /lib/x86_64-linux-gnu/librt-2.23.so
7f7e10b0a000-7f7e10d09000 ---p 00007000 08:01 33559326                   /lib/x86_64-linux-gnu/librt-2.23.so
7f7e10d09000-7f7e10d0a000 r--p 00006000 08:01 33559326                   /lib/x86_64-linux-gnu/librt-2.23.so
7f7e10d0a000-7f7e10d0b000 rw-p 00007000 08:01 33559326                   /lib/x86_64-linux-gnu/librt-2.23.so
7f7e10d0b000-7f7e10e13000 r-xp 00000000 08:01 33559317                   /lib/x86_64-linux-gnu/libm-2.23.so
7f7e10e13000-7f7e11012000 ---p 00108000 08:01 33559317                   /lib/x86_64-linux-gnu/libm-2.23.so
7f7e11012000-7f7e11013000 r--p 00107000 08:01 33559317                   /lib/x86_64-linux-gnu/libm-2.23.so
7f7e11013000-7f7e11014000 rw-p 00108000 08:01 33559317                   /lib/x86_64-linux-gnu/libm-2.23.so
7f7e11014000-7f7e11ce7000 r-xp 00000000 08:01 27798785                   /home/ojt/jdk1.8.0_141/jre/lib/amd64/server/libjvm.so
7f7e11ce7000-7f7e11ee6000 ---p 00cd3000 08:01 27798785                   /home/ojt/jdk1.8.0_141/jre/lib/amd64/server/libjvm.so
7f7e11ee6000-7f7e11fc0000 rw-p 00cd2000 08:01 27798785                   /home/ojt/jdk1.8.0_141/jre/lib/amd64/server/libjvm.so
7f7e11fc0000-7f7e1200b000 rw-p 00000000 00:00 0 
7f7e1200b000-7f7e121ca000 r-xp 00000000 08:01 33559319                   /lib/x86_64-linux-gnu/libc-2.23.so
7f7e121ca000-7f7e123ca000 ---p 001bf000 08:01 33559319                   /lib/x86_64-linux-gnu/libc-2.23.so
7f7e123ca000-7f7e123ce000 r--p 001bf000 08:01 33559319                   /lib/x86_64-linux-gnu/libc-2.23.so
7f7e123ce000-7f7e123d0000 rw-p 001c3000 08:01 33559319                   /lib/x86_64-linux-gnu/libc-2.23.so
7f7e123d0000-7f7e123d4000 rw-p 00000000 00:00 0 
7f7e123d4000-7f7e123d7000 r-xp 00000000 08:01 33559315                   /lib/x86_64-linux-gnu/libdl-2.23.so
7f7e123d7000-7f7e125d6000 ---p 00003000 08:01 33559315                   /lib/x86_64-linux-gnu/libdl-2.23.so
7f7e125d6000-7f7e125d7000 r--p 00002000 08:01 33559315                   /lib/x86_64-linux-gnu/libdl-2.23.so
7f7e125d7000-7f7e125d8000 rw-p 00003000 08:01 33559315                   /lib/x86_64-linux-gnu/libdl-2.23.so
7f7e125d8000-7f7e125ed000 r-xp 00000000 08:01 27798802                   /home/ojt/jdk1.8.0_141/jre/lib/amd64/jli/libjli.so
7f7e125ed000-7f7e127ed000 ---p 00015000 08:01 27798802                   /home/ojt/jdk1.8.0_141/jre/lib/amd64/jli/libjli.so
7f7e127ed000-7f7e127ee000 rw-p 00015000 08:01 27798802                   /home/ojt/jdk1.8.0_141/jre/lib/amd64/jli/libjli.so
7f7e127ee000-7f7e12806000 r-xp 00000000 08:01 33559330                   /lib/x86_64-linux-gnu/libpthread-2.23.so
7f7e12806000-7f7e12a05000 ---p 00018000 08:01 33559330                   /lib/x86_64-linux-gnu/libpthread-2.23.so
7f7e12a05000-7f7e12a06000 r--p 00017000 08:01 33559330                   /lib/x86_64-linux-gnu/libpthread-2.23.so
7f7e12a06000-7f7e12a07000 rw-p 00018000 08:01 33559330                   /lib/x86_64-linux-gnu/libpthread-2.23.so
7f7e12a07000-7f7e12a0b000 rw-p 00000000 00:00 0 
7f7e12a0b000-7f7e12a31000 r-xp 00000000 08:01 33559320                   /lib/x86_64-linux-gnu/ld-2.23.so
7f7e12a31000-7f7e12a33000 r--s 0000e000 08:01 34605032                   /home/ojt/png_temp/develop/JavaDB/lib/commons-logging-1.2.jar
7f7e12a33000-7f7e12b05000 rw-p 00000000 00:00 0 
7f7e12b05000-7f7e12b08000 ---p 00000000 00:00 0 
7f7e12b08000-7f7e12c0a000 rw-p 00000000 00:00 0 
7f7e12c0a000-7f7e12c0b000 r--s 00000000 08:01 35396768                   /home/ojt/png_temp/develop/JavaDB/lib/absolutelayout/AbsoluteLayout.jar
7f7e12c0b000-7f7e12c24000 rw-p 00000000 00:00 0 
7f7e12c24000-7f7e12c2c000 rw-s 00000000 08:01 60031059                   /tmp/hsperfdata_ojt/16574
7f7e12c2c000-7f7e12c2d000 rw-p 00000000 00:00 0 
7f7e12c2d000-7f7e12c2e000 r--p 00000000 00:00 0 
7f7e12c2e000-7f7e12c30000 rw-p 00000000 00:00 0 
7f7e12c30000-7f7e12c31000 r--p 00025000 08:01 33559320                   /lib/x86_64-linux-gnu/ld-2.23.so
7f7e12c31000-7f7e12c32000 rw-p 00026000 08:01 33559320                   /lib/x86_64-linux-gnu/ld-2.23.so
7f7e12c32000-7f7e12c33000 rw-p 00000000 00:00 0 
7ffc3b8c9000-7ffc3b8ea000 rw-p 00000000 00:00 0                          [stack]
7ffc3b979000-7ffc3b97b000 r--p 00000000 00:00 0                          [vvar]
7ffc3b97b000-7ffc3b97d000 r-xp 00000000 00:00 0                          [vdso]
ffffffffff600000-ffffffffff601000 r-xp 00000000 00:00 0                  [vsyscall]

VM Arguments:
jvm_args: -Dfile.encoding=UTF-8 
java_command: partNumbering_generator.login_frame
java_class_path (initial): /home/ojt/png_temp/develop/JavaDB/lib/eclipselink/eclipselink.jar:/home/ojt/png_temp/develop/JavaDB/lib/eclipselink/javax.persistence_2.1.0.v201304241213.jar:/home/ojt/png_temp/develop/JavaDB/lib/eclipselink/org.eclipse.persistence.jpa.jpql_2.5.2.v20140319-9ad6abd.jar:/home/ojt/png_temp/develop/JavaDB/lib/beans-binding/beansbinding-1.2.1.jar:/home/ojt/png_temp/develop/JavaDB/lib/absolutelayout/AbsoluteLayout.jar:/home/ojt/png_temp/develop/JavaDB/lib/commons-codec-1.10.jar:/home/ojt/png_temp/develop/JavaDB/lib/commons-collections4-4.1.jar:/home/ojt/png_temp/develop/JavaDB/lib/commons-logging-1.2.jar:/home/ojt/png_temp/develop/JavaDB/lib/derby.jar:/home/ojt/png_temp/develop/JavaDB/lib/derbyclient.jar:/home/ojt/png_temp/develop/JavaDB/lib/derbynet.jar:/home/ojt/png_temp/develop/JavaDB/lib/poi-3.16.jar:/home/ojt/png_temp/develop/JavaDB/lib/poi-ooxml-3.16.jar:/home/ojt/png_temp/develop/JavaDB/lib/poi-ooxml-schemas-3.16.jar:/home/ojt/png_temp/develop/JavaDB/lib/xmlbeans-2.6.0.jar:/home/ojt/png_temp/develop/build/classes
Launcher Type: SUN_STANDARD

Environment Variables:
PATH=/home/ojt/bin:/home/ojt/.local/bin:/usr/local/sbin:/usr/local/bin:/usr/sbin:/usr/bin:/sbin:/bin:/usr/games:/usr/local/games
USERNAME=ojt
LD_LIBRARY_PATH=/home/ojt/jdk1.8.0_141/jre/lib/amd64:/home/ojt/jdk1.8.0_141/jre/lib/i386:
SHELL=/bin/bash
DISPLAY=:0

Signal Handlers:
SIGSEGV: [libjvm.so+0xacba10], sa_mask[0]=11111111011111111101111111111110, sa_flags=SA_RESTART|SA_SIGINFO
SIGBUS: [libjvm.so+0xacba10], sa_mask[0]=11111111011111111101111111111110, sa_flags=SA_RESTART|SA_SIGINFO
SIGFPE: [libjvm.so+0x924ba0], sa_mask[0]=11111111011111111101111111111110, sa_flags=SA_RESTART|SA_SIGINFO
SIGPIPE: [libjvm.so+0x924ba0], sa_mask[0]=11111111011111111101111111111110, sa_flags=SA_RESTART|SA_SIGINFO
SIGXFSZ: [libjvm.so+0x924ba0], sa_mask[0]=11111111011111111101111111111110, sa_flags=SA_RESTART|SA_SIGINFO
SIGILL: [libjvm.so+0x924ba0], sa_mask[0]=11111111011111111101111111111110, sa_flags=SA_RESTART|SA_SIGINFO
SIGUSR1: SIG_DFL, sa_mask[0]=00000000000000000000000000000000, sa_flags=none
SIGUSR2: [libjvm.so+0x9263e0], sa_mask[0]=00100000000000000000000000000000, sa_flags=SA_RESTART|SA_SIGINFO
SIGHUP: [libjvm.so+0x9277e0], sa_mask[0]=11111111011111111101111111111110, sa_flags=SA_RESTART|SA_SIGINFO
SIGINT: SIG_IGN, sa_mask[0]=00000000000000000000000000000000, sa_flags=none
SIGTERM: [libjvm.so+0x9277e0], sa_mask[0]=11111111011111111101111111111110, sa_flags=SA_RESTART|SA_SIGINFO
SIGQUIT: [libjvm.so+0x9277e0], sa_mask[0]=11111111011111111101111111111110, sa_flags=SA_RESTART|SA_SIGINFO


---------------  S Y S T E M  ---------------

OS:DISTRIB_ID=LinuxMint
DISTRIB_RELEASE=18.1
DISTRIB_CODENAME=serena
DISTRIB_DESCRIPTION="Linux Mint 18.1 Serena"

uname:Linux 4.4.0-79-generic #100-Ubuntu SMP Wed May 17 19:58:14 UTC 2017 x86_64
libc:glibc 2.23 NPTL 2.23 
rlimit: STACK 8192k, CORE 0k, NPROC 19630, NOFILE 65536, AS infinity
load average:0.85 0.79 0.65

/proc/meminfo:
MemTotal:        5068224 kB
MemFree:          960768 kB
MemAvailable:    1343096 kB
Buffers:           66740 kB
Cached:           559940 kB
SwapCached:         1012 kB
Active:          2794072 kB
Inactive:        1107960 kB
Active(anon):    2423824 kB
Inactive(anon):   916808 kB
Active(file):     370248 kB
Inactive(file):   191152 kB
Unevictable:          32 kB
Mlocked:              32 kB
SwapTotal:       5232636 kB
SwapFree:        5143088 kB
Dirty:               320 kB
Writeback:             0 kB
AnonPages:       3275380 kB
Mapped:           255792 kB
Shmem:             65280 kB
Slab:              99948 kB
SReclaimable:      60416 kB
SUnreclaim:        39532 kB
KernelStack:       10784 kB
PageTables:        30484 kB
NFS_Unstable:          0 kB
Bounce:                0 kB
WritebackTmp:          0 kB
CommitLimit:     7766748 kB
Committed_AS:    6537820 kB
VmallocTotal:   34359738367 kB
VmallocUsed:           0 kB
VmallocChunk:          0 kB
HardwareCorrupted:     0 kB
AnonHugePages:   1646592 kB
CmaTotal:              0 kB
CmaFree:               0 kB
HugePages_Total:       0
HugePages_Free:        0
HugePages_Rsvd:        0
HugePages_Surp:        0
Hugepagesize:       2048 kB
DirectMap4k:      177664 kB
DirectMap2M:     5056512 kB


CPU:total 8 (initial active 8) (4 cores per cpu, 2 threads per core) family 6 model 26 stepping 4, cmov, cx8, fxsr, mmx, sse, sse2, sse3, ssse3, sse4.1, sse4.2, popcnt, ht, tsc, tscinvbit, tscinv

/proc/cpuinfo:
processor	: 0
vendor_id	: GenuineIntel
cpu family	: 6
model		: 26
model name	: Intel(R) Core(TM) i7 CPU         920  @ 2.67GHz
stepping	: 4
microcode	: 0xa
cpu MHz		: 2668.000
cache size	: 8192 KB
physical id	: 0
siblings	: 8
core id		: 0
cpu cores	: 4
apicid		: 0
initial apicid	: 0
fpu		: yes
fpu_exception	: yes
cpuid level	: 11
wp		: yes
flags		: fpu vme de pse tsc msr pae mce cx8 apic sep mtrr pge mca cmov pat pse36 clflush dts acpi mmx fxsr sse sse2 ss ht tm pbe syscall nx rdtscp lm constant_tsc arch_perfmon pebs bts rep_good nopl xtopology nonstop_tsc aperfmperf pni dtes64 monitor ds_cpl vmx est tm2 ssse3 cx16 xtpr pdcm sse4_1 sse4_2 popcnt lahf_lm tpr_shadow vnmi flexpriority ept vpid dtherm ida
bugs		:
bogomips	: 5345.96
clflush size	: 64
cache_alignment	: 64
address sizes	: 36 bits physical, 48 bits virtual
power management:

processor	: 1
vendor_id	: GenuineIntel
cpu family	: 6
model		: 26
model name	: Intel(R) Core(TM) i7 CPU         920  @ 2.67GHz
stepping	: 4
microcode	: 0xa
cpu MHz		: 2668.000
cache size	: 8192 KB
physical id	: 0
siblings	: 8
core id		: 1
cpu cores	: 4
apicid		: 2
initial apicid	: 2
fpu		: yes
fpu_exception	: yes
cpuid level	: 11
wp		: yes
flags		: fpu vme de pse tsc msr pae mce cx8 apic sep mtrr pge mca cmov pat pse36 clflush dts acpi mmx fxsr sse sse2 ss ht tm pbe syscall nx rdtscp lm constant_tsc arch_perfmon pebs bts rep_good nopl xtopology nonstop_tsc aperfmperf pni dtes64 monitor ds_cpl vmx est tm2 ssse3 cx16 xtpr pdcm sse4_1 sse4_2 popcnt lahf_lm tpr_shadow vnmi flexpriority ept vpid dtherm ida
bugs		:
bogomips	: 5345.96
clflush size	: 64
cache_alignment	: 64
address sizes	: 36 bits physical, 48 bits virtual
power management:

processor	: 2
vendor_id	: GenuineIntel
cpu family	: 6
model		: 26
model name	: Intel(R) Core(TM) i7 CPU         920  @ 2.67GHz
stepping	: 4
microcode	: 0xa
cpu MHz		: 1867.000
cache size	: 8192 KB
physical id	: 0
siblings	: 8
core id		: 2
cpu cores	: 4
apicid		: 4
initial apicid	: 4
fpu		: yes
fpu_exception	: yes
cpuid level	: 11
wp		: yes
flags		: fpu vme de pse tsc msr pae mce cx8 apic sep mtrr pge mca cmov pat pse36 clflush dts acpi mmx fxsr sse sse2 ss ht tm pbe syscall nx rdtscp lm constant_tsc arch_perfmon pebs bts rep_good nopl xtopology nonstop_tsc aperfmperf pni dtes64 monitor ds_cpl vmx est tm2 ssse3 cx16 xtpr pdcm sse4_1 sse4_2 popcnt lahf_lm tpr_shadow vnmi flexpriority ept vpid dtherm ida
bugs		:
bogomips	: 5345.96
clflush size	: 64
cache_alignment	: 64
address sizes	: 36 bits physical, 48 bits virtual
power management:

processor	: 3
vendor_id	: GenuineIntel
cpu family	: 6
model		: 26
model name	: Intel(R) Core(TM) i7 CPU         920  @ 2.67GHz
stepping	: 4
microcode	: 0xa
cpu MHz		: 2668.000
cache size	: 8192 KB
physical id	: 0
siblings	: 8
core id		: 3
cpu cores	: 4
apicid		: 6
initial apicid	: 6
fpu		: yes
fpu_exception	: yes
cpuid level	: 11
wp		: yes
flags		: fpu vme de pse tsc msr pae mce cx8 apic sep mtrr pge mca cmov pat pse36 clflush dts acpi mmx fxsr sse sse2 ss ht tm pbe syscall nx rdtscp lm constant_tsc arch_perfmon pebs bts rep_good nopl xtopology nonstop_tsc aperfmperf pni dtes64 monitor ds_cpl vmx est tm2 ssse3 cx16 xtpr pdcm sse4_1 sse4_2 popcnt lahf_lm tpr_shadow vnmi flexpriority ept vpid dtherm ida
bugs		:
bogomips	: 5345.96
clflush size	: 64
cache_alignment	: 64
address sizes	: 36 bits physical, 48 bits virtual
power management:

processor	: 4
vendor_id	: GenuineIntel
cpu family	: 6
model		: 26
model name	: Intel(R) Core(TM) i7 CPU         920  @ 2.67GHz
stepping	: 4
microcode	: 0xa
cpu MHz		: 2668.000
cache size	: 8192 KB
physical id	: 0
siblings	: 8
core id		: 0
cpu cores	: 4
apicid		: 1
initial apicid	: 1
fpu		: yes
fpu_exception	: yes
cpuid level	: 11
wp		: yes
flags		: fpu vme de pse tsc msr pae mce cx8 apic sep mtrr pge mca cmov pat pse36 clflush dts acpi mmx fxsr sse sse2 ss ht tm pbe syscall nx rdtscp lm constant_tsc arch_perfmon pebs bts rep_good nopl xtopology nonstop_tsc aperfmperf pni dtes64 monitor ds_cpl vmx est tm2 ssse3 cx16 xtpr pdcm sse4_1 sse4_2 popcnt lahf_lm tpr_shadow vnmi flexpriority ept vpid dtherm ida
bugs		:
bogomips	: 5345.96
clflush size	: 64
cache_alignment	: 64
address sizes	: 36 bits physical, 48 bits virtual
power management:

processor	: 5
vendor_id	: GenuineIntel
cpu family	: 6
model		: 26
model name	: Intel(R) Core(TM) i7 CPU         920  @ 2.67GHz
stepping	: 4
microcode	: 0xa
cpu MHz		: 2133.000
cache size	: 8192 KB
physical id	: 0
siblings	: 8
core id		: 1
cpu cores	: 4
apicid		: 3
initial apicid	: 3
fpu		: yes
fpu_exception	: yes
cpuid level	: 11
wp		: yes
flags		: fpu vme de pse tsc msr pae mce cx8 apic sep mtrr pge mca cmov pat pse36 clflush dts acpi mmx fxsr sse sse2 ss ht tm pbe syscall nx rdtscp lm constant_tsc arch_perfmon pebs bts rep_good nopl xtopology nonstop_tsc aperfmperf pni dtes64 monitor ds_cpl vmx est tm2 ssse3 cx16 xtpr pdcm sse4_1 sse4_2 popcnt lahf_lm tpr_shadow vnmi flexpriority ept vpid dtherm ida
bugs		:
bogomips	: 5345.96
clflush size	: 64
cache_alignment	: 64
address sizes	: 36 bits physical, 48 bits virtual
power management:

processor	: 6
vendor_id	: GenuineIntel
cpu family	: 6
model		: 26
model name	: Intel(R) Core(TM) i7 CPU         920  @ 2.67GHz
stepping	: 4
microcode	: 0xa
cpu MHz		: 2668.000
cache size	: 8192 KB
physical id	: 0
siblings	: 8
core id		: 2
cpu cores	: 4
apicid		: 5
initial apicid	: 5
fpu		: yes
fpu_exception	: yes
cpuid level	: 11
wp		: yes
flags		: fpu vme de pse tsc msr pae mce cx8 apic sep mtrr pge mca cmov pat pse36 clflush dts acpi mmx fxsr sse sse2 ss ht tm pbe syscall nx rdtscp lm constant_tsc arch_perfmon pebs bts rep_good nopl xtopology nonstop_tsc aperfmperf pni dtes64 monitor ds_cpl vmx est tm2 ssse3 cx16 xtpr pdcm sse4_1 sse4_2 popcnt lahf_lm tpr_shadow vnmi flexpriority ept vpid dtherm ida
bugs		:
bogomips	: 5345.96
clflush size	: 64
cache_alignment	: 64
address sizes	: 36 bits physical, 48 bits virtual
power management:

processor	: 7
vendor_id	: GenuineIntel
cpu family	: 6
model		: 26
model name	: Intel(R) Core(TM) i7 CPU         920  @ 2.67GHz
stepping	: 4
microcode	: 0xa
cpu MHz		: 2668.000
cache size	: 8192 KB
physical id	: 0
siblings	: 8
core id		: 3
cpu cores	: 4
apicid		: 7
initial apicid	: 7
fpu		: yes
fpu_exception	: yes
cpuid level	: 11
wp		: yes
flags		: fpu vme de pse tsc msr pae mce cx8 apic sep mtrr pge mca cmov pat pse36 clflush dts acpi mmx fxsr sse sse2 ss ht tm pbe syscall nx rdtscp lm constant_tsc arch_perfmon pebs bts rep_good nopl xtopology nonstop_tsc aperfmperf pni dtes64 monitor ds_cpl vmx est tm2 ssse3 cx16 xtpr pdcm sse4_1 sse4_2 popcnt lahf_lm tpr_shadow vnmi flexpriority ept vpid dtherm ida
bugs		:
bogomips	: 5345.96
clflush size	: 64
cache_alignment	: 64
address sizes	: 36 bits physical, 48 bits virtual
power management:



Memory: 4k page, physical 5068224k(960768k free), swap 5232636k(5143088k free)

vm_info: Java HotSpot(TM) 64-Bit Server VM (25.141-b15) for linux-amd64 JRE (1.8.0_141-b15), built on Jul 12 2017 04:21:34 by "java_re" with gcc 4.3.0 20080428 (Red Hat 4.3.0-8)

time: Fri Jul 28 13:45:34 2017
elapsed time: 3 seconds (0d 0h 0m 3s)

