#
# A fatal error has been detected by the Java Runtime Environment:
#
#  SIGSEGV (0xb) at pc=0x00007f5910ed37c3, pid=15460, tid=0x00007f58e1a88700
#
# JRE version: Java(TM) SE Runtime Environment (8.0_141-b15) (build 1.8.0_141-b15)
# Java VM: Java HotSpot(TM) 64-Bit Server VM (25.141-b15 mixed mode linux-amd64 compressed oops)
# Problematic frame:
# V  [libjvm.so+0x81d7c3]  PhaseIdealLoop::build_loop_late(VectorSet&, Node_List&, Node_Stack&)+0x43
#
# Failed to write core dump. Core dumps have been disabled. To enable core dumping, try "ulimit -c unlimited" before starting Java again
#
# If you would like to submit a bug report, please visit:
#   http://bugreport.java.com/bugreport/crash.jsp
#

---------------  T H R E A D  ---------------

Current thread (0x00007f590c0c5000):  JavaThread "C2 CompilerThread2" daemon [_thread_in_native, id=15479, stack(0x00007f58e1988000,0x00007f58e1a89000)]

siginfo: si_signo: 11 (SIGSEGV), si_code: 2 (SEGV_ACCERR), si_addr: 0x00007f58e03d2c88

Registers:
RAX=0x0000000000000219, RBX=0x00007f58e1a83650, RCX=0x000000008effffff, RDX=0x00007f58b44c1560
RSP=0x00007f58e1a83370, RBP=0x00007f58e1a833c0, RSI=0x0000000000100000, RDI=0x00007f58e1a85610
R8 =0x00007f58c0006690, R9 =0x0000000000000001, R10=0x00007f58b405a698, R11=0x0000000000000000
R12=0x00007f58e03d2c60, R13=0x00007f58e1a83690, R14=0x0000000000000001, R15=0x0000000000000302
RIP=0x00007f5910ed37c3, EFLAGS=0x0000000000010202, CSGSFS=0x0000000000000033, ERR=0x0000000000000004
  TRAPNO=0x000000000000000e

Top of Stack: (sp=0x00007f58e1a83370)
0x00007f58e1a83370:   00007f5800000001 00007f58c0006690
0x00007f58e1a83380:   00007f58e1a83670 00007f58e1a85610
0x00007f58e1a83390:   00007f58e1a85fc8 0000000000000001
0x00007f58e1a833a0:   00007f58b4021e50 00007f58e1a85610
0x00007f58e1a833b0:   00007f58e1a83670 00007f590c0c5a80
0x00007f58e1a833c0:   00007f58e1a836e0 00007f5910ed64e5
0x00007f58e1a833d0:   00007f58b459fc10 00007f58e1a83690
0x00007f58e1a833e0:   00007f58e1a83650 0100000000000001
0x00007f58e1a833f0:   00007f58e1a85630 00007f5800000007
0x00007f58e1a83400:   00007f590c0c5a80 0000000000000004
0x00007f58e1a83410:   00007f58c0634850 00007f5900000000
0x00007f58e1a83420:   0000000000000001 00007f58b4042080
0x00007f58e1a83430:   000000007fffffff 0000000000000000
0x00007f58e1a83440:   00007f58e1a83540 00007f5911143bbe
0x00007f58e1a83450:   0000000000000079 0000000000010010
0x00007f58e1a83460:   00007f58e1a834d0 00007f591113968d
0x00007f58e1a83470:   00007f58e1a834d0 00007f5910c17788
0x00007f58e1a83480:   ffff80a71e57cb31 00007f58e1a834cf
0x00007f58e1a83490:   0000000000000400 0000043000001002
0x00007f58e1a834a0:   0000000000000080 0000000000000010
0x00007f58e1a834b0:   0000007e000000db 0000000000000002
0x00007f58e1a834c0:   0000000000000000 0000007c00000079
0x00007f58e1a834d0:   0000000000000002 00007f58b4406410
0x00007f58e1a834e0:   00007f58e1a834f0 00007f591113968d
0x00007f58e1a834f0:   00000000e1a83550 00007f58b4000020
0x00007f58e1a83500:   0000000000010010 0000000000010010
0x00007f58e1a83510:   0000000000000000 0000000000000000
0x00007f58e1a83520:   00007f58e1a83590 00007f59117305d4
0x00007f58e1a83530:   0000000000000001 00007f5911643dc4
0x00007f58e1a83540:   00007f58e1a83580 00007f5910fd6d35
0x00007f58e1a83550:   0000000cc000a870 00007f58e1a83590
0x00007f58e1a83560:   0000000000010010 00007f58e1a83590 

Instructions: (pc=0x00007f5910ed37c3)
0x00007f5910ed37a3:   c8 48 89 4d c0 48 89 45 d0 8b 43 18 85 c0 74 47
0x00007f5910ed37b3:   48 8b 53 10 83 e8 01 89 43 18 89 c0 4c 8b 24 c2
0x00007f5910ed37c3:   41 8b 4c 24 28 89 c8 c1 e8 05 41 3b 45 10 73 3d
0x00007f5910ed37d3:   89 c0 83 e1 1f be 01 00 00 00 48 c1 e0 02 49 03 

Register to memory mapping:

RAX=0x0000000000000219 is an unknown value
RBX=0x00007f58e1a83650 is pointing into the stack for thread: 0x00007f590c0c5000
RCX=0x000000008effffff is an unknown value
RDX=0x00007f58b44c1560 is an unknown value
RSP=0x00007f58e1a83370 is pointing into the stack for thread: 0x00007f590c0c5000
RBP=0x00007f58e1a833c0 is pointing into the stack for thread: 0x00007f590c0c5000
RSI=0x0000000000100000 is an unknown value
RDI=0x00007f58e1a85610 is pointing into the stack for thread: 0x00007f590c0c5000
R8 =0x00007f58c0006690 is an unknown value
R9 =0x0000000000000001 is an unknown value
R10=0x00007f58b405a698 is an unknown value
R11=0x0000000000000000 is an unknown value
R12=0x00007f58e03d2c60: <offset 0x2fc60> in /usr/lib/x86_64-linux-gnu/libXi.so.6 at 0x00007f58e03a3000
R13=0x00007f58e1a83690 is pointing into the stack for thread: 0x00007f590c0c5000
R14=0x0000000000000001 is an unknown value
R15=0x0000000000000302 is an unknown value


Stack: [0x00007f58e1988000,0x00007f58e1a89000],  sp=0x00007f58e1a83370,  free space=1004k
Native frames: (J=compiled Java code, j=interpreted, Vv=VM code, C=native code)
V  [libjvm.so+0x81d7c3]  PhaseIdealLoop::build_loop_late(VectorSet&, Node_List&, Node_Stack&)+0x43
V  [libjvm.so+0x8204e5]  PhaseIdealLoop::build_and_optimize(bool, bool)+0x835
V  [libjvm.so+0x4a5a30]  Compile::Optimize()+0xbe0
V  [libjvm.so+0x4a84b9]  Compile::Compile(ciEnv*, C2Compiler*, ciMethod*, int, bool, bool, bool)+0x13c9
V  [libjvm.so+0x3f4e45]  C2Compiler::compile_method(ciEnv*, ciMethod*, int)+0x1f5
V  [libjvm.so+0x4b2afa]  CompileBroker::invoke_compiler_on_method(CompileTask*)+0xc9a
V  [libjvm.so+0x4b3aa6]  CompileBroker::compiler_thread_loop()+0x5d6
V  [libjvm.so+0xa79753]  JavaThread::thread_main_inner()+0x103
V  [libjvm.so+0xa7989c]  JavaThread::run()+0x11c
V  [libjvm.so+0x92a338]  java_start(Thread*)+0x108
C  [libpthread.so.0+0x76ba]  start_thread+0xca


Current CompileTask:
C2:   4066  858       4       sun.font.TrueTypeFont::initAllNames (177 bytes)


---------------  P R O C E S S  ---------------

Java Threads: ( => current thread )
  0x00007f590c00a000 JavaThread "DestroyJavaVM" [_thread_blocked, id=15464, stack(0x00007f59121a7000,0x00007f59122a8000)]
  0x00007f590c405800 JavaThread "AWT-EventQueue-0" [_thread_in_Java, id=15487, stack(0x00007f58aa3ef000,0x00007f58aa4f0000)]
  0x00007f590c404000 JavaThread "AWT-Shutdown" [_thread_blocked, id=15486, stack(0x00007f58aa4f0000,0x00007f58aa5f1000)]
  0x00007f590c3ff000 JavaThread "Image Fetcher 0" daemon [_thread_blocked, id=15485, stack(0x00007f58aa82c000,0x00007f58aa92d000)]
  0x00007f590c364000 JavaThread "AWT-XAWT" daemon [_thread_in_native, id=15484, stack(0x00007f58ab256000,0x00007f58ab357000)]
  0x00007f590c341000 JavaThread "Java2D Disposer" daemon [_thread_blocked, id=15483, stack(0x00007f58e0080000,0x00007f58e0181000)]
  0x00007f590c0d2800 JavaThread "Service Thread" daemon [_thread_blocked, id=15481, stack(0x00007f58e1786000,0x00007f58e1887000)]
  0x00007f590c0c7800 JavaThread "C1 CompilerThread3" daemon [_thread_blocked, id=15480, stack(0x00007f58e1887000,0x00007f58e1988000)]
=>0x00007f590c0c5000 JavaThread "C2 CompilerThread2" daemon [_thread_in_native, id=15479, stack(0x00007f58e1988000,0x00007f58e1a89000)]
  0x00007f590c0c3800 JavaThread "C2 CompilerThread1" daemon [_thread_blocked, id=15478, stack(0x00007f58e1a89000,0x00007f58e1b8a000)]
  0x00007f590c0c0800 JavaThread "C2 CompilerThread0" daemon [_thread_in_native, id=15477, stack(0x00007f58e1b8a000,0x00007f58e1c8b000)]
  0x00007f590c0bf000 JavaThread "Signal Dispatcher" daemon [_thread_blocked, id=15476, stack(0x00007f58e1c8b000,0x00007f58e1d8c000)]
  0x00007f590c08c000 JavaThread "Finalizer" daemon [_thread_blocked, id=15475, stack(0x00007f58e2064000,0x00007f58e2165000)]
  0x00007f590c087800 JavaThread "Reference Handler" daemon [_thread_blocked, id=15474, stack(0x00007f58e2165000,0x00007f58e2266000)]

Other Threads:
  0x00007f590c080000 VMThread [stack: 0x00007f58e2266000,0x00007f58e2367000] [id=15473]
  0x00007f590c0d5800 WatcherThread [stack: 0x00007f58e1685000,0x00007f58e1786000] [id=15482]

VM state:not at safepoint (normal execution)

VM Mutex/Monitor currently owned by a thread: None

Heap:
 PSYoungGen      total 23552K, used 7977K [0x00000000e6380000, 0x00000000e7d80000, 0x0000000100000000)
  eden space 20480K, 24% used [0x00000000e6380000,0x00000000e684d9c8,0x00000000e7780000)
  from space 3072K, 99% used [0x00000000e7780000,0x00000000e7a7cb38,0x00000000e7a80000)
  to   space 3072K, 0% used [0x00000000e7a80000,0x00000000e7a80000,0x00000000e7d80000)
 ParOldGen       total 53248K, used 4091K [0x00000000b2a00000, 0x00000000b5e00000, 0x00000000e6380000)
  object space 53248K, 7% used [0x00000000b2a00000,0x00000000b2dfee50,0x00000000b5e00000)
 Metaspace       used 15124K, capacity 15366K, committed 15488K, reserved 1062912K
  class space    used 1815K, capacity 1893K, committed 1920K, reserved 1048576K

Card table byte_map: [0x00007f58fbb3e000,0x00007f58fbdaa000] byte_map_base: 0x00007f58fb5a9000

Marking Bits: (ParMarkBitMap*) 0x00007f591167fdc0
 Begin Bits: [0x00007f58f8c86000, 0x00007f58f9fde000)
 End Bits:   [0x00007f58f9fde000, 0x00007f58fb336000)

Polling page: 0x00007f59122cf000

CodeCache: size=245760Kb used=3477Kb max_used=3482Kb free=242282Kb
 bounds [0x00007f58fc16a000, 0x00007f58fc4da000, 0x00007f590b16a000]
 total_blobs=1551 nmethods=975 adapters=491
 compilation: enabled

Compilation events (10 events):
Event: 4.040 Thread 0x00007f590c0c7800 nmethod 965 0x00007f58fc4c0e10 code [0x00007f58fc4c0fe0, 0x00007f58fc4c16e8]
Event: 4.040 Thread 0x00007f590c0c7800  968  s    3       java.lang.StringBuffer::append (13 bytes)
Event: 4.040 Thread 0x00007f590c0c7800 nmethod 968 0x00007f58fc4bfc50 code [0x00007f58fc4bfdc0, 0x00007f58fc4c00e8]
Event: 4.040 Thread 0x00007f590c0c7800  969       3       java.lang.StringBuffer::append (6 bytes)
Event: 4.040 Thread 0x00007f590c0c7800 nmethod 969 0x00007f58fc4c0790 code [0x00007f58fc4c0900, 0x00007f58fc4c0d08]
Event: 4.040 Thread 0x00007f590c0c7800  966       3       java.util.regex.Pattern$LastNode::match (45 bytes)
Event: 4.040 Thread 0x00007f590c0c7800 nmethod 966 0x00007f58fc4cde90 code [0x00007f58fc4ce000, 0x00007f58fc4ce230]
Event: 4.040 Thread 0x00007f590c0c7800  972       3       java.util.regex.Matcher::getTextLength (10 bytes)
Event: 4.040 Thread 0x00007f590c0c7800 nmethod 972 0x00007f58fc4cda50 code [0x00007f58fc4cdbc0, 0x00007f58fc4cdde8]
Event: 4.056 Thread 0x00007f590c0c3800 nmethod 971 0x00007f58fc4d1910 code [0x00007f58fc4d1ac0, 0x00007f58fc4d2458]

GC Heap History (2 events):
Event: 3.871 GC heap before
{Heap before GC invocations=1 (full 0):
 PSYoungGen      total 23552K, used 20424K [0x00000000e6380000, 0x00000000e7d80000, 0x0000000100000000)
  eden space 20480K, 99% used [0x00000000e6380000,0x00000000e77723b0,0x00000000e7780000)
  from space 3072K, 0% used [0x00000000e7a80000,0x00000000e7a80000,0x00000000e7d80000)
  to   space 3072K, 0% used [0x00000000e7780000,0x00000000e7780000,0x00000000e7a80000)
 ParOldGen       total 53248K, used 0K [0x00000000b2a00000, 0x00000000b5e00000, 0x00000000e6380000)
  object space 53248K, 0% used [0x00000000b2a00000,0x00000000b2a00000,0x00000000b5e00000)
 Metaspace       used 13124K, capacity 13318K, committed 13568K, reserved 1060864K
  class space    used 1607K, capacity 1701K, committed 1792K, reserved 1048576K
Event: 3.879 GC heap after
Heap after GC invocations=1 (full 0):
 PSYoungGen      total 23552K, used 3058K [0x00000000e6380000, 0x00000000e7d80000, 0x0000000100000000)
  eden space 20480K, 0% used [0x00000000e6380000,0x00000000e6380000,0x00000000e7780000)
  from space 3072K, 99% used [0x00000000e7780000,0x00000000e7a7cb38,0x00000000e7a80000)
  to   space 3072K, 0% used [0x00000000e7a80000,0x00000000e7a80000,0x00000000e7d80000)
 ParOldGen       total 53248K, used 4091K [0x00000000b2a00000, 0x00000000b5e00000, 0x00000000e6380000)
  object space 53248K, 7% used [0x00000000b2a00000,0x00000000b2dfee50,0x00000000b5e00000)
 Metaspace       used 13124K, capacity 13318K, committed 13568K, reserved 1060864K
  class space    used 1607K, capacity 1701K, committed 1792K, reserved 1048576K
}

Deoptimization events (9 events):
Event: 0.139 Thread 0x00007f590c00a000 Uncommon trap: reason=unstable_if action=reinterpret pc=0x00007f58fc295e5c method=java.lang.String.hashCode()I @ 14
Event: 1.293 Thread 0x00007f590c00a000 Uncommon trap: reason=unstable_if action=reinterpret pc=0x00007f58fc32b470 method=java.lang.AbstractStringBuilder.append(Ljava/lang/String;)Ljava/lang/AbstractStringBuilder; @ 1
Event: 1.293 Thread 0x00007f590c00a000 Uncommon trap: reason=unstable_if action=reinterpret pc=0x00007f58fc32e4bc method=java.lang.AbstractStringBuilder.append(Ljava/lang/String;)Ljava/lang/AbstractStringBuilder; @ 1
Event: 1.496 Thread 0x00007f590c00a000 Uncommon trap: reason=class_check action=maybe_recompile pc=0x00007f58fc35e77c method=java.util.HashMap.putVal(ILjava/lang/Object;Ljava/lang/Object;ZZ)Ljava/lang/Object; @ 253
Event: 1.497 Thread 0x00007f590c00a000 Uncommon trap: reason=class_check action=maybe_recompile pc=0x00007f58fc35e77c method=java.util.HashMap.putVal(ILjava/lang/Object;Ljava/lang/Object;ZZ)Ljava/lang/Object; @ 253
Event: 1.497 Thread 0x00007f590c00a000 Uncommon trap: reason=class_check action=maybe_recompile pc=0x00007f58fc35e77c method=java.util.HashMap.putVal(ILjava/lang/Object;Ljava/lang/Object;ZZ)Ljava/lang/Object; @ 253
Event: 1.497 Thread 0x00007f590c00a000 Uncommon trap: reason=class_check action=maybe_recompile pc=0x00007f58fc35e77c method=java.util.HashMap.putVal(ILjava/lang/Object;Ljava/lang/Object;ZZ)Ljava/lang/Object; @ 253
Event: 1.497 Thread 0x00007f590c00a000 Uncommon trap: reason=class_check action=maybe_recompile pc=0x00007f58fc360f04 method=java.util.HashMap.putVal(ILjava/lang/Object;Ljava/lang/Object;ZZ)Ljava/lang/Object; @ 253
Event: 3.848 Thread 0x00007f590c405800 Uncommon trap: reason=unstable_if action=reinterpret pc=0x00007f58fc458f14 method=java.lang.CharacterData.of(I)Ljava/lang/CharacterData; @ 4

Internal exceptions (10 events):
Event: 1.211 Thread 0x00007f590c00a000 Exception <a 'java/lang/ClassNotFoundException': javax/swing/JToolBarSeparator> (0x00000000e68fbb28) thrown at [/HUDSON3/workspace/8-2-build-linux-amd64/jdk8u141/9370/hotspot/src/share/vm/classfile/systemDictionary.cpp, line 210]
Event: 1.211 Thread 0x00007f590c00a000 Exception <a 'java/lang/ClassNotFoundException': ToolBarSeparator> (0x00000000e68fbfc0) thrown at [/HUDSON3/workspace/8-2-build-linux-amd64/jdk8u141/9370/hotspot/src/share/vm/classfile/systemDictionary.cpp, line 210]
Event: 1.211 Thread 0x00007f590c00a000 Exception <a 'java/lang/ClassNotFoundException': ToolTip> (0x00000000e68fc700) thrown at [/HUDSON3/workspace/8-2-build-linux-amd64/jdk8u141/9370/hotspot/src/share/vm/classfile/systemDictionary.cpp, line 210]
Event: 1.212 Thread 0x00007f590c00a000 Exception <a 'java/lang/ClassNotFoundException': Tree> (0x00000000e68fd320) thrown at [/HUDSON3/workspace/8-2-build-linux-amd64/jdk8u141/9370/hotspot/src/share/vm/classfile/systemDictionary.cpp, line 210]
Event: 1.212 Thread 0x00007f590c00a000 Exception <a 'java/lang/ClassNotFoundException': Tree> (0x00000000e68fda60) thrown at [/HUDSON3/workspace/8-2-build-linux-amd64/jdk8u141/9370/hotspot/src/share/vm/classfile/systemDictionary.cpp, line 210]
Event: 1.212 Thread 0x00007f590c00a000 Exception <a 'java/lang/ClassNotFoundException': javax/swing/JTreeCell> (0x00000000e68fdde0) thrown at [/HUDSON3/workspace/8-2-build-linux-amd64/jdk8u141/9370/hotspot/src/share/vm/classfile/systemDictionary.cpp, line 210]
Event: 1.212 Thread 0x00007f590c00a000 Exception <a 'java/lang/ClassNotFoundException': TreeCell> (0x00000000e68fe268) thrown at [/HUDSON3/workspace/8-2-build-linux-amd64/jdk8u141/9370/hotspot/src/share/vm/classfile/systemDictionary.cpp, line 210]
Event: 1.213 Thread 0x00007f590c00a000 Exception <a 'java/lang/ClassNotFoundException': RootPane> (0x00000000e68fecc8) thrown at [/HUDSON3/workspace/8-2-build-linux-amd64/jdk8u141/9370/hotspot/src/share/vm/classfile/systemDictionary.cpp, line 210]
Event: 1.293 Thread 0x00007f590c00a000 Implicit null exception at 0x00007f58fc32b0b5 to 0x00007f58fc32b45d
Event: 1.293 Thread 0x00007f590c00a000 Implicit null exception at 0x00007f58fc32e0f6 to 0x00007f58fc32e4a5

Events (10 events):
Event: 4.062 loading class java/sql/Wrapper done
Event: 4.062 loading class javax/sql/DataSource done
Event: 4.063 loading class org/xml/sax/InputSource
Event: 4.063 loading class org/xml/sax/InputSource done
Event: 4.063 loading class com/sun/org/apache/xerces/internal/xni/parser/XMLInputSource
Event: 4.063 loading class com/sun/org/apache/xerces/internal/xni/parser/XMLInputSource done
Event: 4.063 loading class com/sun/org/apache/xerces/internal/utils/XMLLimitAnalyzer
Event: 4.063 loading class com/sun/org/apache/xerces/internal/utils/XMLLimitAnalyzer done
Event: 4.063 loading class com/sun/org/apache/xerces/internal/impl/XMLEntityManager$RewindableInputStream
Event: 4.063 loading class com/sun/org/apache/xerces/internal/impl/XMLEntityManager$RewindableInputStream done


Dynamic libraries:
00400000-00401000 r-xp 00000000 08:01 27923979                           /home/ojt/jdk1.8.0_141/jre/bin/java
00600000-00601000 rw-p 00000000 08:01 27923979                           /home/ojt/jdk1.8.0_141/jre/bin/java
012f6000-01317000 rw-p 00000000 00:00 0                                  [heap]
b2a00000-b5e00000 rw-p 00000000 00:00 0 
b5e00000-e6380000 ---p 00000000 00:00 0 
e6380000-e7d80000 rw-p 00000000 00:00 0 
e7d80000-100000000 ---p 00000000 00:00 0 
100000000-1001e0000 rw-p 00000000 00:00 0 
1001e0000-140000000 ---p 00000000 00:00 0 
7f5894000000-7f5894021000 rw-p 00000000 00:00 0 
7f5894021000-7f5898000000 ---p 00000000 00:00 0 
7f5898000000-7f589817e000 rw-p 00000000 00:00 0 
7f589817e000-7f589c000000 ---p 00000000 00:00 0 
7f589c000000-7f589c291000 rw-p 00000000 00:00 0 
7f589c291000-7f58a0000000 ---p 00000000 00:00 0 
7f58a0000000-7f58a003a000 rw-p 00000000 00:00 0 
7f58a003a000-7f58a4000000 ---p 00000000 00:00 0 
7f58a4000000-7f58a4021000 rw-p 00000000 00:00 0 
7f58a4021000-7f58a8000000 ---p 00000000 00:00 0 
7f58a954a000-7f58a9555000 r--s 00000000 08:01 42729579                   /var/cache/fontconfig/945677eb7aeaf62f1d50efc3fb3ec7d8-le64.cache-6
7f58a9555000-7f58a9557000 r--s 00000000 08:01 42729581                   /var/cache/fontconfig/99e8ed0e538f840c565b6ed5dad60d56-le64.cache-6
7f58a9557000-7f58a955d000 r--s 00000000 08:01 42729550                   /var/cache/fontconfig/2cd17615ca594fa2959ae173292e504c-le64.cache-6
7f58a955d000-7f58a955e000 r--s 00000000 08:01 42729543                   /var/cache/fontconfig/0d8c3b2ac0904cb8a57a757ad11a4a08-le64.cache-6
7f58a955e000-7f58a9573000 r--s 00000000 08:01 42729540                   /var/cache/fontconfig/04aabc0a78ac019cf9454389977116d2-le64.cache-6
7f58a9573000-7f58a9574000 r--s 00000000 08:01 42729547                   /var/cache/fontconfig/1ac9eb803944fde146138c791f5cc56a-le64.cache-6
7f58a9574000-7f58a9578000 r--s 00000000 08:01 42729555                   /var/cache/fontconfig/385c0604a188198f04d133e54aba7fe7-le64.cache-6
7f58a9578000-7f58a9579000 r--s 00000000 08:01 42729600                   /var/cache/fontconfig/dc05db6664285cc2f12bf69c139ae4c3-le64.cache-6
7f58a9579000-7f58a957b000 r--s 00000000 08:01 42729544                   /var/cache/fontconfig/14a5e22175779b556eaa434240950366-le64.cache-6
7f58a957b000-7f58a957c000 r--s 00000000 08:01 42729571                   /var/cache/fontconfig/660208299946a285a940457d1287da33-le64.cache-6
7f58a957c000-7f58a957e000 r--s 00000000 08:01 42729562                   /var/cache/fontconfig/4f3e3037c9980c83b53a9351efadef62-le64.cache-6
7f58a957e000-7f58a9581000 r--s 00000000 08:01 42729575                   /var/cache/fontconfig/767a8244fc0220cfb567a839d0392e0b-le64.cache-6
7f58a9581000-7f58a9582000 r--s 00000000 08:01 42734349                   /var/cache/fontconfig/4794a0821666d79190d59a36cb4f44b5-le64.cache-6
7f58a9582000-7f58a95c2000 r--s 00000000 08:01 42729541                   /var/cache/fontconfig/0bd3dc0958fa2205aaaa8ebb13e2872b-le64.cache-6
7f58a95c2000-7f58a95c7000 r--s 00000000 08:01 42729578                   /var/cache/fontconfig/8801497958630a81b71ace7c5f9b32a8-le64.cache-6
7f58a95c7000-7f58a95ca000 r--s 00000000 08:01 42729584                   /var/cache/fontconfig/a015930274ffcd967d2ca1b57da47cc7-le64.cache-6
7f58a95ca000-7f58a95cb000 r--s 00000000 08:01 42729588                   /var/cache/fontconfig/b872e6e592da6075ffa4ab0a1fcc0c75-le64.cache-6
7f58a95cb000-7f58a95cc000 r--s 00000000 08:01 42729605                   /var/cache/fontconfig/f6d4eedfaab2589bde49f7a3ff831d22-le64.cache-6
7f58a95cc000-7f58a95cd000 r--s 00000000 08:01 42729569                   /var/cache/fontconfig/589f83ef4c36d296ce6e1c846f468f08-le64.cache-6
7f58a95cd000-7f58a95ce000 r--s 00000000 08:01 42729590                   /var/cache/fontconfig/bab58bb527bb656aaa9f116d68a48d89-le64.cache-6
7f58a95ce000-7f58a95cf000 r--s 00000000 08:01 42729548                   /var/cache/fontconfig/2171a34dccabdb6bcbbc728186263178-le64.cache-6
7f58a95cf000-7f58a95d0000 r--s 00000000 08:01 42729591                   /var/cache/fontconfig/c5c45a61289222e0d30b1a26ef4effbe-le64.cache-6
7f58a95d0000-7f58a95d1000 r--s 00000000 08:01 42729586                   /var/cache/fontconfig/aec30016f93e1b46d1a973dce0d74068-le64.cache-6
7f58a95d1000-7f58a95d2000 r--s 00000000 08:01 42729556                   /var/cache/fontconfig/3f589640d34b7dc9042c8d453f7c8b9c-le64.cache-6
7f58a95d2000-7f58a95d3000 r--s 00000000 08:01 42729545                   /var/cache/fontconfig/16c2fda60d1b4b719f4b3d06fd951d25-le64.cache-6
7f58a95d3000-7f58a95d4000 r--s 00000000 08:01 42729585                   /var/cache/fontconfig/a48eab177a16e4f3713381162db2f3e9-le64.cache-6
7f58a95d4000-7f58a95d5000 r--s 00000000 08:01 42729565                   /var/cache/fontconfig/564b2e68ac9bc4e36a6f7f6d6125ec1c-le64.cache-6
7f58a95d5000-7f58a95dc000 r--s 00000000 08:01 42729551                   /var/cache/fontconfig/3047814df9a2f067bd2d96a2b9c36e5a-le64.cache-6
7f58a95dc000-7f58a95dd000 r--s 00000000 08:01 42729566                   /var/cache/fontconfig/56cf4f4769d0f4abc89a4895d7bd3ae1-le64.cache-6
7f58a95dd000-7f58a95de000 r--s 00000000 08:01 42729589                   /var/cache/fontconfig/b9d506c9ac06c20b433354fa67a72993-le64.cache-6
7f58a95de000-7f58a95e4000 r--s 00000000 08:01 42729587                   /var/cache/fontconfig/b47c4e1ecd0709278f4910c18777a504-le64.cache-6
7f58a95e4000-7f58a95f7000 r--s 00000000 08:01 42729597                   /var/cache/fontconfig/d52a8644073d54c13679302ca1180695-le64.cache-6
7f58a95f7000-7f58a95f8000 r--s 00000000 08:01 42729553                   /var/cache/fontconfig/370e5b74bf5dafc30834de68e24a87a4-le64.cache-6
7f58a95f8000-7f58a95f9000 r--s 00000000 08:01 42729573                   /var/cache/fontconfig/6b2c5944714ca7831b25bed9e85cb5c8-le64.cache-6
7f58a95f9000-7f58a95fa000 r--s 00000000 08:01 42729596                   /var/cache/fontconfig/d5178ab6d91b49bf20a416737dcea9e8-le64.cache-6
7f58a95fa000-7f58a95fd000 r--s 00000000 08:01 42729604                   /var/cache/fontconfig/f259c2cffa685e28062317905db73c4a-le64.cache-6
7f58a95fd000-7f58a95ff000 r--s 00000000 08:01 42729563                   /var/cache/fontconfig/550f3886151c940c12a5ed35f6a00586-le64.cache-6
7f58a95ff000-7f58a9602000 r--s 00000000 08:01 42729572                   /var/cache/fontconfig/674d1711f2d1d2a09646eb0bdcadee49-le64.cache-6
7f58a9602000-7f58a960d000 r--s 00000000 08:01 42729598                   /var/cache/fontconfig/d589a48862398ed80a3d6066f4f56f4c-le64.cache-6
7f58a99d0000-7f58a9b10000 rw-p 00000000 00:00 0 
7f58a9b10000-7f58a9bd0000 ---p 00000000 00:00 0 
7f58a9bd0000-7f58a9c39000 r-xp 00000000 08:01 27660752                   /home/ojt/jdk1.8.0_141/jre/lib/amd64/libt2k.so
7f58a9c39000-7f58a9e39000 ---p 00069000 08:01 27660752                   /home/ojt/jdk1.8.0_141/jre/lib/amd64/libt2k.so
7f58a9e39000-7f58a9e40000 rw-p 00069000 08:01 27660752                   /home/ojt/jdk1.8.0_141/jre/lib/amd64/libt2k.so
7f58a9e40000-7f58a9e50000 rw-p 00000000 00:00 0 
7f58a9e50000-7f58a9e62000 r--s 00000000 08:01 28446010                   /usr/share/fonts/type1/gsfonts/n019044l.pfb
7f58a9e62000-7f58a9e79000 r--s 00000000 08:01 28446025                   /usr/share/fonts/type1/gsfonts/n021023l.pfb
7f58a9e79000-7f58a9e8a000 r--s 00000000 08:01 28446013                   /usr/share/fonts/type1/gsfonts/n019063l.pfb
7f58a9e8a000-7f58a9ea5000 r--s 00000000 08:01 28446046                   /usr/share/fonts/type1/gsfonts/p052004l.pfb
7f58a9ea5000-7f58a9eb1000 r--s 00000000 08:01 28445992                   /usr/share/fonts/type1/gsfonts/d050000l.pfb
7f58a9eb1000-7f58a9ecc000 r--s 00000000 08:01 28446043                   /usr/share/fonts/type1/gsfonts/p052003l.pfb
7f58a9ecc000-7f58a9ee7000 r--s 00000000 08:01 28445983                   /usr/share/fonts/type1/gsfonts/c059016l.pfb
7f58a9ee7000-7f58a9ef9000 r--s 00000000 08:01 28445977                   /usr/share/fonts/type1/gsfonts/b018035l.pfb
7f58a9ef9000-7f58a9f0b000 r--s 00000000 08:01 28446007                   /usr/share/fonts/type1/gsfonts/n019043l.pfb
7f58a9f0b000-7f58a9f20000 r--s 00000000 08:01 28445974                   /usr/share/fonts/type1/gsfonts/b018032l.pfb
7f58a9f20000-7f58a9f37000 r--s 00000000 08:01 28446058                   /usr/share/fonts/type1/gsfonts/z003034l.pfb
7f58a9f37000-7f58a9f4f000 r--s 00000000 08:01 28445989                   /usr/share/fonts/type1/gsfonts/c059036l.pfb
7f58a9f4f000-7f58a9f65000 r--s 00000000 08:01 28446040                   /usr/share/fonts/type1/gsfonts/n022024l.pfb
7f58a9f65000-7f58a9f7d000 r--s 00000000 08:01 28445986                   /usr/share/fonts/type1/gsfonts/c059033l.pfb
7f58a9f7d000-7f58a9f8d000 r--s 00000000 08:01 28445956                   /usr/share/fonts/type1/gsfonts/a010013l.pfb
7f58a9f8d000-7f58a9fa6000 r--s 00000000 08:01 28445968                   /usr/share/fonts/type1/gsfonts/b018012l.pfb
7f58a9fa6000-7f58a9fbc000 r--s 00000000 08:01 28446028                   /usr/share/fonts/type1/gsfonts/n021024l.pfb
7f58a9fbc000-7f58a9fcf000 r--s 00000000 08:01 28445971                   /usr/share/fonts/type1/gsfonts/b018015l.pfb
7f58a9fcf000-7f58a9feb000 r--s 00000000 08:01 28446052                   /usr/share/fonts/type1/gsfonts/p052024l.pfb
7f58a9feb000-7f58aa004000 r--s 00000000 08:01 28446034                   /usr/share/fonts/type1/gsfonts/n022004l.pfb
7f58aa004000-7f58aa014000 r--s 00000000 08:01 28445959                   /usr/share/fonts/type1/gsfonts/a010015l.pfb
7f58aa014000-7f58aa02e000 r--s 00000000 08:01 28445980                   /usr/share/fonts/type1/gsfonts/c059013l.pfb
7f58aa02e000-7f58aa040000 r--s 00000000 08:01 28445998                   /usr/share/fonts/type1/gsfonts/n019004l.pfb
7f58aa040000-7f58aa054000 r--s 00000000 08:01 28445995                   /usr/share/fonts/type1/gsfonts/n019003l.pfb
7f58aa054000-7f58aa067000 r--s 00000000 08:01 28446016                   /usr/share/fonts/type1/gsfonts/n019064l.pfb
7f58aa067000-7f58aa078000 r--s 00000000 08:01 28445965                   /usr/share/fonts/type1/gsfonts/a010035l.pfb
7f58aa078000-7f58aa08e000 r--s 00000000 08:01 28446037                   /usr/share/fonts/type1/gsfonts/n022023l.pfb
7f58aa08e000-7f58aa0a7000 r--s 00000000 08:01 28446022                   /usr/share/fonts/type1/gsfonts/n021004l.pfb
7f58aa0a7000-7f58aa0b0000 r--s 00000000 08:01 28446055                   /usr/share/fonts/type1/gsfonts/s050000l.pfb
7f58aa0b0000-7f58aa0c0000 r--s 00000000 08:01 28445962                   /usr/share/fonts/type1/gsfonts/a010033l.pfb
7f58aa0c0000-7f58aa0d1000 r--s 00000000 08:01 28446001                   /usr/share/fonts/type1/gsfonts/n019023l.pfb
7f58aa0d1000-7f58aa0ec000 r--s 00000000 08:01 28446049                   /usr/share/fonts/type1/gsfonts/p052023l.pfb
7f58aa0ec000-7f58aa105000 r--s 00000000 08:01 28446019                   /usr/share/fonts/type1/gsfonts/n021003l.pfb
7f58aa105000-7f58aa116000 r--s 00000000 08:01 28446004                   /usr/share/fonts/type1/gsfonts/n019024l.pfb
7f58aa116000-7f58aa120000 r--s 00000000 08:01 28445015                   /usr/share/fonts/X11/Type1/c0583bt_.pfb
7f58aa120000-7f58aa129000 r--s 00000000 08:01 28445021                   /usr/share/fonts/X11/Type1/c0633bt_.pfb
7f58aa129000-7f58aa133000 r--s 00000000 08:01 28445017                   /usr/share/fonts/X11/Type1/c0611bt_.pfb
7f58aa133000-7f58aa13c000 r--s 00000000 08:01 28445023                   /usr/share/fonts/X11/Type1/c0648bt_.pfb
7f58aa13c000-7f58aa146000 r--s 00000000 08:01 28445011                   /usr/share/fonts/X11/Type1/c0419bt_.pfb
7f58aa146000-7f58aa150000 r--s 00000000 08:01 28445013                   /usr/share/fonts/X11/Type1/c0582bt_.pfb
7f58aa150000-7f58aa159000 r--s 00000000 08:01 28445019                   /usr/share/fonts/X11/Type1/c0632bt_.pfb
7f58aa159000-7f58aa162000 r--s 00000000 08:01 28445025                   /usr/share/fonts/X11/Type1/c0649bt_.pfb
7f58aa162000-7f58aa163000 r--s 00000000 08:01 42729564                   /var/cache/fontconfig/551ecf3b0e8b0bca0f25c0944f561853-le64.cache-6
7f58aa163000-7f58aa164000 r--s 00000000 08:01 42729552                   /var/cache/fontconfig/30829fa25452a46451e813d634d7f916-le64.cache-6
7f58aa164000-7f58aa165000 r--s 00000000 08:01 42729542                   /var/cache/fontconfig/0c9eb80ebd1c36541ebe2852d3bb0c49-le64.cache-6
7f58aa165000-7f58aa166000 r--s 00000000 08:01 42729549                   /var/cache/fontconfig/22368d551a680bfe5a62c02760edf4ea-le64.cache-6
7f58aa166000-7f58aa167000 r--s 00000000 08:01 42729561                   /var/cache/fontconfig/4d9c95eba1cb85bbcf2878543262124a-le64.cache-6
7f58aa167000-7f58aa168000 r--s 00000000 08:01 42729577                   /var/cache/fontconfig/85e0a52ce643a7ba2ae53e5d6949cead-le64.cache-6
7f58aa168000-7f58aa17a000 r--s 00000000 08:01 42729582                   /var/cache/fontconfig/9b89f8e3dae116d678bbf48e5f21f69b-le64.cache-6
7f58aa17a000-7f58aa183000 r--s 00000000 08:01 42729594                   /var/cache/fontconfig/d0972c3d32f097851eb916381fc38920-le64.cache-6
7f58aa183000-7f58aa186000 r--s 00000000 08:01 42729642                   /var/cache/fontconfig/e13b20fdb08344e0e664864cc2ede53d-le64.cache-6
7f58aa186000-7f58aa19e000 r--s 00000000 08:01 28446031                   /usr/share/fonts/type1/gsfonts/n022003l.pfb
7f58aa19e000-7f58aa1a9000 r--s 00000000 08:01 42729579                   /var/cache/fontconfig/945677eb7aeaf62f1d50efc3fb3ec7d8-le64.cache-6
7f58aa1a9000-7f58aa1e9000 r--s 00000000 08:01 42729541                   /var/cache/fontconfig/0bd3dc0958fa2205aaaa8ebb13e2872b-le64.cache-6
7f58aa1e9000-7f58aa1ea000 r--s 00000000 08:01 42729558                   /var/cache/fontconfig/49f0de54bdd920fe4f0dfd4cbac43e6b-le64.cache-6
7f58aa1ea000-7f58aa1eb000 r--s 00000000 08:01 42729606                   /var/cache/fontconfig/f6e6e0a5c3d2f6ae0c0c2e0ecd42a997-le64.cache-6
7f58aa1eb000-7f58aa1ef000 r--s 00000000 08:01 42729567                   /var/cache/fontconfig/7ef2298fde41cc6eeb7af42e48b7d293-le64.cache-6
7f58aa1ef000-7f58aa3ef000 rw-p 00000000 00:00 0 
7f58aa3ef000-7f58aa3f2000 ---p 00000000 00:00 0 
7f58aa3f2000-7f58aa4f0000 rw-p 00000000 00:00 0 
7f58aa4f0000-7f58aa4f3000 ---p 00000000 00:00 0 
7f58aa4f3000-7f58aa5f1000 rw-p 00000000 00:00 0 
7f58aa5f1000-7f58aa62c000 r-xp 00000000 08:01 27660401                   /home/ojt/jdk1.8.0_141/jre/lib/amd64/libjpeg.so
7f58aa62c000-7f58aa82b000 ---p 0003b000 08:01 27660401                   /home/ojt/jdk1.8.0_141/jre/lib/amd64/libjpeg.so
7f58aa82b000-7f58aa82c000 rw-p 0003a000 08:01 27660401                   /home/ojt/jdk1.8.0_141/jre/lib/amd64/libjpeg.so
7f58aa82c000-7f58aa82f000 ---p 00000000 00:00 0 
7f58aa82f000-7f58aab2d000 rw-p 00000000 00:00 0 
7f58aab2d000-7f58aab3e000 r-xp 00000000 08:01 27660750                   /home/ojt/jdk1.8.0_141/jre/lib/amd64/libnio.so
7f58aab3e000-7f58aad3d000 ---p 00011000 08:01 27660750                   /home/ojt/jdk1.8.0_141/jre/lib/amd64/libnio.so
7f58aad3d000-7f58aad3e000 rw-p 00010000 08:01 27660750                   /home/ojt/jdk1.8.0_141/jre/lib/amd64/libnio.so
7f58aad3e000-7f58ab03f000 rw-p 00000000 00:00 0 
7f58ab03f000-7f58ab055000 r-xp 00000000 08:01 27660751                   /home/ojt/jdk1.8.0_141/jre/lib/amd64/libnet.so
7f58ab055000-7f58ab255000 ---p 00016000 08:01 27660751                   /home/ojt/jdk1.8.0_141/jre/lib/amd64/libnet.so
7f58ab255000-7f58ab256000 rw-p 00016000 08:01 27660751                   /home/ojt/jdk1.8.0_141/jre/lib/amd64/libnet.so
7f58ab256000-7f58ab259000 ---p 00000000 00:00 0 
7f58ab259000-7f58ab357000 rw-p 00000000 00:00 0 
7f58ab357000-7f58ab35c000 r-xp 00000000 08:01 27010428                   /usr/lib/x86_64-linux-gnu/libXfixes.so.3.1.0
7f58ab35c000-7f58ab55b000 ---p 00005000 08:01 27010428                   /usr/lib/x86_64-linux-gnu/libXfixes.so.3.1.0
7f58ab55b000-7f58ab55c000 r--p 00004000 08:01 27010428                   /usr/lib/x86_64-linux-gnu/libXfixes.so.3.1.0
7f58ab55c000-7f58ab55d000 rw-p 00005000 08:01 27010428                   /usr/lib/x86_64-linux-gnu/libXfixes.so.3.1.0
7f58ab55d000-7f58ab566000 r-xp 00000000 08:01 27010418                   /usr/lib/x86_64-linux-gnu/libXcursor.so.1.0.2
7f58ab566000-7f58ab765000 ---p 00009000 08:01 27010418                   /usr/lib/x86_64-linux-gnu/libXcursor.so.1.0.2
7f58ab765000-7f58ab766000 r--p 00008000 08:01 27010418                   /usr/lib/x86_64-linux-gnu/libXcursor.so.1.0.2
7f58ab766000-7f58ab767000 rw-p 00009000 08:01 27010418                   /usr/lib/x86_64-linux-gnu/libXcursor.so.1.0.2
7f58ab767000-7f58ab77d000 r-xp 00000000 08:01 33559007                   /lib/x86_64-linux-gnu/libgcc_s.so.1
7f58ab77d000-7f58ab97c000 ---p 00016000 08:01 33559007                   /lib/x86_64-linux-gnu/libgcc_s.so.1
7f58ab97c000-7f58ab97d000 rw-p 00015000 08:01 33559007                   /lib/x86_64-linux-gnu/libgcc_s.so.1
7f58ab97d000-7f58ab9e2000 r-xp 00000000 08:01 27659653                   /home/ojt/jdk1.8.0_141/jre/lib/amd64/libfontmanager.so
7f58ab9e2000-7f58abbe1000 ---p 00065000 08:01 27659653                   /home/ojt/jdk1.8.0_141/jre/lib/amd64/libfontmanager.so
7f58abbe1000-7f58abbe6000 rw-p 00064000 08:01 27659653                   /home/ojt/jdk1.8.0_141/jre/lib/amd64/libfontmanager.so
7f58abbe6000-7f58abbf6000 rw-p 00000000 00:00 0 
7f58abbf6000-7f58abbfb000 r-xp 00000000 08:01 27010424                   /usr/lib/x86_64-linux-gnu/libXdmcp.so.6.0.0
7f58abbfb000-7f58abdfa000 ---p 00005000 08:01 27010424                   /usr/lib/x86_64-linux-gnu/libXdmcp.so.6.0.0
7f58abdfa000-7f58abdfb000 r--p 00004000 08:01 27010424                   /usr/lib/x86_64-linux-gnu/libXdmcp.so.6.0.0
7f58abdfb000-7f58abdfc000 rw-p 00005000 08:01 27010424                   /usr/lib/x86_64-linux-gnu/libXdmcp.so.6.0.0
7f58abdfc000-7f58abdfe000 r-xp 00000000 08:01 27010411                   /usr/lib/x86_64-linux-gnu/libXau.so.6.0.0
7f58abdfe000-7f58abffe000 ---p 00002000 08:01 27010411                   /usr/lib/x86_64-linux-gnu/libXau.so.6.0.0
7f58abffe000-7f58abfff000 r--p 00002000 08:01 27010411                   /usr/lib/x86_64-linux-gnu/libXau.so.6.0.0
7f58abfff000-7f58ac000000 rw-p 00003000 08:01 27010411                   /usr/lib/x86_64-linux-gnu/libXau.so.6.0.0
7f58ac000000-7f58ac021000 rw-p 00000000 00:00 0 
7f58ac021000-7f58b0000000 ---p 00000000 00:00 0 
7f58b0000000-7f58b0021000 rw-p 00000000 00:00 0 
7f58b0021000-7f58b4000000 ---p 00000000 00:00 0 
7f58b4000000-7f58b4881000 rw-p 00000000 00:00 0 
7f58b4881000-7f58b8000000 ---p 00000000 00:00 0 
7f58b8000000-7f58b82a1000 rw-p 00000000 00:00 0 
7f58b82a1000-7f58bc000000 ---p 00000000 00:00 0 
7f58bc000000-7f58bc094000 rw-p 00000000 00:00 0 
7f58bc094000-7f58c0000000 ---p 00000000 00:00 0 
7f58c0000000-7f58c083a000 rw-p 00000000 00:00 0 
7f58c083a000-7f58c4000000 ---p 00000000 00:00 0 
7f58c4000000-7f58c4021000 rw-p 00000000 00:00 0 
7f58c4021000-7f58c8000000 ---p 00000000 00:00 0 
7f58c8000000-7f58c8021000 rw-p 00000000 00:00 0 
7f58c8021000-7f58cc000000 ---p 00000000 00:00 0 
7f58cc000000-7f58cc021000 rw-p 00000000 00:00 0 
7f58cc021000-7f58d0000000 ---p 00000000 00:00 0 
7f58d0000000-7f58d0021000 rw-p 00000000 00:00 0 
7f58d0021000-7f58d4000000 ---p 00000000 00:00 0 
7f58d4000000-7f58d4021000 rw-p 00000000 00:00 0 
7f58d4021000-7f58d8000000 ---p 00000000 00:00 0 
7f58d8000000-7f58d8021000 rw-p 00000000 00:00 0 
7f58d8021000-7f58dc000000 ---p 00000000 00:00 0 
7f58dc000000-7f58dc021000 rw-p 00000000 00:00 0 
7f58dc021000-7f58e0000000 ---p 00000000 00:00 0 
7f58e0000000-7f58e0001000 r--s 00000000 08:01 42729559                   /var/cache/fontconfig/4b2eda6bb976bda485cb2176619421d5-le64.cache-6
7f58e0001000-7f58e0003000 r--s 00000000 08:01 42729581                   /var/cache/fontconfig/99e8ed0e538f840c565b6ed5dad60d56-le64.cache-6
7f58e0003000-7f58e0009000 r--s 00000000 08:01 42729550                   /var/cache/fontconfig/2cd17615ca594fa2959ae173292e504c-le64.cache-6
7f58e0009000-7f58e000a000 r--s 00000000 08:01 42729543                   /var/cache/fontconfig/0d8c3b2ac0904cb8a57a757ad11a4a08-le64.cache-6
7f58e000a000-7f58e001f000 r--s 00000000 08:01 42729540                   /var/cache/fontconfig/04aabc0a78ac019cf9454389977116d2-le64.cache-6
7f58e001f000-7f58e0020000 r--s 00000000 08:01 42729547                   /var/cache/fontconfig/1ac9eb803944fde146138c791f5cc56a-le64.cache-6
7f58e0020000-7f58e0024000 r--s 00000000 08:01 42729555                   /var/cache/fontconfig/385c0604a188198f04d133e54aba7fe7-le64.cache-6
7f58e0024000-7f58e0025000 r--s 00000000 08:01 42729600                   /var/cache/fontconfig/dc05db6664285cc2f12bf69c139ae4c3-le64.cache-6
7f58e0025000-7f58e0027000 r--s 00000000 08:01 42729544                   /var/cache/fontconfig/14a5e22175779b556eaa434240950366-le64.cache-6
7f58e0027000-7f58e0028000 r--s 00000000 08:01 42729571                   /var/cache/fontconfig/660208299946a285a940457d1287da33-le64.cache-6
7f58e0028000-7f58e002a000 r--s 00000000 08:01 42729562                   /var/cache/fontconfig/4f3e3037c9980c83b53a9351efadef62-le64.cache-6
7f58e002a000-7f58e002d000 r--s 00000000 08:01 42729575                   /var/cache/fontconfig/767a8244fc0220cfb567a839d0392e0b-le64.cache-6
7f58e002d000-7f58e002e000 r--s 00000000 08:01 42734349                   /var/cache/fontconfig/4794a0821666d79190d59a36cb4f44b5-le64.cache-6
7f58e002e000-7f58e0033000 r--s 00000000 08:01 42729578                   /var/cache/fontconfig/8801497958630a81b71ace7c5f9b32a8-le64.cache-6
7f58e0033000-7f58e0036000 r--s 00000000 08:01 42729584                   /var/cache/fontconfig/a015930274ffcd967d2ca1b57da47cc7-le64.cache-6
7f58e0036000-7f58e0037000 r--s 00000000 08:01 42729588                   /var/cache/fontconfig/b872e6e592da6075ffa4ab0a1fcc0c75-le64.cache-6
7f58e0037000-7f58e0038000 r--s 00000000 08:01 42729605                   /var/cache/fontconfig/f6d4eedfaab2589bde49f7a3ff831d22-le64.cache-6
7f58e0038000-7f58e0039000 r--s 00000000 08:01 42729569                   /var/cache/fontconfig/589f83ef4c36d296ce6e1c846f468f08-le64.cache-6
7f58e0039000-7f58e003a000 r--s 00000000 08:01 42729590                   /var/cache/fontconfig/bab58bb527bb656aaa9f116d68a48d89-le64.cache-6
7f58e003a000-7f58e003b000 r--s 00000000 08:01 42729548                   /var/cache/fontconfig/2171a34dccabdb6bcbbc728186263178-le64.cache-6
7f58e003b000-7f58e003c000 r--s 00000000 08:01 42729591                   /var/cache/fontconfig/c5c45a61289222e0d30b1a26ef4effbe-le64.cache-6
7f58e003c000-7f58e003d000 r--s 00000000 08:01 42729586                   /var/cache/fontconfig/aec30016f93e1b46d1a973dce0d74068-le64.cache-6
7f58e003d000-7f58e003e000 r--s 00000000 08:01 42729556                   /var/cache/fontconfig/3f589640d34b7dc9042c8d453f7c8b9c-le64.cache-6
7f58e003e000-7f58e003f000 r--s 00000000 08:01 42729545                   /var/cache/fontconfig/16c2fda60d1b4b719f4b3d06fd951d25-le64.cache-6
7f58e003f000-7f58e0040000 r--s 00000000 08:01 42729585                   /var/cache/fontconfig/a48eab177a16e4f3713381162db2f3e9-le64.cache-6
7f58e0040000-7f58e0041000 r--s 00000000 08:01 42729565                   /var/cache/fontconfig/564b2e68ac9bc4e36a6f7f6d6125ec1c-le64.cache-6
7f58e0041000-7f58e0048000 r--s 00000000 08:01 42729551                   /var/cache/fontconfig/3047814df9a2f067bd2d96a2b9c36e5a-le64.cache-6
7f58e0048000-7f58e0049000 r--s 00000000 08:01 42729566                   /var/cache/fontconfig/56cf4f4769d0f4abc89a4895d7bd3ae1-le64.cache-6
7f58e0049000-7f58e004a000 r--s 00000000 08:01 42729589                   /var/cache/fontconfig/b9d506c9ac06c20b433354fa67a72993-le64.cache-6
7f58e004a000-7f58e0050000 r--s 00000000 08:01 42729587                   /var/cache/fontconfig/b47c4e1ecd0709278f4910c18777a504-le64.cache-6
7f58e0050000-7f58e0063000 r--s 00000000 08:01 42729597                   /var/cache/fontconfig/d52a8644073d54c13679302ca1180695-le64.cache-6
7f58e0063000-7f58e0064000 r--s 00000000 08:01 42729553                   /var/cache/fontconfig/370e5b74bf5dafc30834de68e24a87a4-le64.cache-6
7f58e0064000-7f58e0065000 r--s 00000000 08:01 42729573                   /var/cache/fontconfig/6b2c5944714ca7831b25bed9e85cb5c8-le64.cache-6
7f58e0065000-7f58e0066000 r--s 00000000 08:01 42729596                   /var/cache/fontconfig/d5178ab6d91b49bf20a416737dcea9e8-le64.cache-6
7f58e0066000-7f58e0067000 r--s 00000000 08:01 42729564                   /var/cache/fontconfig/551ecf3b0e8b0bca0f25c0944f561853-le64.cache-6
7f58e0067000-7f58e006a000 r--s 00000000 08:01 42729604                   /var/cache/fontconfig/f259c2cffa685e28062317905db73c4a-le64.cache-6
7f58e006a000-7f58e006c000 r--s 00000000 08:01 42729563                   /var/cache/fontconfig/550f3886151c940c12a5ed35f6a00586-le64.cache-6
7f58e006c000-7f58e006f000 r--s 00000000 08:01 42729572                   /var/cache/fontconfig/674d1711f2d1d2a09646eb0bdcadee49-le64.cache-6
7f58e006f000-7f58e007a000 r--s 00000000 08:01 42729598                   /var/cache/fontconfig/d589a48862398ed80a3d6066f4f56f4c-le64.cache-6
7f58e007a000-7f58e007b000 r--s 00000000 08:01 42729552                   /var/cache/fontconfig/30829fa25452a46451e813d634d7f916-le64.cache-6
7f58e007b000-7f58e007c000 r--s 00000000 08:01 42729542                   /var/cache/fontconfig/0c9eb80ebd1c36541ebe2852d3bb0c49-le64.cache-6
7f58e007c000-7f58e007d000 r--s 00000000 08:01 42729549                   /var/cache/fontconfig/22368d551a680bfe5a62c02760edf4ea-le64.cache-6
7f58e007d000-7f58e007e000 r--s 00000000 08:01 42729561                   /var/cache/fontconfig/4d9c95eba1cb85bbcf2878543262124a-le64.cache-6
7f58e007e000-7f58e007f000 r--s 00000000 08:01 42729577                   /var/cache/fontconfig/85e0a52ce643a7ba2ae53e5d6949cead-le64.cache-6
7f58e007f000-7f58e0080000 r--s 00000000 08:01 42729558                   /var/cache/fontconfig/49f0de54bdd920fe4f0dfd4cbac43e6b-le64.cache-6
7f58e0080000-7f58e0083000 ---p 00000000 00:00 0 
7f58e0083000-7f58e0181000 rw-p 00000000 00:00 0 
7f58e0181000-7f58e01a2000 r-xp 00000000 08:01 27011897                   /usr/lib/x86_64-linux-gnu/libxcb.so.1.1.0
7f58e01a2000-7f58e03a1000 ---p 00021000 08:01 27011897                   /usr/lib/x86_64-linux-gnu/libxcb.so.1.1.0
7f58e03a1000-7f58e03a2000 r--p 00020000 08:01 27011897                   /usr/lib/x86_64-linux-gnu/libxcb.so.1.1.0
7f58e03a2000-7f58e03a3000 rw-p 00021000 08:01 27011897                   /usr/lib/x86_64-linux-gnu/libxcb.so.1.1.0
7f58e03a3000-7f58e03b2000 r-xp 00000000 08:01 27010434                   /usr/lib/x86_64-linux-gnu/libXi.so.6.1.0
7f58e03b2000-7f58e05b1000 ---p 0000f000 08:01 27010434                   /usr/lib/x86_64-linux-gnu/libXi.so.6.1.0
7f58e05b1000-7f58e05b2000 r--p 0000e000 08:01 27010434                   /usr/lib/x86_64-linux-gnu/libXi.so.6.1.0
7f58e05b2000-7f58e05b3000 rw-p 0000f000 08:01 27010434                   /usr/lib/x86_64-linux-gnu/libXi.so.6.1.0
7f58e05b3000-7f58e05b8000 r-xp 00000000 08:01 27010452                   /usr/lib/x86_64-linux-gnu/libXtst.so.6.1.0
7f58e05b8000-7f58e07b7000 ---p 00005000 08:01 27010452                   /usr/lib/x86_64-linux-gnu/libXtst.so.6.1.0
7f58e07b7000-7f58e07b8000 r--p 00004000 08:01 27010452                   /usr/lib/x86_64-linux-gnu/libXtst.so.6.1.0
7f58e07b8000-7f58e07b9000 rw-p 00005000 08:01 27010452                   /usr/lib/x86_64-linux-gnu/libXtst.so.6.1.0
7f58e07b9000-7f58e07c2000 r-xp 00000000 08:01 27010446                   /usr/lib/x86_64-linux-gnu/libXrender.so.1.3.0
7f58e07c2000-7f58e09c1000 ---p 00009000 08:01 27010446                   /usr/lib/x86_64-linux-gnu/libXrender.so.1.3.0
7f58e09c1000-7f58e09c2000 r--p 00008000 08:01 27010446                   /usr/lib/x86_64-linux-gnu/libXrender.so.1.3.0
7f58e09c2000-7f58e09c3000 rw-p 00009000 08:01 27010446                   /usr/lib/x86_64-linux-gnu/libXrender.so.1.3.0
7f58e09c3000-7f58e0af8000 r-xp 00000000 08:01 27010405                   /usr/lib/x86_64-linux-gnu/libX11.so.6.3.0
7f58e0af8000-7f58e0cf8000 ---p 00135000 08:01 27010405                   /usr/lib/x86_64-linux-gnu/libX11.so.6.3.0
7f58e0cf8000-7f58e0cf9000 r--p 00135000 08:01 27010405                   /usr/lib/x86_64-linux-gnu/libX11.so.6.3.0
7f58e0cf9000-7f58e0cfd000 rw-p 00136000 08:01 27010405                   /usr/lib/x86_64-linux-gnu/libX11.so.6.3.0
7f58e0cfd000-7f58e0d0e000 r-xp 00000000 08:01 27010426                   /usr/lib/x86_64-linux-gnu/libXext.so.6.4.0
7f58e0d0e000-7f58e0f0d000 ---p 00011000 08:01 27010426                   /usr/lib/x86_64-linux-gnu/libXext.so.6.4.0
7f58e0f0d000-7f58e0f0e000 r--p 00010000 08:01 27010426                   /usr/lib/x86_64-linux-gnu/libXext.so.6.4.0
7f58e0f0e000-7f58e0f0f000 rw-p 00011000 08:01 27010426                   /usr/lib/x86_64-linux-gnu/libXext.so.6.4.0
7f58e0f0f000-7f58e0f10000 r--s 00000000 08:01 42729606                   /var/cache/fontconfig/f6e6e0a5c3d2f6ae0c0c2e0ecd42a997-le64.cache-6
7f58e0f10000-7f58e0f11000 r--s 00000000 08:01 42729559                   /var/cache/fontconfig/4b2eda6bb976bda485cb2176619421d5-le64.cache-6
7f58e0f11000-7f58e0f23000 r--s 00000000 08:01 42729582                   /var/cache/fontconfig/9b89f8e3dae116d678bbf48e5f21f69b-le64.cache-6
7f58e0f23000-7f58e0f2c000 r--s 00000000 08:01 42729594                   /var/cache/fontconfig/d0972c3d32f097851eb916381fc38920-le64.cache-6
7f58e0f2c000-7f58e0f2f000 r--s 00000000 08:01 42729642                   /var/cache/fontconfig/e13b20fdb08344e0e664864cc2ede53d-le64.cache-6
7f58e0f2f000-7f58e0f33000 r--s 00000000 08:01 42729567                   /var/cache/fontconfig/7ef2298fde41cc6eeb7af42e48b7d293-le64.cache-6
7f58e0f33000-7f58e0f87000 r-xp 00000000 08:01 27659865                   /home/ojt/jdk1.8.0_141/jre/lib/amd64/libawt_xawt.so
7f58e0f87000-7f58e1187000 ---p 00054000 08:01 27659865                   /home/ojt/jdk1.8.0_141/jre/lib/amd64/libawt_xawt.so
7f58e1187000-7f58e118b000 rw-p 00054000 08:01 27659865                   /home/ojt/jdk1.8.0_141/jre/lib/amd64/libawt_xawt.so
7f58e118b000-7f58e118c000 rw-p 00000000 00:00 0 
7f58e118c000-7f58e122e000 r-xp 00000000 08:01 27660753                   /home/ojt/jdk1.8.0_141/jre/lib/amd64/libawt.so
7f58e122e000-7f58e142e000 ---p 000a2000 08:01 27660753                   /home/ojt/jdk1.8.0_141/jre/lib/amd64/libawt.so
7f58e142e000-7f58e143a000 rw-p 000a2000 08:01 27660753                   /home/ojt/jdk1.8.0_141/jre/lib/amd64/libawt.so
7f58e143a000-7f58e145e000 rw-p 00000000 00:00 0 
7f58e145e000-7f58e1463000 r--s 002f8000 08:01 25568131                   /home/ojt/jdk1.8.0_141/jre/lib/charsets.jar
7f58e1463000-7f58e14a1000 r--s 0025d000 08:01 34605036                   /home/ojt/png_temp/develop/JavaDB/lib/xmlbeans-2.6.0.jar
7f58e14a1000-7f58e155b000 r--s 004e0000 08:01 34605035                   /home/ojt/png_temp/develop/JavaDB/lib/poi-ooxml-schemas-3.16.jar
7f58e155b000-7f58e156e000 r--s 0014c000 08:01 34605034                   /home/ojt/png_temp/develop/JavaDB/lib/poi-ooxml-3.16.jar
7f58e156e000-7f58e159a000 r--s 00263000 08:01 34605033                   /home/ojt/png_temp/develop/JavaDB/lib/poi-3.16.jar
7f58e159a000-7f58e159e000 r--s 0003f000 08:01 34604982                   /home/ojt/png_temp/develop/JavaDB/lib/derbynet.jar
7f58e159e000-7f58e15a4000 r--s 0008a000 08:01 34604981                   /home/ojt/png_temp/develop/JavaDB/lib/derbyclient.jar
7f58e15a4000-7f58e15a7000 r--s 00019000 08:01 34604980                   /home/ojt/png_temp/develop/JavaDB/lib/derbyLocale_zh_TW.jar
7f58e15a7000-7f58e15a9000 r--s 00019000 08:01 34604979                   /home/ojt/png_temp/develop/JavaDB/lib/derbyLocale_zh_CN.jar
7f58e15a9000-7f58e15ab000 r--s 0001c000 08:01 34604978                   /home/ojt/png_temp/develop/JavaDB/lib/derbyLocale_ru.jar
7f58e15ab000-7f58e15ae000 r--s 00014000 08:01 34604977                   /home/ojt/png_temp/develop/JavaDB/lib/derbyLocale_pt_BR.jar
7f58e15ae000-7f58e15b0000 r--s 00015000 08:01 34604976                   /home/ojt/png_temp/develop/JavaDB/lib/derbyLocale_pl.jar
7f58e15b0000-7f58e15b2000 r--s 0001b000 08:01 34604975                   /home/ojt/png_temp/develop/JavaDB/lib/derbyLocale_ko_KR.jar
7f58e15b2000-7f58e15b5000 r--s 0001c000 08:01 34604974                   /home/ojt/png_temp/develop/JavaDB/lib/derbyLocale_ja_JP.jar
7f58e15b5000-7f58e15b7000 r--s 00018000 08:01 34604973                   /home/ojt/png_temp/develop/JavaDB/lib/derbyLocale_it.jar
7f58e15b7000-7f58e15b9000 r--s 00016000 08:01 34604972                   /home/ojt/png_temp/develop/JavaDB/lib/derbyLocale_hu.jar
7f58e15b9000-7f58e15bb000 r--s 0001a000 08:01 34604971                   /home/ojt/png_temp/develop/JavaDB/lib/derbyLocale_fr.jar
7f58e15bb000-7f58e15bd000 r--s 00018000 08:01 34604970                   /home/ojt/png_temp/develop/JavaDB/lib/derbyLocale_es.jar
7f58e15bd000-7f58e15eb000 r--s 002e7000 08:01 34604966                   /home/ojt/png_temp/develop/JavaDB/lib/derby.jar
7f58e15eb000-7f58e15fb000 r--s 000a8000 08:01 34605031                   /home/ojt/png_temp/develop/JavaDB/lib/commons-collections4-4.1.jar
7f58e15fb000-7f58e1602000 r--s 0003f000 08:01 34605030                   /home/ojt/png_temp/develop/JavaDB/lib/commons-codec-1.10.jar
7f58e1602000-7f58e1609000 r--s 00094000 08:01 35396765                   /home/ojt/png_temp/develop/JavaDB/lib/beans-binding/beansbinding-1.2.1.jar
7f58e1609000-7f58e1685000 r--s 0079b000 08:01 35396760                   /home/ojt/png_temp/develop/JavaDB/lib/eclipselink/eclipselink.jar
7f58e1685000-7f58e1686000 ---p 00000000 00:00 0 
7f58e1686000-7f58e1786000 rw-p 00000000 00:00 0 
7f58e1786000-7f58e1789000 ---p 00000000 00:00 0 
7f58e1789000-7f58e1887000 rw-p 00000000 00:00 0 
7f58e1887000-7f58e188a000 ---p 00000000 00:00 0 
7f58e188a000-7f58e1988000 rw-p 00000000 00:00 0 
7f58e1988000-7f58e198b000 ---p 00000000 00:00 0 
7f58e198b000-7f58e1a89000 rw-p 00000000 00:00 0 
7f58e1a89000-7f58e1a8c000 ---p 00000000 00:00 0 
7f58e1a8c000-7f58e1b8a000 rw-p 00000000 00:00 0 
7f58e1b8a000-7f58e1b8d000 ---p 00000000 00:00 0 
7f58e1b8d000-7f58e1c8b000 rw-p 00000000 00:00 0 
7f58e1c8b000-7f58e1c8e000 ---p 00000000 00:00 0 
7f58e1c8e000-7f58e1d8c000 rw-p 00000000 00:00 0 
7f58e1d8c000-7f58e2064000 r--p 00000000 08:01 27004540                   /usr/lib/locale/locale-archive
7f58e2064000-7f58e2067000 ---p 00000000 00:00 0 
7f58e2067000-7f58e2165000 rw-p 00000000 00:00 0 
7f58e2165000-7f58e2168000 ---p 00000000 00:00 0 
7f58e2168000-7f58e2266000 rw-p 00000000 00:00 0 
7f58e2266000-7f58e2267000 ---p 00000000 00:00 0 
7f58e2267000-7f58e3e26000 rw-p 00000000 00:00 0 
7f58e3e26000-7f58e4000000 r--s 03d4d000 08:01 25568149                   /home/ojt/jdk1.8.0_141/jre/lib/rt.jar
7f58e4000000-7f58e4021000 rw-p 00000000 00:00 0 
7f58e4021000-7f58e8000000 ---p 00000000 00:00 0 
7f58e8000000-7f58e8021000 rw-p 00000000 00:00 0 
7f58e8021000-7f58ec000000 ---p 00000000 00:00 0 
7f58ec000000-7f58ec021000 rw-p 00000000 00:00 0 
7f58ec021000-7f58f0000000 ---p 00000000 00:00 0 
7f58f0000000-7f58f0021000 rw-p 00000000 00:00 0 
7f58f0021000-7f58f4000000 ---p 00000000 00:00 0 
7f58f4000000-7f58f4021000 rw-p 00000000 00:00 0 
7f58f4021000-7f58f8000000 ---p 00000000 00:00 0 
7f58f8000000-7f58f8003000 r--s 00015000 08:01 34604968                   /home/ojt/png_temp/develop/JavaDB/lib/derbyLocale_cs.jar
7f58f8003000-7f58f8020000 r--s 00131000 08:01 35396762                   /home/ojt/png_temp/develop/JavaDB/lib/eclipselink/org.eclipse.persistence.jpa.jpql_2.5.2.v20140319-9ad6abd.jar
7f58f8020000-7f58fb336000 rw-p 00000000 00:00 0 
7f58fb336000-7f58fb337000 ---p 00000000 00:00 0 
7f58fb337000-7f58fb437000 rw-p 00000000 00:00 0 
7f58fb437000-7f58fb438000 ---p 00000000 00:00 0 
7f58fb438000-7f58fb538000 rw-p 00000000 00:00 0 
7f58fb538000-7f58fb539000 ---p 00000000 00:00 0 
7f58fb539000-7f58fb639000 rw-p 00000000 00:00 0 
7f58fb639000-7f58fb63a000 ---p 00000000 00:00 0 
7f58fb63a000-7f58fb73a000 rw-p 00000000 00:00 0 
7f58fb73a000-7f58fb73b000 ---p 00000000 00:00 0 
7f58fb73b000-7f58fb83b000 rw-p 00000000 00:00 0 
7f58fb83b000-7f58fb83c000 ---p 00000000 00:00 0 
7f58fb83c000-7f58fb93c000 rw-p 00000000 00:00 0 
7f58fb93c000-7f58fb93d000 ---p 00000000 00:00 0 
7f58fb93d000-7f58fba3d000 rw-p 00000000 00:00 0 
7f58fba3d000-7f58fba3e000 ---p 00000000 00:00 0 
7f58fba3e000-7f58fbb58000 rw-p 00000000 00:00 0 
7f58fbb58000-7f58fbcda000 ---p 00000000 00:00 0 
7f58fbcda000-7f58fbce8000 rw-p 00000000 00:00 0 
7f58fbce8000-7f58fbda9000 ---p 00000000 00:00 0 
7f58fbda9000-7f58fbdb8000 rw-p 00000000 00:00 0 
7f58fbdb8000-7f58fc16a000 ---p 00000000 00:00 0 
7f58fc16a000-7f58fc4da000 rwxp 00000000 00:00 0 
7f58fc4da000-7f590b16a000 ---p 00000000 00:00 0 
7f590b16a000-7f590b184000 r-xp 00000000 08:01 27660749                   /home/ojt/jdk1.8.0_141/jre/lib/amd64/libzip.so
7f590b184000-7f590b384000 ---p 0001a000 08:01 27660749                   /home/ojt/jdk1.8.0_141/jre/lib/amd64/libzip.so
7f590b384000-7f590b385000 rw-p 0001a000 08:01 27660749                   /home/ojt/jdk1.8.0_141/jre/lib/amd64/libzip.so
7f590b385000-7f590b390000 r-xp 00000000 08:01 33559323                   /lib/x86_64-linux-gnu/libnss_files-2.23.so
7f590b390000-7f590b58f000 ---p 0000b000 08:01 33559323                   /lib/x86_64-linux-gnu/libnss_files-2.23.so
7f590b58f000-7f590b590000 r--p 0000a000 08:01 33559323                   /lib/x86_64-linux-gnu/libnss_files-2.23.so
7f590b590000-7f590b591000 rw-p 0000b000 08:01 33559323                   /lib/x86_64-linux-gnu/libnss_files-2.23.so
7f590b591000-7f590b597000 rw-p 00000000 00:00 0 
7f590b597000-7f590b5a2000 r-xp 00000000 08:01 33559316                   /lib/x86_64-linux-gnu/libnss_nis-2.23.so
7f590b5a2000-7f590b7a1000 ---p 0000b000 08:01 33559316                   /lib/x86_64-linux-gnu/libnss_nis-2.23.so
7f590b7a1000-7f590b7a2000 r--p 0000a000 08:01 33559316                   /lib/x86_64-linux-gnu/libnss_nis-2.23.so
7f590b7a2000-7f590b7a3000 rw-p 0000b000 08:01 33559316                   /lib/x86_64-linux-gnu/libnss_nis-2.23.so
7f590b7a3000-7f590b7b9000 r-xp 00000000 08:01 33559318                   /lib/x86_64-linux-gnu/libnsl-2.23.so
7f590b7b9000-7f590b9b8000 ---p 00016000 08:01 33559318                   /lib/x86_64-linux-gnu/libnsl-2.23.so
7f590b9b8000-7f590b9b9000 r--p 00015000 08:01 33559318                   /lib/x86_64-linux-gnu/libnsl-2.23.so
7f590b9b9000-7f590b9ba000 rw-p 00016000 08:01 33559318                   /lib/x86_64-linux-gnu/libnsl-2.23.so
7f590b9ba000-7f590b9bc000 rw-p 00000000 00:00 0 
7f590b9bc000-7f590b9c4000 r-xp 00000000 08:01 33559325                   /lib/x86_64-linux-gnu/libnss_compat-2.23.so
7f590b9c4000-7f590bbc3000 ---p 00008000 08:01 33559325                   /lib/x86_64-linux-gnu/libnss_compat-2.23.so
7f590bbc3000-7f590bbc4000 r--p 00007000 08:01 33559325                   /lib/x86_64-linux-gnu/libnss_compat-2.23.so
7f590bbc4000-7f590bbc5000 rw-p 00008000 08:01 33559325                   /lib/x86_64-linux-gnu/libnss_compat-2.23.so
7f590bbc5000-7f590bbf0000 r-xp 00000000 08:01 27660742                   /home/ojt/jdk1.8.0_141/jre/lib/amd64/libjava.so
7f590bbf0000-7f590bdef000 ---p 0002b000 08:01 27660742                   /home/ojt/jdk1.8.0_141/jre/lib/amd64/libjava.so
7f590bdef000-7f590bdf1000 rw-p 0002a000 08:01 27660742                   /home/ojt/jdk1.8.0_141/jre/lib/amd64/libjava.so
7f590bdf1000-7f590bdfe000 r-xp 00000000 08:01 27660270                   /home/ojt/jdk1.8.0_141/jre/lib/amd64/libverify.so
7f590bdfe000-7f590bffe000 ---p 0000d000 08:01 27660270                   /home/ojt/jdk1.8.0_141/jre/lib/amd64/libverify.so
7f590bffe000-7f590c000000 rw-p 0000d000 08:01 27660270                   /home/ojt/jdk1.8.0_141/jre/lib/amd64/libverify.so
7f590c000000-7f590c524000 rw-p 00000000 00:00 0 
7f590c524000-7f5910000000 ---p 00000000 00:00 0 
7f5910000000-7f5910002000 r--s 0001a000 08:01 34604969                   /home/ojt/png_temp/develop/JavaDB/lib/derbyLocale_de_DE.jar
7f5910002000-7f5910008000 r--s 00023000 08:01 35396761                   /home/ojt/png_temp/develop/JavaDB/lib/eclipselink/javax.persistence_2.1.0.v201304241213.jar
7f5910008000-7f5910022000 rw-p 00000000 00:00 0 
7f5910022000-7f59101a5000 ---p 00000000 00:00 0 
7f59101a5000-7f59101ac000 r-xp 00000000 08:01 33559326                   /lib/x86_64-linux-gnu/librt-2.23.so
7f59101ac000-7f59103ab000 ---p 00007000 08:01 33559326                   /lib/x86_64-linux-gnu/librt-2.23.so
7f59103ab000-7f59103ac000 r--p 00006000 08:01 33559326                   /lib/x86_64-linux-gnu/librt-2.23.so
7f59103ac000-7f59103ad000 rw-p 00007000 08:01 33559326                   /lib/x86_64-linux-gnu/librt-2.23.so
7f59103ad000-7f59104b5000 r-xp 00000000 08:01 33559317                   /lib/x86_64-linux-gnu/libm-2.23.so
7f59104b5000-7f59106b4000 ---p 00108000 08:01 33559317                   /lib/x86_64-linux-gnu/libm-2.23.so
7f59106b4000-7f59106b5000 r--p 00107000 08:01 33559317                   /lib/x86_64-linux-gnu/libm-2.23.so
7f59106b5000-7f59106b6000 rw-p 00108000 08:01 33559317                   /lib/x86_64-linux-gnu/libm-2.23.so
7f59106b6000-7f5911389000 r-xp 00000000 08:01 27798785                   /home/ojt/jdk1.8.0_141/jre/lib/amd64/server/libjvm.so
7f5911389000-7f5911588000 ---p 00cd3000 08:01 27798785                   /home/ojt/jdk1.8.0_141/jre/lib/amd64/server/libjvm.so
7f5911588000-7f5911662000 rw-p 00cd2000 08:01 27798785                   /home/ojt/jdk1.8.0_141/jre/lib/amd64/server/libjvm.so
7f5911662000-7f59116ad000 rw-p 00000000 00:00 0 
7f59116ad000-7f591186c000 r-xp 00000000 08:01 33559319                   /lib/x86_64-linux-gnu/libc-2.23.so
7f591186c000-7f5911a6c000 ---p 001bf000 08:01 33559319                   /lib/x86_64-linux-gnu/libc-2.23.so
7f5911a6c000-7f5911a70000 r--p 001bf000 08:01 33559319                   /lib/x86_64-linux-gnu/libc-2.23.so
7f5911a70000-7f5911a72000 rw-p 001c3000 08:01 33559319                   /lib/x86_64-linux-gnu/libc-2.23.so
7f5911a72000-7f5911a76000 rw-p 00000000 00:00 0 
7f5911a76000-7f5911a79000 r-xp 00000000 08:01 33559315                   /lib/x86_64-linux-gnu/libdl-2.23.so
7f5911a79000-7f5911c78000 ---p 00003000 08:01 33559315                   /lib/x86_64-linux-gnu/libdl-2.23.so
7f5911c78000-7f5911c79000 r--p 00002000 08:01 33559315                   /lib/x86_64-linux-gnu/libdl-2.23.so
7f5911c79000-7f5911c7a000 rw-p 00003000 08:01 33559315                   /lib/x86_64-linux-gnu/libdl-2.23.so
7f5911c7a000-7f5911c8f000 r-xp 00000000 08:01 27798802                   /home/ojt/jdk1.8.0_141/jre/lib/amd64/jli/libjli.so
7f5911c8f000-7f5911e8f000 ---p 00015000 08:01 27798802                   /home/ojt/jdk1.8.0_141/jre/lib/amd64/jli/libjli.so
7f5911e8f000-7f5911e90000 rw-p 00015000 08:01 27798802                   /home/ojt/jdk1.8.0_141/jre/lib/amd64/jli/libjli.so
7f5911e90000-7f5911ea8000 r-xp 00000000 08:01 33559330                   /lib/x86_64-linux-gnu/libpthread-2.23.so
7f5911ea8000-7f59120a7000 ---p 00018000 08:01 33559330                   /lib/x86_64-linux-gnu/libpthread-2.23.so
7f59120a7000-7f59120a8000 r--p 00017000 08:01 33559330                   /lib/x86_64-linux-gnu/libpthread-2.23.so
7f59120a8000-7f59120a9000 rw-p 00018000 08:01 33559330                   /lib/x86_64-linux-gnu/libpthread-2.23.so
7f59120a9000-7f59120ad000 rw-p 00000000 00:00 0 
7f59120ad000-7f59120d3000 r-xp 00000000 08:01 33559320                   /lib/x86_64-linux-gnu/ld-2.23.so
7f59120d3000-7f59120d5000 r--s 0000e000 08:01 34605032                   /home/ojt/png_temp/develop/JavaDB/lib/commons-logging-1.2.jar
7f59120d5000-7f59121a7000 rw-p 00000000 00:00 0 
7f59121a7000-7f59121aa000 ---p 00000000 00:00 0 
7f59121aa000-7f59122ac000 rw-p 00000000 00:00 0 
7f59122ac000-7f59122ad000 r--s 00000000 08:01 35396768                   /home/ojt/png_temp/develop/JavaDB/lib/absolutelayout/AbsoluteLayout.jar
7f59122ad000-7f59122c6000 rw-p 00000000 00:00 0 
7f59122c6000-7f59122ce000 rw-s 00000000 08:01 60031060                   /tmp/hsperfdata_ojt/15460
7f59122ce000-7f59122cf000 rw-p 00000000 00:00 0 
7f59122cf000-7f59122d0000 r--p 00000000 00:00 0 
7f59122d0000-7f59122d2000 rw-p 00000000 00:00 0 
7f59122d2000-7f59122d3000 r--p 00025000 08:01 33559320                   /lib/x86_64-linux-gnu/ld-2.23.so
7f59122d3000-7f59122d4000 rw-p 00026000 08:01 33559320                   /lib/x86_64-linux-gnu/ld-2.23.so
7f59122d4000-7f59122d5000 rw-p 00000000 00:00 0 
7ffc7a491000-7ffc7a4b2000 rw-p 00000000 00:00 0                          [stack]
7ffc7a50f000-7ffc7a511000 r--p 00000000 00:00 0                          [vvar]
7ffc7a511000-7ffc7a513000 r-xp 00000000 00:00 0                          [vdso]
ffffffffff600000-ffffffffff601000 r-xp 00000000 00:00 0                  [vsyscall]

VM Arguments:
jvm_args: -Dfile.encoding=UTF-8 
java_command: partNumbering_generator.login_frame
java_class_path (initial): /home/ojt/png_temp/develop/JavaDB/lib/eclipselink/eclipselink.jar:/home/ojt/png_temp/develop/JavaDB/lib/eclipselink/javax.persistence_2.1.0.v201304241213.jar:/home/ojt/png_temp/develop/JavaDB/lib/eclipselink/org.eclipse.persistence.jpa.jpql_2.5.2.v20140319-9ad6abd.jar:/home/ojt/png_temp/develop/JavaDB/lib/beans-binding/beansbinding-1.2.1.jar:/home/ojt/png_temp/develop/JavaDB/lib/absolutelayout/AbsoluteLayout.jar:/home/ojt/png_temp/develop/JavaDB/lib/commons-codec-1.10.jar:/home/ojt/png_temp/develop/JavaDB/lib/commons-collections4-4.1.jar:/home/ojt/png_temp/develop/JavaDB/lib/commons-logging-1.2.jar:/home/ojt/png_temp/develop/JavaDB/lib/derby.jar:/home/ojt/png_temp/develop/JavaDB/lib/derbyclient.jar:/home/ojt/png_temp/develop/JavaDB/lib/derbynet.jar:/home/ojt/png_temp/develop/JavaDB/lib/poi-3.16.jar:/home/ojt/png_temp/develop/JavaDB/lib/poi-ooxml-3.16.jar:/home/ojt/png_temp/develop/JavaDB/lib/poi-ooxml-schemas-3.16.jar:/home/ojt/png_temp/develop/JavaDB/lib/xmlbeans-2.6.0.jar:/home/ojt/png_temp/develop/build/classes
Launcher Type: SUN_STANDARD

Environment Variables:
PATH=/home/ojt/bin:/home/ojt/.local/bin:/usr/local/sbin:/usr/local/bin:/usr/sbin:/usr/bin:/sbin:/bin:/usr/games:/usr/local/games
USERNAME=ojt
LD_LIBRARY_PATH=/home/ojt/jdk1.8.0_141/jre/lib/amd64:/home/ojt/jdk1.8.0_141/jre/lib/i386:
SHELL=/bin/bash
DISPLAY=:0

Signal Handlers:
SIGSEGV: [libjvm.so+0xacba10], sa_mask[0]=11111111011111111101111111111110, sa_flags=SA_RESTART|SA_SIGINFO
SIGBUS: [libjvm.so+0xacba10], sa_mask[0]=11111111011111111101111111111110, sa_flags=SA_RESTART|SA_SIGINFO
SIGFPE: [libjvm.so+0x924ba0], sa_mask[0]=11111111011111111101111111111110, sa_flags=SA_RESTART|SA_SIGINFO
SIGPIPE: [libjvm.so+0x924ba0], sa_mask[0]=11111111011111111101111111111110, sa_flags=SA_RESTART|SA_SIGINFO
SIGXFSZ: [libjvm.so+0x924ba0], sa_mask[0]=11111111011111111101111111111110, sa_flags=SA_RESTART|SA_SIGINFO
SIGILL: [libjvm.so+0x924ba0], sa_mask[0]=11111111011111111101111111111110, sa_flags=SA_RESTART|SA_SIGINFO
SIGUSR1: SIG_DFL, sa_mask[0]=00000000000000000000000000000000, sa_flags=none
SIGUSR2: [libjvm.so+0x9263e0], sa_mask[0]=00100000000000000000000000000000, sa_flags=SA_RESTART|SA_SIGINFO
SIGHUP: [libjvm.so+0x9277e0], sa_mask[0]=11111111011111111101111111111110, sa_flags=SA_RESTART|SA_SIGINFO
SIGINT: SIG_IGN, sa_mask[0]=00000000000000000000000000000000, sa_flags=none
SIGTERM: [libjvm.so+0x9277e0], sa_mask[0]=11111111011111111101111111111110, sa_flags=SA_RESTART|SA_SIGINFO
SIGQUIT: [libjvm.so+0x9277e0], sa_mask[0]=11111111011111111101111111111110, sa_flags=SA_RESTART|SA_SIGINFO


---------------  S Y S T E M  ---------------

OS:DISTRIB_ID=LinuxMint
DISTRIB_RELEASE=18.1
DISTRIB_CODENAME=serena
DISTRIB_DESCRIPTION="Linux Mint 18.1 Serena"

uname:Linux 4.4.0-79-generic #100-Ubuntu SMP Wed May 17 19:58:14 UTC 2017 x86_64
libc:glibc 2.23 NPTL 2.23 
rlimit: STACK 8192k, CORE 0k, NPROC 19630, NOFILE 65536, AS infinity
load average:0.52 0.40 0.38

/proc/meminfo:
MemTotal:        5068224 kB
MemFree:         1209304 kB
MemAvailable:    1553312 kB
Buffers:           61508 kB
Cached:           512404 kB
SwapCached:         8664 kB
Active:          2549880 kB
Inactive:        1104988 kB
Active(anon):    2211588 kB
Inactive(anon):   920992 kB
Active(file):     338292 kB
Inactive(file):   183996 kB
Unevictable:          32 kB
Mlocked:              32 kB
SwapTotal:       5232636 kB
SwapFree:        5158280 kB
Dirty:               368 kB
Writeback:             0 kB
AnonPages:       3072852 kB
Mapped:           246252 kB
Shmem:             51620 kB
Slab:             100732 kB
SReclaimable:      61996 kB
SUnreclaim:        38736 kB
KernelStack:       10784 kB
PageTables:        30064 kB
NFS_Unstable:          0 kB
Bounce:                0 kB
WritebackTmp:          0 kB
CommitLimit:     7766748 kB
Committed_AS:    6273212 kB
VmallocTotal:   34359738367 kB
VmallocUsed:           0 kB
VmallocChunk:          0 kB
HardwareCorrupted:     0 kB
AnonHugePages:   1531904 kB
CmaTotal:              0 kB
CmaFree:               0 kB
HugePages_Total:       0
HugePages_Free:        0
HugePages_Rsvd:        0
HugePages_Surp:        0
Hugepagesize:       2048 kB
DirectMap4k:      177664 kB
DirectMap2M:     5056512 kB


CPU:total 8 (initial active 8) (4 cores per cpu, 2 threads per core) family 6 model 26 stepping 4, cmov, cx8, fxsr, mmx, sse, sse2, sse3, ssse3, sse4.1, sse4.2, popcnt, ht, tsc, tscinvbit, tscinv

/proc/cpuinfo:
processor	: 0
vendor_id	: GenuineIntel
cpu family	: 6
model		: 26
model name	: Intel(R) Core(TM) i7 CPU         920  @ 2.67GHz
stepping	: 4
microcode	: 0xa
cpu MHz		: 2668.000
cache size	: 8192 KB
physical id	: 0
siblings	: 8
core id		: 0
cpu cores	: 4
apicid		: 0
initial apicid	: 0
fpu		: yes
fpu_exception	: yes
cpuid level	: 11
wp		: yes
flags		: fpu vme de pse tsc msr pae mce cx8 apic sep mtrr pge mca cmov pat pse36 clflush dts acpi mmx fxsr sse sse2 ss ht tm pbe syscall nx rdtscp lm constant_tsc arch_perfmon pebs bts rep_good nopl xtopology nonstop_tsc aperfmperf pni dtes64 monitor ds_cpl vmx est tm2 ssse3 cx16 xtpr pdcm sse4_1 sse4_2 popcnt lahf_lm tpr_shadow vnmi flexpriority ept vpid dtherm ida
bugs		:
bogomips	: 5345.96
clflush size	: 64
cache_alignment	: 64
address sizes	: 36 bits physical, 48 bits virtual
power management:

processor	: 1
vendor_id	: GenuineIntel
cpu family	: 6
model		: 26
model name	: Intel(R) Core(TM) i7 CPU         920  @ 2.67GHz
stepping	: 4
microcode	: 0xa
cpu MHz		: 1600.000
cache size	: 8192 KB
physical id	: 0
siblings	: 8
core id		: 1
cpu cores	: 4
apicid		: 2
initial apicid	: 2
fpu		: yes
fpu_exception	: yes
cpuid level	: 11
wp		: yes
flags		: fpu vme de pse tsc msr pae mce cx8 apic sep mtrr pge mca cmov pat pse36 clflush dts acpi mmx fxsr sse sse2 ss ht tm pbe syscall nx rdtscp lm constant_tsc arch_perfmon pebs bts rep_good nopl xtopology nonstop_tsc aperfmperf pni dtes64 monitor ds_cpl vmx est tm2 ssse3 cx16 xtpr pdcm sse4_1 sse4_2 popcnt lahf_lm tpr_shadow vnmi flexpriority ept vpid dtherm ida
bugs		:
bogomips	: 5345.96
clflush size	: 64
cache_alignment	: 64
address sizes	: 36 bits physical, 48 bits virtual
power management:

processor	: 2
vendor_id	: GenuineIntel
cpu family	: 6
model		: 26
model name	: Intel(R) Core(TM) i7 CPU         920  @ 2.67GHz
stepping	: 4
microcode	: 0xa
cpu MHz		: 2668.000
cache size	: 8192 KB
physical id	: 0
siblings	: 8
core id		: 2
cpu cores	: 4
apicid		: 4
initial apicid	: 4
fpu		: yes
fpu_exception	: yes
cpuid level	: 11
wp		: yes
flags		: fpu vme de pse tsc msr pae mce cx8 apic sep mtrr pge mca cmov pat pse36 clflush dts acpi mmx fxsr sse sse2 ss ht tm pbe syscall nx rdtscp lm constant_tsc arch_perfmon pebs bts rep_good nopl xtopology nonstop_tsc aperfmperf pni dtes64 monitor ds_cpl vmx est tm2 ssse3 cx16 xtpr pdcm sse4_1 sse4_2 popcnt lahf_lm tpr_shadow vnmi flexpriority ept vpid dtherm ida
bugs		:
bogomips	: 5345.96
clflush size	: 64
cache_alignment	: 64
address sizes	: 36 bits physical, 48 bits virtual
power management:

processor	: 3
vendor_id	: GenuineIntel
cpu family	: 6
model		: 26
model name	: Intel(R) Core(TM) i7 CPU         920  @ 2.67GHz
stepping	: 4
microcode	: 0xa
cpu MHz		: 1600.000
cache size	: 8192 KB
physical id	: 0
siblings	: 8
core id		: 3
cpu cores	: 4
apicid		: 6
initial apicid	: 6
fpu		: yes
fpu_exception	: yes
cpuid level	: 11
wp		: yes
flags		: fpu vme de pse tsc msr pae mce cx8 apic sep mtrr pge mca cmov pat pse36 clflush dts acpi mmx fxsr sse sse2 ss ht tm pbe syscall nx rdtscp lm constant_tsc arch_perfmon pebs bts rep_good nopl xtopology nonstop_tsc aperfmperf pni dtes64 monitor ds_cpl vmx est tm2 ssse3 cx16 xtpr pdcm sse4_1 sse4_2 popcnt lahf_lm tpr_shadow vnmi flexpriority ept vpid dtherm ida
bugs		:
bogomips	: 5345.96
clflush size	: 64
cache_alignment	: 64
address sizes	: 36 bits physical, 48 bits virtual
power management:

processor	: 4
vendor_id	: GenuineIntel
cpu family	: 6
model		: 26
model name	: Intel(R) Core(TM) i7 CPU         920  @ 2.67GHz
stepping	: 4
microcode	: 0xa
cpu MHz		: 2000.000
cache size	: 8192 KB
physical id	: 0
siblings	: 8
core id		: 0
cpu cores	: 4
apicid		: 1
initial apicid	: 1
fpu		: yes
fpu_exception	: yes
cpuid level	: 11
wp		: yes
flags		: fpu vme de pse tsc msr pae mce cx8 apic sep mtrr pge mca cmov pat pse36 clflush dts acpi mmx fxsr sse sse2 ss ht tm pbe syscall nx rdtscp lm constant_tsc arch_perfmon pebs bts rep_good nopl xtopology nonstop_tsc aperfmperf pni dtes64 monitor ds_cpl vmx est tm2 ssse3 cx16 xtpr pdcm sse4_1 sse4_2 popcnt lahf_lm tpr_shadow vnmi flexpriority ept vpid dtherm ida
bugs		:
bogomips	: 5345.96
clflush size	: 64
cache_alignment	: 64
address sizes	: 36 bits physical, 48 bits virtual
power management:

processor	: 5
vendor_id	: GenuineIntel
cpu family	: 6
model		: 26
model name	: Intel(R) Core(TM) i7 CPU         920  @ 2.67GHz
stepping	: 4
microcode	: 0xa
cpu MHz		: 2668.000
cache size	: 8192 KB
physical id	: 0
siblings	: 8
core id		: 1
cpu cores	: 4
apicid		: 3
initial apicid	: 3
fpu		: yes
fpu_exception	: yes
cpuid level	: 11
wp		: yes
flags		: fpu vme de pse tsc msr pae mce cx8 apic sep mtrr pge mca cmov pat pse36 clflush dts acpi mmx fxsr sse sse2 ss ht tm pbe syscall nx rdtscp lm constant_tsc arch_perfmon pebs bts rep_good nopl xtopology nonstop_tsc aperfmperf pni dtes64 monitor ds_cpl vmx est tm2 ssse3 cx16 xtpr pdcm sse4_1 sse4_2 popcnt lahf_lm tpr_shadow vnmi flexpriority ept vpid dtherm ida
bugs		:
bogomips	: 5345.96
clflush size	: 64
cache_alignment	: 64
address sizes	: 36 bits physical, 48 bits virtual
power management:

processor	: 6
vendor_id	: GenuineIntel
cpu family	: 6
model		: 26
model name	: Intel(R) Core(TM) i7 CPU         920  @ 2.67GHz
stepping	: 4
microcode	: 0xa
cpu MHz		: 1733.000
cache size	: 8192 KB
physical id	: 0
siblings	: 8
core id		: 2
cpu cores	: 4
apicid		: 5
initial apicid	: 5
fpu		: yes
fpu_exception	: yes
cpuid level	: 11
wp		: yes
flags		: fpu vme de pse tsc msr pae mce cx8 apic sep mtrr pge mca cmov pat pse36 clflush dts acpi mmx fxsr sse sse2 ss ht tm pbe syscall nx rdtscp lm constant_tsc arch_perfmon pebs bts rep_good nopl xtopology nonstop_tsc aperfmperf pni dtes64 monitor ds_cpl vmx est tm2 ssse3 cx16 xtpr pdcm sse4_1 sse4_2 popcnt lahf_lm tpr_shadow vnmi flexpriority ept vpid dtherm ida
bugs		:
bogomips	: 5345.96
clflush size	: 64
cache_alignment	: 64
address sizes	: 36 bits physical, 48 bits virtual
power management:

processor	: 7
vendor_id	: GenuineIntel
cpu family	: 6
model		: 26
model name	: Intel(R) Core(TM) i7 CPU         920  @ 2.67GHz
stepping	: 4
microcode	: 0xa
cpu MHz		: 1600.000
cache size	: 8192 KB
physical id	: 0
siblings	: 8
core id		: 3
cpu cores	: 4
apicid		: 7
initial apicid	: 7
fpu		: yes
fpu_exception	: yes
cpuid level	: 11
wp		: yes
flags		: fpu vme de pse tsc msr pae mce cx8 apic sep mtrr pge mca cmov pat pse36 clflush dts acpi mmx fxsr sse sse2 ss ht tm pbe syscall nx rdtscp lm constant_tsc arch_perfmon pebs bts rep_good nopl xtopology nonstop_tsc aperfmperf pni dtes64 monitor ds_cpl vmx est tm2 ssse3 cx16 xtpr pdcm sse4_1 sse4_2 popcnt lahf_lm tpr_shadow vnmi flexpriority ept vpid dtherm ida
bugs		:
bogomips	: 5345.96
clflush size	: 64
cache_alignment	: 64
address sizes	: 36 bits physical, 48 bits virtual
power management:



Memory: 4k page, physical 5068224k(1209304k free), swap 5232636k(5158280k free)

vm_info: Java HotSpot(TM) 64-Bit Server VM (25.141-b15) for linux-amd64 JRE (1.8.0_141-b15), built on Jul 12 2017 04:21:34 by "java_re" with gcc 4.3.0 20080428 (Red Hat 4.3.0-8)

time: Fri Jul 28 13:26:59 2017
elapsed time: 4 seconds (0d 0h 0m 4s)

