#
# A fatal error has been detected by the Java Runtime Environment:
#
#  SIGSEGV (0xb) at pc=0x00007fd6d0049d38, pid=16371, tid=0x00007fd6cda4d700
#
# JRE version: Java(TM) SE Runtime Environment (8.0_141-b15) (build 1.8.0_141-b15)
# Java VM: Java HotSpot(TM) 64-Bit Server VM (25.141-b15 mixed mode linux-amd64 compressed oops)
# Problematic frame:
# V  [libjvm.so+0x98ad38]  ParallelCompactData::calc_new_pointer(HeapWord*)+0x38
#
# Failed to write core dump. Core dumps have been disabled. To enable core dumping, try "ulimit -c unlimited" before starting Java again
#
# If you would like to submit a bug report, please visit:
#   http://bugreport.java.com/bugreport/crash.jsp
#

---------------  T H R E A D  ---------------

Current thread (0x00007fd6c8021000):  GCTaskThread [stack: 0x00007fd6cd94d000,0x00007fd6cda4e000] [id=16377]

siginfo: si_signo: 11 (SIGSEGV), si_code: 128 (SI_KERNEL), si_addr: 0x0000000000000000

Registers:
RAX=0x00009fffffffec0f, RBX=0x00057fd6d12ac078, RCX=0x0000000000000000, RDX=0x0000000000000037
RSP=0x00007fd6cda4cb20, RBP=0x00007fd6cda4cb50, RSI=0x0000000092bc12c0, RDI=0x00007fd6d0688e40
R8 =0x00007fd6c807c1d0, R9 =0x0000000000002509, R10=0x000000000000250a, R11=0x0000000000094280
R12=0x0000000092bc12c0, R13=0x00007fd6d0688e40, R14=0x0000000100034330, R15=0x0000000100034338
RIP=0x00007fd6d0049d38, EFLAGS=0x0000000000010206, CSGSFS=0x0000000000000033, ERR=0x0000000000000000
  TRAPNO=0x000000000000000d

Top of Stack: (sp=0x00007fd6cda4cb20)
0x00007fd6cda4cb20:   00007fd6cda4cb70 00007fd6cda4cb70
0x00007fd6cda4cb30:   00000000b2bc12a8 00007fd6d06557d0
0x00007fd6cda4cb40:   00000000b2bc12c0 0000000100034330
0x00007fd6cda4cb50:   00007fd6cda4cba0 00007fd6cfd0e3b3
0x00007fd6cda4cb60:   00007fd6cda4cba0 00000000b2bc1280
0x00007fd6cda4cb70:   00000040cda4cba0 0000000000038257
0x00007fd6cda4cb80:   0000000000038250 00007fd6d0688dc0
0x00007fd6cda4cb90:   0000000000001000 0000000000040000
0x00007fd6cda4cba0:   00007fd6cda4cbb0 00007fd6d0049e4e
0x00007fd6cda4cbb0:   00007fd6cda4cc20 00007fd6d0001297
0x00007fd6cda4cbc0:   000000000007ffff 00007fd6d063d928
0x00007fd6cda4cbd0:   00007fd6cda4cc90 00007fd6cda4cc50
0x00007fd6cda4cbe0:   0000000000040000 0000000000080000
0x00007fd6cda4cbf0:   0000000000002000 0000000000040000
0x00007fd6cda4cc00:   00007fd6cda4cc50 4122082441024411
0x00007fd6cda4cc10:   0000000000000004 0000000000000000
0x00007fd6cda4cc20:   00007fd6cda4ccf0 00007fd6d004c831
0x00007fd6cda4cc30:   00000000cda4cc40 00007fd6c807c1d0
0x00007fd6cda4cc40:   00000000b2a00000 0000000000000078
0x00007fd6cda4cc50:   00007fd6d062c5a0 00007fd6d0688dc0
0x00007fd6cda4cc60:   00007fd6c807c1d0 ffffffffffffffff
0x00007fd6cda4cc70:   0000000000000000 00007fd600000000
0x00007fd6cda4cc80:   00007fd6c8017d80 0000000000000001
0x00007fd6cda4cc90:   00007fd6d062c740 00007fd6d0688dc0
0x00007fd6cda4cca0:   00007fd6c807c1d0 ffffffffffffffff
0x00007fd6cda4ccb0:   0000000000000000 00007fd6c8017d80
0x00007fd6cda4ccc0:   00007fd6cda4ccf0 00007fd680058eb0
0x00007fd6cda4ccd0:   00007fd6c8021000 0000000000000001
0x00007fd6cda4cce0:   00007fd6c80216d0 00007fd6d0213fea
0x00007fd6cda4ccf0:   00007fd6cda4ce00 00007fd6cfc99ecf
0x00007fd6cda4cd00:   0000000000000000 00007fd6cda4cd40
0x00007fd6cda4cd10:   00007fd6cda4cdc0 0000000000000000 

Instructions: (pc=0x00007fd6d0049d38)
0x00007fd6d0049d18:   75 f8 48 83 ec 30 48 2b 07 49 89 fd 48 c1 e8 13
0x00007fd6d0049d28:   48 8d 04 80 48 8d 1c c5 00 00 00 00 48 03 5f 18
0x00007fd6d0049d38:   8b 43 1c 8b 53 18 4c 8b 33 25 ff ff ff 07 48 01
0x00007fd6d0049d48:   d0 48 3d 00 00 01 00 74 7f 0f b6 53 20 48 8b 04 

Register to memory mapping:

RAX=0x00009fffffffec0f is an unknown value
RBX=0x00057fd6d12ac078 is an unknown value
RCX=0x0000000000000000 is an unknown value
RDX=0x0000000000000037 is an unknown value
RSP=0x00007fd6cda4cb20 is an unknown value
RBP=0x00007fd6cda4cb50 is an unknown value
RSI=0x0000000092bc12c0 is an unknown value
RDI=0x00007fd6d0688e40: <offset 0xfc9e40> in /home/ojt/jdk1.8.0_141/jre/lib/amd64/server/libjvm.so at 0x00007fd6cf6bf000
R8 =0x00007fd6c807c1d0 is an unknown value
R9 =0x0000000000002509 is an unknown value
R10=0x000000000000250a is an unknown value
R11=0x0000000000094280 is an unknown value
R12=0x0000000092bc12c0 is an unknown value
R13=0x00007fd6d0688e40: <offset 0xfc9e40> in /home/ojt/jdk1.8.0_141/jre/lib/amd64/server/libjvm.so at 0x00007fd6cf6bf000
R14=0x0000000100034330 is pointing into metadata
R15=0x0000000100034338 is pointing into metadata


Stack: [0x00007fd6cd94d000,0x00007fd6cda4e000],  sp=0x00007fd6cda4cb20,  free space=1022k
Native frames: (J=compiled Java code, j=interpreted, Vv=VM code, C=native code)
V  [libjvm.so+0x98ad38]  ParallelCompactData::calc_new_pointer(HeapWord*)+0x38
V  [libjvm.so+0x64f3b3]  InstanceKlass::oop_update_pointers(ParCompactionManager*, oopDesc*)+0xb3
V  [libjvm.so+0x98ae4e]  UpdateOnlyClosure::do_addr(HeapWord*, unsigned long)+0x6e
V  [libjvm.so+0x942297]  ParMarkBitMap::iterate(ParMarkBitMapClosure*, ParMarkBitMapClosure*, unsigned long, unsigned long, unsigned long) const+0x157
V  [libjvm.so+0x98d831]  PSParallelCompact::update_and_deadwood_in_dense_prefix(ParCompactionManager*, PSParallelCompact::SpaceId, unsigned long, unsigned long)+0x2b1
V  [libjvm.so+0x5daecf]  GCTaskThread::run()+0x12f
V  [libjvm.so+0x92a338]  java_start(Thread*)+0x108


---------------  P R O C E S S  ---------------

Java Threads: ( => current thread )
  0x00007fd6c800a000 JavaThread "DestroyJavaVM" [_thread_blocked, id=16375, stack(0x00007fd6d11b0000,0x00007fd6d12b1000)]
  0x00007fd6c8423800 JavaThread "AWT-EventQueue-0" [_thread_blocked, id=16398, stack(0x00007fd6a1408000,0x00007fd6a1509000)]
  0x00007fd6c8422000 JavaThread "AWT-Shutdown" [_thread_blocked, id=16397, stack(0x00007fd6a1509000,0x00007fd6a160a000)]
  0x00007fd6c841d800 JavaThread "Image Fetcher 0" daemon [_thread_blocked, id=16396, stack(0x00007fd6a1845000,0x00007fd6a1946000)]
  0x00007fd6c837c000 JavaThread "AWT-XAWT" daemon [_thread_blocked, id=16395, stack(0x00007fd6a226f000,0x00007fd6a2370000)]
  0x00007fd6c8359800 JavaThread "Java2D Disposer" daemon [_thread_blocked, id=16394, stack(0x00007fd6a8094000,0x00007fd6a8195000)]
  0x00007fd6c80d2800 JavaThread "Service Thread" daemon [_thread_blocked, id=16392, stack(0x00007fd6a8769000,0x00007fd6a886a000)]
  0x00007fd6c80c7800 JavaThread "C1 CompilerThread3" daemon [_thread_blocked, id=16391, stack(0x00007fd6a886a000,0x00007fd6a896b000)]
  0x00007fd6c80c5000 JavaThread "C2 CompilerThread2" daemon [_thread_blocked, id=16390, stack(0x00007fd6a896b000,0x00007fd6a8a6c000)]
  0x00007fd6c80c3800 JavaThread "C2 CompilerThread1" daemon [_thread_blocked, id=16389, stack(0x00007fd6a8a6c000,0x00007fd6a8b6d000)]
  0x00007fd6c80c0800 JavaThread "C2 CompilerThread0" daemon [_thread_blocked, id=16388, stack(0x00007fd6a8b6d000,0x00007fd6a8c6e000)]
  0x00007fd6c80bf000 JavaThread "Signal Dispatcher" daemon [_thread_blocked, id=16387, stack(0x00007fd6a8c6e000,0x00007fd6a8d6f000)]
  0x00007fd6c808c000 JavaThread "Finalizer" daemon [_thread_blocked, id=16386, stack(0x00007fd6a9047000,0x00007fd6a9148000)]
  0x00007fd6c8087800 JavaThread "Reference Handler" daemon [_thread_blocked, id=16385, stack(0x00007fd6a9148000,0x00007fd6a9249000)]

Other Threads:
  0x00007fd6c8080000 VMThread [stack: 0x00007fd6a9249000,0x00007fd6a934a000] [id=16384]
  0x00007fd6c80d5800 WatcherThread [stack: 0x00007fd6a8668000,0x00007fd6a8769000] [id=16393]

=>0x00007fd6c8021000 (exited) GCTaskThread [stack: 0x00007fd6cd94d000,0x00007fd6cda4e000] [id=16377]

VM state:at safepoint (normal execution)

VM Mutex/Monitor currently owned by a thread:  ([mutex/lock_event])
[0x00007fd6c8006650] Threads_lock - owner thread: 0x00007fd6c8080000
[0x00007fd6c8006b50] Heap_lock - owner thread: 0x00007fd6c8423800

Heap:
 PSYoungGen      total 84992K, used 3054K [0x00000000e6380000, 0x00000000ef300000, 0x0000000100000000)
  eden space 81920K, 0% used [0x00000000e6380000,0x00000000e6380000,0x00000000eb380000)
  from space 3072K, 99% used [0x00000000eb380000,0x00000000eb67b808,0x00000000eb680000)
  to   space 23552K, 0% used [0x00000000edc00000,0x00000000edc00000,0x00000000ef300000)
 ParOldGen       total 46592K, used 35430K [0x00000000b2a00000, 0x00000000b5780000, 0x00000000e6380000)
  object space 46592K, 76% used [0x00000000b2a00000,0x00000000b4c99a20,0x00000000b5780000)
 Metaspace       used 29482K, capacity 29750K, committed 29952K, reserved 1075200K
  class space    used 3639K, capacity 3737K, committed 3840K, reserved 1048576K

Card table byte_map: [0x00007fd6cdcec000,0x00007fd6cdf58000] byte_map_base: 0x00007fd6cd757000

Marking Bits: (ParMarkBitMap*) 0x00007fd6d0688dc0
 Begin Bits: [0x00007fd6a9950000, 0x00007fd6aaca8000)
 End Bits:   [0x00007fd6aaca8000, 0x00007fd6ac000000)

Polling page: 0x00007fd6d12d8000

CodeCache: size=245760Kb used=5994Kb max_used=5994Kb free=239765Kb
 bounds [0x00007fd6b9000000, 0x00007fd6b95f0000, 0x00007fd6c8000000]
 total_blobs=2552 nmethods=1910 adapters=556
 compilation: enabled

Compilation events (10 events):
Event: 1.987 Thread 0x00007fd6c80c7800 1905       3       java.io.FileInputStream::read (8 bytes)
Event: 1.987 Thread 0x00007fd6c80c7800 nmethod 1905 0x00007fd6b95cccd0 code [0x00007fd6b95cce40, 0x00007fd6b95ccfc8]
Event: 1.987 Thread 0x00007fd6c80c7800 1907       3       java.io.FilterInputStream::read (9 bytes)
Event: 1.987 Thread 0x00007fd6c80c7800 nmethod 1907 0x00007fd6b95cc890 code [0x00007fd6b95cca00, 0x00007fd6b95ccc28]
Event: 1.988 Thread 0x00007fd6c80c7800 1909       3       java.util.zip.InflaterInputStream::fill (60 bytes)
Event: 1.988 Thread 0x00007fd6c80c7800 nmethod 1909 0x00007fd6b95d5790 code [0x00007fd6b95d5960, 0x00007fd6b95d5e38]
Event: 1.988 Thread 0x00007fd6c80c7800 1910   !   3       java.util.zip.Inflater::getBytesWritten (23 bytes)
Event: 1.988 Thread 0x00007fd6c80c7800 nmethod 1910 0x00007fd6b95d51d0 code [0x00007fd6b95d5340, 0x00007fd6b95d5668]
Event: 1.988 Thread 0x00007fd6c80c7800 1911       3       java.util.zip.CRC32::update (51 bytes)
Event: 1.989 Thread 0x00007fd6c80c7800 nmethod 1911 0x00007fd6b95d4a90 code [0x00007fd6b95d4c40, 0x00007fd6b95d5028]

GC Heap History (10 events):
Event: 0.991 GC heap after
Heap after GC invocations=2 (full 0):
 PSYoungGen      total 44032K, used 3060K [0x00000000e6380000, 0x00000000e9180000, 0x0000000100000000)
  eden space 40960K, 0% used [0x00000000e6380000,0x00000000e6380000,0x00000000e8b80000)
  from space 3072K, 99% used [0x00000000e8e80000,0x00000000e917d180,0x00000000e9180000)
  to   space 3072K, 0% used [0x00000000e8b80000,0x00000000e8b80000,0x00000000e8e80000)
 ParOldGen       total 53248K, used 10062K [0x00000000b2a00000, 0x00000000b5e00000, 0x00000000e6380000)
  object space 53248K, 18% used [0x00000000b2a00000,0x00000000b33d3b40,0x00000000b5e00000)
 Metaspace       used 19690K, capacity 19910K, committed 20096K, reserved 1067008K
  class space    used 2316K, capacity 2405K, committed 2432K, reserved 1048576K
}
Event: 1.071 GC heap before
{Heap before GC invocations=3 (full 0):
 PSYoungGen      total 44032K, used 9509K [0x00000000e6380000, 0x00000000e9180000, 0x0000000100000000)
  eden space 40960K, 15% used [0x00000000e6380000,0x00000000e69cc590,0x00000000e8b80000)
  from space 3072K, 99% used [0x00000000e8e80000,0x00000000e917d180,0x00000000e9180000)
  to   space 3072K, 0% used [0x00000000e8b80000,0x00000000e8b80000,0x00000000e8e80000)
 ParOldGen       total 53248K, used 10062K [0x00000000b2a00000, 0x00000000b5e00000, 0x00000000e6380000)
  object space 53248K, 18% used [0x00000000b2a00000,0x00000000b33d3b40,0x00000000b5e00000)
 Metaspace       used 20929K, capacity 21126K, committed 21248K, reserved 1069056K
  class space    used 2455K, capacity 2533K, committed 2560K, reserved 1048576K
Event: 1.077 GC heap after
Heap after GC invocations=3 (full 0):
 PSYoungGen      total 44032K, used 3053K [0x00000000e6380000, 0x00000000eb980000, 0x0000000100000000)
  eden space 40960K, 0% used [0x00000000e6380000,0x00000000e6380000,0x00000000e8b80000)
  from space 3072K, 99% used [0x00000000e8b80000,0x00000000e8e7b6d0,0x00000000e8e80000)
  to   space 3072K, 0% used [0x00000000eb680000,0x00000000eb680000,0x00000000eb980000)
 ParOldGen       total 53248K, used 10617K [0x00000000b2a00000, 0x00000000b5e00000, 0x00000000e6380000)
  object space 53248K, 19% used [0x00000000b2a00000,0x00000000b345e470,0x00000000b5e00000)
 Metaspace       used 20929K, capacity 21126K, committed 21248K, reserved 1069056K
  class space    used 2455K, capacity 2533K, committed 2560K, reserved 1048576K
}
Event: 1.077 GC heap before
{Heap before GC invocations=4 (full 1):
 PSYoungGen      total 44032K, used 3053K [0x00000000e6380000, 0x00000000eb980000, 0x0000000100000000)
  eden space 40960K, 0% used [0x00000000e6380000,0x00000000e6380000,0x00000000e8b80000)
  from space 3072K, 99% used [0x00000000e8b80000,0x00000000e8e7b6d0,0x00000000e8e80000)
  to   space 3072K, 0% used [0x00000000eb680000,0x00000000eb680000,0x00000000eb980000)
 ParOldGen       total 53248K, used 10617K [0x00000000b2a00000, 0x00000000b5e00000, 0x00000000e6380000)
  object space 53248K, 19% used [0x00000000b2a00000,0x00000000b345e470,0x00000000b5e00000)
 Metaspace       used 20929K, capacity 21126K, committed 21248K, reserved 1069056K
  class space    used 2455K, capacity 2533K, committed 2560K, reserved 1048576K
Event: 1.105 GC heap after
Heap after GC invocations=4 (full 1):
 PSYoungGen      total 44032K, used 0K [0x00000000e6380000, 0x00000000eb980000, 0x0000000100000000)
  eden space 40960K, 0% used [0x00000000e6380000,0x00000000e6380000,0x00000000e8b80000)
  from space 3072K, 0% used [0x00000000e8b80000,0x00000000e8b80000,0x00000000e8e80000)
  to   space 3072K, 0% used [0x00000000eb680000,0x00000000eb680000,0x00000000eb980000)
 ParOldGen       total 46592K, used 7610K [0x00000000b2a00000, 0x00000000b5780000, 0x00000000e6380000)
  object space 46592K, 16% used [0x00000000b2a00000,0x00000000b316e848,0x00000000b5780000)
 Metaspace       used 20929K, capacity 21126K, committed 21248K, reserved 1069056K
  class space    used 2455K, capacity 2533K, committed 2560K, reserved 1048576K
}
Event: 1.511 GC heap before
{Heap before GC invocations=5 (full 1):
 PSYoungGen      total 44032K, used 40960K [0x00000000e6380000, 0x00000000eb980000, 0x0000000100000000)
  eden space 40960K, 100% used [0x00000000e6380000,0x00000000e8b80000,0x00000000e8b80000)
  from space 3072K, 0% used [0x00000000e8b80000,0x00000000e8b80000,0x00000000e8e80000)
  to   space 3072K, 0% used [0x00000000eb680000,0x00000000eb680000,0x00000000eb980000)
 ParOldGen       total 46592K, used 7610K [0x00000000b2a00000, 0x00000000b5780000, 0x00000000e6380000)
  object space 46592K, 16% used [0x00000000b2a00000,0x00000000b316e848,0x00000000b5780000)
 Metaspace       used 24717K, capacity 25002K, committed 25216K, reserved 1071104K
  class space    used 3025K, capacity 3157K, committed 3200K, reserved 1048576K
Event: 1.525 GC heap after
Heap after GC invocations=5 (full 1):
 PSYoungGen      total 67072K, used 3072K [0x00000000e6380000, 0x00000000eb980000, 0x0000000100000000)
  eden space 64000K, 0% used [0x00000000e6380000,0x00000000e6380000,0x00000000ea200000)
  from space 3072K, 100% used [0x00000000eb680000,0x00000000eb980000,0x00000000eb980000)
  to   space 3072K, 0% used [0x00000000eb380000,0x00000000eb380000,0x00000000eb680000)
 ParOldGen       total 46592K, used 15546K [0x00000000b2a00000, 0x00000000b5780000, 0x00000000e6380000)
  object space 46592K, 33% used [0x00000000b2a00000,0x00000000b392eb30,0x00000000b5780000)
 Metaspace       used 24717K, capacity 25002K, committed 25216K, reserved 1071104K
  class space    used 3025K, capacity 3157K, committed 3200K, reserved 1048576K
}
Event: 1.990 GC heap before
{Heap before GC invocations=6 (full 1):
 PSYoungGen      total 67072K, used 66918K [0x00000000e6380000, 0x00000000eb980000, 0x0000000100000000)
  eden space 64000K, 99% used [0x00000000e6380000,0x00000000ea1d9ae8,0x00000000ea200000)
  from space 3072K, 100% used [0x00000000eb680000,0x00000000eb980000,0x00000000eb980000)
  to   space 3072K, 0% used [0x00000000eb380000,0x00000000eb380000,0x00000000eb680000)
 ParOldGen       total 46592K, used 15546K [0x00000000b2a00000, 0x00000000b5780000, 0x00000000e6380000)
  object space 46592K, 33% used [0x00000000b2a00000,0x00000000b392eb30,0x00000000b5780000)
 Metaspace       used 29482K, capacity 29750K, committed 29952K, reserved 1075200K
  class space    used 3639K, capacity 3737K, committed 3840K, reserved 1048576K
Event: 2.006 GC heap after
Heap after GC invocations=6 (full 1):
 PSYoungGen      total 84992K, used 3054K [0x00000000e6380000, 0x00000000ef300000, 0x0000000100000000)
  eden space 81920K, 0% used [0x00000000e6380000,0x00000000e6380000,0x00000000eb380000)
  from space 3072K, 99% used [0x00000000eb380000,0x00000000eb67b808,0x00000000eb680000)
  to   space 23552K, 0% used [0x00000000edc00000,0x00000000edc00000,0x00000000ef300000)
 ParOldGen       total 46592K, used 35430K [0x00000000b2a00000, 0x00000000b5780000, 0x00000000e6380000)
  object space 46592K, 76% used [0x00000000b2a00000,0x00000000b4c99a20,0x00000000b5780000)
 Metaspace       used 29482K, capacity 29750K, committed 29952K, reserved 1075200K
  class space    used 3639K, capacity 3737K, committed 3840K, reserved 1048576K
}
Event: 2.006 GC heap before
{Heap before GC invocations=7 (full 2):
 PSYoungGen      total 84992K, used 3054K [0x00000000e6380000, 0x00000000ef300000, 0x0000000100000000)
  eden space 81920K, 0% used [0x00000000e6380000,0x00000000e6380000,0x00000000eb380000)
  from space 3072K, 99% used [0x00000000eb380000,0x00000000eb67b808,0x00000000eb680000)
  to   space 23552K, 0% used [0x00000000edc00000,0x00000000edc00000,0x00000000ef300000)
 ParOldGen       total 46592K, used 35430K [0x00000000b2a00000, 0x00000000b5780000, 0x00000000e6380000)
  object space 46592K, 76% used [0x00000000b2a00000,0x00000000b4c99a20,0x00000000b5780000)
 Metaspace       used 29482K, capacity 29750K, committed 29952K, reserved 1075200K
  class space    used 3639K, capacity 3737K, committed 3840K, reserved 1048576K

Deoptimization events (10 events):
Event: 1.928 Thread 0x00007fd6c8423800 Uncommon trap: reason=bimorphic action=maybe_recompile pc=0x00007fd6b94901dc method=java.util.HashMap.putVal(ILjava/lang/Object;Ljava/lang/Object;ZZ)Ljava/lang/Object; @ 253
Event: 1.928 Thread 0x00007fd6c8423800 Uncommon trap: reason=bimorphic action=maybe_recompile pc=0x00007fd6b94901dc method=java.util.HashMap.putVal(ILjava/lang/Object;Ljava/lang/Object;ZZ)Ljava/lang/Object; @ 253
Event: 1.969 Thread 0x00007fd6c8423800 Uncommon trap: reason=class_check action=maybe_recompile pc=0x00007fd6b94a7b0c method=java.util.regex.Pattern$Curly.match(Ljava/util/regex/Matcher;ILjava/lang/CharSequence;)Z @ 19
Event: 1.969 Thread 0x00007fd6c8423800 Uncommon trap: reason=class_check action=maybe_recompile pc=0x00007fd6b94a7b0c method=java.util.regex.Pattern$Curly.match(Ljava/util/regex/Matcher;ILjava/lang/CharSequence;)Z @ 19
Event: 1.970 Thread 0x00007fd6c8423800 Uncommon trap: reason=class_check action=maybe_recompile pc=0x00007fd6b94a7b0c method=java.util.regex.Pattern$Curly.match(Ljava/util/regex/Matcher;ILjava/lang/CharSequence;)Z @ 19
Event: 1.970 Thread 0x00007fd6c8423800 Uncommon trap: reason=class_check action=maybe_recompile pc=0x00007fd6b94a7b0c method=java.util.regex.Pattern$Curly.match(Ljava/util/regex/Matcher;ILjava/lang/CharSequence;)Z @ 19
Event: 1.980 Thread 0x00007fd6c8423800 Uncommon trap: reason=class_check action=maybe_recompile pc=0x00007fd6b955b4a8 method=java.util.zip.InflaterInputStream.read([BII)I @ 100
Event: 1.980 Thread 0x00007fd6c8423800 Uncommon trap: reason=class_check action=maybe_recompile pc=0x00007fd6b955b4a8 method=java.util.zip.InflaterInputStream.read([BII)I @ 100
Event: 1.980 Thread 0x00007fd6c8423800 Uncommon trap: reason=class_check action=maybe_recompile pc=0x00007fd6b955b4a8 method=java.util.zip.InflaterInputStream.read([BII)I @ 100
Event: 1.980 Thread 0x00007fd6c8423800 Uncommon trap: reason=class_check action=maybe_recompile pc=0x00007fd6b955b4a8 method=java.util.zip.InflaterInputStream.read([BII)I @ 100

Internal exceptions (10 events):
Event: 0.352 Thread 0x00007fd6c800a000 Exception <a 'java/lang/ClassNotFoundException': ToolTip> (0x00000000e68fc718) thrown at [/HUDSON3/workspace/8-2-build-linux-amd64/jdk8u141/9370/hotspot/src/share/vm/classfile/systemDictionary.cpp, line 210]
Event: 0.353 Thread 0x00007fd6c800a000 Exception <a 'java/lang/ClassNotFoundException': Tree> (0x00000000e68fd338) thrown at [/HUDSON3/workspace/8-2-build-linux-amd64/jdk8u141/9370/hotspot/src/share/vm/classfile/systemDictionary.cpp, line 210]
Event: 0.353 Thread 0x00007fd6c800a000 Exception <a 'java/lang/ClassNotFoundException': Tree> (0x00000000e68fda78) thrown at [/HUDSON3/workspace/8-2-build-linux-amd64/jdk8u141/9370/hotspot/src/share/vm/classfile/systemDictionary.cpp, line 210]
Event: 0.353 Thread 0x00007fd6c800a000 Exception <a 'java/lang/ClassNotFoundException': javax/swing/JTreeCell> (0x00000000e68fddf8) thrown at [/HUDSON3/workspace/8-2-build-linux-amd64/jdk8u141/9370/hotspot/src/share/vm/classfile/systemDictionary.cpp, line 210]
Event: 0.353 Thread 0x00007fd6c800a000 Exception <a 'java/lang/ClassNotFoundException': TreeCell> (0x00000000e68fe280) thrown at [/HUDSON3/workspace/8-2-build-linux-amd64/jdk8u141/9370/hotspot/src/share/vm/classfile/systemDictionary.cpp, line 210]
Event: 0.353 Thread 0x00007fd6c800a000 Exception <a 'java/lang/ClassNotFoundException': RootPane> (0x00000000e68fece0) thrown at [/HUDSON3/workspace/8-2-build-linux-amd64/jdk8u141/9370/hotspot/src/share/vm/classfile/systemDictionary.cpp, line 210]
Event: 0.379 Thread 0x00007fd6c800a000 Implicit null exception at 0x00007fd6b91b5533 to 0x00007fd6b91b5939
Event: 0.380 Thread 0x00007fd6c800a000 Implicit null exception at 0x00007fd6b91bdef4 to 0x00007fd6b91be2d9
Event: 0.924 Thread 0x00007fd6c8423800 Implicit null exception at 0x00007fd6b9232a2f to 0x00007fd6b9233249
Event: 1.233 Thread 0x00007fd6c8423800 Exception <a 'java/lang/NoClassDefFoundError': javax/validation/Validation> (0x00000000e6b2b640) thrown at [/HUDSON3/workspace/8-2-build-linux-amd64/jdk8u141/9370/hotspot/src/share/vm/classfile/systemDictionary.cpp, line 199]

Events (10 events):
Event: 1.980 Thread 0x00007fd6c8423800 Uncommon trap: trap_request=0xffffffde fr.pc=0x00007fd6b955b4a8
Event: 1.980 Thread 0x00007fd6c8423800 DEOPT PACKING pc=0x00007fd6b955b4a8 sp=0x00007fd6a1506090
Event: 1.980 Thread 0x00007fd6c8423800 DEOPT UNPACKING pc=0x00007fd6b9005229 sp=0x00007fd6a15060a8 mode 2
Event: 1.980 Thread 0x00007fd6c8423800 Uncommon trap: trap_request=0xffffffde fr.pc=0x00007fd6b955b4a8
Event: 1.980 Thread 0x00007fd6c8423800 DEOPT PACKING pc=0x00007fd6b955b4a8 sp=0x00007fd6a1506090
Event: 1.980 Thread 0x00007fd6c8423800 DEOPT UNPACKING pc=0x00007fd6b9005229 sp=0x00007fd6a15060a8 mode 2
Event: 1.980 Thread 0x00007fd6c8423800 Uncommon trap: trap_request=0xffffffde fr.pc=0x00007fd6b955b4a8
Event: 1.980 Thread 0x00007fd6c8423800 DEOPT PACKING pc=0x00007fd6b955b4a8 sp=0x00007fd6a1506090
Event: 1.980 Thread 0x00007fd6c8423800 DEOPT UNPACKING pc=0x00007fd6b9005229 sp=0x00007fd6a15060a8 mode 2
Event: 1.990 Executing VM operation: ParallelGCFailedAllocation


Dynamic libraries:
00400000-00401000 r-xp 00000000 08:01 27923979                           /home/ojt/jdk1.8.0_141/jre/bin/java
00600000-00601000 rw-p 00000000 08:01 27923979                           /home/ojt/jdk1.8.0_141/jre/bin/java
00f60000-00f81000 rw-p 00000000 00:00 0                                  [heap]
b2a00000-b5780000 rw-p 00000000 00:00 0 
b5780000-e6380000 ---p 00000000 00:00 0 
e6380000-ef300000 rw-p 00000000 00:00 0 
ef300000-100000000 ---p 00000000 00:00 0 
100000000-1003c0000 rw-p 00000000 00:00 0 
1003c0000-140000000 ---p 00000000 00:00 0 
7fd6539b9000-7fd653b39000 rw-p 00000000 00:00 0 
7fd653b39000-7fd653bb9000 ---p 00000000 00:00 0 
7fd653bb9000-7fd653db9000 rw-p 00000000 00:00 0 
7fd653db9000-7fd653deb000 r-xp 00000000 08:01 27660397                   /home/ojt/jdk1.8.0_141/jre/lib/amd64/libsunec.so
7fd653deb000-7fd653fea000 ---p 00032000 08:01 27660397                   /home/ojt/jdk1.8.0_141/jre/lib/amd64/libsunec.so
7fd653fea000-7fd653ff0000 rw-p 00031000 08:01 27660397                   /home/ojt/jdk1.8.0_141/jre/lib/amd64/libsunec.so
7fd653ff0000-7fd654000000 rw-p 00000000 00:00 0 
7fd654000000-7fd654021000 rw-p 00000000 00:00 0 
7fd654021000-7fd658000000 ---p 00000000 00:00 0 
7fd658000000-7fd6586bc000 rw-p 00000000 00:00 0 
7fd6586bc000-7fd65c000000 ---p 00000000 00:00 0 
7fd65c000000-7fd65c021000 rw-p 00000000 00:00 0 
7fd65c021000-7fd660000000 ---p 00000000 00:00 0 
7fd660000000-7fd66003a000 rw-p 00000000 00:00 0 
7fd66003a000-7fd664000000 ---p 00000000 00:00 0 
7fd664000000-7fd664021000 rw-p 00000000 00:00 0 
7fd664021000-7fd668000000 ---p 00000000 00:00 0 
7fd668000000-7fd668021000 rw-p 00000000 00:00 0 
7fd668021000-7fd66c000000 ---p 00000000 00:00 0 
7fd66c000000-7fd66c547000 rw-p 00000000 00:00 0 
7fd66c547000-7fd670000000 ---p 00000000 00:00 0 
7fd670000000-7fd670021000 rw-p 00000000 00:00 0 
7fd670021000-7fd674000000 ---p 00000000 00:00 0 
7fd674000000-7fd674a23000 rw-p 00000000 00:00 0 
7fd674a23000-7fd678000000 ---p 00000000 00:00 0 
7fd678000000-7fd6784cd000 rw-p 00000000 00:00 0 
7fd6784cd000-7fd67c000000 ---p 00000000 00:00 0 
7fd67c000000-7fd67c021000 rw-p 00000000 00:00 0 
7fd67c021000-7fd680000000 ---p 00000000 00:00 0 
7fd680000000-7fd68098a000 rw-p 00000000 00:00 0 
7fd68098a000-7fd684000000 ---p 00000000 00:00 0 
7fd684000000-7fd684021000 rw-p 00000000 00:00 0 
7fd684021000-7fd688000000 ---p 00000000 00:00 0 
7fd688000000-7fd688021000 rw-p 00000000 00:00 0 
7fd688021000-7fd68c000000 ---p 00000000 00:00 0 
7fd68c000000-7fd68c021000 rw-p 00000000 00:00 0 
7fd68c021000-7fd690000000 ---p 00000000 00:00 0 
7fd690000000-7fd690021000 rw-p 00000000 00:00 0 
7fd690021000-7fd694000000 ---p 00000000 00:00 0 
7fd694000000-7fd694021000 rw-p 00000000 00:00 0 
7fd694021000-7fd698000000 ---p 00000000 00:00 0 
7fd698000000-7fd698021000 rw-p 00000000 00:00 0 
7fd698021000-7fd69c000000 ---p 00000000 00:00 0 
7fd69c000000-7fd69c021000 rw-p 00000000 00:00 0 
7fd69c021000-7fd6a0000000 ---p 00000000 00:00 0 
7fd6a0153000-7fd6a0353000 rw-p 00000000 00:00 0 
7fd6a0353000-7fd6a0553000 rw-p 00000000 00:00 0 
7fd6a0553000-7fd6a055e000 r--s 00000000 08:01 42729579                   /var/cache/fontconfig/945677eb7aeaf62f1d50efc3fb3ec7d8-le64.cache-6
7fd6a055e000-7fd6a0560000 r--s 00000000 08:01 42729581                   /var/cache/fontconfig/99e8ed0e538f840c565b6ed5dad60d56-le64.cache-6
7fd6a0560000-7fd6a0566000 r--s 00000000 08:01 42729550                   /var/cache/fontconfig/2cd17615ca594fa2959ae173292e504c-le64.cache-6
7fd6a0566000-7fd6a0567000 r--s 00000000 08:01 42729543                   /var/cache/fontconfig/0d8c3b2ac0904cb8a57a757ad11a4a08-le64.cache-6
7fd6a0567000-7fd6a057c000 r--s 00000000 08:01 42729540                   /var/cache/fontconfig/04aabc0a78ac019cf9454389977116d2-le64.cache-6
7fd6a057c000-7fd6a057d000 r--s 00000000 08:01 42729547                   /var/cache/fontconfig/1ac9eb803944fde146138c791f5cc56a-le64.cache-6
7fd6a057d000-7fd6a0581000 r--s 00000000 08:01 42729555                   /var/cache/fontconfig/385c0604a188198f04d133e54aba7fe7-le64.cache-6
7fd6a0581000-7fd6a0582000 r--s 00000000 08:01 42729600                   /var/cache/fontconfig/dc05db6664285cc2f12bf69c139ae4c3-le64.cache-6
7fd6a0582000-7fd6a0584000 r--s 00000000 08:01 42729544                   /var/cache/fontconfig/14a5e22175779b556eaa434240950366-le64.cache-6
7fd6a0584000-7fd6a0585000 r--s 00000000 08:01 42729571                   /var/cache/fontconfig/660208299946a285a940457d1287da33-le64.cache-6
7fd6a0585000-7fd6a0587000 r--s 00000000 08:01 42729562                   /var/cache/fontconfig/4f3e3037c9980c83b53a9351efadef62-le64.cache-6
7fd6a0587000-7fd6a058a000 r--s 00000000 08:01 42729575                   /var/cache/fontconfig/767a8244fc0220cfb567a839d0392e0b-le64.cache-6
7fd6a058a000-7fd6a058b000 r--s 00000000 08:01 42734349                   /var/cache/fontconfig/4794a0821666d79190d59a36cb4f44b5-le64.cache-6
7fd6a058b000-7fd6a05cb000 r--s 00000000 08:01 42729541                   /var/cache/fontconfig/0bd3dc0958fa2205aaaa8ebb13e2872b-le64.cache-6
7fd6a05cb000-7fd6a05d0000 r--s 00000000 08:01 42729578                   /var/cache/fontconfig/8801497958630a81b71ace7c5f9b32a8-le64.cache-6
7fd6a05d0000-7fd6a05d3000 r--s 00000000 08:01 42729584                   /var/cache/fontconfig/a015930274ffcd967d2ca1b57da47cc7-le64.cache-6
7fd6a05d3000-7fd6a05d4000 r--s 00000000 08:01 42729588                   /var/cache/fontconfig/b872e6e592da6075ffa4ab0a1fcc0c75-le64.cache-6
7fd6a05d4000-7fd6a05d5000 r--s 00000000 08:01 42729605                   /var/cache/fontconfig/f6d4eedfaab2589bde49f7a3ff831d22-le64.cache-6
7fd6a05d5000-7fd6a05d6000 r--s 00000000 08:01 42729569                   /var/cache/fontconfig/589f83ef4c36d296ce6e1c846f468f08-le64.cache-6
7fd6a05d6000-7fd6a05d7000 r--s 00000000 08:01 42729590                   /var/cache/fontconfig/bab58bb527bb656aaa9f116d68a48d89-le64.cache-6
7fd6a05d7000-7fd6a05d8000 r--s 00000000 08:01 42729548                   /var/cache/fontconfig/2171a34dccabdb6bcbbc728186263178-le64.cache-6
7fd6a05d8000-7fd6a05d9000 r--s 00000000 08:01 42729591                   /var/cache/fontconfig/c5c45a61289222e0d30b1a26ef4effbe-le64.cache-6
7fd6a05d9000-7fd6a05da000 r--s 00000000 08:01 42729586                   /var/cache/fontconfig/aec30016f93e1b46d1a973dce0d74068-le64.cache-6
7fd6a05da000-7fd6a05db000 r--s 00000000 08:01 42729556                   /var/cache/fontconfig/3f589640d34b7dc9042c8d453f7c8b9c-le64.cache-6
7fd6a05db000-7fd6a05dc000 r--s 00000000 08:01 42729545                   /var/cache/fontconfig/16c2fda60d1b4b719f4b3d06fd951d25-le64.cache-6
7fd6a05dc000-7fd6a05dd000 r--s 00000000 08:01 42729585                   /var/cache/fontconfig/a48eab177a16e4f3713381162db2f3e9-le64.cache-6
7fd6a05dd000-7fd6a05de000 r--s 00000000 08:01 42729565                   /var/cache/fontconfig/564b2e68ac9bc4e36a6f7f6d6125ec1c-le64.cache-6
7fd6a05de000-7fd6a05e5000 r--s 00000000 08:01 42729551                   /var/cache/fontconfig/3047814df9a2f067bd2d96a2b9c36e5a-le64.cache-6
7fd6a05e5000-7fd6a05e6000 r--s 00000000 08:01 42729566                   /var/cache/fontconfig/56cf4f4769d0f4abc89a4895d7bd3ae1-le64.cache-6
7fd6a05e6000-7fd6a05e7000 r--s 00000000 08:01 42729589                   /var/cache/fontconfig/b9d506c9ac06c20b433354fa67a72993-le64.cache-6
7fd6a05e7000-7fd6a05ed000 r--s 00000000 08:01 42729587                   /var/cache/fontconfig/b47c4e1ecd0709278f4910c18777a504-le64.cache-6
7fd6a05ed000-7fd6a0600000 r--s 00000000 08:01 42729597                   /var/cache/fontconfig/d52a8644073d54c13679302ca1180695-le64.cache-6
7fd6a0600000-7fd6a0601000 r--s 00000000 08:01 42729553                   /var/cache/fontconfig/370e5b74bf5dafc30834de68e24a87a4-le64.cache-6
7fd6a0601000-7fd6a0602000 r--s 00000000 08:01 42729573                   /var/cache/fontconfig/6b2c5944714ca7831b25bed9e85cb5c8-le64.cache-6
7fd6a0602000-7fd6a0603000 r--s 00000000 08:01 42729596                   /var/cache/fontconfig/d5178ab6d91b49bf20a416737dcea9e8-le64.cache-6
7fd6a0603000-7fd6a0606000 r--s 00000000 08:01 42729604                   /var/cache/fontconfig/f259c2cffa685e28062317905db73c4a-le64.cache-6
7fd6a0606000-7fd6a0611000 r--s 00000000 08:01 42729598                   /var/cache/fontconfig/d589a48862398ed80a3d6066f4f56f4c-le64.cache-6
7fd6a07c1000-7fd6a07d4000 r--s 00345000 08:01 25568126                   /home/ojt/jdk1.8.0_141/jre/lib/resources.jar
7fd6a07d4000-7fd6a09d4000 rw-p 00000000 00:00 0 
7fd6a09d4000-7fd6a0bd4000 rw-p 00000000 00:00 0 
7fd6a0bd4000-7fd6a0c3d000 r-xp 00000000 08:01 27660752                   /home/ojt/jdk1.8.0_141/jre/lib/amd64/libt2k.so
7fd6a0c3d000-7fd6a0e3d000 ---p 00069000 08:01 27660752                   /home/ojt/jdk1.8.0_141/jre/lib/amd64/libt2k.so
7fd6a0e3d000-7fd6a0e44000 rw-p 00069000 08:01 27660752                   /home/ojt/jdk1.8.0_141/jre/lib/amd64/libt2k.so
7fd6a0e44000-7fd6a0e54000 rw-p 00000000 00:00 0 
7fd6a0f66000-7fd6a1166000 rw-p 00000000 00:00 0 
7fd6a1166000-7fd6a1167000 r--s 00000000 08:01 42729564                   /var/cache/fontconfig/551ecf3b0e8b0bca0f25c0944f561853-le64.cache-6
7fd6a1167000-7fd6a1169000 r--s 00000000 08:01 42729563                   /var/cache/fontconfig/550f3886151c940c12a5ed35f6a00586-le64.cache-6
7fd6a1169000-7fd6a116c000 r--s 00000000 08:01 42729572                   /var/cache/fontconfig/674d1711f2d1d2a09646eb0bdcadee49-le64.cache-6
7fd6a116c000-7fd6a116d000 r--s 00000000 08:01 42729552                   /var/cache/fontconfig/30829fa25452a46451e813d634d7f916-le64.cache-6
7fd6a116d000-7fd6a116e000 r--s 00000000 08:01 42729542                   /var/cache/fontconfig/0c9eb80ebd1c36541ebe2852d3bb0c49-le64.cache-6
7fd6a116e000-7fd6a116f000 r--s 00000000 08:01 42729549                   /var/cache/fontconfig/22368d551a680bfe5a62c02760edf4ea-le64.cache-6
7fd6a116f000-7fd6a1181000 r--s 00000000 08:01 42729582                   /var/cache/fontconfig/9b89f8e3dae116d678bbf48e5f21f69b-le64.cache-6
7fd6a1181000-7fd6a118a000 r--s 00000000 08:01 42729594                   /var/cache/fontconfig/d0972c3d32f097851eb916381fc38920-le64.cache-6
7fd6a1193000-7fd6a1199000 r--s 0003f000 08:01 27798781                   /home/ojt/jdk1.8.0_141/jre/lib/ext/sunjce_provider.jar
7fd6a1199000-7fd6a119b000 r--s 00009000 08:01 27798853                   /home/ojt/jdk1.8.0_141/jre/lib/ext/sunec.jar
7fd6a119b000-7fd6a119f000 r--s 0009a000 08:01 25568140                   /home/ojt/jdk1.8.0_141/jre/lib/jsse.jar
7fd6a119f000-7fd6a11a2000 r--s 0001a000 08:01 25568148                   /home/ojt/jdk1.8.0_141/jre/lib/jce.jar
7fd6a11a2000-7fd6a11ad000 r--s 00000000 08:01 42729579                   /var/cache/fontconfig/945677eb7aeaf62f1d50efc3fb3ec7d8-le64.cache-6
7fd6a11ad000-7fd6a11c2000 r--s 00000000 08:01 42729540                   /var/cache/fontconfig/04aabc0a78ac019cf9454389977116d2-le64.cache-6
7fd6a11c2000-7fd6a1202000 r--s 00000000 08:01 42729541                   /var/cache/fontconfig/0bd3dc0958fa2205aaaa8ebb13e2872b-le64.cache-6
7fd6a1202000-7fd6a1203000 r--s 00000000 08:01 42729561                   /var/cache/fontconfig/4d9c95eba1cb85bbcf2878543262124a-le64.cache-6
7fd6a1203000-7fd6a1204000 r--s 00000000 08:01 42729577                   /var/cache/fontconfig/85e0a52ce643a7ba2ae53e5d6949cead-le64.cache-6
7fd6a1204000-7fd6a1205000 r--s 00000000 08:01 42729558                   /var/cache/fontconfig/49f0de54bdd920fe4f0dfd4cbac43e6b-le64.cache-6
7fd6a1205000-7fd6a1208000 r--s 00000000 08:01 42729642                   /var/cache/fontconfig/e13b20fdb08344e0e664864cc2ede53d-le64.cache-6
7fd6a1208000-7fd6a1408000 rw-p 00000000 00:00 0 
7fd6a1408000-7fd6a140b000 ---p 00000000 00:00 0 
7fd6a140b000-7fd6a1509000 rw-p 00000000 00:00 0 
7fd6a1509000-7fd6a150c000 ---p 00000000 00:00 0 
7fd6a150c000-7fd6a160a000 rw-p 00000000 00:00 0 
7fd6a160a000-7fd6a1645000 r-xp 00000000 08:01 27660401                   /home/ojt/jdk1.8.0_141/jre/lib/amd64/libjpeg.so
7fd6a1645000-7fd6a1844000 ---p 0003b000 08:01 27660401                   /home/ojt/jdk1.8.0_141/jre/lib/amd64/libjpeg.so
7fd6a1844000-7fd6a1845000 rw-p 0003a000 08:01 27660401                   /home/ojt/jdk1.8.0_141/jre/lib/amd64/libjpeg.so
7fd6a1845000-7fd6a1848000 ---p 00000000 00:00 0 
7fd6a1848000-7fd6a1b46000 rw-p 00000000 00:00 0 
7fd6a1b46000-7fd6a1b57000 r-xp 00000000 08:01 27660750                   /home/ojt/jdk1.8.0_141/jre/lib/amd64/libnio.so
7fd6a1b57000-7fd6a1d56000 ---p 00011000 08:01 27660750                   /home/ojt/jdk1.8.0_141/jre/lib/amd64/libnio.so
7fd6a1d56000-7fd6a1d57000 rw-p 00010000 08:01 27660750                   /home/ojt/jdk1.8.0_141/jre/lib/amd64/libnio.so
7fd6a1d57000-7fd6a2058000 rw-p 00000000 00:00 0 
7fd6a2058000-7fd6a206e000 r-xp 00000000 08:01 27660751                   /home/ojt/jdk1.8.0_141/jre/lib/amd64/libnet.so
7fd6a206e000-7fd6a226e000 ---p 00016000 08:01 27660751                   /home/ojt/jdk1.8.0_141/jre/lib/amd64/libnet.so
7fd6a226e000-7fd6a226f000 rw-p 00016000 08:01 27660751                   /home/ojt/jdk1.8.0_141/jre/lib/amd64/libnet.so
7fd6a226f000-7fd6a2272000 ---p 00000000 00:00 0 
7fd6a2272000-7fd6a2370000 rw-p 00000000 00:00 0 
7fd6a2370000-7fd6a2375000 r-xp 00000000 08:01 27010428                   /usr/lib/x86_64-linux-gnu/libXfixes.so.3.1.0
7fd6a2375000-7fd6a2574000 ---p 00005000 08:01 27010428                   /usr/lib/x86_64-linux-gnu/libXfixes.so.3.1.0
7fd6a2574000-7fd6a2575000 r--p 00004000 08:01 27010428                   /usr/lib/x86_64-linux-gnu/libXfixes.so.3.1.0
7fd6a2575000-7fd6a2576000 rw-p 00005000 08:01 27010428                   /usr/lib/x86_64-linux-gnu/libXfixes.so.3.1.0
7fd6a2576000-7fd6a257f000 r-xp 00000000 08:01 27010418                   /usr/lib/x86_64-linux-gnu/libXcursor.so.1.0.2
7fd6a257f000-7fd6a277e000 ---p 00009000 08:01 27010418                   /usr/lib/x86_64-linux-gnu/libXcursor.so.1.0.2
7fd6a277e000-7fd6a277f000 r--p 00008000 08:01 27010418                   /usr/lib/x86_64-linux-gnu/libXcursor.so.1.0.2
7fd6a277f000-7fd6a2780000 rw-p 00009000 08:01 27010418                   /usr/lib/x86_64-linux-gnu/libXcursor.so.1.0.2
7fd6a2780000-7fd6a2796000 r-xp 00000000 08:01 33559007                   /lib/x86_64-linux-gnu/libgcc_s.so.1
7fd6a2796000-7fd6a2995000 ---p 00016000 08:01 33559007                   /lib/x86_64-linux-gnu/libgcc_s.so.1
7fd6a2995000-7fd6a2996000 rw-p 00015000 08:01 33559007                   /lib/x86_64-linux-gnu/libgcc_s.so.1
7fd6a2996000-7fd6a29fb000 r-xp 00000000 08:01 27659653                   /home/ojt/jdk1.8.0_141/jre/lib/amd64/libfontmanager.so
7fd6a29fb000-7fd6a2bfa000 ---p 00065000 08:01 27659653                   /home/ojt/jdk1.8.0_141/jre/lib/amd64/libfontmanager.so
7fd6a2bfa000-7fd6a2bff000 rw-p 00064000 08:01 27659653                   /home/ojt/jdk1.8.0_141/jre/lib/amd64/libfontmanager.so
7fd6a2bff000-7fd6a2c0f000 rw-p 00000000 00:00 0 
7fd6a2c0f000-7fd6a2c14000 r-xp 00000000 08:01 27010424                   /usr/lib/x86_64-linux-gnu/libXdmcp.so.6.0.0
7fd6a2c14000-7fd6a2e13000 ---p 00005000 08:01 27010424                   /usr/lib/x86_64-linux-gnu/libXdmcp.so.6.0.0
7fd6a2e13000-7fd6a2e14000 r--p 00004000 08:01 27010424                   /usr/lib/x86_64-linux-gnu/libXdmcp.so.6.0.0
7fd6a2e14000-7fd6a2e15000 rw-p 00005000 08:01 27010424                   /usr/lib/x86_64-linux-gnu/libXdmcp.so.6.0.0
7fd6a2e15000-7fd6a2e17000 r-xp 00000000 08:01 27010411                   /usr/lib/x86_64-linux-gnu/libXau.so.6.0.0
7fd6a2e17000-7fd6a3017000 ---p 00002000 08:01 27010411                   /usr/lib/x86_64-linux-gnu/libXau.so.6.0.0
7fd6a3017000-7fd6a3018000 r--p 00002000 08:01 27010411                   /usr/lib/x86_64-linux-gnu/libXau.so.6.0.0
7fd6a3018000-7fd6a3019000 rw-p 00003000 08:01 27010411                   /usr/lib/x86_64-linux-gnu/libXau.so.6.0.0
7fd6a3019000-7fd6a303a000 r-xp 00000000 08:01 27011897                   /usr/lib/x86_64-linux-gnu/libxcb.so.1.1.0
7fd6a303a000-7fd6a3239000 ---p 00021000 08:01 27011897                   /usr/lib/x86_64-linux-gnu/libxcb.so.1.1.0
7fd6a3239000-7fd6a323a000 r--p 00020000 08:01 27011897                   /usr/lib/x86_64-linux-gnu/libxcb.so.1.1.0
7fd6a323a000-7fd6a323b000 rw-p 00021000 08:01 27011897                   /usr/lib/x86_64-linux-gnu/libxcb.so.1.1.0
7fd6a323b000-7fd6a324a000 r-xp 00000000 08:01 27010434                   /usr/lib/x86_64-linux-gnu/libXi.so.6.1.0
7fd6a324a000-7fd6a3449000 ---p 0000f000 08:01 27010434                   /usr/lib/x86_64-linux-gnu/libXi.so.6.1.0
7fd6a3449000-7fd6a344a000 r--p 0000e000 08:01 27010434                   /usr/lib/x86_64-linux-gnu/libXi.so.6.1.0
7fd6a344a000-7fd6a344b000 rw-p 0000f000 08:01 27010434                   /usr/lib/x86_64-linux-gnu/libXi.so.6.1.0
7fd6a344b000-7fd6a3450000 r-xp 00000000 08:01 27010452                   /usr/lib/x86_64-linux-gnu/libXtst.so.6.1.0
7fd6a3450000-7fd6a364f000 ---p 00005000 08:01 27010452                   /usr/lib/x86_64-linux-gnu/libXtst.so.6.1.0
7fd6a364f000-7fd6a3650000 r--p 00004000 08:01 27010452                   /usr/lib/x86_64-linux-gnu/libXtst.so.6.1.0
7fd6a3650000-7fd6a3651000 rw-p 00005000 08:01 27010452                   /usr/lib/x86_64-linux-gnu/libXtst.so.6.1.0
7fd6a3651000-7fd6a365a000 r-xp 00000000 08:01 27010446                   /usr/lib/x86_64-linux-gnu/libXrender.so.1.3.0
7fd6a365a000-7fd6a3859000 ---p 00009000 08:01 27010446                   /usr/lib/x86_64-linux-gnu/libXrender.so.1.3.0
7fd6a3859000-7fd6a385a000 r--p 00008000 08:01 27010446                   /usr/lib/x86_64-linux-gnu/libXrender.so.1.3.0
7fd6a385a000-7fd6a385b000 rw-p 00009000 08:01 27010446                   /usr/lib/x86_64-linux-gnu/libXrender.so.1.3.0
7fd6a385b000-7fd6a3990000 r-xp 00000000 08:01 27010405                   /usr/lib/x86_64-linux-gnu/libX11.so.6.3.0
7fd6a3990000-7fd6a3b90000 ---p 00135000 08:01 27010405                   /usr/lib/x86_64-linux-gnu/libX11.so.6.3.0
7fd6a3b90000-7fd6a3b91000 r--p 00135000 08:01 27010405                   /usr/lib/x86_64-linux-gnu/libX11.so.6.3.0
7fd6a3b91000-7fd6a3b95000 rw-p 00136000 08:01 27010405                   /usr/lib/x86_64-linux-gnu/libX11.so.6.3.0
7fd6a3b95000-7fd6a3ba6000 r-xp 00000000 08:01 27010426                   /usr/lib/x86_64-linux-gnu/libXext.so.6.4.0
7fd6a3ba6000-7fd6a3da5000 ---p 00011000 08:01 27010426                   /usr/lib/x86_64-linux-gnu/libXext.so.6.4.0
7fd6a3da5000-7fd6a3da6000 r--p 00010000 08:01 27010426                   /usr/lib/x86_64-linux-gnu/libXext.so.6.4.0
7fd6a3da6000-7fd6a3da7000 rw-p 00011000 08:01 27010426                   /usr/lib/x86_64-linux-gnu/libXext.so.6.4.0
7fd6a3da7000-7fd6a3dfb000 r-xp 00000000 08:01 27659865                   /home/ojt/jdk1.8.0_141/jre/lib/amd64/libawt_xawt.so
7fd6a3dfb000-7fd6a3ffb000 ---p 00054000 08:01 27659865                   /home/ojt/jdk1.8.0_141/jre/lib/amd64/libawt_xawt.so
7fd6a3ffb000-7fd6a3fff000 rw-p 00054000 08:01 27659865                   /home/ojt/jdk1.8.0_141/jre/lib/amd64/libawt_xawt.so
7fd6a3fff000-7fd6a4000000 rw-p 00000000 00:00 0 
7fd6a4000000-7fd6a428e000 rw-p 00000000 00:00 0 
7fd6a428e000-7fd6a8000000 ---p 00000000 00:00 0 
7fd6a8000000-7fd6a8001000 r--s 00000000 08:01 42729606                   /var/cache/fontconfig/f6e6e0a5c3d2f6ae0c0c2e0ecd42a997-le64.cache-6
7fd6a8001000-7fd6a8002000 r--s 00000000 08:01 42729559                   /var/cache/fontconfig/4b2eda6bb976bda485cb2176619421d5-le64.cache-6
7fd6a8002000-7fd6a8006000 r--s 00000000 08:01 42729567                   /var/cache/fontconfig/7ef2298fde41cc6eeb7af42e48b7d293-le64.cache-6
7fd6a8006000-7fd6a8008000 r--s 00000000 08:01 42729581                   /var/cache/fontconfig/99e8ed0e538f840c565b6ed5dad60d56-le64.cache-6
7fd6a8008000-7fd6a800e000 r--s 00000000 08:01 42729550                   /var/cache/fontconfig/2cd17615ca594fa2959ae173292e504c-le64.cache-6
7fd6a800e000-7fd6a800f000 r--s 00000000 08:01 42729543                   /var/cache/fontconfig/0d8c3b2ac0904cb8a57a757ad11a4a08-le64.cache-6
7fd6a800f000-7fd6a8010000 r--s 00000000 08:01 42729547                   /var/cache/fontconfig/1ac9eb803944fde146138c791f5cc56a-le64.cache-6
7fd6a8010000-7fd6a8014000 r--s 00000000 08:01 42729555                   /var/cache/fontconfig/385c0604a188198f04d133e54aba7fe7-le64.cache-6
7fd6a8014000-7fd6a8015000 r--s 00000000 08:01 42729600                   /var/cache/fontconfig/dc05db6664285cc2f12bf69c139ae4c3-le64.cache-6
7fd6a8015000-7fd6a8017000 r--s 00000000 08:01 42729544                   /var/cache/fontconfig/14a5e22175779b556eaa434240950366-le64.cache-6
7fd6a8017000-7fd6a8018000 r--s 00000000 08:01 42729571                   /var/cache/fontconfig/660208299946a285a940457d1287da33-le64.cache-6
7fd6a8018000-7fd6a801a000 r--s 00000000 08:01 42729562                   /var/cache/fontconfig/4f3e3037c9980c83b53a9351efadef62-le64.cache-6
7fd6a801a000-7fd6a801d000 r--s 00000000 08:01 42729575                   /var/cache/fontconfig/767a8244fc0220cfb567a839d0392e0b-le64.cache-6
7fd6a801d000-7fd6a801e000 r--s 00000000 08:01 42734349                   /var/cache/fontconfig/4794a0821666d79190d59a36cb4f44b5-le64.cache-6
7fd6a801e000-7fd6a8023000 r--s 00000000 08:01 42729578                   /var/cache/fontconfig/8801497958630a81b71ace7c5f9b32a8-le64.cache-6
7fd6a8023000-7fd6a8026000 r--s 00000000 08:01 42729584                   /var/cache/fontconfig/a015930274ffcd967d2ca1b57da47cc7-le64.cache-6
7fd6a8026000-7fd6a8027000 r--s 00000000 08:01 42729588                   /var/cache/fontconfig/b872e6e592da6075ffa4ab0a1fcc0c75-le64.cache-6
7fd6a8027000-7fd6a8028000 r--s 00000000 08:01 42729605                   /var/cache/fontconfig/f6d4eedfaab2589bde49f7a3ff831d22-le64.cache-6
7fd6a8028000-7fd6a8029000 r--s 00000000 08:01 42729569                   /var/cache/fontconfig/589f83ef4c36d296ce6e1c846f468f08-le64.cache-6
7fd6a8029000-7fd6a802a000 r--s 00000000 08:01 42729590                   /var/cache/fontconfig/bab58bb527bb656aaa9f116d68a48d89-le64.cache-6
7fd6a802a000-7fd6a802b000 r--s 00000000 08:01 42729548                   /var/cache/fontconfig/2171a34dccabdb6bcbbc728186263178-le64.cache-6
7fd6a802b000-7fd6a802c000 r--s 00000000 08:01 42729591                   /var/cache/fontconfig/c5c45a61289222e0d30b1a26ef4effbe-le64.cache-6
7fd6a802c000-7fd6a802d000 r--s 00000000 08:01 42729586                   /var/cache/fontconfig/aec30016f93e1b46d1a973dce0d74068-le64.cache-6
7fd6a802d000-7fd6a802e000 r--s 00000000 08:01 42729556                   /var/cache/fontconfig/3f589640d34b7dc9042c8d453f7c8b9c-le64.cache-6
7fd6a802e000-7fd6a802f000 r--s 00000000 08:01 42729545                   /var/cache/fontconfig/16c2fda60d1b4b719f4b3d06fd951d25-le64.cache-6
7fd6a802f000-7fd6a8030000 r--s 00000000 08:01 42729585                   /var/cache/fontconfig/a48eab177a16e4f3713381162db2f3e9-le64.cache-6
7fd6a8030000-7fd6a8031000 r--s 00000000 08:01 42729565                   /var/cache/fontconfig/564b2e68ac9bc4e36a6f7f6d6125ec1c-le64.cache-6
7fd6a8031000-7fd6a8038000 r--s 00000000 08:01 42729551                   /var/cache/fontconfig/3047814df9a2f067bd2d96a2b9c36e5a-le64.cache-6
7fd6a8038000-7fd6a8039000 r--s 00000000 08:01 42729566                   /var/cache/fontconfig/56cf4f4769d0f4abc89a4895d7bd3ae1-le64.cache-6
7fd6a8039000-7fd6a803a000 r--s 00000000 08:01 42729589                   /var/cache/fontconfig/b9d506c9ac06c20b433354fa67a72993-le64.cache-6
7fd6a803a000-7fd6a8040000 r--s 00000000 08:01 42729587                   /var/cache/fontconfig/b47c4e1ecd0709278f4910c18777a504-le64.cache-6
7fd6a8040000-7fd6a8053000 r--s 00000000 08:01 42729597                   /var/cache/fontconfig/d52a8644073d54c13679302ca1180695-le64.cache-6
7fd6a8053000-7fd6a8054000 r--s 00000000 08:01 42729553                   /var/cache/fontconfig/370e5b74bf5dafc30834de68e24a87a4-le64.cache-6
7fd6a8054000-7fd6a8055000 r--s 00000000 08:01 42729573                   /var/cache/fontconfig/6b2c5944714ca7831b25bed9e85cb5c8-le64.cache-6
7fd6a8055000-7fd6a8056000 r--s 00000000 08:01 42729596                   /var/cache/fontconfig/d5178ab6d91b49bf20a416737dcea9e8-le64.cache-6
7fd6a8056000-7fd6a8057000 r--s 00000000 08:01 42729564                   /var/cache/fontconfig/551ecf3b0e8b0bca0f25c0944f561853-le64.cache-6
7fd6a8057000-7fd6a805a000 r--s 00000000 08:01 42729604                   /var/cache/fontconfig/f259c2cffa685e28062317905db73c4a-le64.cache-6
7fd6a805a000-7fd6a805c000 r--s 00000000 08:01 42729563                   /var/cache/fontconfig/550f3886151c940c12a5ed35f6a00586-le64.cache-6
7fd6a805c000-7fd6a805f000 r--s 00000000 08:01 42729572                   /var/cache/fontconfig/674d1711f2d1d2a09646eb0bdcadee49-le64.cache-6
7fd6a805f000-7fd6a806a000 r--s 00000000 08:01 42729598                   /var/cache/fontconfig/d589a48862398ed80a3d6066f4f56f4c-le64.cache-6
7fd6a806a000-7fd6a806b000 r--s 00000000 08:01 42729552                   /var/cache/fontconfig/30829fa25452a46451e813d634d7f916-le64.cache-6
7fd6a806b000-7fd6a806c000 r--s 00000000 08:01 42729542                   /var/cache/fontconfig/0c9eb80ebd1c36541ebe2852d3bb0c49-le64.cache-6
7fd6a806c000-7fd6a806d000 r--s 00000000 08:01 42729549                   /var/cache/fontconfig/22368d551a680bfe5a62c02760edf4ea-le64.cache-6
7fd6a806d000-7fd6a806e000 r--s 00000000 08:01 42729561                   /var/cache/fontconfig/4d9c95eba1cb85bbcf2878543262124a-le64.cache-6
7fd6a806e000-7fd6a806f000 r--s 00000000 08:01 42729577                   /var/cache/fontconfig/85e0a52ce643a7ba2ae53e5d6949cead-le64.cache-6
7fd6a806f000-7fd6a8070000 r--s 00000000 08:01 42729558                   /var/cache/fontconfig/49f0de54bdd920fe4f0dfd4cbac43e6b-le64.cache-6
7fd6a8070000-7fd6a8071000 r--s 00000000 08:01 42729606                   /var/cache/fontconfig/f6e6e0a5c3d2f6ae0c0c2e0ecd42a997-le64.cache-6
7fd6a8071000-7fd6a8072000 r--s 00000000 08:01 42729559                   /var/cache/fontconfig/4b2eda6bb976bda485cb2176619421d5-le64.cache-6
7fd6a8072000-7fd6a8084000 r--s 00000000 08:01 42729582                   /var/cache/fontconfig/9b89f8e3dae116d678bbf48e5f21f69b-le64.cache-6
7fd6a8084000-7fd6a808d000 r--s 00000000 08:01 42729594                   /var/cache/fontconfig/d0972c3d32f097851eb916381fc38920-le64.cache-6
7fd6a808d000-7fd6a8090000 r--s 00000000 08:01 42729642                   /var/cache/fontconfig/e13b20fdb08344e0e664864cc2ede53d-le64.cache-6
7fd6a8090000-7fd6a8094000 r--s 00000000 08:01 42729567                   /var/cache/fontconfig/7ef2298fde41cc6eeb7af42e48b7d293-le64.cache-6
7fd6a8094000-7fd6a8097000 ---p 00000000 00:00 0 
7fd6a8097000-7fd6a8195000 rw-p 00000000 00:00 0 
7fd6a8195000-7fd6a8237000 r-xp 00000000 08:01 27660753                   /home/ojt/jdk1.8.0_141/jre/lib/amd64/libawt.so
7fd6a8237000-7fd6a8437000 ---p 000a2000 08:01 27660753                   /home/ojt/jdk1.8.0_141/jre/lib/amd64/libawt.so
7fd6a8437000-7fd6a8443000 rw-p 000a2000 08:01 27660753                   /home/ojt/jdk1.8.0_141/jre/lib/amd64/libawt.so
7fd6a8443000-7fd6a8467000 rw-p 00000000 00:00 0 
7fd6a8467000-7fd6a846c000 r--s 002f8000 08:01 25568131                   /home/ojt/jdk1.8.0_141/jre/lib/charsets.jar
7fd6a846c000-7fd6a84aa000 r--s 0025d000 08:01 34605036                   /home/ojt/png_temp/develop/JavaDB/lib/xmlbeans-2.6.0.jar
7fd6a84aa000-7fd6a8564000 r--s 004e0000 08:01 34605035                   /home/ojt/png_temp/develop/JavaDB/lib/poi-ooxml-schemas-3.16.jar
7fd6a8564000-7fd6a8577000 r--s 0014c000 08:01 34605034                   /home/ojt/png_temp/develop/JavaDB/lib/poi-ooxml-3.16.jar
7fd6a8577000-7fd6a85a3000 r--s 00263000 08:01 34605033                   /home/ojt/png_temp/develop/JavaDB/lib/poi-3.16.jar
7fd6a85a3000-7fd6a85a7000 r--s 0003f000 08:01 34604982                   /home/ojt/png_temp/develop/JavaDB/lib/derbynet.jar
7fd6a85a7000-7fd6a85ad000 r--s 0008a000 08:01 34604981                   /home/ojt/png_temp/develop/JavaDB/lib/derbyclient.jar
7fd6a85ad000-7fd6a85b0000 r--s 00019000 08:01 34604980                   /home/ojt/png_temp/develop/JavaDB/lib/derbyLocale_zh_TW.jar
7fd6a85b0000-7fd6a85b2000 r--s 00019000 08:01 34604979                   /home/ojt/png_temp/develop/JavaDB/lib/derbyLocale_zh_CN.jar
7fd6a85b2000-7fd6a85b4000 r--s 0001c000 08:01 34604978                   /home/ojt/png_temp/develop/JavaDB/lib/derbyLocale_ru.jar
7fd6a85b4000-7fd6a85b7000 r--s 00014000 08:01 34604977                   /home/ojt/png_temp/develop/JavaDB/lib/derbyLocale_pt_BR.jar
7fd6a85b7000-7fd6a85b9000 r--s 00015000 08:01 34604976                   /home/ojt/png_temp/develop/JavaDB/lib/derbyLocale_pl.jar
7fd6a85b9000-7fd6a85bb000 r--s 0001b000 08:01 34604975                   /home/ojt/png_temp/develop/JavaDB/lib/derbyLocale_ko_KR.jar
7fd6a85bb000-7fd6a85be000 r--s 0001c000 08:01 34604974                   /home/ojt/png_temp/develop/JavaDB/lib/derbyLocale_ja_JP.jar
7fd6a85be000-7fd6a85ec000 r--s 002e7000 08:01 34604966                   /home/ojt/png_temp/develop/JavaDB/lib/derby.jar
7fd6a85ec000-7fd6a8668000 r--s 0079b000 08:01 35396760                   /home/ojt/png_temp/develop/JavaDB/lib/eclipselink/eclipselink.jar
7fd6a8668000-7fd6a8669000 ---p 00000000 00:00 0 
7fd6a8669000-7fd6a8769000 rw-p 00000000 00:00 0 
7fd6a8769000-7fd6a876c000 ---p 00000000 00:00 0 
7fd6a876c000-7fd6a886a000 rw-p 00000000 00:00 0 
7fd6a886a000-7fd6a886d000 ---p 00000000 00:00 0 
7fd6a886d000-7fd6a896b000 rw-p 00000000 00:00 0 
7fd6a896b000-7fd6a896e000 ---p 00000000 00:00 0 
7fd6a896e000-7fd6a8a6c000 rw-p 00000000 00:00 0 
7fd6a8a6c000-7fd6a8a6f000 ---p 00000000 00:00 0 
7fd6a8a6f000-7fd6a8b6d000 rw-p 00000000 00:00 0 
7fd6a8b6d000-7fd6a8b70000 ---p 00000000 00:00 0 
7fd6a8b70000-7fd6a8c6e000 rw-p 00000000 00:00 0 
7fd6a8c6e000-7fd6a8c71000 ---p 00000000 00:00 0 
7fd6a8c71000-7fd6a8d6f000 rw-p 00000000 00:00 0 
7fd6a8d6f000-7fd6a9047000 r--p 00000000 08:01 27004540                   /usr/lib/locale/locale-archive
7fd6a9047000-7fd6a904a000 ---p 00000000 00:00 0 
7fd6a904a000-7fd6a9148000 rw-p 00000000 00:00 0 
7fd6a9148000-7fd6a914b000 ---p 00000000 00:00 0 
7fd6a914b000-7fd6a9249000 rw-p 00000000 00:00 0 
7fd6a9249000-7fd6a924a000 ---p 00000000 00:00 0 
7fd6a924a000-7fd6ac000000 rw-p 00000000 00:00 0 
7fd6ac000000-7fd6ac021000 rw-p 00000000 00:00 0 
7fd6ac021000-7fd6b0000000 ---p 00000000 00:00 0 
7fd6b0000000-7fd6b0021000 rw-p 00000000 00:00 0 
7fd6b0021000-7fd6b4000000 ---p 00000000 00:00 0 
7fd6b4000000-7fd6b4021000 rw-p 00000000 00:00 0 
7fd6b4021000-7fd6b8000000 ---p 00000000 00:00 0 
7fd6b8000000-7fd6b8002000 r--s 00018000 08:01 34604973                   /home/ojt/png_temp/develop/JavaDB/lib/derbyLocale_it.jar
7fd6b8002000-7fd6b8004000 r--s 00016000 08:01 34604972                   /home/ojt/png_temp/develop/JavaDB/lib/derbyLocale_hu.jar
7fd6b8004000-7fd6b8006000 r--s 0001a000 08:01 34604971                   /home/ojt/png_temp/develop/JavaDB/lib/derbyLocale_fr.jar
7fd6b8006000-7fd6b8008000 r--s 00018000 08:01 34604970                   /home/ojt/png_temp/develop/JavaDB/lib/derbyLocale_es.jar
7fd6b8008000-7fd6b800b000 r--s 00015000 08:01 34604968                   /home/ojt/png_temp/develop/JavaDB/lib/derbyLocale_cs.jar
7fd6b800b000-7fd6b801b000 r--s 000a8000 08:01 34605031                   /home/ojt/png_temp/develop/JavaDB/lib/commons-collections4-4.1.jar
7fd6b801b000-7fd6b8022000 r--s 0003f000 08:01 34605030                   /home/ojt/png_temp/develop/JavaDB/lib/commons-codec-1.10.jar
7fd6b8022000-7fd6b8029000 r--s 00094000 08:01 35396765                   /home/ojt/png_temp/develop/JavaDB/lib/beans-binding/beansbinding-1.2.1.jar
7fd6b8029000-7fd6b8046000 r--s 00131000 08:01 35396762                   /home/ojt/png_temp/develop/JavaDB/lib/eclipselink/org.eclipse.persistence.jpa.jpql_2.5.2.v20140319-9ad6abd.jar
7fd6b8046000-7fd6b804c000 r--s 00023000 08:01 35396761                   /home/ojt/png_temp/develop/JavaDB/lib/eclipselink/javax.persistence_2.1.0.v201304241213.jar
7fd6b804c000-7fd6b9000000 rw-p 00000000 00:00 0 
7fd6b9000000-7fd6b95f0000 rwxp 00000000 00:00 0 
7fd6b95f0000-7fd6c8000000 ---p 00000000 00:00 0 
7fd6c8000000-7fd6c852c000 rw-p 00000000 00:00 0 
7fd6c852c000-7fd6cc000000 ---p 00000000 00:00 0 
7fd6cc000000-7fd6cc002000 r--s 0001a000 08:01 34604969                   /home/ojt/png_temp/develop/JavaDB/lib/derbyLocale_de_DE.jar
7fd6cc002000-7fd6cc68c000 rw-p 00000000 00:00 0 
7fd6cc68c000-7fd6cc866000 r--s 03d4d000 08:01 25568149                   /home/ojt/jdk1.8.0_141/jre/lib/rt.jar
7fd6cc866000-7fd6cd347000 rw-p 00000000 00:00 0 
7fd6cd347000-7fd6cd348000 ---p 00000000 00:00 0 
7fd6cd348000-7fd6cd448000 rw-p 00000000 00:00 0 
7fd6cd448000-7fd6cd449000 ---p 00000000 00:00 0 
7fd6cd449000-7fd6cd549000 rw-p 00000000 00:00 0 
7fd6cd549000-7fd6cd54a000 ---p 00000000 00:00 0 
7fd6cd54a000-7fd6cd64a000 rw-p 00000000 00:00 0 
7fd6cd64a000-7fd6cd64b000 ---p 00000000 00:00 0 
7fd6cd64b000-7fd6cd74b000 rw-p 00000000 00:00 0 
7fd6cd74b000-7fd6cd74c000 ---p 00000000 00:00 0 
7fd6cd74c000-7fd6cd84c000 rw-p 00000000 00:00 0 
7fd6cd84c000-7fd6cd84d000 ---p 00000000 00:00 0 
7fd6cd84d000-7fd6cd94d000 rw-p 00000000 00:00 0 
7fd6cd94d000-7fd6cd94e000 ---p 00000000 00:00 0 
7fd6cd94e000-7fd6cda4e000 rw-p 00000000 00:00 0 
7fd6cda4e000-7fd6cda4f000 ---p 00000000 00:00 0 
7fd6cda4f000-7fd6cdb66000 rw-p 00000000 00:00 0 
7fd6cdb66000-7fd6cdcec000 ---p 00000000 00:00 0 
7fd6cdcec000-7fd6cdd03000 rw-p 00000000 00:00 0 
7fd6cdd03000-7fd6cde88000 ---p 00000000 00:00 0 
7fd6cde88000-7fd6cded1000 rw-p 00000000 00:00 0 
7fd6cded1000-7fd6cdf57000 ---p 00000000 00:00 0 
7fd6cdf57000-7fd6cdf70000 rw-p 00000000 00:00 0 
7fd6cdf70000-7fd6ce318000 ---p 00000000 00:00 0 
7fd6ce318000-7fd6ce332000 r-xp 00000000 08:01 27660749                   /home/ojt/jdk1.8.0_141/jre/lib/amd64/libzip.so
7fd6ce332000-7fd6ce532000 ---p 0001a000 08:01 27660749                   /home/ojt/jdk1.8.0_141/jre/lib/amd64/libzip.so
7fd6ce532000-7fd6ce533000 rw-p 0001a000 08:01 27660749                   /home/ojt/jdk1.8.0_141/jre/lib/amd64/libzip.so
7fd6ce533000-7fd6ce53e000 r-xp 00000000 08:01 33559323                   /lib/x86_64-linux-gnu/libnss_files-2.23.so
7fd6ce53e000-7fd6ce73d000 ---p 0000b000 08:01 33559323                   /lib/x86_64-linux-gnu/libnss_files-2.23.so
7fd6ce73d000-7fd6ce73e000 r--p 0000a000 08:01 33559323                   /lib/x86_64-linux-gnu/libnss_files-2.23.so
7fd6ce73e000-7fd6ce73f000 rw-p 0000b000 08:01 33559323                   /lib/x86_64-linux-gnu/libnss_files-2.23.so
7fd6ce73f000-7fd6ce745000 rw-p 00000000 00:00 0 
7fd6ce745000-7fd6ce750000 r-xp 00000000 08:01 33559316                   /lib/x86_64-linux-gnu/libnss_nis-2.23.so
7fd6ce750000-7fd6ce94f000 ---p 0000b000 08:01 33559316                   /lib/x86_64-linux-gnu/libnss_nis-2.23.so
7fd6ce94f000-7fd6ce950000 r--p 0000a000 08:01 33559316                   /lib/x86_64-linux-gnu/libnss_nis-2.23.so
7fd6ce950000-7fd6ce951000 rw-p 0000b000 08:01 33559316                   /lib/x86_64-linux-gnu/libnss_nis-2.23.so
7fd6ce951000-7fd6ce967000 r-xp 00000000 08:01 33559318                   /lib/x86_64-linux-gnu/libnsl-2.23.so
7fd6ce967000-7fd6ceb66000 ---p 00016000 08:01 33559318                   /lib/x86_64-linux-gnu/libnsl-2.23.so
7fd6ceb66000-7fd6ceb67000 r--p 00015000 08:01 33559318                   /lib/x86_64-linux-gnu/libnsl-2.23.so
7fd6ceb67000-7fd6ceb68000 rw-p 00016000 08:01 33559318                   /lib/x86_64-linux-gnu/libnsl-2.23.so
7fd6ceb68000-7fd6ceb6a000 rw-p 00000000 00:00 0 
7fd6ceb6a000-7fd6ceb72000 r-xp 00000000 08:01 33559325                   /lib/x86_64-linux-gnu/libnss_compat-2.23.so
7fd6ceb72000-7fd6ced71000 ---p 00008000 08:01 33559325                   /lib/x86_64-linux-gnu/libnss_compat-2.23.so
7fd6ced71000-7fd6ced72000 r--p 00007000 08:01 33559325                   /lib/x86_64-linux-gnu/libnss_compat-2.23.so
7fd6ced72000-7fd6ced73000 rw-p 00008000 08:01 33559325                   /lib/x86_64-linux-gnu/libnss_compat-2.23.so
7fd6ced73000-7fd6ced9e000 r-xp 00000000 08:01 27660742                   /home/ojt/jdk1.8.0_141/jre/lib/amd64/libjava.so
7fd6ced9e000-7fd6cef9d000 ---p 0002b000 08:01 27660742                   /home/ojt/jdk1.8.0_141/jre/lib/amd64/libjava.so
7fd6cef9d000-7fd6cef9f000 rw-p 0002a000 08:01 27660742                   /home/ojt/jdk1.8.0_141/jre/lib/amd64/libjava.so
7fd6cef9f000-7fd6cefac000 r-xp 00000000 08:01 27660270                   /home/ojt/jdk1.8.0_141/jre/lib/amd64/libverify.so
7fd6cefac000-7fd6cf1ac000 ---p 0000d000 08:01 27660270                   /home/ojt/jdk1.8.0_141/jre/lib/amd64/libverify.so
7fd6cf1ac000-7fd6cf1ae000 rw-p 0000d000 08:01 27660270                   /home/ojt/jdk1.8.0_141/jre/lib/amd64/libverify.so
7fd6cf1ae000-7fd6cf1b5000 r-xp 00000000 08:01 33559326                   /lib/x86_64-linux-gnu/librt-2.23.so
7fd6cf1b5000-7fd6cf3b4000 ---p 00007000 08:01 33559326                   /lib/x86_64-linux-gnu/librt-2.23.so
7fd6cf3b4000-7fd6cf3b5000 r--p 00006000 08:01 33559326                   /lib/x86_64-linux-gnu/librt-2.23.so
7fd6cf3b5000-7fd6cf3b6000 rw-p 00007000 08:01 33559326                   /lib/x86_64-linux-gnu/librt-2.23.so
7fd6cf3b6000-7fd6cf4be000 r-xp 00000000 08:01 33559317                   /lib/x86_64-linux-gnu/libm-2.23.so
7fd6cf4be000-7fd6cf6bd000 ---p 00108000 08:01 33559317                   /lib/x86_64-linux-gnu/libm-2.23.so
7fd6cf6bd000-7fd6cf6be000 r--p 00107000 08:01 33559317                   /lib/x86_64-linux-gnu/libm-2.23.so
7fd6cf6be000-7fd6cf6bf000 rw-p 00108000 08:01 33559317                   /lib/x86_64-linux-gnu/libm-2.23.so
7fd6cf6bf000-7fd6d0392000 r-xp 00000000 08:01 27798785                   /home/ojt/jdk1.8.0_141/jre/lib/amd64/server/libjvm.so
7fd6d0392000-7fd6d0591000 ---p 00cd3000 08:01 27798785                   /home/ojt/jdk1.8.0_141/jre/lib/amd64/server/libjvm.so
7fd6d0591000-7fd6d066b000 rw-p 00cd2000 08:01 27798785                   /home/ojt/jdk1.8.0_141/jre/lib/amd64/server/libjvm.so
7fd6d066b000-7fd6d06b6000 rw-p 00000000 00:00 0 
7fd6d06b6000-7fd6d0875000 r-xp 00000000 08:01 33559319                   /lib/x86_64-linux-gnu/libc-2.23.so
7fd6d0875000-7fd6d0a75000 ---p 001bf000 08:01 33559319                   /lib/x86_64-linux-gnu/libc-2.23.so
7fd6d0a75000-7fd6d0a79000 r--p 001bf000 08:01 33559319                   /lib/x86_64-linux-gnu/libc-2.23.so
7fd6d0a79000-7fd6d0a7b000 rw-p 001c3000 08:01 33559319                   /lib/x86_64-linux-gnu/libc-2.23.so
7fd6d0a7b000-7fd6d0a7f000 rw-p 00000000 00:00 0 
7fd6d0a7f000-7fd6d0a82000 r-xp 00000000 08:01 33559315                   /lib/x86_64-linux-gnu/libdl-2.23.so
7fd6d0a82000-7fd6d0c81000 ---p 00003000 08:01 33559315                   /lib/x86_64-linux-gnu/libdl-2.23.so
7fd6d0c81000-7fd6d0c82000 r--p 00002000 08:01 33559315                   /lib/x86_64-linux-gnu/libdl-2.23.so
7fd6d0c82000-7fd6d0c83000 rw-p 00003000 08:01 33559315                   /lib/x86_64-linux-gnu/libdl-2.23.so
7fd6d0c83000-7fd6d0c98000 r-xp 00000000 08:01 27798802                   /home/ojt/jdk1.8.0_141/jre/lib/amd64/jli/libjli.so
7fd6d0c98000-7fd6d0e98000 ---p 00015000 08:01 27798802                   /home/ojt/jdk1.8.0_141/jre/lib/amd64/jli/libjli.so
7fd6d0e98000-7fd6d0e99000 rw-p 00015000 08:01 27798802                   /home/ojt/jdk1.8.0_141/jre/lib/amd64/jli/libjli.so
7fd6d0e99000-7fd6d0eb1000 r-xp 00000000 08:01 33559330                   /lib/x86_64-linux-gnu/libpthread-2.23.so
7fd6d0eb1000-7fd6d10b0000 ---p 00018000 08:01 33559330                   /lib/x86_64-linux-gnu/libpthread-2.23.so
7fd6d10b0000-7fd6d10b1000 r--p 00017000 08:01 33559330                   /lib/x86_64-linux-gnu/libpthread-2.23.so
7fd6d10b1000-7fd6d10b2000 rw-p 00018000 08:01 33559330                   /lib/x86_64-linux-gnu/libpthread-2.23.so
7fd6d10b2000-7fd6d10b6000 rw-p 00000000 00:00 0 
7fd6d10b6000-7fd6d10dc000 r-xp 00000000 08:01 33559320                   /lib/x86_64-linux-gnu/ld-2.23.so
7fd6d10dc000-7fd6d10de000 r--s 0000e000 08:01 34605032                   /home/ojt/png_temp/develop/JavaDB/lib/commons-logging-1.2.jar
7fd6d10de000-7fd6d11b0000 rw-p 00000000 00:00 0 
7fd6d11b0000-7fd6d11b3000 ---p 00000000 00:00 0 
7fd6d11b3000-7fd6d12b5000 rw-p 00000000 00:00 0 
7fd6d12b5000-7fd6d12b6000 r--s 00000000 08:01 35396768                   /home/ojt/png_temp/develop/JavaDB/lib/absolutelayout/AbsoluteLayout.jar
7fd6d12b6000-7fd6d12cf000 rw-p 00000000 00:00 0 
7fd6d12cf000-7fd6d12d7000 rw-s 00000000 08:01 60031059                   /tmp/hsperfdata_ojt/16371
7fd6d12d7000-7fd6d12d8000 rw-p 00000000 00:00 0 
7fd6d12d8000-7fd6d12d9000 ---p 00000000 00:00 0 
7fd6d12d9000-7fd6d12db000 rw-p 00000000 00:00 0 
7fd6d12db000-7fd6d12dc000 r--p 00025000 08:01 33559320                   /lib/x86_64-linux-gnu/ld-2.23.so
7fd6d12dc000-7fd6d12dd000 rw-p 00026000 08:01 33559320                   /lib/x86_64-linux-gnu/ld-2.23.so
7fd6d12dd000-7fd6d12de000 rw-p 00000000 00:00 0 
7ffdb9e17000-7ffdb9e38000 rw-p 00000000 00:00 0                          [stack]
7ffdb9f6e000-7ffdb9f70000 r--p 00000000 00:00 0                          [vvar]
7ffdb9f70000-7ffdb9f72000 r-xp 00000000 00:00 0                          [vdso]
ffffffffff600000-ffffffffff601000 r-xp 00000000 00:00 0                  [vsyscall]

VM Arguments:
jvm_args: -Dfile.encoding=UTF-8 
java_command: partNumbering_generator.login_frame
java_class_path (initial): /home/ojt/png_temp/develop/JavaDB/lib/eclipselink/eclipselink.jar:/home/ojt/png_temp/develop/JavaDB/lib/eclipselink/javax.persistence_2.1.0.v201304241213.jar:/home/ojt/png_temp/develop/JavaDB/lib/eclipselink/org.eclipse.persistence.jpa.jpql_2.5.2.v20140319-9ad6abd.jar:/home/ojt/png_temp/develop/JavaDB/lib/beans-binding/beansbinding-1.2.1.jar:/home/ojt/png_temp/develop/JavaDB/lib/absolutelayout/AbsoluteLayout.jar:/home/ojt/png_temp/develop/JavaDB/lib/commons-codec-1.10.jar:/home/ojt/png_temp/develop/JavaDB/lib/commons-collections4-4.1.jar:/home/ojt/png_temp/develop/JavaDB/lib/commons-logging-1.2.jar:/home/ojt/png_temp/develop/JavaDB/lib/derby.jar:/home/ojt/png_temp/develop/JavaDB/lib/derbyclient.jar:/home/ojt/png_temp/develop/JavaDB/lib/derbynet.jar:/home/ojt/png_temp/develop/JavaDB/lib/poi-3.16.jar:/home/ojt/png_temp/develop/JavaDB/lib/poi-ooxml-3.16.jar:/home/ojt/png_temp/develop/JavaDB/lib/poi-ooxml-schemas-3.16.jar:/home/ojt/png_temp/develop/JavaDB/lib/xmlbeans-2.6.0.jar:/home/ojt/png_temp/develop/build/classes
Launcher Type: SUN_STANDARD

Environment Variables:
PATH=/home/ojt/bin:/home/ojt/.local/bin:/usr/local/sbin:/usr/local/bin:/usr/sbin:/usr/bin:/sbin:/bin:/usr/games:/usr/local/games
USERNAME=ojt
LD_LIBRARY_PATH=/home/ojt/jdk1.8.0_141/jre/lib/amd64:/home/ojt/jdk1.8.0_141/jre/lib/i386:
SHELL=/bin/bash
DISPLAY=:0

Signal Handlers:
SIGSEGV: [libjvm.so+0xacba10], sa_mask[0]=11111111011111111101111111111110, sa_flags=SA_RESTART|SA_SIGINFO
SIGBUS: [libjvm.so+0xacba10], sa_mask[0]=11111111011111111101111111111110, sa_flags=SA_RESTART|SA_SIGINFO
SIGFPE: [libjvm.so+0x924ba0], sa_mask[0]=11111111011111111101111111111110, sa_flags=SA_RESTART|SA_SIGINFO
SIGPIPE: [libjvm.so+0x924ba0], sa_mask[0]=11111111011111111101111111111110, sa_flags=SA_RESTART|SA_SIGINFO
SIGXFSZ: [libjvm.so+0x924ba0], sa_mask[0]=11111111011111111101111111111110, sa_flags=SA_RESTART|SA_SIGINFO
SIGILL: [libjvm.so+0x924ba0], sa_mask[0]=11111111011111111101111111111110, sa_flags=SA_RESTART|SA_SIGINFO
SIGUSR1: SIG_DFL, sa_mask[0]=00000000000000000000000000000000, sa_flags=none
SIGUSR2: [libjvm.so+0x9263e0], sa_mask[0]=00100000000000000000000000000000, sa_flags=SA_RESTART|SA_SIGINFO
SIGHUP: [libjvm.so+0x9277e0], sa_mask[0]=11111111011111111101111111111110, sa_flags=SA_RESTART|SA_SIGINFO
SIGINT: SIG_IGN, sa_mask[0]=00000000000000000000000000000000, sa_flags=none
SIGTERM: [libjvm.so+0x9277e0], sa_mask[0]=11111111011111111101111111111110, sa_flags=SA_RESTART|SA_SIGINFO
SIGQUIT: [libjvm.so+0x9277e0], sa_mask[0]=11111111011111111101111111111110, sa_flags=SA_RESTART|SA_SIGINFO


---------------  S Y S T E M  ---------------

OS:DISTRIB_ID=LinuxMint
DISTRIB_RELEASE=18.1
DISTRIB_CODENAME=serena
DISTRIB_DESCRIPTION="Linux Mint 18.1 Serena"

uname:Linux 4.4.0-79-generic #100-Ubuntu SMP Wed May 17 19:58:14 UTC 2017 x86_64
libc:glibc 2.23 NPTL 2.23 
rlimit: STACK 8192k, CORE 0k, NPROC 19630, NOFILE 65536, AS infinity
load average:0.95 0.79 0.63

/proc/meminfo:
MemTotal:        5068224 kB
MemFree:         1041028 kB
MemAvailable:    1422308 kB
Buffers:           66216 kB
Cached:           559500 kB
SwapCached:         1008 kB
Active:          2712840 kB
Inactive:        1107916 kB
Active(anon):    2343472 kB
Inactive(anon):   916828 kB
Active(file):     369368 kB
Inactive(file):   191088 kB
Unevictable:          32 kB
Mlocked:              32 kB
SwapTotal:       5232636 kB
SwapFree:        5143056 kB
Dirty:              1192 kB
Writeback:             0 kB
AnonPages:       3196712 kB
Mapped:           255788 kB
Shmem:             65260 kB
Slab:              99460 kB
SReclaimable:      60208 kB
SUnreclaim:        39252 kB
KernelStack:       10784 kB
PageTables:        30380 kB
NFS_Unstable:          0 kB
Bounce:                0 kB
WritebackTmp:          0 kB
CommitLimit:     7766748 kB
Committed_AS:    6452532 kB
VmallocTotal:   34359738367 kB
VmallocUsed:           0 kB
VmallocChunk:          0 kB
HardwareCorrupted:     0 kB
AnonHugePages:   1597440 kB
CmaTotal:              0 kB
CmaFree:               0 kB
HugePages_Total:       0
HugePages_Free:        0
HugePages_Rsvd:        0
HugePages_Surp:        0
Hugepagesize:       2048 kB
DirectMap4k:      177664 kB
DirectMap2M:     5056512 kB


CPU:total 8 (initial active 8) (4 cores per cpu, 2 threads per core) family 6 model 26 stepping 4, cmov, cx8, fxsr, mmx, sse, sse2, sse3, ssse3, sse4.1, sse4.2, popcnt, ht, tsc, tscinvbit, tscinv

/proc/cpuinfo:
processor	: 0
vendor_id	: GenuineIntel
cpu family	: 6
model		: 26
model name	: Intel(R) Core(TM) i7 CPU         920  @ 2.67GHz
stepping	: 4
microcode	: 0xa
cpu MHz		: 2668.000
cache size	: 8192 KB
physical id	: 0
siblings	: 8
core id		: 0
cpu cores	: 4
apicid		: 0
initial apicid	: 0
fpu		: yes
fpu_exception	: yes
cpuid level	: 11
wp		: yes
flags		: fpu vme de pse tsc msr pae mce cx8 apic sep mtrr pge mca cmov pat pse36 clflush dts acpi mmx fxsr sse sse2 ss ht tm pbe syscall nx rdtscp lm constant_tsc arch_perfmon pebs bts rep_good nopl xtopology nonstop_tsc aperfmperf pni dtes64 monitor ds_cpl vmx est tm2 ssse3 cx16 xtpr pdcm sse4_1 sse4_2 popcnt lahf_lm tpr_shadow vnmi flexpriority ept vpid dtherm ida
bugs		:
bogomips	: 5345.96
clflush size	: 64
cache_alignment	: 64
address sizes	: 36 bits physical, 48 bits virtual
power management:

processor	: 1
vendor_id	: GenuineIntel
cpu family	: 6
model		: 26
model name	: Intel(R) Core(TM) i7 CPU         920  @ 2.67GHz
stepping	: 4
microcode	: 0xa
cpu MHz		: 2668.000
cache size	: 8192 KB
physical id	: 0
siblings	: 8
core id		: 1
cpu cores	: 4
apicid		: 2
initial apicid	: 2
fpu		: yes
fpu_exception	: yes
cpuid level	: 11
wp		: yes
flags		: fpu vme de pse tsc msr pae mce cx8 apic sep mtrr pge mca cmov pat pse36 clflush dts acpi mmx fxsr sse sse2 ss ht tm pbe syscall nx rdtscp lm constant_tsc arch_perfmon pebs bts rep_good nopl xtopology nonstop_tsc aperfmperf pni dtes64 monitor ds_cpl vmx est tm2 ssse3 cx16 xtpr pdcm sse4_1 sse4_2 popcnt lahf_lm tpr_shadow vnmi flexpriority ept vpid dtherm ida
bugs		:
bogomips	: 5345.96
clflush size	: 64
cache_alignment	: 64
address sizes	: 36 bits physical, 48 bits virtual
power management:

processor	: 2
vendor_id	: GenuineIntel
cpu family	: 6
model		: 26
model name	: Intel(R) Core(TM) i7 CPU         920  @ 2.67GHz
stepping	: 4
microcode	: 0xa
cpu MHz		: 2668.000
cache size	: 8192 KB
physical id	: 0
siblings	: 8
core id		: 2
cpu cores	: 4
apicid		: 4
initial apicid	: 4
fpu		: yes
fpu_exception	: yes
cpuid level	: 11
wp		: yes
flags		: fpu vme de pse tsc msr pae mce cx8 apic sep mtrr pge mca cmov pat pse36 clflush dts acpi mmx fxsr sse sse2 ss ht tm pbe syscall nx rdtscp lm constant_tsc arch_perfmon pebs bts rep_good nopl xtopology nonstop_tsc aperfmperf pni dtes64 monitor ds_cpl vmx est tm2 ssse3 cx16 xtpr pdcm sse4_1 sse4_2 popcnt lahf_lm tpr_shadow vnmi flexpriority ept vpid dtherm ida
bugs		:
bogomips	: 5345.96
clflush size	: 64
cache_alignment	: 64
address sizes	: 36 bits physical, 48 bits virtual
power management:

processor	: 3
vendor_id	: GenuineIntel
cpu family	: 6
model		: 26
model name	: Intel(R) Core(TM) i7 CPU         920  @ 2.67GHz
stepping	: 4
microcode	: 0xa
cpu MHz		: 2533.000
cache size	: 8192 KB
physical id	: 0
siblings	: 8
core id		: 3
cpu cores	: 4
apicid		: 6
initial apicid	: 6
fpu		: yes
fpu_exception	: yes
cpuid level	: 11
wp		: yes
flags		: fpu vme de pse tsc msr pae mce cx8 apic sep mtrr pge mca cmov pat pse36 clflush dts acpi mmx fxsr sse sse2 ss ht tm pbe syscall nx rdtscp lm constant_tsc arch_perfmon pebs bts rep_good nopl xtopology nonstop_tsc aperfmperf pni dtes64 monitor ds_cpl vmx est tm2 ssse3 cx16 xtpr pdcm sse4_1 sse4_2 popcnt lahf_lm tpr_shadow vnmi flexpriority ept vpid dtherm ida
bugs		:
bogomips	: 5345.96
clflush size	: 64
cache_alignment	: 64
address sizes	: 36 bits physical, 48 bits virtual
power management:

processor	: 4
vendor_id	: GenuineIntel
cpu family	: 6
model		: 26
model name	: Intel(R) Core(TM) i7 CPU         920  @ 2.67GHz
stepping	: 4
microcode	: 0xa
cpu MHz		: 2668.000
cache size	: 8192 KB
physical id	: 0
siblings	: 8
core id		: 0
cpu cores	: 4
apicid		: 1
initial apicid	: 1
fpu		: yes
fpu_exception	: yes
cpuid level	: 11
wp		: yes
flags		: fpu vme de pse tsc msr pae mce cx8 apic sep mtrr pge mca cmov pat pse36 clflush dts acpi mmx fxsr sse sse2 ss ht tm pbe syscall nx rdtscp lm constant_tsc arch_perfmon pebs bts rep_good nopl xtopology nonstop_tsc aperfmperf pni dtes64 monitor ds_cpl vmx est tm2 ssse3 cx16 xtpr pdcm sse4_1 sse4_2 popcnt lahf_lm tpr_shadow vnmi flexpriority ept vpid dtherm ida
bugs		:
bogomips	: 5345.96
clflush size	: 64
cache_alignment	: 64
address sizes	: 36 bits physical, 48 bits virtual
power management:

processor	: 5
vendor_id	: GenuineIntel
cpu family	: 6
model		: 26
model name	: Intel(R) Core(TM) i7 CPU         920  @ 2.67GHz
stepping	: 4
microcode	: 0xa
cpu MHz		: 2533.000
cache size	: 8192 KB
physical id	: 0
siblings	: 8
core id		: 1
cpu cores	: 4
apicid		: 3
initial apicid	: 3
fpu		: yes
fpu_exception	: yes
cpuid level	: 11
wp		: yes
flags		: fpu vme de pse tsc msr pae mce cx8 apic sep mtrr pge mca cmov pat pse36 clflush dts acpi mmx fxsr sse sse2 ss ht tm pbe syscall nx rdtscp lm constant_tsc arch_perfmon pebs bts rep_good nopl xtopology nonstop_tsc aperfmperf pni dtes64 monitor ds_cpl vmx est tm2 ssse3 cx16 xtpr pdcm sse4_1 sse4_2 popcnt lahf_lm tpr_shadow vnmi flexpriority ept vpid dtherm ida
bugs		:
bogomips	: 5345.96
clflush size	: 64
cache_alignment	: 64
address sizes	: 36 bits physical, 48 bits virtual
power management:

processor	: 6
vendor_id	: GenuineIntel
cpu family	: 6
model		: 26
model name	: Intel(R) Core(TM) i7 CPU         920  @ 2.67GHz
stepping	: 4
microcode	: 0xa
cpu MHz		: 2533.000
cache size	: 8192 KB
physical id	: 0
siblings	: 8
core id		: 2
cpu cores	: 4
apicid		: 5
initial apicid	: 5
fpu		: yes
fpu_exception	: yes
cpuid level	: 11
wp		: yes
flags		: fpu vme de pse tsc msr pae mce cx8 apic sep mtrr pge mca cmov pat pse36 clflush dts acpi mmx fxsr sse sse2 ss ht tm pbe syscall nx rdtscp lm constant_tsc arch_perfmon pebs bts rep_good nopl xtopology nonstop_tsc aperfmperf pni dtes64 monitor ds_cpl vmx est tm2 ssse3 cx16 xtpr pdcm sse4_1 sse4_2 popcnt lahf_lm tpr_shadow vnmi flexpriority ept vpid dtherm ida
bugs		:
bogomips	: 5345.96
clflush size	: 64
cache_alignment	: 64
address sizes	: 36 bits physical, 48 bits virtual
power management:

processor	: 7
vendor_id	: GenuineIntel
cpu family	: 6
model		: 26
model name	: Intel(R) Core(TM) i7 CPU         920  @ 2.67GHz
stepping	: 4
microcode	: 0xa
cpu MHz		: 2668.000
cache size	: 8192 KB
physical id	: 0
siblings	: 8
core id		: 3
cpu cores	: 4
apicid		: 7
initial apicid	: 7
fpu		: yes
fpu_exception	: yes
cpuid level	: 11
wp		: yes
flags		: fpu vme de pse tsc msr pae mce cx8 apic sep mtrr pge mca cmov pat pse36 clflush dts acpi mmx fxsr sse sse2 ss ht tm pbe syscall nx rdtscp lm constant_tsc arch_perfmon pebs bts rep_good nopl xtopology nonstop_tsc aperfmperf pni dtes64 monitor ds_cpl vmx est tm2 ssse3 cx16 xtpr pdcm sse4_1 sse4_2 popcnt lahf_lm tpr_shadow vnmi flexpriority ept vpid dtherm ida
bugs		:
bogomips	: 5345.96
clflush size	: 64
cache_alignment	: 64
address sizes	: 36 bits physical, 48 bits virtual
power management:



Memory: 4k page, physical 5068224k(1041028k free), swap 5232636k(5143056k free)

vm_info: Java HotSpot(TM) 64-Bit Server VM (25.141-b15) for linux-amd64 JRE (1.8.0_141-b15), built on Jul 12 2017 04:21:34 by "java_re" with gcc 4.3.0 20080428 (Red Hat 4.3.0-8)

time: Fri Jul 28 13:43:02 2017
elapsed time: 2 seconds (0d 0h 0m 2s)

