#
# A fatal error has been detected by the Java Runtime Environment:
#
#  SIGSEGV (0xb) at pc=0x00007f856fe6af0a, pid=11421, tid=0x00007f8548869700
#
# JRE version: Java(TM) SE Runtime Environment (8.0_141-b15) (build 1.8.0_141-b15)
# Java VM: Java HotSpot(TM) 64-Bit Server VM (25.141-b15 mixed mode linux-amd64 compressed oops)
# Problematic frame:
# V  [libjvm.so+0x8b1f0a]  Method::invocation_count()+0x2a
#
# Failed to write core dump. Core dumps have been disabled. To enable core dumping, try "ulimit -c unlimited" before starting Java again
#
# If you would like to submit a bug report, please visit:
#   http://bugreport.java.com/bugreport/crash.jsp
#

---------------  T H R E A D  ---------------

Current thread (0x00007f85680c7800):  JavaThread "C1 CompilerThread3" daemon [_thread_in_vm, id=11441, stack(0x00007f8548769000,0x00007f854886a000)]

siginfo: si_signo: 11 (SIGSEGV), si_code: 1 (SEGV_MAPERR), si_addr: 0x00000000200000dc

Registers:
RAX=0x00007f85705386f0, RBX=0x00007f84f8807640, RCX=0x000000000000004a, RDX=0x0000000000000000
RSP=0x00007f8548867c50, RBP=0x00007f8548867c50, RSI=0x0000000020000000, RDI=0x00007f84f3890218
R8 =0x00007f85680c8250, R9 =0x0000000000000008, R10=0x0000000000000007, R11=0x0000000000000012
R12=0x00007f84f8807580, R13=0x00007f85705482c0, R14=0x00007f8548867d00, R15=0x00007f84f388f830
RIP=0x00007f856fe6af0a, EFLAGS=0x0000000000010206, CSGSFS=0x0000000000000033, ERR=0x0000000000000004
  TRAPNO=0x000000000000000e

Top of Stack: (sp=0x00007f8548867c50)
0x00007f8548867c50:   00007f8548867cd0 00007f856f9e296e
0x00007f8548867c60:   00007f8548867cf0 00007f8548868a10
0x00007f8548867c70:   00007f85680659c0 00007f85680c7800
0x00007f8548867c80:   00007f84f388f830 00007f85680c7800
0x00007f8548867c90:   00007f84f87cbeb0 00007f84f388f830
0x00007f8548867ca0:   00007f84f3890218 00007f84f8807580
0x00007f8548867cb0:   00007f84f3890218 00007f84f8807580
0x00007f8548867cc0:   00007f85680c7800 00007f8520055460
0x00007f8548867cd0:   00007f8548867d50 00007f856f9f4590
0x00007f8548867ce0:   000000010041d020 00007f84f88074b0
0x00007f8548867cf0:   00007f8548867d90 00007f856f9ce8b0
0x00007f8548867d00:   00007f84f3890218 00007f85680c7800
0x00007f8548867d10:   00007f850c6ddff0 00007f8548867def
0x00007f8548867d20:   00007f84f3890218 0000000000000081
0x00007f8548867d30:   00007f84f3890218 00007f8520055460
0x00007f8548867d40:   000000000000008d 00007f850c6e0b40
0x00007f8548867d50:   00007f8548867d90 00007f856f9f4b05
0x00007f8548867d60:   00000001003d26c0 00007f84f88074b0
0x00007f8548867d70:   00007f84f87cbeb0 00007f8548867e60
0x00007f8548867d80:   00007f8548868a10 00007f857102b340
0x00007f8548867d90:   00007f8548867e20 00007f856f9d2696
0x00007f8548867da0:   00007f84f88055d0 00007f850c6ddff0
0x00007f8548867db0:   00000016000000b9 00007f84f88074b0
0x00007f8548867dc0:   0000000000000019 00007f852030e340
0x00007f8548867dd0:   00007f84f36a2480 00007f85680c7800
0x00007f8548867de0:   00000001003d26c0 01007f856ff6d230
0x00007f8548867df0:   00007f85200f71d0 00007f85680c8250
0x00007f8548867e00:   00007f85705482c0 00007f84f36a2480
0x00007f8548867e10:   00007f8548868050 0000000000000016
0x00007f8548867e20:   00007f8548867ea0 00007f856f9d2c0e
0x00007f8548867e30:   0000000000000000 00007f850c6ddff0
0x00007f8548867e40:   000000b900000000 00007f8548868a10 

Instructions: (pc=0x00007f856fe6af0a)
0x00007f856fe6aeea:   57 18 48 89 e5 80 38 00 74 5c 48 85 d2 48 8b 77
0x00007f856fe6aefa:   10 74 06 f6 42 08 04 75 17 48 85 f6 66 90 74 1e
0x00007f856fe6af0a:   f6 86 dc 00 00 00 04 0f 1f 80 00 00 00 00 74 0e
0x00007f856fe6af1a:   b8 00 00 00 10 c9 c3 0f 1f 80 00 00 00 00 31 c9 

Register to memory mapping:

RAX=0x00007f85705386f0: <offset 0xf7f6f0> in /home/ojt/jdk1.8.0_141/jre/lib/amd64/server/libjvm.so at 0x00007f856f5b9000
RBX=0x00007f84f8807640 is an unknown value
RCX=0x000000000000004a is an unknown value
RDX=0x0000000000000000 is an unknown value
RSP=0x00007f8548867c50 is pointing into the stack for thread: 0x00007f85680c7800
RBP=0x00007f8548867c50 is pointing into the stack for thread: 0x00007f85680c7800
RSI=0x0000000020000000 is an unknown value
RDI={method} {0x00007f84f3890218} 'getLongValue' '()J' in 'org/apache/xmlbeans/SimpleValue'
R8 =0x00007f85680c8250 is an unknown value
R9 =0x0000000000000008 is an unknown value
R10=0x0000000000000007 is an unknown value
R11=0x0000000000000012 is an unknown value
R12=0x00007f84f8807580 is an unknown value
R13=0x00007f85705482c0: <offset 0xf8f2c0> in /home/ojt/jdk1.8.0_141/jre/lib/amd64/server/libjvm.so at 0x00007f856f5b9000
R14=0x00007f8548867d00 is pointing into the stack for thread: 0x00007f85680c7800
R15=0x00007f84f388f830 is pointing into metadata


Stack: [0x00007f8548769000,0x00007f854886a000],  sp=0x00007f8548867c50,  free space=1019k
Native frames: (J=compiled Java code, j=interpreted, Vv=VM code, C=native code)
V  [libjvm.so+0x8b1f0a]  Method::invocation_count()+0x2a
V  [libjvm.so+0x42996e]  ciMethod::ciMethod(methodHandle, ciInstanceKlass*)+0x38e
V  [libjvm.so+0x43b590]  ciObjectFactory::create_new_metadata(Metadata*)+0x1e0
V  [libjvm.so+0x43bb05]  ciObjectFactory::get_metadata(Metadata*)+0x85
V  [libjvm.so+0x419696]  ciEnv::get_method_by_index_impl(constantPoolHandle, int, Bytecodes::Code, ciInstanceKlass*)+0x236
V  [libjvm.so+0x419c0e]  ciEnv::get_method_by_index(constantPoolHandle, int, Bytecodes::Code, ciInstanceKlass*)+0x2ce
V  [libjvm.so+0x4453a8]  ciBytecodeStream::get_method(bool&, ciSignature**)+0x1a8
V  [libjvm.so+0x3705e9]  GraphBuilder::invoke(Bytecodes::Code)+0x39
V  [libjvm.so+0x371bfd]  GraphBuilder::iterate_bytecodes_for_block(int)+0x6ad
V  [libjvm.so+0x373732]  GraphBuilder::iterate_all_blocks(bool)+0xf2
V  [libjvm.so+0x374cf7]  GraphBuilder::GraphBuilder(Compilation*, IRScope*)+0x527
V  [libjvm.so+0x37d6f7]  IRScope::IRScope(Compilation*, IRScope*, int, ciMethod*, int, bool)+0x1e7
V  [libjvm.so+0x37d80f]  IR::IR(Compilation*, ciMethod*, int)+0x9f
V  [libjvm.so+0x35bc3b]  Compilation::build_hir()+0xdb
V  [libjvm.so+0x35bffe]  Compilation::compile_java_method()+0x6e
V  [libjvm.so+0x35c12e]  Compilation::compile_method()+0x4e
V  [libjvm.so+0x35c49e]  Compilation::Compilation(AbstractCompiler*, ciEnv*, ciMethod*, int, BufferBlob*)+0x25e
V  [libjvm.so+0x35d249]  Compiler::compile_method(ciEnv*, ciMethod*, int)+0xa9
V  [libjvm.so+0x4b2afa]  CompileBroker::invoke_compiler_on_method(CompileTask*)+0xc9a
V  [libjvm.so+0x4b3aa6]  CompileBroker::compiler_thread_loop()+0x5d6
V  [libjvm.so+0xa79753]  JavaThread::thread_main_inner()+0x103
V  [libjvm.so+0xa7989c]  JavaThread::run()+0x11c
V  [libjvm.so+0x92a338]  java_start(Thread*)+0x108
C  [libpthread.so.0+0x76ba]  start_thread+0xca


Current CompileTask:
C1:   3137 2698   !   2       org.openxmlformats.schemas.spreadsheetml.x2006.main.impl.CTRowImpl::getR (51 bytes)


---------------  P R O C E S S  ---------------

Java Threads: ( => current thread )
  0x00007f856800a000 JavaThread "DestroyJavaVM" [_thread_blocked, id=11422, stack(0x00007f85710aa000,0x00007f85711ab000)]
  0x00007f856841c800 JavaThread "AWT-EventQueue-0" [_thread_in_Java, id=11448, stack(0x00007f8541307000,0x00007f8541408000)]
  0x00007f856841b000 JavaThread "AWT-Shutdown" [_thread_blocked, id=11447, stack(0x00007f8541408000,0x00007f8541509000)]
  0x00007f8568416000 JavaThread "Image Fetcher 0" daemon [_thread_blocked, id=11446, stack(0x00007f8541744000,0x00007f8541845000)]
  0x00007f8568374000 JavaThread "AWT-XAWT" daemon [_thread_in_native, id=11445, stack(0x00007f854216e000,0x00007f854226f000)]
  0x00007f8568351800 JavaThread "Java2D Disposer" daemon [_thread_blocked, id=11444, stack(0x00007f854267f000,0x00007f8542780000)]
  0x00007f85680dc800 JavaThread "Service Thread" daemon [_thread_blocked, id=11442, stack(0x00007f8548668000,0x00007f8548769000)]
=>0x00007f85680c7800 JavaThread "C1 CompilerThread3" daemon [_thread_in_vm, id=11441, stack(0x00007f8548769000,0x00007f854886a000)]
  0x00007f85680c5000 JavaThread "C2 CompilerThread2" daemon [_thread_in_native, id=11440, stack(0x00007f854886a000,0x00007f854896b000)]
  0x00007f85680c3800 JavaThread "C2 CompilerThread1" daemon [_thread_in_native, id=11439, stack(0x00007f854896b000,0x00007f8548a6c000)]
  0x00007f85680c0800 JavaThread "C2 CompilerThread0" daemon [_thread_in_native, id=11438, stack(0x00007f8548a6c000,0x00007f8548b6d000)]
  0x00007f85680bf000 JavaThread "Signal Dispatcher" daemon [_thread_blocked, id=11437, stack(0x00007f8548b6d000,0x00007f8548c6e000)]
  0x00007f856808c000 JavaThread "Finalizer" daemon [_thread_blocked, id=11436, stack(0x00007f8548f46000,0x00007f8549047000)]
  0x00007f8568087800 JavaThread "Reference Handler" daemon [_thread_blocked, id=11435, stack(0x00007f8549047000,0x00007f8549148000)]

Other Threads:
  0x00007f8568080000 VMThread [stack: 0x00007f8549148000,0x00007f8549249000] [id=11434]
  0x00007f85680df800 WatcherThread [stack: 0x00007f8548567000,0x00007f8548668000] [id=11443]

VM state:not at safepoint (normal execution)

VM Mutex/Monitor currently owned by a thread: None

Heap:
 PSYoungGen      total 84992K, used 65244K [0x00000000e6380000, 0x00000000efb80000, 0x0000000100000000)
  eden space 81920K, 79% used [0x00000000e6380000,0x00000000ea337078,0x00000000eb380000)
  from space 3072K, 0% used [0x00000000eb380000,0x00000000eb380000,0x00000000eb680000)
  to   space 24576K, 0% used [0x00000000ee380000,0x00000000ee380000,0x00000000efb80000)
 ParOldGen       total 95744K, used 30378K [0x00000000b2a00000, 0x00000000b8780000, 0x00000000e6380000)
  object space 95744K, 31% used [0x00000000b2a00000,0x00000000b47aa8e0,0x00000000b8780000)
 Metaspace       used 33791K, capacity 34088K, committed 34304K, reserved 1079296K
  class space    used 4144K, capacity 4264K, committed 4352K, reserved 1048576K

Card table byte_map: [0x00007f856dbe6000,0x00007f856de52000] byte_map_base: 0x00007f856d651000

Marking Bits: (ParMarkBitMap*) 0x00007f8570582dc0
 Begin Bits: [0x00007f8549950000, 0x00007f854aca8000)
 End Bits:   [0x00007f854aca8000, 0x00007f854c000000)

Polling page: 0x00007f85711d2000

CodeCache: size=245760Kb used=8712Kb max_used=8742Kb free=237047Kb
 bounds [0x00007f8559000000, 0x00007f85598a0000, 0x00007f8568000000]
 total_blobs=3308 nmethods=2660 adapters=562
 compilation: enabled

Compilation events (10 events):
Event: 3.103 Thread 0x00007f85680c7800 nmethod 2692 0x00007f8559879550 code [0x00007f85598796e0, 0x00007f8559879978]
Event: 3.103 Thread 0x00007f85680c7800 2685   !   2       org.openxmlformats.schemas.spreadsheetml.x2006.main.impl.CTRowImpl::getCArray (61 bytes)
Event: 3.104 Thread 0x00007f85680c7800 nmethod 2685 0x00007f8559879bd0 code [0x00007f8559879da0, 0x00007f855987a3f8]
Event: 3.104 Thread 0x00007f85680c7800 2700       3       org.apache.xmlbeans.impl.store.Xobj::find_all_element_users (47 bytes)
Event: 3.105 Thread 0x00007f85680c7800 nmethod 2700 0x00007f855987a910 code [0x00007f855987aac0, 0x00007f855987b1a8]
Event: 3.105 Thread 0x00007f85680c7800 2699       2       org.apache.xmlbeans.impl.store.Locale::getScrubBuffer (51 bytes)
Event: 3.106 Thread 0x00007f85680c7800 nmethod 2699 0x00007f855987b3d0 code [0x00007f855987b5a0, 0x00007f855987bf08]
Event: 3.106 Thread 0x00007f85680c7800 2697       2       org.apache.poi.xssf.usermodel.XSSFRow::getRowNum (13 bytes)
Event: 3.106 Thread 0x00007f85680c7800 nmethod 2697 0x00007f855987c3d0 code [0x00007f855987c540, 0x00007f855987c708]
Event: 3.106 Thread 0x00007f85680c7800 2698   !   2       org.openxmlformats.schemas.spreadsheetml.x2006.main.impl.CTRowImpl::getR (51 bytes)

GC Heap History (10 events):
Event: 1.294 GC heap before
{Heap before GC invocations=3 (full 0):
 PSYoungGen      total 44032K, used 9674K [0x00000000e6380000, 0x00000000e9180000, 0x0000000100000000)
  eden space 40960K, 16% used [0x00000000e6380000,0x00000000e69f6488,0x00000000e8b80000)
  from space 3072K, 99% used [0x00000000e8e80000,0x00000000e917c428,0x00000000e9180000)
  to   space 3072K, 0% used [0x00000000e8b80000,0x00000000e8b80000,0x00000000e8e80000)
 ParOldGen       total 53248K, used 10246K [0x00000000b2a00000, 0x00000000b5e00000, 0x00000000e6380000)
  object space 53248K, 19% used [0x00000000b2a00000,0x00000000b34019f8,0x00000000b5e00000)
 Metaspace       used 20954K, capacity 21134K, committed 21248K, reserved 1069056K
  class space    used 2455K, capacity 2541K, committed 2560K, reserved 1048576K
Event: 1.301 GC heap after
Heap after GC invocations=3 (full 0):
 PSYoungGen      total 44032K, used 3065K [0x00000000e6380000, 0x00000000eb980000, 0x0000000100000000)
  eden space 40960K, 0% used [0x00000000e6380000,0x00000000e6380000,0x00000000e8b80000)
  from space 3072K, 99% used [0x00000000e8b80000,0x00000000e8e7e4a0,0x00000000e8e80000)
  to   space 3072K, 0% used [0x00000000eb680000,0x00000000eb680000,0x00000000eb980000)
 ParOldGen       total 53248K, used 10750K [0x00000000b2a00000, 0x00000000b5e00000, 0x00000000e6380000)
  object space 53248K, 20% used [0x00000000b2a00000,0x00000000b347fb20,0x00000000b5e00000)
 Metaspace       used 20954K, capacity 21134K, committed 21248K, reserved 1069056K
  class space    used 2455K, capacity 2541K, committed 2560K, reserved 1048576K
}
Event: 1.301 GC heap before
{Heap before GC invocations=4 (full 1):
 PSYoungGen      total 44032K, used 3065K [0x00000000e6380000, 0x00000000eb980000, 0x0000000100000000)
  eden space 40960K, 0% used [0x00000000e6380000,0x00000000e6380000,0x00000000e8b80000)
  from space 3072K, 99% used [0x00000000e8b80000,0x00000000e8e7e4a0,0x00000000e8e80000)
  to   space 3072K, 0% used [0x00000000eb680000,0x00000000eb680000,0x00000000eb980000)
 ParOldGen       total 53248K, used 10750K [0x00000000b2a00000, 0x00000000b5e00000, 0x00000000e6380000)
  object space 53248K, 20% used [0x00000000b2a00000,0x00000000b347fb20,0x00000000b5e00000)
 Metaspace       used 20954K, capacity 21134K, committed 21248K, reserved 1069056K
  class space    used 2455K, capacity 2541K, committed 2560K, reserved 1048576K
Event: 1.326 GC heap after
Heap after GC invocations=4 (full 1):
 PSYoungGen      total 44032K, used 0K [0x00000000e6380000, 0x00000000eb980000, 0x0000000100000000)
  eden space 40960K, 0% used [0x00000000e6380000,0x00000000e6380000,0x00000000e8b80000)
  from space 3072K, 0% used [0x00000000e8b80000,0x00000000e8b80000,0x00000000e8e80000)
  to   space 3072K, 0% used [0x00000000eb680000,0x00000000eb680000,0x00000000eb980000)
 ParOldGen       total 45568K, used 7566K [0x00000000b2a00000, 0x00000000b5680000, 0x00000000e6380000)
  object space 45568K, 16% used [0x00000000b2a00000,0x00000000b3163ac0,0x00000000b5680000)
 Metaspace       used 20954K, capacity 21134K, committed 21248K, reserved 1069056K
  class space    used 2455K, capacity 2541K, committed 2560K, reserved 1048576K
}
Event: 1.733 GC heap before
{Heap before GC invocations=5 (full 1):
 PSYoungGen      total 44032K, used 40960K [0x00000000e6380000, 0x00000000eb980000, 0x0000000100000000)
  eden space 40960K, 100% used [0x00000000e6380000,0x00000000e8b80000,0x00000000e8b80000)
  from space 3072K, 0% used [0x00000000e8b80000,0x00000000e8b80000,0x00000000e8e80000)
  to   space 3072K, 0% used [0x00000000eb680000,0x00000000eb680000,0x00000000eb980000)
 ParOldGen       total 45568K, used 7566K [0x00000000b2a00000, 0x00000000b5680000, 0x00000000e6380000)
  object space 45568K, 16% used [0x00000000b2a00000,0x00000000b3163ac0,0x00000000b5680000)
 Metaspace       used 24731K, capacity 25042K, committed 25216K, reserved 1071104K
  class space    used 3024K, capacity 3133K, committed 3200K, reserved 1048576K
Event: 1.742 GC heap after
Heap after GC invocations=5 (full 1):
 PSYoungGen      total 69120K, used 3049K [0x00000000e6380000, 0x00000000eb980000, 0x0000000100000000)
  eden space 66048K, 0% used [0x00000000e6380000,0x00000000e6380000,0x00000000ea400000)
  from space 3072K, 99% used [0x00000000eb680000,0x00000000eb97a620,0x00000000eb980000)
  to   space 3072K, 0% used [0x00000000eb380000,0x00000000eb380000,0x00000000eb680000)
 ParOldGen       total 45568K, used 15217K [0x00000000b2a00000, 0x00000000b5680000, 0x00000000e6380000)
  object space 45568K, 33% used [0x00000000b2a00000,0x00000000b38dc440,0x00000000b5680000)
 Metaspace       used 24731K, capacity 25042K, committed 25216K, reserved 1071104K
  class space    used 3024K, capacity 3133K, committed 3200K, reserved 1048576K
}
Event: 2.216 GC heap before
{Heap before GC invocations=6 (full 1):
 PSYoungGen      total 69120K, used 68911K [0x00000000e6380000, 0x00000000eb980000, 0x0000000100000000)
  eden space 66048K, 99% used [0x00000000e6380000,0x00000000ea3d1810,0x00000000ea400000)
  from space 3072K, 99% used [0x00000000eb680000,0x00000000eb97a620,0x00000000eb980000)
  to   space 3072K, 0% used [0x00000000eb380000,0x00000000eb380000,0x00000000eb680000)
 ParOldGen       total 45568K, used 15217K [0x00000000b2a00000, 0x00000000b5680000, 0x00000000e6380000)
  object space 45568K, 33% used [0x00000000b2a00000,0x00000000b38dc440,0x00000000b5680000)
 Metaspace       used 29484K, capacity 29758K, committed 29952K, reserved 1075200K
  class space    used 3639K, capacity 3745K, committed 3840K, reserved 1048576K
Event: 2.232 GC heap after
Heap after GC invocations=6 (full 1):
 PSYoungGen      total 84992K, used 3046K [0x00000000e6380000, 0x00000000efb80000, 0x0000000100000000)
  eden space 81920K, 0% used [0x00000000e6380000,0x00000000e6380000,0x00000000eb380000)
  from space 3072K, 99% used [0x00000000eb380000,0x00000000eb679838,0x00000000eb680000)
  to   space 24576K, 0% used [0x00000000ee380000,0x00000000ee380000,0x00000000efb80000)
 ParOldGen       total 45568K, used 36831K [0x00000000b2a00000, 0x00000000b5680000, 0x00000000e6380000)
  object space 45568K, 80% used [0x00000000b2a00000,0x00000000b4df7d98,0x00000000b5680000)
 Metaspace       used 29484K, capacity 29758K, committed 29952K, reserved 1075200K
  class space    used 3639K, capacity 3745K, committed 3840K, reserved 1048576K
}
Event: 2.232 GC heap before
{Heap before GC invocations=7 (full 2):
 PSYoungGen      total 84992K, used 3046K [0x00000000e6380000, 0x00000000efb80000, 0x0000000100000000)
  eden space 81920K, 0% used [0x00000000e6380000,0x00000000e6380000,0x00000000eb380000)
  from space 3072K, 99% used [0x00000000eb380000,0x00000000eb679838,0x00000000eb680000)
  to   space 24576K, 0% used [0x00000000ee380000,0x00000000ee380000,0x00000000efb80000)
 ParOldGen       total 45568K, used 36831K [0x00000000b2a00000, 0x00000000b5680000, 0x00000000e6380000)
  object space 45568K, 80% used [0x00000000b2a00000,0x00000000b4df7d98,0x00000000b5680000)
 Metaspace       used 29484K, capacity 29758K, committed 29952K, reserved 1075200K
  class space    used 3639K, capacity 3745K, committed 3840K, reserved 1048576K
Event: 2.272 GC heap after
Heap after GC invocations=7 (full 2):
 PSYoungGen      total 84992K, used 0K [0x00000000e6380000, 0x00000000efb80000, 0x0000000100000000)
  eden space 81920K, 0% used [0x00000000e6380000,0x00000000e6380000,0x00000000eb380000)
  from space 3072K, 0% used [0x00000000eb380000,0x00000000eb380000,0x00000000eb680000)
  to   space 24576K, 0% used [0x00000000ee380000,0x00000000ee380000,0x00000000efb80000)
 ParOldGen       total 95744K, used 30378K [0x00000000b2a00000, 0x00000000b8780000, 0x00000000e6380000)
  object space 95744K, 31% used [0x00000000b2a00000,0x00000000b47aa8e0,0x00000000b8780000)
 Metaspace       used 29484K, capacity 29758K, committed 29952K, reserved 1075200K
  class space    used 3639K, capacity 3745K, committed 3840K, reserved 1048576K
}

Deoptimization events (10 events):
Event: 3.030 Thread 0x00007f856841c800 Uncommon trap: reason=unstable_if action=reinterpret pc=0x00007f855979558c method=org.apache.xmlbeans.impl.store.Cur$Locations.remove(II[I[I)I @ 33
Event: 3.071 Thread 0x00007f856841c800 Uncommon trap: reason=bimorphic action=maybe_recompile pc=0x00007f85595f9e50 method=java.util.regex.Pattern$Curly.match(Ljava/util/regex/Matcher;ILjava/lang/CharSequence;)Z @ 19
Event: 3.071 Thread 0x00007f856841c800 Uncommon trap: reason=bimorphic action=maybe_recompile pc=0x00007f8559629aa0 method=java.util.regex.Pattern$CharProperty.match(Ljava/util/regex/Matcher;ILjava/lang/CharSequence;)Z @ 18
Event: 3.071 Thread 0x00007f856841c800 Uncommon trap: reason=bimorphic action=maybe_recompile pc=0x00007f8559629aa0 method=java.util.regex.Pattern$CharProperty.match(Ljava/util/regex/Matcher;ILjava/lang/CharSequence;)Z @ 18
Event: 3.071 Thread 0x00007f856841c800 Uncommon trap: reason=bimorphic action=maybe_recompile pc=0x00007f85595f9e50 method=java.util.regex.Pattern$Curly.match(Ljava/util/regex/Matcher;ILjava/lang/CharSequence;)Z @ 19
Event: 3.071 Thread 0x00007f856841c800 Uncommon trap: reason=bimorphic action=maybe_recompile pc=0x00007f8559629aa0 method=java.util.regex.Pattern$CharProperty.match(Ljava/util/regex/Matcher;ILjava/lang/CharSequence;)Z @ 18
Event: 3.071 Thread 0x00007f856841c800 Uncommon trap: reason=bimorphic action=maybe_recompile pc=0x00007f85595f9e50 method=java.util.regex.Pattern$Curly.match(Ljava/util/regex/Matcher;ILjava/lang/CharSequence;)Z @ 19
Event: 3.071 Thread 0x00007f856841c800 Uncommon trap: reason=bimorphic action=maybe_recompile pc=0x00007f8559629aa0 method=java.util.regex.Pattern$CharProperty.match(Ljava/util/regex/Matcher;ILjava/lang/CharSequence;)Z @ 18
Event: 3.071 Thread 0x00007f856841c800 Uncommon trap: reason=bimorphic action=maybe_recompile pc=0x00007f85595f9e50 method=java.util.regex.Pattern$Curly.match(Ljava/util/regex/Matcher;ILjava/lang/CharSequence;)Z @ 19
Event: 3.073 Thread 0x00007f856841c800 Uncommon trap: reason=unstable_if action=reinterpret pc=0x00007f855981a0dc method=org.apache.xmlbeans.impl.store.Xobj.getValueAsString(I)Ljava/lang/String; @ 14

Internal exceptions (10 events):
Event: 2.422 Thread 0x00007f856841c800 Exception <a 'java/security/PrivilegedActionException'> (0x00000000e6cd3e80) thrown at [/HUDSON3/workspace/8-2-build-linux-amd64/jdk8u141/9370/hotspot/src/share/vm/prims/jvm.cpp, line 1390]
Event: 2.423 Thread 0x00007f856841c800 Exception <a 'java/security/PrivilegedActionException'> (0x00000000e6ce4308) thrown at [/HUDSON3/workspace/8-2-build-linux-amd64/jdk8u141/9370/hotspot/src/share/vm/prims/jvm.cpp, line 1390]
Event: 2.423 Thread 0x00007f856841c800 Exception <a 'java/security/PrivilegedActionException'> (0x00000000e6ce48e8) thrown at [/HUDSON3/workspace/8-2-build-linux-amd64/jdk8u141/9370/hotspot/src/share/vm/prims/jvm.cpp, line 1390]
Event: 2.423 Thread 0x00007f856841c800 Exception <a 'java/security/PrivilegedActionException'> (0x00000000e6ce9b28) thrown at [/HUDSON3/workspace/8-2-build-linux-amd64/jdk8u141/9370/hotspot/src/share/vm/prims/jvm.cpp, line 1390]
Event: 2.423 Thread 0x00007f856841c800 Exception <a 'java/security/PrivilegedActionException'> (0x00000000e6cea108) thrown at [/HUDSON3/workspace/8-2-build-linux-amd64/jdk8u141/9370/hotspot/src/share/vm/prims/jvm.cpp, line 1390]
Event: 2.423 Thread 0x00007f856841c800 Exception <a 'java/security/PrivilegedActionException'> (0x00000000e6cef5a0) thrown at [/HUDSON3/workspace/8-2-build-linux-amd64/jdk8u141/9370/hotspot/src/share/vm/prims/jvm.cpp, line 1390]
Event: 2.423 Thread 0x00007f856841c800 Exception <a 'java/security/PrivilegedActionException'> (0x00000000e6cefb80) thrown at [/HUDSON3/workspace/8-2-build-linux-amd64/jdk8u141/9370/hotspot/src/share/vm/prims/jvm.cpp, line 1390]
Event: 2.424 Thread 0x00007f856841c800 Exception <a 'java/security/PrivilegedActionException'> (0x00000000e6cf4fe0) thrown at [/HUDSON3/workspace/8-2-build-linux-amd64/jdk8u141/9370/hotspot/src/share/vm/prims/jvm.cpp, line 1390]
Event: 2.424 Thread 0x00007f856841c800 Exception <a 'java/security/PrivilegedActionException'> (0x00000000e6cf55c0) thrown at [/HUDSON3/workspace/8-2-build-linux-amd64/jdk8u141/9370/hotspot/src/share/vm/prims/jvm.cpp, line 1390]
Event: 2.854 Thread 0x00007f856841c800 Implicit null exception at 0x00007f8559807990 to 0x00007f8559807a81

Events (10 events):
Event: 3.071 Thread 0x00007f856841c800 DEOPT UNPACKING pc=0x00007f8559005229 sp=0x00007f8541404e38 mode 2
Event: 3.071 Thread 0x00007f856841c800 Uncommon trap: trap_request=0xffffffc6 fr.pc=0x00007f8559629aa0
Event: 3.071 Thread 0x00007f856841c800 DEOPT PACKING pc=0x00007f8559629aa0 sp=0x00007f8541404de0
Event: 3.071 Thread 0x00007f856841c800 DEOPT UNPACKING pc=0x00007f8559005229 sp=0x00007f8541404dc8 mode 2
Event: 3.071 Thread 0x00007f856841c800 Uncommon trap: trap_request=0xffffffc6 fr.pc=0x00007f85595f9e50
Event: 3.071 Thread 0x00007f856841c800 DEOPT PACKING pc=0x00007f85595f9e50 sp=0x00007f8541404a90
Event: 3.071 Thread 0x00007f856841c800 DEOPT UNPACKING pc=0x00007f8559005229 sp=0x00007f8541404a78 mode 2
Event: 3.073 Thread 0x00007f856841c800 Uncommon trap: trap_request=0xffffff65 fr.pc=0x00007f855981a0dc
Event: 3.073 Thread 0x00007f856841c800 DEOPT PACKING pc=0x00007f855981a0dc sp=0x00007f8541405040
Event: 3.073 Thread 0x00007f856841c800 DEOPT UNPACKING pc=0x00007f8559005229 sp=0x00007f8541405010 mode 2


Dynamic libraries:
00400000-00401000 r-xp 00000000 08:01 27923979                           /home/ojt/jdk1.8.0_141/jre/bin/java
00600000-00601000 rw-p 00000000 08:01 27923979                           /home/ojt/jdk1.8.0_141/jre/bin/java
00e51000-00e72000 rw-p 00000000 00:00 0                                  [heap]
b2a00000-b8780000 rw-p 00000000 00:00 0 
b8780000-e6380000 ---p 00000000 00:00 0 
e6380000-efb80000 rw-p 00000000 00:00 0 
efb80000-100000000 ---p 00000000 00:00 0 
100000000-100440000 rw-p 00000000 00:00 0 
100440000-140000000 ---p 00000000 00:00 0 
7f84f35b9000-7f84f36f9000 rw-p 00000000 00:00 0 
7f84f36f9000-7f84f37b9000 ---p 00000000 00:00 0 
7f84f37b9000-7f84f39b9000 rw-p 00000000 00:00 0 
7f84f39b9000-7f84f3bb9000 rw-p 00000000 00:00 0 
7f84f3bb9000-7f84f3db9000 rw-p 00000000 00:00 0 
7f84f3db9000-7f84f3deb000 r-xp 00000000 08:01 27660397                   /home/ojt/jdk1.8.0_141/jre/lib/amd64/libsunec.so
7f84f3deb000-7f84f3fea000 ---p 00032000 08:01 27660397                   /home/ojt/jdk1.8.0_141/jre/lib/amd64/libsunec.so
7f84f3fea000-7f84f3ff0000 rw-p 00031000 08:01 27660397                   /home/ojt/jdk1.8.0_141/jre/lib/amd64/libsunec.so
7f84f3ff0000-7f84f4000000 rw-p 00000000 00:00 0 
7f84f4000000-7f84f4021000 rw-p 00000000 00:00 0 
7f84f4021000-7f84f8000000 ---p 00000000 00:00 0 
7f84f8000000-7f84f88f4000 rw-p 00000000 00:00 0 
7f84f88f4000-7f84fc000000 ---p 00000000 00:00 0 
7f84fc000000-7f84fc021000 rw-p 00000000 00:00 0 
7f84fc021000-7f8500000000 ---p 00000000 00:00 0 
7f8500000000-7f850003a000 rw-p 00000000 00:00 0 
7f850003a000-7f8504000000 ---p 00000000 00:00 0 
7f8504000000-7f8504021000 rw-p 00000000 00:00 0 
7f8504021000-7f8508000000 ---p 00000000 00:00 0 
7f8508000000-7f8508021000 rw-p 00000000 00:00 0 
7f8508021000-7f850c000000 ---p 00000000 00:00 0 
7f850c000000-7f850caa2000 rw-p 00000000 00:00 0 
7f850caa2000-7f8510000000 ---p 00000000 00:00 0 
7f8510000000-7f8510021000 rw-p 00000000 00:00 0 
7f8510021000-7f8514000000 ---p 00000000 00:00 0 
7f8514000000-7f85148d9000 rw-p 00000000 00:00 0 
7f85148d9000-7f8518000000 ---p 00000000 00:00 0 
7f8518000000-7f85184d3000 rw-p 00000000 00:00 0 
7f85184d3000-7f851c000000 ---p 00000000 00:00 0 
7f851c000000-7f851c021000 rw-p 00000000 00:00 0 
7f851c021000-7f8520000000 ---p 00000000 00:00 0 
7f8520000000-7f8520a9e000 rw-p 00000000 00:00 0 
7f8520a9e000-7f8524000000 ---p 00000000 00:00 0 
7f8524000000-7f8524021000 rw-p 00000000 00:00 0 
7f8524021000-7f8528000000 ---p 00000000 00:00 0 
7f8528000000-7f8528021000 rw-p 00000000 00:00 0 
7f8528021000-7f852c000000 ---p 00000000 00:00 0 
7f852c000000-7f852c021000 rw-p 00000000 00:00 0 
7f852c021000-7f8530000000 ---p 00000000 00:00 0 
7f8530000000-7f8530021000 rw-p 00000000 00:00 0 
7f8530021000-7f8534000000 ---p 00000000 00:00 0 
7f8534000000-7f8534021000 rw-p 00000000 00:00 0 
7f8534021000-7f8538000000 ---p 00000000 00:00 0 
7f8538000000-7f8538021000 rw-p 00000000 00:00 0 
7f8538021000-7f853c000000 ---p 00000000 00:00 0 
7f853c000000-7f853c021000 rw-p 00000000 00:00 0 
7f853c021000-7f8540000000 ---p 00000000 00:00 0 
7f854004d000-7f854024d000 rw-p 00000000 00:00 0 
7f854024d000-7f854044d000 rw-p 00000000 00:00 0 
7f854044d000-7f8540458000 r--s 00000000 08:01 42729579                   /var/cache/fontconfig/945677eb7aeaf62f1d50efc3fb3ec7d8-le64.cache-6
7f8540458000-7f854045a000 r--s 00000000 08:01 42729581                   /var/cache/fontconfig/99e8ed0e538f840c565b6ed5dad60d56-le64.cache-6
7f854045a000-7f8540460000 r--s 00000000 08:01 42729550                   /var/cache/fontconfig/2cd17615ca594fa2959ae173292e504c-le64.cache-6
7f8540460000-7f8540461000 r--s 00000000 08:01 42729543                   /var/cache/fontconfig/0d8c3b2ac0904cb8a57a757ad11a4a08-le64.cache-6
7f8540461000-7f8540476000 r--s 00000000 08:01 42729540                   /var/cache/fontconfig/04aabc0a78ac019cf9454389977116d2-le64.cache-6
7f8540476000-7f8540477000 r--s 00000000 08:01 42729547                   /var/cache/fontconfig/1ac9eb803944fde146138c791f5cc56a-le64.cache-6
7f8540477000-7f854047b000 r--s 00000000 08:01 42729555                   /var/cache/fontconfig/385c0604a188198f04d133e54aba7fe7-le64.cache-6
7f854047b000-7f854047c000 r--s 00000000 08:01 42729600                   /var/cache/fontconfig/dc05db6664285cc2f12bf69c139ae4c3-le64.cache-6
7f854047c000-7f854047e000 r--s 00000000 08:01 42729544                   /var/cache/fontconfig/14a5e22175779b556eaa434240950366-le64.cache-6
7f854047e000-7f854047f000 r--s 00000000 08:01 42729571                   /var/cache/fontconfig/660208299946a285a940457d1287da33-le64.cache-6
7f854047f000-7f8540481000 r--s 00000000 08:01 42729562                   /var/cache/fontconfig/4f3e3037c9980c83b53a9351efadef62-le64.cache-6
7f8540481000-7f8540484000 r--s 00000000 08:01 42729575                   /var/cache/fontconfig/767a8244fc0220cfb567a839d0392e0b-le64.cache-6
7f8540484000-7f8540485000 r--s 00000000 08:01 42734349                   /var/cache/fontconfig/4794a0821666d79190d59a36cb4f44b5-le64.cache-6
7f8540485000-7f85404c5000 r--s 00000000 08:01 42729541                   /var/cache/fontconfig/0bd3dc0958fa2205aaaa8ebb13e2872b-le64.cache-6
7f85404c5000-7f85404ca000 r--s 00000000 08:01 42729578                   /var/cache/fontconfig/8801497958630a81b71ace7c5f9b32a8-le64.cache-6
7f85404ca000-7f85404cd000 r--s 00000000 08:01 42729584                   /var/cache/fontconfig/a015930274ffcd967d2ca1b57da47cc7-le64.cache-6
7f85404cd000-7f85404ce000 r--s 00000000 08:01 42729588                   /var/cache/fontconfig/b872e6e592da6075ffa4ab0a1fcc0c75-le64.cache-6
7f85404ce000-7f85404cf000 r--s 00000000 08:01 42729605                   /var/cache/fontconfig/f6d4eedfaab2589bde49f7a3ff831d22-le64.cache-6
7f85404cf000-7f85404d0000 r--s 00000000 08:01 42729569                   /var/cache/fontconfig/589f83ef4c36d296ce6e1c846f468f08-le64.cache-6
7f85404d0000-7f85404d1000 r--s 00000000 08:01 42729590                   /var/cache/fontconfig/bab58bb527bb656aaa9f116d68a48d89-le64.cache-6
7f85404d1000-7f85404d2000 r--s 00000000 08:01 42729548                   /var/cache/fontconfig/2171a34dccabdb6bcbbc728186263178-le64.cache-6
7f85404d2000-7f85404d3000 r--s 00000000 08:01 42729591                   /var/cache/fontconfig/c5c45a61289222e0d30b1a26ef4effbe-le64.cache-6
7f85404d3000-7f85404d4000 r--s 00000000 08:01 42729586                   /var/cache/fontconfig/aec30016f93e1b46d1a973dce0d74068-le64.cache-6
7f85404d4000-7f85404d5000 r--s 00000000 08:01 42729556                   /var/cache/fontconfig/3f589640d34b7dc9042c8d453f7c8b9c-le64.cache-6
7f85404d5000-7f85404d6000 r--s 00000000 08:01 42729545                   /var/cache/fontconfig/16c2fda60d1b4b719f4b3d06fd951d25-le64.cache-6
7f85404d6000-7f85404d7000 r--s 00000000 08:01 42729585                   /var/cache/fontconfig/a48eab177a16e4f3713381162db2f3e9-le64.cache-6
7f85404d7000-7f85404d8000 r--s 00000000 08:01 42729565                   /var/cache/fontconfig/564b2e68ac9bc4e36a6f7f6d6125ec1c-le64.cache-6
7f85404d8000-7f85404df000 r--s 00000000 08:01 42729551                   /var/cache/fontconfig/3047814df9a2f067bd2d96a2b9c36e5a-le64.cache-6
7f85404df000-7f85404e0000 r--s 00000000 08:01 42729566                   /var/cache/fontconfig/56cf4f4769d0f4abc89a4895d7bd3ae1-le64.cache-6
7f85404e0000-7f85404e1000 r--s 00000000 08:01 42729589                   /var/cache/fontconfig/b9d506c9ac06c20b433354fa67a72993-le64.cache-6
7f85404e1000-7f85404e7000 r--s 00000000 08:01 42729587                   /var/cache/fontconfig/b47c4e1ecd0709278f4910c18777a504-le64.cache-6
7f85404e7000-7f85404fa000 r--s 00000000 08:01 42729597                   /var/cache/fontconfig/d52a8644073d54c13679302ca1180695-le64.cache-6
7f85404fa000-7f85404fb000 r--s 00000000 08:01 42729553                   /var/cache/fontconfig/370e5b74bf5dafc30834de68e24a87a4-le64.cache-6
7f85404fb000-7f85404fc000 r--s 00000000 08:01 42729573                   /var/cache/fontconfig/6b2c5944714ca7831b25bed9e85cb5c8-le64.cache-6
7f85404fc000-7f85404fd000 r--s 00000000 08:01 42729596                   /var/cache/fontconfig/d5178ab6d91b49bf20a416737dcea9e8-le64.cache-6
7f85404fd000-7f8540500000 r--s 00000000 08:01 42729604                   /var/cache/fontconfig/f259c2cffa685e28062317905db73c4a-le64.cache-6
7f8540500000-7f8540502000 r--s 00000000 08:01 42729563                   /var/cache/fontconfig/550f3886151c940c12a5ed35f6a00586-le64.cache-6
7f8540502000-7f8540505000 r--s 00000000 08:01 42729572                   /var/cache/fontconfig/674d1711f2d1d2a09646eb0bdcadee49-le64.cache-6
7f8540505000-7f8540510000 r--s 00000000 08:01 42729598                   /var/cache/fontconfig/d589a48862398ed80a3d6066f4f56f4c-le64.cache-6
7f85406c0000-7f85406d3000 r--s 00345000 08:01 25568126                   /home/ojt/jdk1.8.0_141/jre/lib/resources.jar
7f85406d3000-7f85408d3000 rw-p 00000000 00:00 0 
7f85408d3000-7f8540ad3000 rw-p 00000000 00:00 0 
7f8540ad3000-7f8540b3c000 r-xp 00000000 08:01 27660752                   /home/ojt/jdk1.8.0_141/jre/lib/amd64/libt2k.so
7f8540b3c000-7f8540d3c000 ---p 00069000 08:01 27660752                   /home/ojt/jdk1.8.0_141/jre/lib/amd64/libt2k.so
7f8540d3c000-7f8540d43000 rw-p 00069000 08:01 27660752                   /home/ojt/jdk1.8.0_141/jre/lib/amd64/libt2k.so
7f8540d43000-7f8540d53000 rw-p 00000000 00:00 0 
7f8540e65000-7f8541065000 rw-p 00000000 00:00 0 
7f8541065000-7f8541066000 r--s 00000000 08:01 42729564                   /var/cache/fontconfig/551ecf3b0e8b0bca0f25c0944f561853-le64.cache-6
7f8541066000-7f8541067000 r--s 00000000 08:01 42729552                   /var/cache/fontconfig/30829fa25452a46451e813d634d7f916-le64.cache-6
7f8541067000-7f8541068000 r--s 00000000 08:01 42729542                   /var/cache/fontconfig/0c9eb80ebd1c36541ebe2852d3bb0c49-le64.cache-6
7f8541068000-7f8541069000 r--s 00000000 08:01 42729549                   /var/cache/fontconfig/22368d551a680bfe5a62c02760edf4ea-le64.cache-6
7f8541069000-7f854106a000 r--s 00000000 08:01 42729561                   /var/cache/fontconfig/4d9c95eba1cb85bbcf2878543262124a-le64.cache-6
7f854106a000-7f854106b000 r--s 00000000 08:01 42729577                   /var/cache/fontconfig/85e0a52ce643a7ba2ae53e5d6949cead-le64.cache-6
7f854106b000-7f854107d000 r--s 00000000 08:01 42729582                   /var/cache/fontconfig/9b89f8e3dae116d678bbf48e5f21f69b-le64.cache-6
7f854107d000-7f8541086000 r--s 00000000 08:01 42729594                   /var/cache/fontconfig/d0972c3d32f097851eb916381fc38920-le64.cache-6
7f8541086000-7f8541089000 r--s 00000000 08:01 42729642                   /var/cache/fontconfig/e13b20fdb08344e0e664864cc2ede53d-le64.cache-6
7f8541092000-7f8541098000 r--s 0003f000 08:01 27798781                   /home/ojt/jdk1.8.0_141/jre/lib/ext/sunjce_provider.jar
7f8541098000-7f854109a000 r--s 00009000 08:01 27798853                   /home/ojt/jdk1.8.0_141/jre/lib/ext/sunec.jar
7f854109a000-7f854109e000 r--s 0009a000 08:01 25568140                   /home/ojt/jdk1.8.0_141/jre/lib/jsse.jar
7f854109e000-7f85410a1000 r--s 0001a000 08:01 25568148                   /home/ojt/jdk1.8.0_141/jre/lib/jce.jar
7f85410a1000-7f85410ac000 r--s 00000000 08:01 42729579                   /var/cache/fontconfig/945677eb7aeaf62f1d50efc3fb3ec7d8-le64.cache-6
7f85410ac000-7f85410c1000 r--s 00000000 08:01 42729540                   /var/cache/fontconfig/04aabc0a78ac019cf9454389977116d2-le64.cache-6
7f85410c1000-7f8541101000 r--s 00000000 08:01 42729541                   /var/cache/fontconfig/0bd3dc0958fa2205aaaa8ebb13e2872b-le64.cache-6
7f8541101000-7f8541102000 r--s 00000000 08:01 42729558                   /var/cache/fontconfig/49f0de54bdd920fe4f0dfd4cbac43e6b-le64.cache-6
7f8541102000-7f8541103000 r--s 00000000 08:01 42729606                   /var/cache/fontconfig/f6e6e0a5c3d2f6ae0c0c2e0ecd42a997-le64.cache-6
7f8541103000-7f8541107000 r--s 00000000 08:01 42729567                   /var/cache/fontconfig/7ef2298fde41cc6eeb7af42e48b7d293-le64.cache-6
7f8541107000-7f8541307000 rw-p 00000000 00:00 0 
7f8541307000-7f854130a000 ---p 00000000 00:00 0 
7f854130a000-7f8541408000 rw-p 00000000 00:00 0 
7f8541408000-7f854140b000 ---p 00000000 00:00 0 
7f854140b000-7f8541509000 rw-p 00000000 00:00 0 
7f8541509000-7f8541544000 r-xp 00000000 08:01 27660401                   /home/ojt/jdk1.8.0_141/jre/lib/amd64/libjpeg.so
7f8541544000-7f8541743000 ---p 0003b000 08:01 27660401                   /home/ojt/jdk1.8.0_141/jre/lib/amd64/libjpeg.so
7f8541743000-7f8541744000 rw-p 0003a000 08:01 27660401                   /home/ojt/jdk1.8.0_141/jre/lib/amd64/libjpeg.so
7f8541744000-7f8541747000 ---p 00000000 00:00 0 
7f8541747000-7f8541a45000 rw-p 00000000 00:00 0 
7f8541a45000-7f8541a56000 r-xp 00000000 08:01 27660750                   /home/ojt/jdk1.8.0_141/jre/lib/amd64/libnio.so
7f8541a56000-7f8541c55000 ---p 00011000 08:01 27660750                   /home/ojt/jdk1.8.0_141/jre/lib/amd64/libnio.so
7f8541c55000-7f8541c56000 rw-p 00010000 08:01 27660750                   /home/ojt/jdk1.8.0_141/jre/lib/amd64/libnio.so
7f8541c56000-7f8541f57000 rw-p 00000000 00:00 0 
7f8541f57000-7f8541f6d000 r-xp 00000000 08:01 27660751                   /home/ojt/jdk1.8.0_141/jre/lib/amd64/libnet.so
7f8541f6d000-7f854216d000 ---p 00016000 08:01 27660751                   /home/ojt/jdk1.8.0_141/jre/lib/amd64/libnet.so
7f854216d000-7f854216e000 rw-p 00016000 08:01 27660751                   /home/ojt/jdk1.8.0_141/jre/lib/amd64/libnet.so
7f854216e000-7f8542171000 ---p 00000000 00:00 0 
7f8542171000-7f854226f000 rw-p 00000000 00:00 0 
7f854226f000-7f8542274000 r-xp 00000000 08:01 27010428                   /usr/lib/x86_64-linux-gnu/libXfixes.so.3.1.0
7f8542274000-7f8542473000 ---p 00005000 08:01 27010428                   /usr/lib/x86_64-linux-gnu/libXfixes.so.3.1.0
7f8542473000-7f8542474000 r--p 00004000 08:01 27010428                   /usr/lib/x86_64-linux-gnu/libXfixes.so.3.1.0
7f8542474000-7f8542475000 rw-p 00005000 08:01 27010428                   /usr/lib/x86_64-linux-gnu/libXfixes.so.3.1.0
7f8542475000-7f854247e000 r-xp 00000000 08:01 27010418                   /usr/lib/x86_64-linux-gnu/libXcursor.so.1.0.2
7f854247e000-7f854267d000 ---p 00009000 08:01 27010418                   /usr/lib/x86_64-linux-gnu/libXcursor.so.1.0.2
7f854267d000-7f854267e000 r--p 00008000 08:01 27010418                   /usr/lib/x86_64-linux-gnu/libXcursor.so.1.0.2
7f854267e000-7f854267f000 rw-p 00009000 08:01 27010418                   /usr/lib/x86_64-linux-gnu/libXcursor.so.1.0.2
7f854267f000-7f8542682000 ---p 00000000 00:00 0 
7f8542682000-7f8542780000 rw-p 00000000 00:00 0 
7f8542780000-7f8542796000 r-xp 00000000 08:01 33559007                   /lib/x86_64-linux-gnu/libgcc_s.so.1
7f8542796000-7f8542995000 ---p 00016000 08:01 33559007                   /lib/x86_64-linux-gnu/libgcc_s.so.1
7f8542995000-7f8542996000 rw-p 00015000 08:01 33559007                   /lib/x86_64-linux-gnu/libgcc_s.so.1
7f8542996000-7f85429fb000 r-xp 00000000 08:01 27659653                   /home/ojt/jdk1.8.0_141/jre/lib/amd64/libfontmanager.so
7f85429fb000-7f8542bfa000 ---p 00065000 08:01 27659653                   /home/ojt/jdk1.8.0_141/jre/lib/amd64/libfontmanager.so
7f8542bfa000-7f8542bff000 rw-p 00064000 08:01 27659653                   /home/ojt/jdk1.8.0_141/jre/lib/amd64/libfontmanager.so
7f8542bff000-7f8542c0f000 rw-p 00000000 00:00 0 
7f8542c0f000-7f8542c14000 r-xp 00000000 08:01 27010424                   /usr/lib/x86_64-linux-gnu/libXdmcp.so.6.0.0
7f8542c14000-7f8542e13000 ---p 00005000 08:01 27010424                   /usr/lib/x86_64-linux-gnu/libXdmcp.so.6.0.0
7f8542e13000-7f8542e14000 r--p 00004000 08:01 27010424                   /usr/lib/x86_64-linux-gnu/libXdmcp.so.6.0.0
7f8542e14000-7f8542e15000 rw-p 00005000 08:01 27010424                   /usr/lib/x86_64-linux-gnu/libXdmcp.so.6.0.0
7f8542e15000-7f8542e17000 r-xp 00000000 08:01 27010411                   /usr/lib/x86_64-linux-gnu/libXau.so.6.0.0
7f8542e17000-7f8543017000 ---p 00002000 08:01 27010411                   /usr/lib/x86_64-linux-gnu/libXau.so.6.0.0
7f8543017000-7f8543018000 r--p 00002000 08:01 27010411                   /usr/lib/x86_64-linux-gnu/libXau.so.6.0.0
7f8543018000-7f8543019000 rw-p 00003000 08:01 27010411                   /usr/lib/x86_64-linux-gnu/libXau.so.6.0.0
7f8543019000-7f854303a000 r-xp 00000000 08:01 27011897                   /usr/lib/x86_64-linux-gnu/libxcb.so.1.1.0
7f854303a000-7f8543239000 ---p 00021000 08:01 27011897                   /usr/lib/x86_64-linux-gnu/libxcb.so.1.1.0
7f8543239000-7f854323a000 r--p 00020000 08:01 27011897                   /usr/lib/x86_64-linux-gnu/libxcb.so.1.1.0
7f854323a000-7f854323b000 rw-p 00021000 08:01 27011897                   /usr/lib/x86_64-linux-gnu/libxcb.so.1.1.0
7f854323b000-7f854324a000 r-xp 00000000 08:01 27010434                   /usr/lib/x86_64-linux-gnu/libXi.so.6.1.0
7f854324a000-7f8543449000 ---p 0000f000 08:01 27010434                   /usr/lib/x86_64-linux-gnu/libXi.so.6.1.0
7f8543449000-7f854344a000 r--p 0000e000 08:01 27010434                   /usr/lib/x86_64-linux-gnu/libXi.so.6.1.0
7f854344a000-7f854344b000 rw-p 0000f000 08:01 27010434                   /usr/lib/x86_64-linux-gnu/libXi.so.6.1.0
7f854344b000-7f8543450000 r-xp 00000000 08:01 27010452                   /usr/lib/x86_64-linux-gnu/libXtst.so.6.1.0
7f8543450000-7f854364f000 ---p 00005000 08:01 27010452                   /usr/lib/x86_64-linux-gnu/libXtst.so.6.1.0
7f854364f000-7f8543650000 r--p 00004000 08:01 27010452                   /usr/lib/x86_64-linux-gnu/libXtst.so.6.1.0
7f8543650000-7f8543651000 rw-p 00005000 08:01 27010452                   /usr/lib/x86_64-linux-gnu/libXtst.so.6.1.0
7f8543651000-7f854365a000 r-xp 00000000 08:01 27010446                   /usr/lib/x86_64-linux-gnu/libXrender.so.1.3.0
7f854365a000-7f8543859000 ---p 00009000 08:01 27010446                   /usr/lib/x86_64-linux-gnu/libXrender.so.1.3.0
7f8543859000-7f854385a000 r--p 00008000 08:01 27010446                   /usr/lib/x86_64-linux-gnu/libXrender.so.1.3.0
7f854385a000-7f854385b000 rw-p 00009000 08:01 27010446                   /usr/lib/x86_64-linux-gnu/libXrender.so.1.3.0
7f854385b000-7f8543990000 r-xp 00000000 08:01 27010405                   /usr/lib/x86_64-linux-gnu/libX11.so.6.3.0
7f8543990000-7f8543b90000 ---p 00135000 08:01 27010405                   /usr/lib/x86_64-linux-gnu/libX11.so.6.3.0
7f8543b90000-7f8543b91000 r--p 00135000 08:01 27010405                   /usr/lib/x86_64-linux-gnu/libX11.so.6.3.0
7f8543b91000-7f8543b95000 rw-p 00136000 08:01 27010405                   /usr/lib/x86_64-linux-gnu/libX11.so.6.3.0
7f8543b95000-7f8543ba6000 r-xp 00000000 08:01 27010426                   /usr/lib/x86_64-linux-gnu/libXext.so.6.4.0
7f8543ba6000-7f8543da5000 ---p 00011000 08:01 27010426                   /usr/lib/x86_64-linux-gnu/libXext.so.6.4.0
7f8543da5000-7f8543da6000 r--p 00010000 08:01 27010426                   /usr/lib/x86_64-linux-gnu/libXext.so.6.4.0
7f8543da6000-7f8543da7000 rw-p 00011000 08:01 27010426                   /usr/lib/x86_64-linux-gnu/libXext.so.6.4.0
7f8543da7000-7f8543dfb000 r-xp 00000000 08:01 27659865                   /home/ojt/jdk1.8.0_141/jre/lib/amd64/libawt_xawt.so
7f8543dfb000-7f8543ffb000 ---p 00054000 08:01 27659865                   /home/ojt/jdk1.8.0_141/jre/lib/amd64/libawt_xawt.so
7f8543ffb000-7f8543fff000 rw-p 00054000 08:01 27659865                   /home/ojt/jdk1.8.0_141/jre/lib/amd64/libawt_xawt.so
7f8543fff000-7f8544000000 rw-p 00000000 00:00 0 
7f8544000000-7f8544021000 rw-p 00000000 00:00 0 
7f8544021000-7f8548000000 ---p 00000000 00:00 0 
7f8548000000-7f8548001000 r--s 00000000 08:01 42729559                   /var/cache/fontconfig/4b2eda6bb976bda485cb2176619421d5-le64.cache-6
7f8548001000-7f8548003000 r--s 00000000 08:01 42729581                   /var/cache/fontconfig/99e8ed0e538f840c565b6ed5dad60d56-le64.cache-6
7f8548003000-7f8548009000 r--s 00000000 08:01 42729550                   /var/cache/fontconfig/2cd17615ca594fa2959ae173292e504c-le64.cache-6
7f8548009000-7f854800a000 r--s 00000000 08:01 42729543                   /var/cache/fontconfig/0d8c3b2ac0904cb8a57a757ad11a4a08-le64.cache-6
7f854800a000-7f854800b000 r--s 00000000 08:01 42729547                   /var/cache/fontconfig/1ac9eb803944fde146138c791f5cc56a-le64.cache-6
7f854800b000-7f854800f000 r--s 00000000 08:01 42729555                   /var/cache/fontconfig/385c0604a188198f04d133e54aba7fe7-le64.cache-6
7f854800f000-7f8548010000 r--s 00000000 08:01 42729600                   /var/cache/fontconfig/dc05db6664285cc2f12bf69c139ae4c3-le64.cache-6
7f8548010000-7f8548012000 r--s 00000000 08:01 42729544                   /var/cache/fontconfig/14a5e22175779b556eaa434240950366-le64.cache-6
7f8548012000-7f8548013000 r--s 00000000 08:01 42729571                   /var/cache/fontconfig/660208299946a285a940457d1287da33-le64.cache-6
7f8548013000-7f8548015000 r--s 00000000 08:01 42729562                   /var/cache/fontconfig/4f3e3037c9980c83b53a9351efadef62-le64.cache-6
7f8548015000-7f8548018000 r--s 00000000 08:01 42729575                   /var/cache/fontconfig/767a8244fc0220cfb567a839d0392e0b-le64.cache-6
7f8548018000-7f8548019000 r--s 00000000 08:01 42734349                   /var/cache/fontconfig/4794a0821666d79190d59a36cb4f44b5-le64.cache-6
7f8548019000-7f854801e000 r--s 00000000 08:01 42729578                   /var/cache/fontconfig/8801497958630a81b71ace7c5f9b32a8-le64.cache-6
7f854801e000-7f8548021000 r--s 00000000 08:01 42729584                   /var/cache/fontconfig/a015930274ffcd967d2ca1b57da47cc7-le64.cache-6
7f8548021000-7f8548022000 r--s 00000000 08:01 42729588                   /var/cache/fontconfig/b872e6e592da6075ffa4ab0a1fcc0c75-le64.cache-6
7f8548022000-7f8548023000 r--s 00000000 08:01 42729605                   /var/cache/fontconfig/f6d4eedfaab2589bde49f7a3ff831d22-le64.cache-6
7f8548023000-7f8548024000 r--s 00000000 08:01 42729569                   /var/cache/fontconfig/589f83ef4c36d296ce6e1c846f468f08-le64.cache-6
7f8548024000-7f8548025000 r--s 00000000 08:01 42729590                   /var/cache/fontconfig/bab58bb527bb656aaa9f116d68a48d89-le64.cache-6
7f8548025000-7f8548026000 r--s 00000000 08:01 42729548                   /var/cache/fontconfig/2171a34dccabdb6bcbbc728186263178-le64.cache-6
7f8548026000-7f8548027000 r--s 00000000 08:01 42729591                   /var/cache/fontconfig/c5c45a61289222e0d30b1a26ef4effbe-le64.cache-6
7f8548027000-7f8548028000 r--s 00000000 08:01 42729586                   /var/cache/fontconfig/aec30016f93e1b46d1a973dce0d74068-le64.cache-6
7f8548028000-7f8548029000 r--s 00000000 08:01 42729556                   /var/cache/fontconfig/3f589640d34b7dc9042c8d453f7c8b9c-le64.cache-6
7f8548029000-7f854802a000 r--s 00000000 08:01 42729545                   /var/cache/fontconfig/16c2fda60d1b4b719f4b3d06fd951d25-le64.cache-6
7f854802a000-7f854802b000 r--s 00000000 08:01 42729585                   /var/cache/fontconfig/a48eab177a16e4f3713381162db2f3e9-le64.cache-6
7f854802b000-7f854802c000 r--s 00000000 08:01 42729565                   /var/cache/fontconfig/564b2e68ac9bc4e36a6f7f6d6125ec1c-le64.cache-6
7f854802c000-7f8548033000 r--s 00000000 08:01 42729551                   /var/cache/fontconfig/3047814df9a2f067bd2d96a2b9c36e5a-le64.cache-6
7f8548033000-7f8548034000 r--s 00000000 08:01 42729566                   /var/cache/fontconfig/56cf4f4769d0f4abc89a4895d7bd3ae1-le64.cache-6
7f8548034000-7f8548035000 r--s 00000000 08:01 42729589                   /var/cache/fontconfig/b9d506c9ac06c20b433354fa67a72993-le64.cache-6
7f8548035000-7f854803b000 r--s 00000000 08:01 42729587                   /var/cache/fontconfig/b47c4e1ecd0709278f4910c18777a504-le64.cache-6
7f854803b000-7f854804e000 r--s 00000000 08:01 42729597                   /var/cache/fontconfig/d52a8644073d54c13679302ca1180695-le64.cache-6
7f854804e000-7f854804f000 r--s 00000000 08:01 42729553                   /var/cache/fontconfig/370e5b74bf5dafc30834de68e24a87a4-le64.cache-6
7f854804f000-7f8548050000 r--s 00000000 08:01 42729573                   /var/cache/fontconfig/6b2c5944714ca7831b25bed9e85cb5c8-le64.cache-6
7f8548050000-7f8548051000 r--s 00000000 08:01 42729596                   /var/cache/fontconfig/d5178ab6d91b49bf20a416737dcea9e8-le64.cache-6
7f8548051000-7f8548052000 r--s 00000000 08:01 42729564                   /var/cache/fontconfig/551ecf3b0e8b0bca0f25c0944f561853-le64.cache-6
7f8548052000-7f8548055000 r--s 00000000 08:01 42729604                   /var/cache/fontconfig/f259c2cffa685e28062317905db73c4a-le64.cache-6
7f8548055000-7f8548057000 r--s 00000000 08:01 42729563                   /var/cache/fontconfig/550f3886151c940c12a5ed35f6a00586-le64.cache-6
7f8548057000-7f854805a000 r--s 00000000 08:01 42729572                   /var/cache/fontconfig/674d1711f2d1d2a09646eb0bdcadee49-le64.cache-6
7f854805a000-7f8548065000 r--s 00000000 08:01 42729598                   /var/cache/fontconfig/d589a48862398ed80a3d6066f4f56f4c-le64.cache-6
7f8548065000-7f8548066000 r--s 00000000 08:01 42729552                   /var/cache/fontconfig/30829fa25452a46451e813d634d7f916-le64.cache-6
7f8548066000-7f8548067000 r--s 00000000 08:01 42729542                   /var/cache/fontconfig/0c9eb80ebd1c36541ebe2852d3bb0c49-le64.cache-6
7f8548067000-7f8548068000 r--s 00000000 08:01 42729549                   /var/cache/fontconfig/22368d551a680bfe5a62c02760edf4ea-le64.cache-6
7f8548068000-7f8548069000 r--s 00000000 08:01 42729561                   /var/cache/fontconfig/4d9c95eba1cb85bbcf2878543262124a-le64.cache-6
7f8548069000-7f854806a000 r--s 00000000 08:01 42729577                   /var/cache/fontconfig/85e0a52ce643a7ba2ae53e5d6949cead-le64.cache-6
7f854806a000-7f854806b000 r--s 00000000 08:01 42729558                   /var/cache/fontconfig/49f0de54bdd920fe4f0dfd4cbac43e6b-le64.cache-6
7f854806b000-7f854806c000 r--s 00000000 08:01 42729606                   /var/cache/fontconfig/f6e6e0a5c3d2f6ae0c0c2e0ecd42a997-le64.cache-6
7f854806c000-7f854807e000 r--s 00000000 08:01 42729582                   /var/cache/fontconfig/9b89f8e3dae116d678bbf48e5f21f69b-le64.cache-6
7f854807e000-7f8548087000 r--s 00000000 08:01 42729594                   /var/cache/fontconfig/d0972c3d32f097851eb916381fc38920-le64.cache-6
7f8548087000-7f854808a000 r--s 00000000 08:01 42729642                   /var/cache/fontconfig/e13b20fdb08344e0e664864cc2ede53d-le64.cache-6
7f854808a000-7f854808e000 r--s 00000000 08:01 42729567                   /var/cache/fontconfig/7ef2298fde41cc6eeb7af42e48b7d293-le64.cache-6
7f854808e000-7f8548130000 r-xp 00000000 08:01 27660753                   /home/ojt/jdk1.8.0_141/jre/lib/amd64/libawt.so
7f8548130000-7f8548330000 ---p 000a2000 08:01 27660753                   /home/ojt/jdk1.8.0_141/jre/lib/amd64/libawt.so
7f8548330000-7f854833c000 rw-p 000a2000 08:01 27660753                   /home/ojt/jdk1.8.0_141/jre/lib/amd64/libawt.so
7f854833c000-7f8548360000 rw-p 00000000 00:00 0 
7f8548360000-7f8548365000 r--s 002f8000 08:01 25568131                   /home/ojt/jdk1.8.0_141/jre/lib/charsets.jar
7f8548365000-7f85483a3000 r--s 0025d000 08:01 34605036                   /home/ojt/png_temp/develop/JavaDB/lib/xmlbeans-2.6.0.jar
7f85483a3000-7f854845d000 r--s 004e0000 08:01 34605035                   /home/ojt/png_temp/develop/JavaDB/lib/poi-ooxml-schemas-3.16.jar
7f854845d000-7f8548470000 r--s 0014c000 08:01 34605034                   /home/ojt/png_temp/develop/JavaDB/lib/poi-ooxml-3.16.jar
7f8548470000-7f854849c000 r--s 00263000 08:01 34605033                   /home/ojt/png_temp/develop/JavaDB/lib/poi-3.16.jar
7f854849c000-7f85484a0000 r--s 0003f000 08:01 34604982                   /home/ojt/png_temp/develop/JavaDB/lib/derbynet.jar
7f85484a0000-7f85484a6000 r--s 0008a000 08:01 34604981                   /home/ojt/png_temp/develop/JavaDB/lib/derbyclient.jar
7f85484a6000-7f85484a9000 r--s 00019000 08:01 34604980                   /home/ojt/png_temp/develop/JavaDB/lib/derbyLocale_zh_TW.jar
7f85484a9000-7f85484ab000 r--s 00019000 08:01 34604979                   /home/ojt/png_temp/develop/JavaDB/lib/derbyLocale_zh_CN.jar
7f85484ab000-7f85484ad000 r--s 0001c000 08:01 34604978                   /home/ojt/png_temp/develop/JavaDB/lib/derbyLocale_ru.jar
7f85484ad000-7f85484db000 r--s 002e7000 08:01 34604966                   /home/ojt/png_temp/develop/JavaDB/lib/derby.jar
7f85484db000-7f85484eb000 r--s 000a8000 08:01 34605031                   /home/ojt/png_temp/develop/JavaDB/lib/commons-collections4-4.1.jar
7f85484eb000-7f8548567000 r--s 0079b000 08:01 35396760                   /home/ojt/png_temp/develop/JavaDB/lib/eclipselink/eclipselink.jar
7f8548567000-7f8548568000 ---p 00000000 00:00 0 
7f8548568000-7f8548668000 rw-p 00000000 00:00 0 
7f8548668000-7f854866b000 ---p 00000000 00:00 0 
7f854866b000-7f8548769000 rw-p 00000000 00:00 0 
7f8548769000-7f854876c000 ---p 00000000 00:00 0 
7f854876c000-7f854886a000 rw-p 00000000 00:00 0 
7f854886a000-7f854886d000 ---p 00000000 00:00 0 
7f854886d000-7f854896b000 rw-p 00000000 00:00 0 
7f854896b000-7f854896e000 ---p 00000000 00:00 0 
7f854896e000-7f8548a6c000 rw-p 00000000 00:00 0 
7f8548a6c000-7f8548a6f000 ---p 00000000 00:00 0 
7f8548a6f000-7f8548b6d000 rw-p 00000000 00:00 0 
7f8548b6d000-7f8548b70000 ---p 00000000 00:00 0 
7f8548b70000-7f8548c6e000 rw-p 00000000 00:00 0 
7f8548c6e000-7f8548f46000 r--p 00000000 08:01 27004540                   /usr/lib/locale/locale-archive
7f8548f46000-7f8548f49000 ---p 00000000 00:00 0 
7f8548f49000-7f8549047000 rw-p 00000000 00:00 0 
7f8549047000-7f854904a000 ---p 00000000 00:00 0 
7f854904a000-7f8549148000 rw-p 00000000 00:00 0 
7f8549148000-7f8549149000 ---p 00000000 00:00 0 
7f8549149000-7f854c000000 rw-p 00000000 00:00 0 
7f854c000000-7f854c021000 rw-p 00000000 00:00 0 
7f854c021000-7f8550000000 ---p 00000000 00:00 0 
7f8550000000-7f8550021000 rw-p 00000000 00:00 0 
7f8550021000-7f8554000000 ---p 00000000 00:00 0 
7f8554000000-7f8554021000 rw-p 00000000 00:00 0 
7f8554021000-7f8558000000 ---p 00000000 00:00 0 
7f8558000000-7f8558003000 r--s 00014000 08:01 34604977                   /home/ojt/png_temp/develop/JavaDB/lib/derbyLocale_pt_BR.jar
7f8558003000-7f8558005000 r--s 00015000 08:01 34604976                   /home/ojt/png_temp/develop/JavaDB/lib/derbyLocale_pl.jar
7f8558005000-7f8558007000 r--s 0001b000 08:01 34604975                   /home/ojt/png_temp/develop/JavaDB/lib/derbyLocale_ko_KR.jar
7f8558007000-7f855800a000 r--s 0001c000 08:01 34604974                   /home/ojt/png_temp/develop/JavaDB/lib/derbyLocale_ja_JP.jar
7f855800a000-7f855800c000 r--s 00018000 08:01 34604973                   /home/ojt/png_temp/develop/JavaDB/lib/derbyLocale_it.jar
7f855800c000-7f855800e000 r--s 00016000 08:01 34604972                   /home/ojt/png_temp/develop/JavaDB/lib/derbyLocale_hu.jar
7f855800e000-7f855802b000 r--s 00131000 08:01 35396762                   /home/ojt/png_temp/develop/JavaDB/lib/eclipselink/org.eclipse.persistence.jpa.jpql_2.5.2.v20140319-9ad6abd.jar
7f855802b000-7f8559000000 rw-p 00000000 00:00 0 
7f8559000000-7f85598a0000 rwxp 00000000 00:00 0 
7f85598a0000-7f8568000000 ---p 00000000 00:00 0 
7f8568000000-7f8568525000 rw-p 00000000 00:00 0 
7f8568525000-7f856c000000 ---p 00000000 00:00 0 
7f856c000000-7f856c001000 r--s 00000000 08:01 42729559                   /var/cache/fontconfig/4b2eda6bb976bda485cb2176619421d5-le64.cache-6
7f856c001000-7f856c003000 r--s 0001a000 08:01 34604971                   /home/ojt/png_temp/develop/JavaDB/lib/derbyLocale_fr.jar
7f856c003000-7f856c005000 r--s 00018000 08:01 34604970                   /home/ojt/png_temp/develop/JavaDB/lib/derbyLocale_es.jar
7f856c005000-7f856c007000 r--s 0001a000 08:01 34604969                   /home/ojt/png_temp/develop/JavaDB/lib/derbyLocale_de_DE.jar
7f856c007000-7f856c00a000 r--s 00015000 08:01 34604968                   /home/ojt/png_temp/develop/JavaDB/lib/derbyLocale_cs.jar
7f856c00a000-7f856c011000 r--s 0003f000 08:01 34605030                   /home/ojt/png_temp/develop/JavaDB/lib/commons-codec-1.10.jar
7f856c011000-7f856c018000 r--s 00094000 08:01 35396765                   /home/ojt/png_temp/develop/JavaDB/lib/beans-binding/beansbinding-1.2.1.jar
7f856c018000-7f856c01e000 r--s 00023000 08:01 35396761                   /home/ojt/png_temp/develop/JavaDB/lib/eclipselink/javax.persistence_2.1.0.v201304241213.jar
7f856c01e000-7f856c586000 rw-p 00000000 00:00 0 
7f856c586000-7f856c760000 r--s 03d4d000 08:01 25568149                   /home/ojt/jdk1.8.0_141/jre/lib/rt.jar
7f856c760000-7f856d241000 rw-p 00000000 00:00 0 
7f856d241000-7f856d242000 ---p 00000000 00:00 0 
7f856d242000-7f856d342000 rw-p 00000000 00:00 0 
7f856d342000-7f856d343000 ---p 00000000 00:00 0 
7f856d343000-7f856d443000 rw-p 00000000 00:00 0 
7f856d443000-7f856d444000 ---p 00000000 00:00 0 
7f856d444000-7f856d544000 rw-p 00000000 00:00 0 
7f856d544000-7f856d545000 ---p 00000000 00:00 0 
7f856d545000-7f856d645000 rw-p 00000000 00:00 0 
7f856d645000-7f856d646000 ---p 00000000 00:00 0 
7f856d646000-7f856d746000 rw-p 00000000 00:00 0 
7f856d746000-7f856d747000 ---p 00000000 00:00 0 
7f856d747000-7f856d847000 rw-p 00000000 00:00 0 
7f856d847000-7f856d848000 ---p 00000000 00:00 0 
7f856d848000-7f856d948000 rw-p 00000000 00:00 0 
7f856d948000-7f856d949000 ---p 00000000 00:00 0 
7f856d949000-7f856da78000 rw-p 00000000 00:00 0 
7f856da78000-7f856dbe6000 ---p 00000000 00:00 0 
7f856dbe6000-7f856dc15000 rw-p 00000000 00:00 0 
7f856dc15000-7f856dd82000 ---p 00000000 00:00 0 
7f856dd82000-7f856ddcf000 rw-p 00000000 00:00 0 
7f856ddcf000-7f856de51000 ---p 00000000 00:00 0 
7f856de51000-7f856de75000 rw-p 00000000 00:00 0 
7f856de75000-7f856e212000 ---p 00000000 00:00 0 
7f856e212000-7f856e22c000 r-xp 00000000 08:01 27660749                   /home/ojt/jdk1.8.0_141/jre/lib/amd64/libzip.so
7f856e22c000-7f856e42c000 ---p 0001a000 08:01 27660749                   /home/ojt/jdk1.8.0_141/jre/lib/amd64/libzip.so
7f856e42c000-7f856e42d000 rw-p 0001a000 08:01 27660749                   /home/ojt/jdk1.8.0_141/jre/lib/amd64/libzip.so
7f856e42d000-7f856e438000 r-xp 00000000 08:01 33559323                   /lib/x86_64-linux-gnu/libnss_files-2.23.so
7f856e438000-7f856e637000 ---p 0000b000 08:01 33559323                   /lib/x86_64-linux-gnu/libnss_files-2.23.so
7f856e637000-7f856e638000 r--p 0000a000 08:01 33559323                   /lib/x86_64-linux-gnu/libnss_files-2.23.so
7f856e638000-7f856e639000 rw-p 0000b000 08:01 33559323                   /lib/x86_64-linux-gnu/libnss_files-2.23.so
7f856e639000-7f856e63f000 rw-p 00000000 00:00 0 
7f856e63f000-7f856e64a000 r-xp 00000000 08:01 33559316                   /lib/x86_64-linux-gnu/libnss_nis-2.23.so
7f856e64a000-7f856e849000 ---p 0000b000 08:01 33559316                   /lib/x86_64-linux-gnu/libnss_nis-2.23.so
7f856e849000-7f856e84a000 r--p 0000a000 08:01 33559316                   /lib/x86_64-linux-gnu/libnss_nis-2.23.so
7f856e84a000-7f856e84b000 rw-p 0000b000 08:01 33559316                   /lib/x86_64-linux-gnu/libnss_nis-2.23.so
7f856e84b000-7f856e861000 r-xp 00000000 08:01 33559318                   /lib/x86_64-linux-gnu/libnsl-2.23.so
7f856e861000-7f856ea60000 ---p 00016000 08:01 33559318                   /lib/x86_64-linux-gnu/libnsl-2.23.so
7f856ea60000-7f856ea61000 r--p 00015000 08:01 33559318                   /lib/x86_64-linux-gnu/libnsl-2.23.so
7f856ea61000-7f856ea62000 rw-p 00016000 08:01 33559318                   /lib/x86_64-linux-gnu/libnsl-2.23.so
7f856ea62000-7f856ea64000 rw-p 00000000 00:00 0 
7f856ea64000-7f856ea6c000 r-xp 00000000 08:01 33559325                   /lib/x86_64-linux-gnu/libnss_compat-2.23.so
7f856ea6c000-7f856ec6b000 ---p 00008000 08:01 33559325                   /lib/x86_64-linux-gnu/libnss_compat-2.23.so
7f856ec6b000-7f856ec6c000 r--p 00007000 08:01 33559325                   /lib/x86_64-linux-gnu/libnss_compat-2.23.so
7f856ec6c000-7f856ec6d000 rw-p 00008000 08:01 33559325                   /lib/x86_64-linux-gnu/libnss_compat-2.23.so
7f856ec6d000-7f856ec98000 r-xp 00000000 08:01 27660742                   /home/ojt/jdk1.8.0_141/jre/lib/amd64/libjava.so
7f856ec98000-7f856ee97000 ---p 0002b000 08:01 27660742                   /home/ojt/jdk1.8.0_141/jre/lib/amd64/libjava.so
7f856ee97000-7f856ee99000 rw-p 0002a000 08:01 27660742                   /home/ojt/jdk1.8.0_141/jre/lib/amd64/libjava.so
7f856ee99000-7f856eea6000 r-xp 00000000 08:01 27660270                   /home/ojt/jdk1.8.0_141/jre/lib/amd64/libverify.so
7f856eea6000-7f856f0a6000 ---p 0000d000 08:01 27660270                   /home/ojt/jdk1.8.0_141/jre/lib/amd64/libverify.so
7f856f0a6000-7f856f0a8000 rw-p 0000d000 08:01 27660270                   /home/ojt/jdk1.8.0_141/jre/lib/amd64/libverify.so
7f856f0a8000-7f856f0af000 r-xp 00000000 08:01 33559326                   /lib/x86_64-linux-gnu/librt-2.23.so
7f856f0af000-7f856f2ae000 ---p 00007000 08:01 33559326                   /lib/x86_64-linux-gnu/librt-2.23.so
7f856f2ae000-7f856f2af000 r--p 00006000 08:01 33559326                   /lib/x86_64-linux-gnu/librt-2.23.so
7f856f2af000-7f856f2b0000 rw-p 00007000 08:01 33559326                   /lib/x86_64-linux-gnu/librt-2.23.so
7f856f2b0000-7f856f3b8000 r-xp 00000000 08:01 33559317                   /lib/x86_64-linux-gnu/libm-2.23.so
7f856f3b8000-7f856f5b7000 ---p 00108000 08:01 33559317                   /lib/x86_64-linux-gnu/libm-2.23.so
7f856f5b7000-7f856f5b8000 r--p 00107000 08:01 33559317                   /lib/x86_64-linux-gnu/libm-2.23.so
7f856f5b8000-7f856f5b9000 rw-p 00108000 08:01 33559317                   /lib/x86_64-linux-gnu/libm-2.23.so
7f856f5b9000-7f857028c000 r-xp 00000000 08:01 27798785                   /home/ojt/jdk1.8.0_141/jre/lib/amd64/server/libjvm.so
7f857028c000-7f857048b000 ---p 00cd3000 08:01 27798785                   /home/ojt/jdk1.8.0_141/jre/lib/amd64/server/libjvm.so
7f857048b000-7f8570565000 rw-p 00cd2000 08:01 27798785                   /home/ojt/jdk1.8.0_141/jre/lib/amd64/server/libjvm.so
7f8570565000-7f85705b0000 rw-p 00000000 00:00 0 
7f85705b0000-7f857076f000 r-xp 00000000 08:01 33559319                   /lib/x86_64-linux-gnu/libc-2.23.so
7f857076f000-7f857096f000 ---p 001bf000 08:01 33559319                   /lib/x86_64-linux-gnu/libc-2.23.so
7f857096f000-7f8570973000 r--p 001bf000 08:01 33559319                   /lib/x86_64-linux-gnu/libc-2.23.so
7f8570973000-7f8570975000 rw-p 001c3000 08:01 33559319                   /lib/x86_64-linux-gnu/libc-2.23.so
7f8570975000-7f8570979000 rw-p 00000000 00:00 0 
7f8570979000-7f857097c000 r-xp 00000000 08:01 33559315                   /lib/x86_64-linux-gnu/libdl-2.23.so
7f857097c000-7f8570b7b000 ---p 00003000 08:01 33559315                   /lib/x86_64-linux-gnu/libdl-2.23.so
7f8570b7b000-7f8570b7c000 r--p 00002000 08:01 33559315                   /lib/x86_64-linux-gnu/libdl-2.23.so
7f8570b7c000-7f8570b7d000 rw-p 00003000 08:01 33559315                   /lib/x86_64-linux-gnu/libdl-2.23.so
7f8570b7d000-7f8570b92000 r-xp 00000000 08:01 27798802                   /home/ojt/jdk1.8.0_141/jre/lib/amd64/jli/libjli.so
7f8570b92000-7f8570d92000 ---p 00015000 08:01 27798802                   /home/ojt/jdk1.8.0_141/jre/lib/amd64/jli/libjli.so
7f8570d92000-7f8570d93000 rw-p 00015000 08:01 27798802                   /home/ojt/jdk1.8.0_141/jre/lib/amd64/jli/libjli.so
7f8570d93000-7f8570dab000 r-xp 00000000 08:01 33559330                   /lib/x86_64-linux-gnu/libpthread-2.23.so
7f8570dab000-7f8570faa000 ---p 00018000 08:01 33559330                   /lib/x86_64-linux-gnu/libpthread-2.23.so
7f8570faa000-7f8570fab000 r--p 00017000 08:01 33559330                   /lib/x86_64-linux-gnu/libpthread-2.23.so
7f8570fab000-7f8570fac000 rw-p 00018000 08:01 33559330                   /lib/x86_64-linux-gnu/libpthread-2.23.so
7f8570fac000-7f8570fb0000 rw-p 00000000 00:00 0 
7f8570fb0000-7f8570fd6000 r-xp 00000000 08:01 33559320                   /lib/x86_64-linux-gnu/ld-2.23.so
7f8570fd6000-7f8570fd8000 r--s 0000e000 08:01 34605032                   /home/ojt/png_temp/develop/JavaDB/lib/commons-logging-1.2.jar
7f8570fd8000-7f85710aa000 rw-p 00000000 00:00 0 
7f85710aa000-7f85710ad000 ---p 00000000 00:00 0 
7f85710ad000-7f85711af000 rw-p 00000000 00:00 0 
7f85711af000-7f85711b0000 r--s 00000000 08:01 35396768                   /home/ojt/png_temp/develop/JavaDB/lib/absolutelayout/AbsoluteLayout.jar
7f85711b0000-7f85711c9000 rw-p 00000000 00:00 0 
7f85711c9000-7f85711d1000 rw-s 00000000 08:01 60031051                   /tmp/hsperfdata_ojt/11421
7f85711d1000-7f85711d2000 rw-p 00000000 00:00 0 
7f85711d2000-7f85711d3000 r--p 00000000 00:00 0 
7f85711d3000-7f85711d5000 rw-p 00000000 00:00 0 
7f85711d5000-7f85711d6000 r--p 00025000 08:01 33559320                   /lib/x86_64-linux-gnu/ld-2.23.so
7f85711d6000-7f85711d7000 rw-p 00026000 08:01 33559320                   /lib/x86_64-linux-gnu/ld-2.23.so
7f85711d7000-7f85711d8000 rw-p 00000000 00:00 0 
7fff48e72000-7fff48e93000 rw-p 00000000 00:00 0                          [stack]
7fff48f67000-7fff48f69000 r--p 00000000 00:00 0                          [vvar]
7fff48f69000-7fff48f6b000 r-xp 00000000 00:00 0                          [vdso]
ffffffffff600000-ffffffffff601000 r-xp 00000000 00:00 0                  [vsyscall]

VM Arguments:
jvm_args: -Dfile.encoding=UTF-8 
java_command: partNumbering_generator.login_frame
java_class_path (initial): /home/ojt/png_temp/develop/JavaDB/lib/eclipselink/eclipselink.jar:/home/ojt/png_temp/develop/JavaDB/lib/eclipselink/javax.persistence_2.1.0.v201304241213.jar:/home/ojt/png_temp/develop/JavaDB/lib/eclipselink/org.eclipse.persistence.jpa.jpql_2.5.2.v20140319-9ad6abd.jar:/home/ojt/png_temp/develop/JavaDB/lib/beans-binding/beansbinding-1.2.1.jar:/home/ojt/png_temp/develop/JavaDB/lib/absolutelayout/AbsoluteLayout.jar:/home/ojt/png_temp/develop/JavaDB/lib/commons-codec-1.10.jar:/home/ojt/png_temp/develop/JavaDB/lib/commons-collections4-4.1.jar:/home/ojt/png_temp/develop/JavaDB/lib/commons-logging-1.2.jar:/home/ojt/png_temp/develop/JavaDB/lib/derby.jar:/home/ojt/png_temp/develop/JavaDB/lib/derbyclient.jar:/home/ojt/png_temp/develop/JavaDB/lib/derbynet.jar:/home/ojt/png_temp/develop/JavaDB/lib/poi-3.16.jar:/home/ojt/png_temp/develop/JavaDB/lib/poi-ooxml-3.16.jar:/home/ojt/png_temp/develop/JavaDB/lib/poi-ooxml-schemas-3.16.jar:/home/ojt/png_temp/develop/JavaDB/lib/xmlbeans-2.6.0.jar:/home/ojt/png_temp/develop/build/classes
Launcher Type: SUN_STANDARD

Environment Variables:
PATH=/home/ojt/bin:/home/ojt/.local/bin:/usr/local/sbin:/usr/local/bin:/usr/sbin:/usr/bin:/sbin:/bin:/usr/games:/usr/local/games
USERNAME=ojt
LD_LIBRARY_PATH=/home/ojt/jdk1.8.0_141/jre/lib/amd64:/home/ojt/jdk1.8.0_141/jre/lib/i386:
SHELL=/bin/bash
DISPLAY=:0

Signal Handlers:
SIGSEGV: [libjvm.so+0xacba10], sa_mask[0]=11111111011111111101111111111110, sa_flags=SA_RESTART|SA_SIGINFO
SIGBUS: [libjvm.so+0xacba10], sa_mask[0]=11111111011111111101111111111110, sa_flags=SA_RESTART|SA_SIGINFO
SIGFPE: [libjvm.so+0x924ba0], sa_mask[0]=11111111011111111101111111111110, sa_flags=SA_RESTART|SA_SIGINFO
SIGPIPE: [libjvm.so+0x924ba0], sa_mask[0]=11111111011111111101111111111110, sa_flags=SA_RESTART|SA_SIGINFO
SIGXFSZ: [libjvm.so+0x924ba0], sa_mask[0]=11111111011111111101111111111110, sa_flags=SA_RESTART|SA_SIGINFO
SIGILL: [libjvm.so+0x924ba0], sa_mask[0]=11111111011111111101111111111110, sa_flags=SA_RESTART|SA_SIGINFO
SIGUSR1: SIG_DFL, sa_mask[0]=00000000000000000000000000000000, sa_flags=none
SIGUSR2: [libjvm.so+0x9263e0], sa_mask[0]=00100000000000000000000000000000, sa_flags=SA_RESTART|SA_SIGINFO
SIGHUP: [libjvm.so+0x9277e0], sa_mask[0]=11111111011111111101111111111110, sa_flags=SA_RESTART|SA_SIGINFO
SIGINT: SIG_IGN, sa_mask[0]=00000000000000000000000000000000, sa_flags=none
SIGTERM: [libjvm.so+0x9277e0], sa_mask[0]=11111111011111111101111111111110, sa_flags=SA_RESTART|SA_SIGINFO
SIGQUIT: [libjvm.so+0x9277e0], sa_mask[0]=11111111011111111101111111111110, sa_flags=SA_RESTART|SA_SIGINFO


---------------  S Y S T E M  ---------------

OS:DISTRIB_ID=LinuxMint
DISTRIB_RELEASE=18.1
DISTRIB_CODENAME=serena
DISTRIB_DESCRIPTION="Linux Mint 18.1 Serena"

uname:Linux 4.4.0-79-generic #100-Ubuntu SMP Wed May 17 19:58:14 UTC 2017 x86_64
libc:glibc 2.23 NPTL 2.23 
rlimit: STACK 8192k, CORE 0k, NPROC 19630, NOFILE 65536, AS infinity
load average:0.83 1.14 1.14

/proc/meminfo:
MemTotal:        5068224 kB
MemFree:          354480 kB
MemAvailable:    1545032 kB
Buffers:           51232 kB
Cached:          1381812 kB
SwapCached:          796 kB
Active:          3169596 kB
Inactive:        1327476 kB
Active(anon):    2693896 kB
Inactive(anon):   442156 kB
Active(file):     475700 kB
Inactive(file):   885320 kB
Unevictable:          16 kB
Mlocked:              16 kB
SwapTotal:       5232636 kB
SwapFree:        5179208 kB
Dirty:              2684 kB
Writeback:             0 kB
AnonPages:       3063728 kB
Mapped:           192072 kB
Shmem:             72024 kB
Slab:             114796 kB
SReclaimable:      77624 kB
SUnreclaim:        37172 kB
KernelStack:       10320 kB
PageTables:        29476 kB
NFS_Unstable:          0 kB
Bounce:                0 kB
WritebackTmp:          0 kB
CommitLimit:     7766748 kB
Committed_AS:    6780468 kB
VmallocTotal:   34359738367 kB
VmallocUsed:           0 kB
VmallocChunk:          0 kB
HardwareCorrupted:     0 kB
AnonHugePages:    800768 kB
CmaTotal:              0 kB
CmaFree:               0 kB
HugePages_Total:       0
HugePages_Free:        0
HugePages_Rsvd:        0
HugePages_Surp:        0
Hugepagesize:       2048 kB
DirectMap4k:      177664 kB
DirectMap2M:     5056512 kB


CPU:total 8 (initial active 8) (4 cores per cpu, 2 threads per core) family 6 model 26 stepping 4, cmov, cx8, fxsr, mmx, sse, sse2, sse3, ssse3, sse4.1, sse4.2, popcnt, ht, tsc, tscinvbit, tscinv

/proc/cpuinfo:
processor	: 0
vendor_id	: GenuineIntel
cpu family	: 6
model		: 26
model name	: Intel(R) Core(TM) i7 CPU         920  @ 2.67GHz
stepping	: 4
microcode	: 0xa
cpu MHz		: 1733.000
cache size	: 8192 KB
physical id	: 0
siblings	: 8
core id		: 0
cpu cores	: 4
apicid		: 0
initial apicid	: 0
fpu		: yes
fpu_exception	: yes
cpuid level	: 11
wp		: yes
flags		: fpu vme de pse tsc msr pae mce cx8 apic sep mtrr pge mca cmov pat pse36 clflush dts acpi mmx fxsr sse sse2 ss ht tm pbe syscall nx rdtscp lm constant_tsc arch_perfmon pebs bts rep_good nopl xtopology nonstop_tsc aperfmperf pni dtes64 monitor ds_cpl vmx est tm2 ssse3 cx16 xtpr pdcm sse4_1 sse4_2 popcnt lahf_lm tpr_shadow vnmi flexpriority ept vpid dtherm ida
bugs		:
bogomips	: 5345.96
clflush size	: 64
cache_alignment	: 64
address sizes	: 36 bits physical, 48 bits virtual
power management:

processor	: 1
vendor_id	: GenuineIntel
cpu family	: 6
model		: 26
model name	: Intel(R) Core(TM) i7 CPU         920  @ 2.67GHz
stepping	: 4
microcode	: 0xa
cpu MHz		: 2668.000
cache size	: 8192 KB
physical id	: 0
siblings	: 8
core id		: 1
cpu cores	: 4
apicid		: 2
initial apicid	: 2
fpu		: yes
fpu_exception	: yes
cpuid level	: 11
wp		: yes
flags		: fpu vme de pse tsc msr pae mce cx8 apic sep mtrr pge mca cmov pat pse36 clflush dts acpi mmx fxsr sse sse2 ss ht tm pbe syscall nx rdtscp lm constant_tsc arch_perfmon pebs bts rep_good nopl xtopology nonstop_tsc aperfmperf pni dtes64 monitor ds_cpl vmx est tm2 ssse3 cx16 xtpr pdcm sse4_1 sse4_2 popcnt lahf_lm tpr_shadow vnmi flexpriority ept vpid dtherm ida
bugs		:
bogomips	: 5345.96
clflush size	: 64
cache_alignment	: 64
address sizes	: 36 bits physical, 48 bits virtual
power management:

processor	: 2
vendor_id	: GenuineIntel
cpu family	: 6
model		: 26
model name	: Intel(R) Core(TM) i7 CPU         920  @ 2.67GHz
stepping	: 4
microcode	: 0xa
cpu MHz		: 2668.000
cache size	: 8192 KB
physical id	: 0
siblings	: 8
core id		: 2
cpu cores	: 4
apicid		: 4
initial apicid	: 4
fpu		: yes
fpu_exception	: yes
cpuid level	: 11
wp		: yes
flags		: fpu vme de pse tsc msr pae mce cx8 apic sep mtrr pge mca cmov pat pse36 clflush dts acpi mmx fxsr sse sse2 ss ht tm pbe syscall nx rdtscp lm constant_tsc arch_perfmon pebs bts rep_good nopl xtopology nonstop_tsc aperfmperf pni dtes64 monitor ds_cpl vmx est tm2 ssse3 cx16 xtpr pdcm sse4_1 sse4_2 popcnt lahf_lm tpr_shadow vnmi flexpriority ept vpid dtherm ida
bugs		:
bogomips	: 5345.96
clflush size	: 64
cache_alignment	: 64
address sizes	: 36 bits physical, 48 bits virtual
power management:

processor	: 3
vendor_id	: GenuineIntel
cpu family	: 6
model		: 26
model name	: Intel(R) Core(TM) i7 CPU         920  @ 2.67GHz
stepping	: 4
microcode	: 0xa
cpu MHz		: 2267.000
cache size	: 8192 KB
physical id	: 0
siblings	: 8
core id		: 3
cpu cores	: 4
apicid		: 6
initial apicid	: 6
fpu		: yes
fpu_exception	: yes
cpuid level	: 11
wp		: yes
flags		: fpu vme de pse tsc msr pae mce cx8 apic sep mtrr pge mca cmov pat pse36 clflush dts acpi mmx fxsr sse sse2 ss ht tm pbe syscall nx rdtscp lm constant_tsc arch_perfmon pebs bts rep_good nopl xtopology nonstop_tsc aperfmperf pni dtes64 monitor ds_cpl vmx est tm2 ssse3 cx16 xtpr pdcm sse4_1 sse4_2 popcnt lahf_lm tpr_shadow vnmi flexpriority ept vpid dtherm ida
bugs		:
bogomips	: 5345.96
clflush size	: 64
cache_alignment	: 64
address sizes	: 36 bits physical, 48 bits virtual
power management:

processor	: 4
vendor_id	: GenuineIntel
cpu family	: 6
model		: 26
model name	: Intel(R) Core(TM) i7 CPU         920  @ 2.67GHz
stepping	: 4
microcode	: 0xa
cpu MHz		: 2668.000
cache size	: 8192 KB
physical id	: 0
siblings	: 8
core id		: 0
cpu cores	: 4
apicid		: 1
initial apicid	: 1
fpu		: yes
fpu_exception	: yes
cpuid level	: 11
wp		: yes
flags		: fpu vme de pse tsc msr pae mce cx8 apic sep mtrr pge mca cmov pat pse36 clflush dts acpi mmx fxsr sse sse2 ss ht tm pbe syscall nx rdtscp lm constant_tsc arch_perfmon pebs bts rep_good nopl xtopology nonstop_tsc aperfmperf pni dtes64 monitor ds_cpl vmx est tm2 ssse3 cx16 xtpr pdcm sse4_1 sse4_2 popcnt lahf_lm tpr_shadow vnmi flexpriority ept vpid dtherm ida
bugs		:
bogomips	: 5345.96
clflush size	: 64
cache_alignment	: 64
address sizes	: 36 bits physical, 48 bits virtual
power management:

processor	: 5
vendor_id	: GenuineIntel
cpu family	: 6
model		: 26
model name	: Intel(R) Core(TM) i7 CPU         920  @ 2.67GHz
stepping	: 4
microcode	: 0xa
cpu MHz		: 2668.000
cache size	: 8192 KB
physical id	: 0
siblings	: 8
core id		: 1
cpu cores	: 4
apicid		: 3
initial apicid	: 3
fpu		: yes
fpu_exception	: yes
cpuid level	: 11
wp		: yes
flags		: fpu vme de pse tsc msr pae mce cx8 apic sep mtrr pge mca cmov pat pse36 clflush dts acpi mmx fxsr sse sse2 ss ht tm pbe syscall nx rdtscp lm constant_tsc arch_perfmon pebs bts rep_good nopl xtopology nonstop_tsc aperfmperf pni dtes64 monitor ds_cpl vmx est tm2 ssse3 cx16 xtpr pdcm sse4_1 sse4_2 popcnt lahf_lm tpr_shadow vnmi flexpriority ept vpid dtherm ida
bugs		:
bogomips	: 5345.96
clflush size	: 64
cache_alignment	: 64
address sizes	: 36 bits physical, 48 bits virtual
power management:

processor	: 6
vendor_id	: GenuineIntel
cpu family	: 6
model		: 26
model name	: Intel(R) Core(TM) i7 CPU         920  @ 2.67GHz
stepping	: 4
microcode	: 0xa
cpu MHz		: 2668.000
cache size	: 8192 KB
physical id	: 0
siblings	: 8
core id		: 2
cpu cores	: 4
apicid		: 5
initial apicid	: 5
fpu		: yes
fpu_exception	: yes
cpuid level	: 11
wp		: yes
flags		: fpu vme de pse tsc msr pae mce cx8 apic sep mtrr pge mca cmov pat pse36 clflush dts acpi mmx fxsr sse sse2 ss ht tm pbe syscall nx rdtscp lm constant_tsc arch_perfmon pebs bts rep_good nopl xtopology nonstop_tsc aperfmperf pni dtes64 monitor ds_cpl vmx est tm2 ssse3 cx16 xtpr pdcm sse4_1 sse4_2 popcnt lahf_lm tpr_shadow vnmi flexpriority ept vpid dtherm ida
bugs		:
bogomips	: 5345.96
clflush size	: 64
cache_alignment	: 64
address sizes	: 36 bits physical, 48 bits virtual
power management:

processor	: 7
vendor_id	: GenuineIntel
cpu family	: 6
model		: 26
model name	: Intel(R) Core(TM) i7 CPU         920  @ 2.67GHz
stepping	: 4
microcode	: 0xa
cpu MHz		: 2668.000
cache size	: 8192 KB
physical id	: 0
siblings	: 8
core id		: 3
cpu cores	: 4
apicid		: 7
initial apicid	: 7
fpu		: yes
fpu_exception	: yes
cpuid level	: 11
wp		: yes
flags		: fpu vme de pse tsc msr pae mce cx8 apic sep mtrr pge mca cmov pat pse36 clflush dts acpi mmx fxsr sse sse2 ss ht tm pbe syscall nx rdtscp lm constant_tsc arch_perfmon pebs bts rep_good nopl xtopology nonstop_tsc aperfmperf pni dtes64 monitor ds_cpl vmx est tm2 ssse3 cx16 xtpr pdcm sse4_1 sse4_2 popcnt lahf_lm tpr_shadow vnmi flexpriority ept vpid dtherm ida
bugs		:
bogomips	: 5345.96
clflush size	: 64
cache_alignment	: 64
address sizes	: 36 bits physical, 48 bits virtual
power management:



Memory: 4k page, physical 5068224k(354480k free), swap 5232636k(5179208k free)

vm_info: Java HotSpot(TM) 64-Bit Server VM (25.141-b15) for linux-amd64 JRE (1.8.0_141-b15), built on Jul 12 2017 04:21:34 by "java_re" with gcc 4.3.0 20080428 (Red Hat 4.3.0-8)

time: Fri Jul 28 11:10:13 2017
elapsed time: 3 seconds (0d 0h 0m 3s)

